[A6-SHIM] pandas.DataFrame.to_csv 已安装修订钩子（仅拦截 a6_strategy_scores*）
C:\Users\Administrator\AppData\Local\Programs\Python\Python39\lib\site-packages\hyperopt\atpe.py:19: UserWarning: pkg_resources is deprecated as an API. See https://setuptools.pypa.io/en/latest/pkg_resources.html. The pkg_resources package is slated for removal as early as 2025-11-30. Refrain from using this package or pin to Setuptools<81.
  import pkg_resources
[GPU] Torch 2.6.0+cu124 | CUDA 12.4 | Device NVIDIA GeForce RTX 3060 | available=True
[GPU] XGBoost 1.7.6 (gpu_hist supported)
[GPU] LightGBM available (GPU depends on build)
[回测] 符号数=1 窗口=45天 S档=ON

  0%|          | 0/25 [00:00<?, ?trial/s, best loss=?]
  4%|▍         | 1/25 [00:00<00:12,  1.92trial/s, best loss: -0.10758655895727562]
  8%|▊         | 2/25 [00:01<00:11,  2.00trial/s, best loss: -0.10758655895727562]
 12%|█▏        | 3/25 [00:01<00:10,  2.05trial/s, best loss: -0.10758655895727562]
 16%|█▌        | 4/25 [00:01<00:10,  2.06trial/s, best loss: -0.11294310736927972]
 20%|██        | 5/25 [00:02<00:09,  2.06trial/s, best loss: -0.11294310736927972]
 24%|██▍       | 6/25 [00:02<00:09,  2.04trial/s, best loss: -0.11294310736927972]
 28%|██▊       | 7/25 [00:03<00:08,  2.04trial/s, best loss: -0.11294310736927972]
 32%|███▏      | 8/25 [00:03<00:08,  2.08trial/s, best loss: -0.11294310736927972]
 36%|███▌      | 9/25 [00:04<00:07,  2.05trial/s, best loss: -0.11294310736927972]
 40%|████      | 10/25 [00:04<00:07,  2.05trial/s, best loss: -0.11294310736927972]
 44%|████▍     | 11/25 [00:05<00:06,  2.06trial/s, best loss: -0.13427334173124078]
 48%|████▊     | 12/25 [00:05<00:06,  2.06trial/s, best loss: -0.13427334173124078]
 52%|█████▏    | 13/25 [00:06<00:05,  2.09trial/s, best loss: -0.13427334173124078]
 56%|█████▌    | 14/25 [00:06<00:05,  2.07trial/s, best loss: -0.14557693523302254]
 60%|██████    | 15/25 [00:07<00:04,  2.07trial/s, best loss: -0.14557693523302254]
 64%|██████▍   | 16/25 [00:07<00:04,  2.06trial/s, best loss: -0.14557693523302254]
 68%|██████▊   | 17/25 [00:08<00:03,  2.05trial/s, best loss: -0.14557693523302254]
 72%|███████▏  | 18/25 [00:08<00:03,  2.01trial/s, best loss: -0.14557693523302254]
 76%|███████▌  | 19/25 [00:09<00:02,  2.01trial/s, best loss: -0.14557693523302254]
 80%|████████  | 20/25 [00:09<00:02,  2.03trial/s, best loss: -0.14557693523302254]
 84%|████████▍ | 21/25 [00:10<00:01,  2.01trial/s, best loss: -0.14557693523302254]
 88%|████████▊ | 22/25 [00:10<00:01,  2.01trial/s, best loss: -0.14557693523302254]
 92%|█████████▏| 23/25 [00:11<00:00,  2.05trial/s, best loss: -0.1615491431279387] 
 96%|█████████▌| 24/25 [00:11<00:00,  2.03trial/s, best loss: -0.1615491431279387]
100%|██████████| 25/25 [00:12<00:00,  2.06trial/s, best loss: -0.1615491431279387]
100%|██████████| 25/25 [00:12<00:00,  2.05trial/s, best loss: -0.1615491431279387]

  0%|          | 0/25 [00:00<?, ?trial/s, best loss=?]
  4%|▍         | 1/25 [00:00<00:11,  2.06trial/s, best loss: 0.8639363074964472]
  8%|▊         | 2/25 [00:00<00:10,  2.13trial/s, best loss: 0.8639363074964472]
 12%|█▏        | 3/25 [00:01<00:10,  2.10trial/s, best loss: 0.8639363074964472]
 16%|█▌        | 4/25 [00:01<00:09,  2.10trial/s, best loss: 0.8639363074964472]
 20%|██        | 5/25 [00:02<00:09,  2.14trial/s, best loss: 0.6806908806466938]
 24%|██▍       | 6/25 [00:02<00:08,  2.11trial/s, best loss: 0.6806908806466938]
 28%|██▊       | 7/25 [00:03<00:08,  2.14trial/s, best loss: 0.6806908806466938]
 32%|███▏      | 8/25 [00:03<00:07,  2.15trial/s, best loss: 0.6806908806466938]
 36%|███▌      | 9/25 [00:04<00:07,  2.13trial/s, best loss: 0.6806908806466938]
 40%|████      | 10/25 [00:04<00:07,  2.13trial/s, best loss: 0.6806908806466938]
 44%|████▍     | 11/25 [00:05<00:06,  2.15trial/s, best loss: 0.6806908806466938]
 48%|████▊     | 12/25 [00:05<00:06,  2.13trial/s, best loss: 0.6806908806466938]
 52%|█████▏    | 13/25 [00:06<00:05,  2.17trial/s, best loss: 0.6806908806466938]
 56%|█████▌    | 14/25 [00:06<00:05,  2.04trial/s, best loss: 0.6806908806466938]
 60%|██████    | 15/25 [00:07<00:04,  2.04trial/s, best loss: 0.6806908806466938]
 64%|██████▍   | 16/25 [00:07<00:04,  2.08trial/s, best loss: 0.6806908806466938]
 68%|██████▊   | 17/25 [00:08<00:03,  2.06trial/s, best loss: 0.6806908806466938]
 72%|███████▏  | 18/25 [00:08<00:03,  2.08trial/s, best loss: 0.6806908806466938]
 76%|███████▌  | 19/25 [00:09<00:02,  2.05trial/s, best loss: 0.6806908806466938]
 80%|████████  | 20/25 [00:09<00:02,  2.03trial/s, best loss: 0.6806908806466938]
 84%|████████▍ | 21/25 [00:10<00:01,  2.01trial/s, best loss: 0.6727022360522765]
 88%|████████▊ | 22/25 [00:10<00:01,  2.00trial/s, best loss: 0.6727022360522765]
 92%|█████████▏| 23/25 [00:11<00:00,  2.02trial/s, best loss: 0.6727022360522765]
 96%|█████████▌| 24/25 [00:11<00:00,  2.00trial/s, best loss: 0.6727022360522765]
100%|██████████| 25/25 [00:12<00:00,  2.01trial/s, best loss: 0.6727022360522765]
100%|██████████| 25/25 [00:12<00:00,  2.07trial/s, best loss: 0.6727022360522765]
D:\quant_system_pro (3)\quant_system_pro\backtest\backtest_pro.py:330: UserWarning: Glyph 39057 (\N{CJK UNIFIED IDEOGRAPH-9891}) missing from font(s) DejaVu Sans.
  buf=io.BytesIO(); plt.tight_layout(); plt.savefig(buf, format="png"); data=base64.b64encode(buf.getvalue()).decode()
D:\quant_system_pro (3)\quant_system_pro\backtest\backtest_pro.py:330: UserWarning: Glyph 25968 (\N{CJK UNIFIED IDEOGRAPH-6570}) missing from font(s) DejaVu Sans.
  buf=io.BytesIO(); plt.tight_layout(); plt.savefig(buf, format="png"); data=base64.b64encode(buf.getvalue()).decode()
D:\quant_system_pro (3)\quant_system_pro\backtest\backtest_pro.py:330: UserWarning: Glyph 20998 (\N{CJK UNIFIED IDEOGRAPH-5206}) missing from font(s) DejaVu Sans.
  buf=io.BytesIO(); plt.tight_layout(); plt.savefig(buf, format="png"); data=base64.b64encode(buf.getvalue()).decode()
D:\quant_system_pro (3)\quant_system_pro\backtest\backtest_pro.py:330: UserWarning: Glyph 24067 (\N{CJK UNIFIED IDEOGRAPH-5E03}) missing from font(s) DejaVu Sans.
  buf=io.BytesIO(); plt.tight_layout(); plt.savefig(buf, format="png"); data=base64.b64encode(buf.getvalue()).decode()
D:\quant_system_pro (3)\quant_system_pro\backtest\backtest_pro.py:330: UserWarning: Glyph 65288 (\N{FULLWIDTH LEFT PARENTHESIS}) missing from font(s) DejaVu Sans.
  buf=io.BytesIO(); plt.tight_layout(); plt.savefig(buf, format="png"); data=base64.b64encode(buf.getvalue()).decode()
D:\quant_system_pro (3)\quant_system_pro\backtest\backtest_pro.py:330: UserWarning: Glyph 36234 (\N{CJK UNIFIED IDEOGRAPH-8D8A}) missing from font(s) DejaVu Sans.
  buf=io.BytesIO(); plt.tight_layout(); plt.savefig(buf, format="png"); data=base64.b64encode(buf.getvalue()).decode()
D:\quant_system_pro (3)\quant_system_pro\backtest\backtest_pro.py:330: UserWarning: Glyph 20302 (\N{CJK UNIFIED IDEOGRAPH-4F4E}) missing from font(s) DejaVu Sans.
  buf=io.BytesIO(); plt.tight_layout(); plt.savefig(buf, format="png"); data=base64.b64encode(buf.getvalue()).decode()
D:\quant_system_pro (3)\quant_system_pro\backtest\backtest_pro.py:330: UserWarning: Glyph 22909 (\N{CJK UNIFIED IDEOGRAPH-597D}) missing from font(s) DejaVu Sans.
  buf=io.BytesIO(); plt.tight_layout(); plt.savefig(buf, format="png"); data=base64.b64encode(buf.getvalue()).decode()
D:\quant_system_pro (3)\quant_system_pro\backtest\backtest_pro.py:330: UserWarning: Glyph 65289 (\N{FULLWIDTH RIGHT PARENTHESIS}) missing from font(s) DejaVu Sans.
  buf=io.BytesIO(); plt.tight_layout(); plt.savefig(buf, format="png"); data=base64.b64encode(buf.getvalue()).decode()
[完成] 最优表: D:\quant_system_pro (3)\quant_system_pro\results\full_throttle_SOL\最优组合总表_S档_20250817-033913.csv
[完成] best_combo: data/best_combo.csv
