[A6-SHIM] pandas.DataFrame.to_csv 已安装修订钩子（仅拦截 a6_strategy_scores*）
C:\Users\Administrator\AppData\Local\Programs\Python\Python39\lib\site-packages\hyperopt\atpe.py:19: UserWarning: pkg_resources is deprecated as an API. See https://setuptools.pypa.io/en/latest/pkg_resources.html. The pkg_resources package is slated for removal as early as 2025-11-30. Refrain from using this package or pin to Setuptools<81.
  import pkg_resources
[GPU] Torch 2.6.0+cu124 | CUDA 12.4 | Device NVIDIA GeForce RTX 3060 | available=True
[GPU] XGBoost 1.7.6 (gpu_hist supported)
[GPU] LightGBM available (GPU depends on build)
[回测] 符号数=1 窗口=45天 S档=ON

  0%|          | 0/25 [00:00<?, ?trial/s, best loss=?]
  4%|▍         | 1/25 [00:00<00:13,  1.77trial/s, best loss: 0.21173596609304215]
  8%|▊         | 2/25 [00:01<00:12,  1.90trial/s, best loss: 0.20224300320878708]
 12%|█▏        | 3/25 [00:01<00:11,  1.98trial/s, best loss: 0.20224300320878708]
 16%|█▌        | 4/25 [00:02<00:10,  1.97trial/s, best loss: 0.20224300320878708]
 20%|██        | 5/25 [00:02<00:10,  1.96trial/s, best loss: 0.15435134633927447]
 24%|██▍       | 6/25 [00:03<00:09,  1.92trial/s, best loss: 0.15435134633927447]
 28%|██▊       | 7/25 [00:03<00:09,  1.94trial/s, best loss: 0.0984775197717036] 
 32%|███▏      | 8/25 [00:04<00:08,  1.97trial/s, best loss: 0.0984775197717036]
 36%|███▌      | 9/25 [00:04<00:08,  1.96trial/s, best loss: 0.0984775197717036]
 40%|████      | 10/25 [00:05<00:07,  1.97trial/s, best loss: 0.0984775197717036]
 44%|████▍     | 11/25 [00:05<00:06,  2.00trial/s, best loss: 0.0984775197717036]
 48%|████▊     | 12/25 [00:06<00:06,  2.03trial/s, best loss: 0.0984775197717036]
 52%|█████▏    | 13/25 [00:06<00:05,  2.06trial/s, best loss: 0.0984775197717036]
 56%|█████▌    | 14/25 [00:07<00:05,  2.03trial/s, best loss: 0.0984775197717036]
 60%|██████    | 15/25 [00:07<00:04,  2.06trial/s, best loss: 0.0984775197717036]
 64%|██████▍   | 16/25 [00:08<00:04,  2.03trial/s, best loss: 0.0984775197717036]
 68%|██████▊   | 17/25 [00:08<00:04,  1.95trial/s, best loss: 0.0984775197717036]
 72%|███████▏  | 18/25 [00:09<00:03,  1.92trial/s, best loss: 0.0984775197717036]
 76%|███████▌  | 19/25 [00:09<00:03,  1.94trial/s, best loss: 0.0984775197717036]
 80%|████████  | 20/25 [00:10<00:02,  1.94trial/s, best loss: 0.0984775197717036]
 84%|████████▍ | 21/25 [00:10<00:02,  1.97trial/s, best loss: 0.06202522794570553]
 88%|████████▊ | 22/25 [00:11<00:01,  2.01trial/s, best loss: 0.06202522794570553]
 92%|█████████▏| 23/25 [00:11<00:01,  1.98trial/s, best loss: 0.06202522794570553]
 96%|█████████▌| 24/25 [00:12<00:00,  2.00trial/s, best loss: 0.06202522794570553]
100%|██████████| 25/25 [00:12<00:00,  2.00trial/s, best loss: 0.06202522794570553]
100%|██████████| 25/25 [00:12<00:00,  1.98trial/s, best loss: 0.06202522794570553]

  0%|          | 0/25 [00:00<?, ?trial/s, best loss=?]
  4%|▍         | 1/25 [00:00<00:11,  2.13trial/s, best loss: -0.0]
  8%|▊         | 2/25 [00:00<00:10,  2.09trial/s, best loss: -0.0]
 12%|█▏        | 3/25 [00:01<00:10,  2.15trial/s, best loss: -0.0]
 16%|█▌        | 4/25 [00:01<00:09,  2.13trial/s, best loss: -0.0]
 20%|██        | 5/25 [00:02<00:09,  2.12trial/s, best loss: -0.0]
 24%|██▍       | 6/25 [00:02<00:08,  2.14trial/s, best loss: -0.0]
 28%|██▊       | 7/25 [00:03<00:08,  2.10trial/s, best loss: -0.0]
 32%|███▏      | 8/25 [00:03<00:08,  2.08trial/s, best loss: -0.0]
 36%|███▌      | 9/25 [00:04<00:07,  2.10trial/s, best loss: -0.0]
 40%|████      | 10/25 [00:04<00:07,  2.05trial/s, best loss: -0.0]
 44%|████▍     | 11/25 [00:05<00:06,  2.07trial/s, best loss: -0.0]
 48%|████▊     | 12/25 [00:05<00:06,  2.05trial/s, best loss: -0.0]
 52%|█████▏    | 13/25 [00:06<00:05,  2.08trial/s, best loss: -0.0]
 56%|█████▌    | 14/25 [00:06<00:05,  2.10trial/s, best loss: -0.0]
 60%|██████    | 15/25 [00:07<00:04,  2.11trial/s, best loss: -0.0]
 64%|██████▍   | 16/25 [00:07<00:04,  2.06trial/s, best loss: -0.0]
 68%|██████▊   | 17/25 [00:08<00:03,  2.06trial/s, best loss: -0.0]
 72%|███████▏  | 18/25 [00:08<00:03,  2.05trial/s, best loss: -0.0]
 76%|███████▌  | 19/25 [00:09<00:02,  2.03trial/s, best loss: -0.0]
 80%|████████  | 20/25 [00:09<00:02,  2.02trial/s, best loss: -0.0]
 84%|████████▍ | 21/25 [00:10<00:01,  2.05trial/s, best loss: -0.0]
 88%|████████▊ | 22/25 [00:10<00:01,  2.04trial/s, best loss: -0.0]
 92%|█████████▏| 23/25 [00:11<00:00,  2.04trial/s, best loss: -0.0]
 96%|█████████▌| 24/25 [00:11<00:00,  2.05trial/s, best loss: -0.0]
100%|██████████| 25/25 [00:12<00:00,  2.07trial/s, best loss: -0.0]
100%|██████████| 25/25 [00:12<00:00,  2.07trial/s, best loss: -0.0]
D:\quant_system_pro (3)\quant_system_pro\backtest\backtest_pro.py:330: UserWarning: Glyph 39057 (\N{CJK UNIFIED IDEOGRAPH-9891}) missing from font(s) DejaVu Sans.
  buf=io.BytesIO(); plt.tight_layout(); plt.savefig(buf, format="png"); data=base64.b64encode(buf.getvalue()).decode()
D:\quant_system_pro (3)\quant_system_pro\backtest\backtest_pro.py:330: UserWarning: Glyph 25968 (\N{CJK UNIFIED IDEOGRAPH-6570}) missing from font(s) DejaVu Sans.
  buf=io.BytesIO(); plt.tight_layout(); plt.savefig(buf, format="png"); data=base64.b64encode(buf.getvalue()).decode()
D:\quant_system_pro (3)\quant_system_pro\backtest\backtest_pro.py:330: UserWarning: Glyph 20998 (\N{CJK UNIFIED IDEOGRAPH-5206}) missing from font(s) DejaVu Sans.
  buf=io.BytesIO(); plt.tight_layout(); plt.savefig(buf, format="png"); data=base64.b64encode(buf.getvalue()).decode()
D:\quant_system_pro (3)\quant_system_pro\backtest\backtest_pro.py:330: UserWarning: Glyph 24067 (\N{CJK UNIFIED IDEOGRAPH-5E03}) missing from font(s) DejaVu Sans.
  buf=io.BytesIO(); plt.tight_layout(); plt.savefig(buf, format="png"); data=base64.b64encode(buf.getvalue()).decode()
D:\quant_system_pro (3)\quant_system_pro\backtest\backtest_pro.py:330: UserWarning: Glyph 65288 (\N{FULLWIDTH LEFT PARENTHESIS}) missing from font(s) DejaVu Sans.
  buf=io.BytesIO(); plt.tight_layout(); plt.savefig(buf, format="png"); data=base64.b64encode(buf.getvalue()).decode()
D:\quant_system_pro (3)\quant_system_pro\backtest\backtest_pro.py:330: UserWarning: Glyph 36234 (\N{CJK UNIFIED IDEOGRAPH-8D8A}) missing from font(s) DejaVu Sans.
  buf=io.BytesIO(); plt.tight_layout(); plt.savefig(buf, format="png"); data=base64.b64encode(buf.getvalue()).decode()
D:\quant_system_pro (3)\quant_system_pro\backtest\backtest_pro.py:330: UserWarning: Glyph 20302 (\N{CJK UNIFIED IDEOGRAPH-4F4E}) missing from font(s) DejaVu Sans.
  buf=io.BytesIO(); plt.tight_layout(); plt.savefig(buf, format="png"); data=base64.b64encode(buf.getvalue()).decode()
D:\quant_system_pro (3)\quant_system_pro\backtest\backtest_pro.py:330: UserWarning: Glyph 22909 (\N{CJK UNIFIED IDEOGRAPH-597D}) missing from font(s) DejaVu Sans.
  buf=io.BytesIO(); plt.tight_layout(); plt.savefig(buf, format="png"); data=base64.b64encode(buf.getvalue()).decode()
D:\quant_system_pro (3)\quant_system_pro\backtest\backtest_pro.py:330: UserWarning: Glyph 65289 (\N{FULLWIDTH RIGHT PARENTHESIS}) missing from font(s) DejaVu Sans.
  buf=io.BytesIO(); plt.tight_layout(); plt.savefig(buf, format="png"); data=base64.b64encode(buf.getvalue()).decode()
[完成] 最优表: D:\quant_system_pro (3)\quant_system_pro\results\full_throttle_SOL\最优组合总表_S档_20250817-033914.csv
[完成] best_combo: data/best_combo.csv
