[A6-SHIM] pandas.DataFrame.to_csv 已安装修订钩子（仅拦截 a6_strategy_scores*）
C:\Users\Administrator\AppData\Local\Programs\Python\Python39\lib\site-packages\hyperopt\atpe.py:19: UserWarning: pkg_resources is deprecated as an API. See https://setuptools.pypa.io/en/latest/pkg_resources.html. The pkg_resources package is slated for removal as early as 2025-11-30. Refrain from using this package or pin to Setuptools<81.
  import pkg_resources
[GPU] Torch 2.6.0+cu124 | CUDA 12.4 | Device NVIDIA GeForce RTX 3060 | available=True
[GPU] XGBoost 1.7.6 (gpu_hist supported)
[GPU] LightGBM available (GPU depends on build)
[回测] 符号数=1 窗口=45天 S档=ON

  0%|          | 0/25 [00:00<?, ?trial/s, best loss=?]C:\Users\Administrator\AppData\Local\Programs\Python\Python39\lib\site-packages\sklearn\utils\validation.py:2739: UserWarning: X does not have valid feature names, but LGBMClassifier was fitted with feature names
  warnings.warn(


  4%|▍         | 1/25 [00:01<00:30,  1.28s/trial, best loss: -0.2179798398001391]C:\Users\Administrator\AppData\Local\Programs\Python\Python39\lib\site-packages\sklearn\utils\validation.py:2739: UserWarning: X does not have valid feature names, but LGBMClassifier was fitted with feature names
  warnings.warn(


  8%|▊         | 2/25 [00:02<00:24,  1.05s/trial, best loss: -0.41608422117277294]C:\Users\Administrator\AppData\Local\Programs\Python\Python39\lib\site-packages\sklearn\utils\validation.py:2739: UserWarning: X does not have valid feature names, but LGBMClassifier was fitted with feature names
  warnings.warn(


 12%|█▏        | 3/25 [00:03<00:26,  1.23s/trial, best loss: -0.41608422117277294]C:\Users\Administrator\AppData\Local\Programs\Python\Python39\lib\site-packages\sklearn\utils\validation.py:2739: UserWarning: X does not have valid feature names, but LGBMClassifier was fitted with feature names
  warnings.warn(


 16%|█▌        | 4/25 [00:04<00:22,  1.05s/trial, best loss: -0.41608422117277294]C:\Users\Administrator\AppData\Local\Programs\Python\Python39\lib\site-packages\sklearn\utils\validation.py:2739: UserWarning: X does not have valid feature names, but LGBMClassifier was fitted with feature names
  warnings.warn(


 20%|██        | 5/25 [00:05<00:19,  1.02trial/s, best loss: -0.41608422117277294]C:\Users\Administrator\AppData\Local\Programs\Python\Python39\lib\site-packages\sklearn\utils\validation.py:2739: UserWarning: X does not have valid feature names, but LGBMClassifier was fitted with feature names
  warnings.warn(


 24%|██▍       | 6/25 [00:06<00:17,  1.07trial/s, best loss: -0.41608422117277294]C:\Users\Administrator\AppData\Local\Programs\Python\Python39\lib\site-packages\sklearn\utils\validation.py:2739: UserWarning: X does not have valid feature names, but LGBMClassifier was fitted with feature names
  warnings.warn(


 28%|██▊       | 7/25 [00:06<00:16,  1.12trial/s, best loss: -0.41608422117277294]C:\Users\Administrator\AppData\Local\Programs\Python\Python39\lib\site-packages\sklearn\utils\validation.py:2739: UserWarning: X does not have valid feature names, but LGBMClassifier was fitted with feature names
  warnings.warn(


 32%|███▏      | 8/25 [00:07<00:15,  1.13trial/s, best loss: -0.41608422117277294]C:\Users\Administrator\AppData\Local\Programs\Python\Python39\lib\site-packages\sklearn\utils\validation.py:2739: UserWarning: X does not have valid feature names, but LGBMClassifier was fitted with feature names
  warnings.warn(


 36%|███▌      | 9/25 [00:09<00:17,  1.08s/trial, best loss: -0.41608422117277294]C:\Users\Administrator\AppData\Local\Programs\Python\Python39\lib\site-packages\sklearn\utils\validation.py:2739: UserWarning: X does not have valid feature names, but LGBMClassifier was fitted with feature names
  warnings.warn(


 40%|████      | 10/25 [00:10<00:15,  1.02s/trial, best loss: -0.41608422117277294]C:\Users\Administrator\AppData\Local\Programs\Python\Python39\lib\site-packages\sklearn\utils\validation.py:2739: UserWarning: X does not have valid feature names, but LGBMClassifier was fitted with feature names
  warnings.warn(


 44%|████▍     | 11/25 [00:10<00:13,  1.05trial/s, best loss: -0.41608422117277294]C:\Users\Administrator\AppData\Local\Programs\Python\Python39\lib\site-packages\sklearn\utils\validation.py:2739: UserWarning: X does not have valid feature names, but LGBMClassifier was fitted with feature names
  warnings.warn(


 48%|████▊     | 12/25 [00:12<00:12,  1.01trial/s, best loss: -0.41608422117277294]C:\Users\Administrator\AppData\Local\Programs\Python\Python39\lib\site-packages\sklearn\utils\validation.py:2739: UserWarning: X does not have valid feature names, but LGBMClassifier was fitted with feature names
  warnings.warn(


 52%|█████▏    | 13/25 [00:12<00:11,  1.06trial/s, best loss: -0.41608422117277294]C:\Users\Administrator\AppData\Local\Programs\Python\Python39\lib\site-packages\sklearn\utils\validation.py:2739: UserWarning: X does not have valid feature names, but LGBMClassifier was fitted with feature names
  warnings.warn(


 56%|█████▌    | 14/25 [00:13<00:10,  1.06trial/s, best loss: -0.41608422117277294]C:\Users\Administrator\AppData\Local\Programs\Python\Python39\lib\site-packages\sklearn\utils\validation.py:2739: UserWarning: X does not have valid feature names, but LGBMClassifier was fitted with feature names
  warnings.warn(


 60%|██████    | 15/25 [00:15<00:12,  1.27s/trial, best loss: -0.41608422117277294]C:\Users\Administrator\AppData\Local\Programs\Python\Python39\lib\site-packages\sklearn\utils\validation.py:2739: UserWarning: X does not have valid feature names, but LGBMClassifier was fitted with feature names
  warnings.warn(


 64%|██████▍   | 16/25 [00:16<00:10,  1.12s/trial, best loss: -0.41608422117277294]C:\Users\Administrator\AppData\Local\Programs\Python\Python39\lib\site-packages\sklearn\utils\validation.py:2739: UserWarning: X does not have valid feature names, but LGBMClassifier was fitted with feature names
  warnings.warn(


 68%|██████▊   | 17/25 [00:17<00:08,  1.03s/trial, best loss: -0.41608422117277294]C:\Users\Administrator\AppData\Local\Programs\Python\Python39\lib\site-packages\sklearn\utils\validation.py:2739: UserWarning: X does not have valid feature names, but LGBMClassifier was fitted with feature names
  warnings.warn(


 72%|███████▏  | 18/25 [00:18<00:06,  1.03trial/s, best loss: -0.41608422117277294]C:\Users\Administrator\AppData\Local\Programs\Python\Python39\lib\site-packages\sklearn\utils\validation.py:2739: UserWarning: X does not have valid feature names, but LGBMClassifier was fitted with feature names
  warnings.warn(


 76%|███████▌  | 19/25 [00:19<00:05,  1.08trial/s, best loss: -0.41608422117277294]C:\Users\Administrator\AppData\Local\Programs\Python\Python39\lib\site-packages\sklearn\utils\validation.py:2739: UserWarning: X does not have valid feature names, but LGBMClassifier was fitted with feature names
  warnings.warn(


 80%|████████  | 20/25 [00:20<00:04,  1.08trial/s, best loss: -0.41608422117277294]C:\Users\Administrator\AppData\Local\Programs\Python\Python39\lib\site-packages\sklearn\utils\validation.py:2739: UserWarning: X does not have valid feature names, but LGBMClassifier was fitted with feature names
  warnings.warn(


 84%|████████▍ | 21/25 [00:21<00:04,  1.00s/trial, best loss: -0.7027639121315636] C:\Users\Administrator\AppData\Local\Programs\Python\Python39\lib\site-packages\sklearn\utils\validation.py:2739: UserWarning: X does not have valid feature names, but LGBMClassifier was fitted with feature names
  warnings.warn(


 88%|████████▊ | 22/25 [00:22<00:02,  1.01trial/s, best loss: -0.7027639121315636]C:\Users\Administrator\AppData\Local\Programs\Python\Python39\lib\site-packages\sklearn\utils\validation.py:2739: UserWarning: X does not have valid feature names, but LGBMClassifier was fitted with feature names
  warnings.warn(


 92%|█████████▏| 23/25 [00:22<00:01,  1.07trial/s, best loss: -0.7027639121315636]C:\Users\Administrator\AppData\Local\Programs\Python\Python39\lib\site-packages\sklearn\utils\validation.py:2739: UserWarning: X does not have valid feature names, but LGBMClassifier was fitted with feature names
  warnings.warn(


 96%|█████████▌| 24/25 [00:23<00:00,  1.06trial/s, best loss: -0.7027639121315636]C:\Users\Administrator\AppData\Local\Programs\Python\Python39\lib\site-packages\sklearn\utils\validation.py:2739: UserWarning: X does not have valid feature names, but LGBMClassifier was fitted with feature names
  warnings.warn(


100%|██████████| 25/25 [00:24<00:00,  1.10trial/s, best loss: -0.7027639121315636]
100%|██████████| 25/25 [00:24<00:00,  1.01trial/s, best loss: -0.7027639121315636]
C:\Users\Administrator\AppData\Local\Programs\Python\Python39\lib\site-packages\sklearn\utils\validation.py:2739: UserWarning: X does not have valid feature names, but LGBMClassifier was fitted with feature names
  warnings.warn(
C:\Users\Administrator\AppData\Local\Programs\Python\Python39\lib\site-packages\sklearn\utils\validation.py:2739: UserWarning: X does not have valid feature names, but LGBMClassifier was fitted with feature names
  warnings.warn(
C:\Users\Administrator\AppData\Local\Programs\Python\Python39\lib\site-packages\sklearn\utils\validation.py:2739: UserWarning: X does not have valid feature names, but LGBMClassifier was fitted with feature names
  warnings.warn(
C:\Users\Administrator\AppData\Local\Programs\Python\Python39\lib\site-packages\sklearn\utils\validation.py:2739: UserWarning: X does not have valid feature names, but LGBMClassifier was fitted with feature names
  warnings.warn(
C:\Users\Administrator\AppData\Local\Programs\Python\Python39\lib\site-packages\sklearn\utils\validation.py:2739: UserWarning: X does not have valid feature names, but LGBMClassifier was fitted with feature names
  warnings.warn(
C:\Users\Administrator\AppData\Local\Programs\Python\Python39\lib\site-packages\sklearn\utils\validation.py:2739: UserWarning: X does not have valid feature names, but LGBMClassifier was fitted with feature names
  warnings.warn(
C:\Users\Administrator\AppData\Local\Programs\Python\Python39\lib\site-packages\sklearn\utils\validation.py:2739: UserWarning: X does not have valid feature names, but LGBMClassifier was fitted with feature names
  warnings.warn(
C:\Users\Administrator\AppData\Local\Programs\Python\Python39\lib\site-packages\sklearn\utils\validation.py:2739: UserWarning: X does not have valid feature names, but LGBMClassifier was fitted with feature names
  warnings.warn(
C:\Users\Administrator\AppData\Local\Programs\Python\Python39\lib\site-packages\sklearn\utils\validation.py:2739: UserWarning: X does not have valid feature names, but LGBMClassifier was fitted with feature names
  warnings.warn(
C:\Users\Administrator\AppData\Local\Programs\Python\Python39\lib\site-packages\sklearn\utils\validation.py:2739: UserWarning: X does not have valid feature names, but LGBMClassifier was fitted with feature names
  warnings.warn(
C:\Users\Administrator\AppData\Local\Programs\Python\Python39\lib\site-packages\sklearn\utils\validation.py:2739: UserWarning: X does not have valid feature names, but LGBMClassifier was fitted with feature names
  warnings.warn(
C:\Users\Administrator\AppData\Local\Programs\Python\Python39\lib\site-packages\sklearn\utils\validation.py:2739: UserWarning: X does not have valid feature names, but LGBMClassifier was fitted with feature names
  warnings.warn(
C:\Users\Administrator\AppData\Local\Programs\Python\Python39\lib\site-packages\sklearn\utils\validation.py:2739: UserWarning: X does not have valid feature names, but LGBMClassifier was fitted with feature names
  warnings.warn(
C:\Users\Administrator\AppData\Local\Programs\Python\Python39\lib\site-packages\sklearn\utils\validation.py:2739: UserWarning: X does not have valid feature names, but LGBMClassifier was fitted with feature names
  warnings.warn(
C:\Users\Administrator\AppData\Local\Programs\Python\Python39\lib\site-packages\sklearn\utils\validation.py:2739: UserWarning: X does not have valid feature names, but LGBMClassifier was fitted with feature names
  warnings.warn(
C:\Users\Administrator\AppData\Local\Programs\Python\Python39\lib\site-packages\sklearn\utils\validation.py:2739: UserWarning: X does not have valid feature names, but LGBMClassifier was fitted with feature names
  warnings.warn(
C:\Users\Administrator\AppData\Local\Programs\Python\Python39\lib\site-packages\sklearn\utils\validation.py:2739: UserWarning: X does not have valid feature names, but LGBMClassifier was fitted with feature names
  warnings.warn(
C:\Users\Administrator\AppData\Local\Programs\Python\Python39\lib\site-packages\sklearn\utils\validation.py:2739: UserWarning: X does not have valid feature names, but LGBMClassifier was fitted with feature names
  warnings.warn(
C:\Users\Administrator\AppData\Local\Programs\Python\Python39\lib\site-packages\sklearn\utils\validation.py:2739: UserWarning: X does not have valid feature names, but LGBMClassifier was fitted with feature names
  warnings.warn(
C:\Users\Administrator\AppData\Local\Programs\Python\Python39\lib\site-packages\sklearn\utils\validation.py:2739: UserWarning: X does not have valid feature names, but LGBMClassifier was fitted with feature names
  warnings.warn(

  0%|          | 0/25 [00:00<?, ?trial/s, best loss=?]C:\Users\Administrator\AppData\Local\Programs\Python\Python39\lib\site-packages\sklearn\utils\validation.py:2739: UserWarning: X does not have valid feature names, but LGBMClassifier was fitted with feature names
  warnings.warn(


  4%|▍         | 1/25 [00:00<00:13,  1.72trial/s, best loss: 2.8179021111446794]C:\Users\Administrator\AppData\Local\Programs\Python\Python39\lib\site-packages\sklearn\utils\validation.py:2739: UserWarning: X does not have valid feature names, but LGBMClassifier was fitted with feature names
  warnings.warn(


  8%|▊         | 2/25 [00:01<00:14,  1.61trial/s, best loss: 1.7872815669599587]C:\Users\Administrator\AppData\Local\Programs\Python\Python39\lib\site-packages\sklearn\utils\validation.py:2739: UserWarning: X does not have valid feature names, but LGBMClassifier was fitted with feature names
  warnings.warn(


 12%|█▏        | 3/25 [00:01<00:13,  1.65trial/s, best loss: 1.7872815669599587]C:\Users\Administrator\AppData\Local\Programs\Python\Python39\lib\site-packages\sklearn\utils\validation.py:2739: UserWarning: X does not have valid feature names, but LGBMClassifier was fitted with feature names
  warnings.warn(


 16%|█▌        | 4/25 [00:02<00:12,  1.65trial/s, best loss: 1.7872815669599587]C:\Users\Administrator\AppData\Local\Programs\Python\Python39\lib\site-packages\sklearn\utils\validation.py:2739: UserWarning: X does not have valid feature names, but LGBMClassifier was fitted with feature names
  warnings.warn(


 20%|██        | 5/25 [00:03<00:13,  1.49trial/s, best loss: 1.7872815669599587]C:\Users\Administrator\AppData\Local\Programs\Python\Python39\lib\site-packages\sklearn\utils\validation.py:2739: UserWarning: X does not have valid feature names, but LGBMClassifier was fitted with feature names
  warnings.warn(


 24%|██▍       | 6/25 [00:03<00:12,  1.53trial/s, best loss: 1.7872815669599587]C:\Users\Administrator\AppData\Local\Programs\Python\Python39\lib\site-packages\sklearn\utils\validation.py:2739: UserWarning: X does not have valid feature names, but LGBMClassifier was fitted with feature names
  warnings.warn(


 28%|██▊       | 7/25 [00:04<00:14,  1.27trial/s, best loss: 1.7872815669599587]C:\Users\Administrator\AppData\Local\Programs\Python\Python39\lib\site-packages\sklearn\utils\validation.py:2739: UserWarning: X does not have valid feature names, but LGBMClassifier was fitted with feature names
  warnings.warn(


 32%|███▏      | 8/25 [00:05<00:12,  1.34trial/s, best loss: 1.7872815669599587]C:\Users\Administrator\AppData\Local\Programs\Python\Python39\lib\site-packages\sklearn\utils\validation.py:2739: UserWarning: X does not have valid feature names, but LGBMClassifier was fitted with feature names
  warnings.warn(


 36%|███▌      | 9/25 [00:06<00:11,  1.43trial/s, best loss: 1.7872815669599587]C:\Users\Administrator\AppData\Local\Programs\Python\Python39\lib\site-packages\sklearn\utils\validation.py:2739: UserWarning: X does not have valid feature names, but LGBMClassifier was fitted with feature names
  warnings.warn(


 40%|████      | 10/25 [00:06<00:09,  1.52trial/s, best loss: 1.7872815669599587]C:\Users\Administrator\AppData\Local\Programs\Python\Python39\lib\site-packages\sklearn\utils\validation.py:2739: UserWarning: X does not have valid feature names, but LGBMClassifier was fitted with feature names
  warnings.warn(


 44%|████▍     | 11/25 [00:07<00:08,  1.59trial/s, best loss: 1.7872815669599587]C:\Users\Administrator\AppData\Local\Programs\Python\Python39\lib\site-packages\sklearn\utils\validation.py:2739: UserWarning: X does not have valid feature names, but LGBMClassifier was fitted with feature names
  warnings.warn(


 48%|████▊     | 12/25 [00:07<00:08,  1.62trial/s, best loss: 1.7872815669599587]C:\Users\Administrator\AppData\Local\Programs\Python\Python39\lib\site-packages\sklearn\utils\validation.py:2739: UserWarning: X does not have valid feature names, but LGBMClassifier was fitted with feature names
  warnings.warn(


 52%|█████▏    | 13/25 [00:08<00:07,  1.56trial/s, best loss: 1.7872815669599587]C:\Users\Administrator\AppData\Local\Programs\Python\Python39\lib\site-packages\sklearn\utils\validation.py:2739: UserWarning: X does not have valid feature names, but LGBMClassifier was fitted with feature names
  warnings.warn(


 56%|█████▌    | 14/25 [00:09<00:06,  1.58trial/s, best loss: 1.7872815669599587]C:\Users\Administrator\AppData\Local\Programs\Python\Python39\lib\site-packages\sklearn\utils\validation.py:2739: UserWarning: X does not have valid feature names, but LGBMClassifier was fitted with feature names
  warnings.warn(


 60%|██████    | 15/25 [00:09<00:06,  1.62trial/s, best loss: 1.7872815669599587]C:\Users\Administrator\AppData\Local\Programs\Python\Python39\lib\site-packages\sklearn\utils\validation.py:2739: UserWarning: X does not have valid feature names, but LGBMClassifier was fitted with feature names
  warnings.warn(


 64%|██████▍   | 16/25 [00:10<00:05,  1.67trial/s, best loss: 1.7872815669599587]C:\Users\Administrator\AppData\Local\Programs\Python\Python39\lib\site-packages\sklearn\utils\validation.py:2739: UserWarning: X does not have valid feature names, but LGBMClassifier was fitted with feature names
  warnings.warn(


 68%|██████▊   | 17/25 [00:10<00:04,  1.62trial/s, best loss: 1.7872815669599587]C:\Users\Administrator\AppData\Local\Programs\Python\Python39\lib\site-packages\sklearn\utils\validation.py:2739: UserWarning: X does not have valid feature names, but LGBMClassifier was fitted with feature names
  warnings.warn(


 72%|███████▏  | 18/25 [00:11<00:04,  1.62trial/s, best loss: 1.7872815669599587]C:\Users\Administrator\AppData\Local\Programs\Python\Python39\lib\site-packages\sklearn\utils\validation.py:2739: UserWarning: X does not have valid feature names, but LGBMClassifier was fitted with feature names
  warnings.warn(


 76%|███████▌  | 19/25 [00:12<00:03,  1.65trial/s, best loss: 1.7872815669599587]C:\Users\Administrator\AppData\Local\Programs\Python\Python39\lib\site-packages\sklearn\utils\validation.py:2739: UserWarning: X does not have valid feature names, but LGBMClassifier was fitted with feature names
  warnings.warn(


 80%|████████  | 20/25 [00:12<00:03,  1.62trial/s, best loss: 1.7872815669599587]C:\Users\Administrator\AppData\Local\Programs\Python\Python39\lib\site-packages\sklearn\utils\validation.py:2739: UserWarning: X does not have valid feature names, but LGBMClassifier was fitted with feature names
  warnings.warn(


 84%|████████▍ | 21/25 [00:13<00:02,  1.64trial/s, best loss: 1.7872815669599587]C:\Users\Administrator\AppData\Local\Programs\Python\Python39\lib\site-packages\sklearn\utils\validation.py:2739: UserWarning: X does not have valid feature names, but LGBMClassifier was fitted with feature names
  warnings.warn(


 88%|████████▊ | 22/25 [00:14<00:01,  1.63trial/s, best loss: 1.7872815669599587]C:\Users\Administrator\AppData\Local\Programs\Python\Python39\lib\site-packages\sklearn\utils\validation.py:2739: UserWarning: X does not have valid feature names, but LGBMClassifier was fitted with feature names
  warnings.warn(


 92%|█████████▏| 23/25 [00:14<00:01,  1.59trial/s, best loss: 1.7872815669599587]C:\Users\Administrator\AppData\Local\Programs\Python\Python39\lib\site-packages\sklearn\utils\validation.py:2739: UserWarning: X does not have valid feature names, but LGBMClassifier was fitted with feature names
  warnings.warn(


 96%|█████████▌| 24/25 [00:15<00:00,  1.60trial/s, best loss: 1.7872815669599587]C:\Users\Administrator\AppData\Local\Programs\Python\Python39\lib\site-packages\sklearn\utils\validation.py:2739: UserWarning: X does not have valid feature names, but LGBMClassifier was fitted with feature names
  warnings.warn(


100%|██████████| 25/25 [00:15<00:00,  1.61trial/s, best loss: 1.7872815669599587]
100%|██████████| 25/25 [00:15<00:00,  1.57trial/s, best loss: 1.7872815669599587]
C:\Users\Administrator\AppData\Local\Programs\Python\Python39\lib\site-packages\sklearn\utils\validation.py:2739: UserWarning: X does not have valid feature names, but LGBMClassifier was fitted with feature names
  warnings.warn(
C:\Users\Administrator\AppData\Local\Programs\Python\Python39\lib\site-packages\sklearn\utils\validation.py:2739: UserWarning: X does not have valid feature names, but LGBMClassifier was fitted with feature names
  warnings.warn(
C:\Users\Administrator\AppData\Local\Programs\Python\Python39\lib\site-packages\sklearn\utils\validation.py:2739: UserWarning: X does not have valid feature names, but LGBMClassifier was fitted with feature names
  warnings.warn(
C:\Users\Administrator\AppData\Local\Programs\Python\Python39\lib\site-packages\sklearn\utils\validation.py:2739: UserWarning: X does not have valid feature names, but LGBMClassifier was fitted with feature names
  warnings.warn(
C:\Users\Administrator\AppData\Local\Programs\Python\Python39\lib\site-packages\sklearn\utils\validation.py:2739: UserWarning: X does not have valid feature names, but LGBMClassifier was fitted with feature names
  warnings.warn(
C:\Users\Administrator\AppData\Local\Programs\Python\Python39\lib\site-packages\sklearn\utils\validation.py:2739: UserWarning: X does not have valid feature names, but LGBMClassifier was fitted with feature names
  warnings.warn(
C:\Users\Administrator\AppData\Local\Programs\Python\Python39\lib\site-packages\sklearn\utils\validation.py:2739: UserWarning: X does not have valid feature names, but LGBMClassifier was fitted with feature names
  warnings.warn(
C:\Users\Administrator\AppData\Local\Programs\Python\Python39\lib\site-packages\sklearn\utils\validation.py:2739: UserWarning: X does not have valid feature names, but LGBMClassifier was fitted with feature names
  warnings.warn(
C:\Users\Administrator\AppData\Local\Programs\Python\Python39\lib\site-packages\sklearn\utils\validation.py:2739: UserWarning: X does not have valid feature names, but LGBMClassifier was fitted with feature names
  warnings.warn(
C:\Users\Administrator\AppData\Local\Programs\Python\Python39\lib\site-packages\sklearn\utils\validation.py:2739: UserWarning: X does not have valid feature names, but LGBMClassifier was fitted with feature names
  warnings.warn(
C:\Users\Administrator\AppData\Local\Programs\Python\Python39\lib\site-packages\sklearn\utils\validation.py:2739: UserWarning: X does not have valid feature names, but LGBMClassifier was fitted with feature names
  warnings.warn(
C:\Users\Administrator\AppData\Local\Programs\Python\Python39\lib\site-packages\sklearn\utils\validation.py:2739: UserWarning: X does not have valid feature names, but LGBMClassifier was fitted with feature names
  warnings.warn(
C:\Users\Administrator\AppData\Local\Programs\Python\Python39\lib\site-packages\sklearn\utils\validation.py:2739: UserWarning: X does not have valid feature names, but LGBMClassifier was fitted with feature names
  warnings.warn(
C:\Users\Administrator\AppData\Local\Programs\Python\Python39\lib\site-packages\sklearn\utils\validation.py:2739: UserWarning: X does not have valid feature names, but LGBMClassifier was fitted with feature names
  warnings.warn(
C:\Users\Administrator\AppData\Local\Programs\Python\Python39\lib\site-packages\sklearn\utils\validation.py:2739: UserWarning: X does not have valid feature names, but LGBMClassifier was fitted with feature names
  warnings.warn(
C:\Users\Administrator\AppData\Local\Programs\Python\Python39\lib\site-packages\sklearn\utils\validation.py:2739: UserWarning: X does not have valid feature names, but LGBMClassifier was fitted with feature names
  warnings.warn(
C:\Users\Administrator\AppData\Local\Programs\Python\Python39\lib\site-packages\sklearn\utils\validation.py:2739: UserWarning: X does not have valid feature names, but LGBMClassifier was fitted with feature names
  warnings.warn(
C:\Users\Administrator\AppData\Local\Programs\Python\Python39\lib\site-packages\sklearn\utils\validation.py:2739: UserWarning: X does not have valid feature names, but LGBMClassifier was fitted with feature names
  warnings.warn(
C:\Users\Administrator\AppData\Local\Programs\Python\Python39\lib\site-packages\sklearn\utils\validation.py:2739: UserWarning: X does not have valid feature names, but LGBMClassifier was fitted with feature names
  warnings.warn(
C:\Users\Administrator\AppData\Local\Programs\Python\Python39\lib\site-packages\sklearn\utils\validation.py:2739: UserWarning: X does not have valid feature names, but LGBMClassifier was fitted with feature names
  warnings.warn(
C:\Users\Administrator\AppData\Local\Programs\Python\Python39\lib\site-packages\sklearn\utils\validation.py:2739: UserWarning: X does not have valid feature names, but LGBMClassifier was fitted with feature names
  warnings.warn(
C:\Users\Administrator\AppData\Local\Programs\Python\Python39\lib\site-packages\sklearn\utils\validation.py:2739: UserWarning: X does not have valid feature names, but LGBMClassifier was fitted with feature names
  warnings.warn(
C:\Users\Administrator\AppData\Local\Programs\Python\Python39\lib\site-packages\sklearn\utils\validation.py:2739: UserWarning: X does not have valid feature names, but LGBMClassifier was fitted with feature names
  warnings.warn(
C:\Users\Administrator\AppData\Local\Programs\Python\Python39\lib\site-packages\sklearn\utils\validation.py:2739: UserWarning: X does not have valid feature names, but LGBMClassifier was fitted with feature names
  warnings.warn(
C:\Users\Administrator\AppData\Local\Programs\Python\Python39\lib\site-packages\sklearn\utils\validation.py:2739: UserWarning: X does not have valid feature names, but LGBMClassifier was fitted with feature names
  warnings.warn(
D:\quant_system_pro (3)\quant_system_pro\backtest\backtest_pro.py:330: UserWarning: Glyph 39057 (\N{CJK UNIFIED IDEOGRAPH-9891}) missing from font(s) DejaVu Sans.
  buf=io.BytesIO(); plt.tight_layout(); plt.savefig(buf, format="png"); data=base64.b64encode(buf.getvalue()).decode()
D:\quant_system_pro (3)\quant_system_pro\backtest\backtest_pro.py:330: UserWarning: Glyph 25968 (\N{CJK UNIFIED IDEOGRAPH-6570}) missing from font(s) DejaVu Sans.
  buf=io.BytesIO(); plt.tight_layout(); plt.savefig(buf, format="png"); data=base64.b64encode(buf.getvalue()).decode()
D:\quant_system_pro (3)\quant_system_pro\backtest\backtest_pro.py:330: UserWarning: Glyph 20998 (\N{CJK UNIFIED IDEOGRAPH-5206}) missing from font(s) DejaVu Sans.
  buf=io.BytesIO(); plt.tight_layout(); plt.savefig(buf, format="png"); data=base64.b64encode(buf.getvalue()).decode()
D:\quant_system_pro (3)\quant_system_pro\backtest\backtest_pro.py:330: UserWarning: Glyph 24067 (\N{CJK UNIFIED IDEOGRAPH-5E03}) missing from font(s) DejaVu Sans.
  buf=io.BytesIO(); plt.tight_layout(); plt.savefig(buf, format="png"); data=base64.b64encode(buf.getvalue()).decode()
D:\quant_system_pro (3)\quant_system_pro\backtest\backtest_pro.py:330: UserWarning: Glyph 65288 (\N{FULLWIDTH LEFT PARENTHESIS}) missing from font(s) DejaVu Sans.
  buf=io.BytesIO(); plt.tight_layout(); plt.savefig(buf, format="png"); data=base64.b64encode(buf.getvalue()).decode()
D:\quant_system_pro (3)\quant_system_pro\backtest\backtest_pro.py:330: UserWarning: Glyph 36234 (\N{CJK UNIFIED IDEOGRAPH-8D8A}) missing from font(s) DejaVu Sans.
  buf=io.BytesIO(); plt.tight_layout(); plt.savefig(buf, format="png"); data=base64.b64encode(buf.getvalue()).decode()
D:\quant_system_pro (3)\quant_system_pro\backtest\backtest_pro.py:330: UserWarning: Glyph 20302 (\N{CJK UNIFIED IDEOGRAPH-4F4E}) missing from font(s) DejaVu Sans.
  buf=io.BytesIO(); plt.tight_layout(); plt.savefig(buf, format="png"); data=base64.b64encode(buf.getvalue()).decode()
D:\quant_system_pro (3)\quant_system_pro\backtest\backtest_pro.py:330: UserWarning: Glyph 22909 (\N{CJK UNIFIED IDEOGRAPH-597D}) missing from font(s) DejaVu Sans.
  buf=io.BytesIO(); plt.tight_layout(); plt.savefig(buf, format="png"); data=base64.b64encode(buf.getvalue()).decode()
D:\quant_system_pro (3)\quant_system_pro\backtest\backtest_pro.py:330: UserWarning: Glyph 65289 (\N{FULLWIDTH RIGHT PARENTHESIS}) missing from font(s) DejaVu Sans.
  buf=io.BytesIO(); plt.tight_layout(); plt.savefig(buf, format="png"); data=base64.b64encode(buf.getvalue()).decode()
[完成] 最优表: D:\quant_system_pro (3)\quant_system_pro\results\full_throttle_SOL\最优组合总表_S档_20250817-033943.csv
[完成] best_combo: data/best_combo.csv
