[A6-SHIM] pandas.DataFrame.to_csv 已安装修订钩子（仅拦截 a6_strategy_scores*）
C:\Users\Administrator\AppData\Local\Programs\Python\Python39\lib\site-packages\hyperopt\atpe.py:19: UserWarning: pkg_resources is deprecated as an API. See https://setuptools.pypa.io/en/latest/pkg_resources.html. The pkg_resources package is slated for removal as early as 2025-11-30. Refrain from using this package or pin to Setuptools<81.
  import pkg_resources
[GPU] Torch 2.6.0+cu124 | CUDA 12.4 | Device NVIDIA GeForce RTX 3060 | available=True
[GPU] XGBoost 1.7.6 (gpu_hist supported)
[GPU] LightGBM available (GPU depends on build)
[回测] 符号数=1 窗口=45天 S档=ON

  0%|          | 0/25 [00:00<?, ?trial/s, best loss=?]
  4%|▍         | 1/25 [00:01<00:44,  1.87s/trial, best loss: -0.9581910798033083]
  8%|▊         | 2/25 [00:03<00:38,  1.66s/trial, best loss: -0.9581910798033083]
 12%|█▏        | 3/25 [00:04<00:34,  1.58s/trial, best loss: -0.9581910798033083]
 16%|█▌        | 4/25 [00:06<00:32,  1.57s/trial, best loss: -0.9581910798033083]
 20%|██        | 5/25 [00:08<00:33,  1.66s/trial, best loss: -0.9581910798033083]
 24%|██▍       | 6/25 [00:09<00:31,  1.67s/trial, best loss: -0.9581910798033083]
 28%|██▊       | 7/25 [00:11<00:30,  1.71s/trial, best loss: -1.0409673910415864]
 32%|███▏      | 8/25 [00:13<00:27,  1.60s/trial, best loss: -1.0409673910415864]
 36%|███▌      | 9/25 [00:14<00:26,  1.64s/trial, best loss: -1.0409673910415864]
 40%|████      | 10/25 [00:16<00:23,  1.60s/trial, best loss: -1.0409673910415864]
 44%|████▍     | 11/25 [00:17<00:20,  1.50s/trial, best loss: -1.0409673910415864]
 48%|████▊     | 12/25 [00:19<00:20,  1.55s/trial, best loss: -1.0409673910415864]
 52%|█████▏    | 13/25 [00:20<00:18,  1.54s/trial, best loss: -1.080112460976628] 
 56%|█████▌    | 14/25 [00:22<00:16,  1.47s/trial, best loss: -1.080112460976628]
 60%|██████    | 15/25 [00:23<00:14,  1.44s/trial, best loss: -1.080112460976628]
 64%|██████▍   | 16/25 [00:25<00:14,  1.58s/trial, best loss: -1.080112460976628]
 68%|██████▊   | 17/25 [00:27<00:13,  1.65s/trial, best loss: -1.080112460976628]
 72%|███████▏  | 18/25 [00:28<00:11,  1.60s/trial, best loss: -1.080112460976628]
 76%|███████▌  | 19/25 [00:30<00:09,  1.55s/trial, best loss: -1.080112460976628]
 80%|████████  | 20/25 [00:31<00:07,  1.57s/trial, best loss: -1.080112460976628]
 84%|████████▍ | 21/25 [00:33<00:06,  1.70s/trial, best loss: -1.080112460976628]
 88%|████████▊ | 22/25 [00:35<00:05,  1.77s/trial, best loss: -1.080112460976628]
 92%|█████████▏| 23/25 [00:37<00:03,  1.75s/trial, best loss: -1.0814500614874785]
 96%|█████████▌| 24/25 [00:38<00:01,  1.62s/trial, best loss: -1.0999699495723498]
100%|██████████| 25/25 [00:40<00:00,  1.54s/trial, best loss: -1.0999699495723498]
100%|██████████| 25/25 [00:40<00:00,  1.60s/trial, best loss: -1.0999699495723498]

  0%|          | 0/25 [00:00<?, ?trial/s, best loss=?]
  4%|▍         | 1/25 [00:01<00:35,  1.47s/trial, best loss: 3.1447762860697273]
  8%|▊         | 2/25 [00:02<00:30,  1.35s/trial, best loss: 3.1447762860697273]
 12%|█▏        | 3/25 [00:03<00:28,  1.30s/trial, best loss: 2.8117950903124465]
 16%|█▌        | 4/25 [00:05<00:27,  1.31s/trial, best loss: 2.8117950903124465]
 20%|██        | 5/25 [00:06<00:26,  1.32s/trial, best loss: 2.8117950903124465]
 24%|██▍       | 6/25 [00:08<00:25,  1.36s/trial, best loss: 2.8117950903124465]
 28%|██▊       | 7/25 [00:09<00:24,  1.38s/trial, best loss: 2.8117950903124465]
 32%|███▏      | 8/25 [00:10<00:22,  1.33s/trial, best loss: 2.8117950903124465]
 36%|███▌      | 9/25 [00:12<00:21,  1.36s/trial, best loss: 2.8117950903124465]
 40%|████      | 10/25 [00:13<00:19,  1.32s/trial, best loss: 2.8117950903124465]
 44%|████▍     | 11/25 [00:14<00:17,  1.25s/trial, best loss: 2.8117950903124465]
 48%|████▊     | 12/25 [00:16<00:17,  1.36s/trial, best loss: 2.8117950903124465]
 52%|█████▏    | 13/25 [00:17<00:15,  1.32s/trial, best loss: 2.8117950903124465]
 56%|█████▌    | 14/25 [00:18<00:13,  1.26s/trial, best loss: 2.8117950903124465]
 60%|██████    | 15/25 [00:19<00:13,  1.32s/trial, best loss: 2.8117950903124465]
 64%|██████▍   | 16/25 [00:21<00:12,  1.42s/trial, best loss: 2.8117950903124465]
 68%|██████▊   | 17/25 [00:23<00:11,  1.45s/trial, best loss: 2.8117950903124465]
 72%|███████▏  | 18/25 [00:24<00:09,  1.42s/trial, best loss: 2.8117950903124465]
 76%|███████▌  | 19/25 [00:25<00:08,  1.36s/trial, best loss: 2.8117950903124465]
 80%|████████  | 20/25 [00:26<00:06,  1.34s/trial, best loss: 2.8117950903124465]
 84%|████████▍ | 21/25 [00:28<00:05,  1.38s/trial, best loss: 2.8117950903124465]
 88%|████████▊ | 22/25 [00:29<00:04,  1.40s/trial, best loss: 2.7820622721881065]
 92%|█████████▏| 23/25 [00:31<00:02,  1.38s/trial, best loss: 2.7820622721881065]
 96%|█████████▌| 24/25 [00:32<00:01,  1.38s/trial, best loss: 2.7820622721881065]
100%|██████████| 25/25 [00:34<00:00,  1.44s/trial, best loss: 2.6071525179697357]
100%|██████████| 25/25 [00:34<00:00,  1.37s/trial, best loss: 2.6071525179697357]
D:\quant_system_pro (3)\quant_system_pro\backtest\backtest_pro.py:330: UserWarning: Glyph 39057 (\N{CJK UNIFIED IDEOGRAPH-9891}) missing from font(s) DejaVu Sans.
  buf=io.BytesIO(); plt.tight_layout(); plt.savefig(buf, format="png"); data=base64.b64encode(buf.getvalue()).decode()
D:\quant_system_pro (3)\quant_system_pro\backtest\backtest_pro.py:330: UserWarning: Glyph 25968 (\N{CJK UNIFIED IDEOGRAPH-6570}) missing from font(s) DejaVu Sans.
  buf=io.BytesIO(); plt.tight_layout(); plt.savefig(buf, format="png"); data=base64.b64encode(buf.getvalue()).decode()
D:\quant_system_pro (3)\quant_system_pro\backtest\backtest_pro.py:330: UserWarning: Glyph 20998 (\N{CJK UNIFIED IDEOGRAPH-5206}) missing from font(s) DejaVu Sans.
  buf=io.BytesIO(); plt.tight_layout(); plt.savefig(buf, format="png"); data=base64.b64encode(buf.getvalue()).decode()
D:\quant_system_pro (3)\quant_system_pro\backtest\backtest_pro.py:330: UserWarning: Glyph 24067 (\N{CJK UNIFIED IDEOGRAPH-5E03}) missing from font(s) DejaVu Sans.
  buf=io.BytesIO(); plt.tight_layout(); plt.savefig(buf, format="png"); data=base64.b64encode(buf.getvalue()).decode()
D:\quant_system_pro (3)\quant_system_pro\backtest\backtest_pro.py:330: UserWarning: Glyph 65288 (\N{FULLWIDTH LEFT PARENTHESIS}) missing from font(s) DejaVu Sans.
  buf=io.BytesIO(); plt.tight_layout(); plt.savefig(buf, format="png"); data=base64.b64encode(buf.getvalue()).decode()
D:\quant_system_pro (3)\quant_system_pro\backtest\backtest_pro.py:330: UserWarning: Glyph 36234 (\N{CJK UNIFIED IDEOGRAPH-8D8A}) missing from font(s) DejaVu Sans.
  buf=io.BytesIO(); plt.tight_layout(); plt.savefig(buf, format="png"); data=base64.b64encode(buf.getvalue()).decode()
D:\quant_system_pro (3)\quant_system_pro\backtest\backtest_pro.py:330: UserWarning: Glyph 20302 (\N{CJK UNIFIED IDEOGRAPH-4F4E}) missing from font(s) DejaVu Sans.
  buf=io.BytesIO(); plt.tight_layout(); plt.savefig(buf, format="png"); data=base64.b64encode(buf.getvalue()).decode()
D:\quant_system_pro (3)\quant_system_pro\backtest\backtest_pro.py:330: UserWarning: Glyph 22909 (\N{CJK UNIFIED IDEOGRAPH-597D}) missing from font(s) DejaVu Sans.
  buf=io.BytesIO(); plt.tight_layout(); plt.savefig(buf, format="png"); data=base64.b64encode(buf.getvalue()).decode()
D:\quant_system_pro (3)\quant_system_pro\backtest\backtest_pro.py:330: UserWarning: Glyph 65289 (\N{FULLWIDTH RIGHT PARENTHESIS}) missing from font(s) DejaVu Sans.
  buf=io.BytesIO(); plt.tight_layout(); plt.savefig(buf, format="png"); data=base64.b64encode(buf.getvalue()).decode()
[完成] 最优表: D:\quant_system_pro (3)\quant_system_pro\results\full_throttle_SOL\最优组合总表_S档_20250817-034210.csv
[完成] best_combo: data/best_combo.csv
