[A6-SHIM] pandas.DataFrame.to_csv 已安装修订钩子（仅拦截 a6_strategy_scores*）
C:\Users\Administrator\AppData\Local\Programs\Python\Python39\lib\site-packages\hyperopt\atpe.py:19: UserWarning: pkg_resources is deprecated as an API. See https://setuptools.pypa.io/en/latest/pkg_resources.html. The pkg_resources package is slated for removal as early as 2025-11-30. Refrain from using this package or pin to Setuptools<81.
  import pkg_resources
[GPU] Torch 2.6.0+cu124 | CUDA 12.4 | Device NVIDIA GeForce RTX 3060 | available=True
[GPU] XGBoost 1.7.6 (gpu_hist supported)
[GPU] LightGBM available (GPU depends on build)
[回测] 符号数=1 窗口=90天 S档=ON

  0%|          | 0/25 [00:00<?, ?trial/s, best loss=?]C:\Users\Administrator\AppData\Local\Programs\Python\Python39\lib\site-packages\sklearn\utils\validation.py:2739: UserWarning: X does not have valid feature names, but LGBMClassifier was fitted with feature names
  warnings.warn(


  4%|▍         | 1/25 [00:06<02:42,  6.78s/trial, best loss: 1.3875822055625566]C:\Users\Administrator\AppData\Local\Programs\Python\Python39\lib\site-packages\sklearn\utils\validation.py:2739: UserWarning: X does not have valid feature names, but LGBMClassifier was fitted with feature names
  warnings.warn(


  8%|▊         | 2/25 [00:13<02:34,  6.71s/trial, best loss: 1.3875822055625566]C:\Users\Administrator\AppData\Local\Programs\Python\Python39\lib\site-packages\sklearn\utils\validation.py:2739: UserWarning: X does not have valid feature names, but LGBMClassifier was fitted with feature names
  warnings.warn(


 12%|█▏        | 3/25 [00:21<02:43,  7.43s/trial, best loss: 1.3875822055625566]C:\Users\Administrator\AppData\Local\Programs\Python\Python39\lib\site-packages\sklearn\utils\validation.py:2739: UserWarning: X does not have valid feature names, but LGBMClassifier was fitted with feature names
  warnings.warn(


 16%|█▌        | 4/25 [00:28<02:29,  7.14s/trial, best loss: 1.2935675300603373]C:\Users\Administrator\AppData\Local\Programs\Python\Python39\lib\site-packages\sklearn\utils\validation.py:2739: UserWarning: X does not have valid feature names, but LGBMClassifier was fitted with feature names
  warnings.warn(


 20%|██        | 5/25 [00:36<02:30,  7.53s/trial, best loss: 1.2935675300603373]C:\Users\Administrator\AppData\Local\Programs\Python\Python39\lib\site-packages\sklearn\utils\validation.py:2739: UserWarning: X does not have valid feature names, but LGBMClassifier was fitted with feature names
  warnings.warn(


 24%|██▍       | 6/25 [00:43<02:16,  7.20s/trial, best loss: 1.2935675300603373]C:\Users\Administrator\AppData\Local\Programs\Python\Python39\lib\site-packages\sklearn\utils\validation.py:2739: UserWarning: X does not have valid feature names, but LGBMClassifier was fitted with feature names
  warnings.warn(


 28%|██▊       | 7/25 [00:49<02:06,  7.01s/trial, best loss: 1.2935675300603373]C:\Users\Administrator\AppData\Local\Programs\Python\Python39\lib\site-packages\sklearn\utils\validation.py:2739: UserWarning: X does not have valid feature names, but LGBMClassifier was fitted with feature names
  warnings.warn(


 32%|███▏      | 8/25 [00:56<01:58,  7.00s/trial, best loss: 1.2935675300603373]C:\Users\Administrator\AppData\Local\Programs\Python\Python39\lib\site-packages\sklearn\utils\validation.py:2739: UserWarning: X does not have valid feature names, but LGBMClassifier was fitted with feature names
  warnings.warn(


 36%|███▌      | 9/25 [01:03<01:49,  6.87s/trial, best loss: 1.2935675300603373]C:\Users\Administrator\AppData\Local\Programs\Python\Python39\lib\site-packages\sklearn\utils\validation.py:2739: UserWarning: X does not have valid feature names, but LGBMClassifier was fitted with feature names
  warnings.warn(


 40%|████      | 10/25 [01:10<01:44,  6.96s/trial, best loss: 1.2935675300603373]C:\Users\Administrator\AppData\Local\Programs\Python\Python39\lib\site-packages\sklearn\utils\validation.py:2739: UserWarning: X does not have valid feature names, but LGBMClassifier was fitted with feature names
  warnings.warn(


 44%|████▍     | 11/25 [01:17<01:36,  6.86s/trial, best loss: 1.2935675300603373]C:\Users\Administrator\AppData\Local\Programs\Python\Python39\lib\site-packages\sklearn\utils\validation.py:2739: UserWarning: X does not have valid feature names, but LGBMClassifier was fitted with feature names
  warnings.warn(


 48%|████▊     | 12/25 [01:25<01:34,  7.29s/trial, best loss: 1.2741875317032478]C:\Users\Administrator\AppData\Local\Programs\Python\Python39\lib\site-packages\sklearn\utils\validation.py:2739: UserWarning: X does not have valid feature names, but LGBMClassifier was fitted with feature names
  warnings.warn(


 52%|█████▏    | 13/25 [01:32<01:27,  7.28s/trial, best loss: 1.2741875317032478]C:\Users\Administrator\AppData\Local\Programs\Python\Python39\lib\site-packages\sklearn\utils\validation.py:2739: UserWarning: X does not have valid feature names, but LGBMClassifier was fitted with feature names
  warnings.warn(


 56%|█████▌    | 14/25 [01:43<01:31,  8.34s/trial, best loss: 1.2741875317032478]C:\Users\Administrator\AppData\Local\Programs\Python\Python39\lib\site-packages\sklearn\utils\validation.py:2739: UserWarning: X does not have valid feature names, but LGBMClassifier was fitted with feature names
  warnings.warn(


 60%|██████    | 15/25 [01:50<01:20,  8.03s/trial, best loss: 1.1677559257785515]C:\Users\Administrator\AppData\Local\Programs\Python\Python39\lib\site-packages\sklearn\utils\validation.py:2739: UserWarning: X does not have valid feature names, but LGBMClassifier was fitted with feature names
  warnings.warn(


 64%|██████▍   | 16/25 [01:58<01:10,  7.80s/trial, best loss: 1.1677559257785515]C:\Users\Administrator\AppData\Local\Programs\Python\Python39\lib\site-packages\sklearn\utils\validation.py:2739: UserWarning: X does not have valid feature names, but LGBMClassifier was fitted with feature names
  warnings.warn(


 68%|██████▊   | 17/25 [02:07<01:05,  8.23s/trial, best loss: 1.1677559257785515]C:\Users\Administrator\AppData\Local\Programs\Python\Python39\lib\site-packages\sklearn\utils\validation.py:2739: UserWarning: X does not have valid feature names, but LGBMClassifier was fitted with feature names
  warnings.warn(


 72%|███████▏  | 18/25 [02:14<00:55,  7.92s/trial, best loss: 1.1677559257785515]C:\Users\Administrator\AppData\Local\Programs\Python\Python39\lib\site-packages\sklearn\utils\validation.py:2739: UserWarning: X does not have valid feature names, but LGBMClassifier was fitted with feature names
  warnings.warn(


 76%|███████▌  | 19/25 [02:24<00:50,  8.39s/trial, best loss: 1.1677559257785515]C:\Users\Administrator\AppData\Local\Programs\Python\Python39\lib\site-packages\sklearn\utils\validation.py:2739: UserWarning: X does not have valid feature names, but LGBMClassifier was fitted with feature names
  warnings.warn(


 80%|████████  | 20/25 [02:31<00:40,  8.04s/trial, best loss: 1.1677559257785515]C:\Users\Administrator\AppData\Local\Programs\Python\Python39\lib\site-packages\sklearn\utils\validation.py:2739: UserWarning: X does not have valid feature names, but LGBMClassifier was fitted with feature names
  warnings.warn(


 84%|████████▍ | 21/25 [02:38<00:31,  7.77s/trial, best loss: 1.1677559257785515]C:\Users\Administrator\AppData\Local\Programs\Python\Python39\lib\site-packages\sklearn\utils\validation.py:2739: UserWarning: X does not have valid feature names, but LGBMClassifier was fitted with feature names
  warnings.warn(


 88%|████████▊ | 22/25 [02:47<00:24,  8.10s/trial, best loss: 1.1677559257785515]C:\Users\Administrator\AppData\Local\Programs\Python\Python39\lib\site-packages\sklearn\utils\validation.py:2739: UserWarning: X does not have valid feature names, but LGBMClassifier was fitted with feature names
  warnings.warn(


 92%|█████████▏| 23/25 [02:54<00:15,  7.80s/trial, best loss: 1.1677559257785515]C:\Users\Administrator\AppData\Local\Programs\Python\Python39\lib\site-packages\sklearn\utils\validation.py:2739: UserWarning: X does not have valid feature names, but LGBMClassifier was fitted with feature names
  warnings.warn(


 96%|█████████▌| 24/25 [03:03<00:08,  8.12s/trial, best loss: 1.1677559257785515]C:\Users\Administrator\AppData\Local\Programs\Python\Python39\lib\site-packages\sklearn\utils\validation.py:2739: UserWarning: X does not have valid feature names, but LGBMClassifier was fitted with feature names
  warnings.warn(


100%|██████████| 25/25 [03:10<00:00,  7.79s/trial, best loss: 1.1677559257785515]
100%|██████████| 25/25 [03:10<00:00,  7.61s/trial, best loss: 1.1677559257785515]
C:\Users\Administrator\AppData\Local\Programs\Python\Python39\lib\site-packages\sklearn\utils\validation.py:2739: UserWarning: X does not have valid feature names, but LGBMClassifier was fitted with feature names
  warnings.warn(
C:\Users\Administrator\AppData\Local\Programs\Python\Python39\lib\site-packages\sklearn\utils\validation.py:2739: UserWarning: X does not have valid feature names, but LGBMClassifier was fitted with feature names
  warnings.warn(
C:\Users\Administrator\AppData\Local\Programs\Python\Python39\lib\site-packages\sklearn\utils\validation.py:2739: UserWarning: X does not have valid feature names, but LGBMClassifier was fitted with feature names
  warnings.warn(
C:\Users\Administrator\AppData\Local\Programs\Python\Python39\lib\site-packages\sklearn\utils\validation.py:2739: UserWarning: X does not have valid feature names, but LGBMClassifier was fitted with feature names
  warnings.warn(
C:\Users\Administrator\AppData\Local\Programs\Python\Python39\lib\site-packages\sklearn\utils\validation.py:2739: UserWarning: X does not have valid feature names, but LGBMClassifier was fitted with feature names
  warnings.warn(
C:\Users\Administrator\AppData\Local\Programs\Python\Python39\lib\site-packages\sklearn\utils\validation.py:2739: UserWarning: X does not have valid feature names, but LGBMClassifier was fitted with feature names
  warnings.warn(
C:\Users\Administrator\AppData\Local\Programs\Python\Python39\lib\site-packages\sklearn\utils\validation.py:2739: UserWarning: X does not have valid feature names, but LGBMClassifier was fitted with feature names
  warnings.warn(
C:\Users\Administrator\AppData\Local\Programs\Python\Python39\lib\site-packages\sklearn\utils\validation.py:2739: UserWarning: X does not have valid feature names, but LGBMClassifier was fitted with feature names
  warnings.warn(
C:\Users\Administrator\AppData\Local\Programs\Python\Python39\lib\site-packages\sklearn\utils\validation.py:2739: UserWarning: X does not have valid feature names, but LGBMClassifier was fitted with feature names
  warnings.warn(
C:\Users\Administrator\AppData\Local\Programs\Python\Python39\lib\site-packages\sklearn\utils\validation.py:2739: UserWarning: X does not have valid feature names, but LGBMClassifier was fitted with feature names
  warnings.warn(
C:\Users\Administrator\AppData\Local\Programs\Python\Python39\lib\site-packages\sklearn\utils\validation.py:2739: UserWarning: X does not have valid feature names, but LGBMClassifier was fitted with feature names
  warnings.warn(
C:\Users\Administrator\AppData\Local\Programs\Python\Python39\lib\site-packages\sklearn\utils\validation.py:2739: UserWarning: X does not have valid feature names, but LGBMClassifier was fitted with feature names
  warnings.warn(
C:\Users\Administrator\AppData\Local\Programs\Python\Python39\lib\site-packages\sklearn\utils\validation.py:2739: UserWarning: X does not have valid feature names, but LGBMClassifier was fitted with feature names
  warnings.warn(
C:\Users\Administrator\AppData\Local\Programs\Python\Python39\lib\site-packages\sklearn\utils\validation.py:2739: UserWarning: X does not have valid feature names, but LGBMClassifier was fitted with feature names
  warnings.warn(
C:\Users\Administrator\AppData\Local\Programs\Python\Python39\lib\site-packages\sklearn\utils\validation.py:2739: UserWarning: X does not have valid feature names, but LGBMClassifier was fitted with feature names
  warnings.warn(
C:\Users\Administrator\AppData\Local\Programs\Python\Python39\lib\site-packages\sklearn\utils\validation.py:2739: UserWarning: X does not have valid feature names, but LGBMClassifier was fitted with feature names
  warnings.warn(
C:\Users\Administrator\AppData\Local\Programs\Python\Python39\lib\site-packages\sklearn\utils\validation.py:2739: UserWarning: X does not have valid feature names, but LGBMClassifier was fitted with feature names
  warnings.warn(
C:\Users\Administrator\AppData\Local\Programs\Python\Python39\lib\site-packages\sklearn\utils\validation.py:2739: UserWarning: X does not have valid feature names, but LGBMClassifier was fitted with feature names
  warnings.warn(
C:\Users\Administrator\AppData\Local\Programs\Python\Python39\lib\site-packages\sklearn\utils\validation.py:2739: UserWarning: X does not have valid feature names, but LGBMClassifier was fitted with feature names
  warnings.warn(
C:\Users\Administrator\AppData\Local\Programs\Python\Python39\lib\site-packages\sklearn\utils\validation.py:2739: UserWarning: X does not have valid feature names, but LGBMClassifier was fitted with feature names
  warnings.warn(

  0%|          | 0/25 [00:00<?, ?trial/s, best loss=?]C:\Users\Administrator\AppData\Local\Programs\Python\Python39\lib\site-packages\sklearn\utils\validation.py:2739: UserWarning: X does not have valid feature names, but LGBMClassifier was fitted with feature names
  warnings.warn(


  4%|▍         | 1/25 [00:02<00:59,  2.48s/trial, best loss: 1.1102598078810069]C:\Users\Administrator\AppData\Local\Programs\Python\Python39\lib\site-packages\sklearn\utils\validation.py:2739: UserWarning: X does not have valid feature names, but LGBMClassifier was fitted with feature names
  warnings.warn(


  8%|▊         | 2/25 [00:04<00:57,  2.50s/trial, best loss: 0.8684495715607485]C:\Users\Administrator\AppData\Local\Programs\Python\Python39\lib\site-packages\sklearn\utils\validation.py:2739: UserWarning: X does not have valid feature names, but LGBMClassifier was fitted with feature names
  warnings.warn(


 12%|█▏        | 3/25 [00:07<00:54,  2.49s/trial, best loss: 0.8118297164309248]C:\Users\Administrator\AppData\Local\Programs\Python\Python39\lib\site-packages\sklearn\utils\validation.py:2739: UserWarning: X does not have valid feature names, but LGBMClassifier was fitted with feature names
  warnings.warn(


 16%|█▌        | 4/25 [00:10<00:52,  2.51s/trial, best loss: 0.33399305754614184]C:\Users\Administrator\AppData\Local\Programs\Python\Python39\lib\site-packages\sklearn\utils\validation.py:2739: UserWarning: X does not have valid feature names, but LGBMClassifier was fitted with feature names
  warnings.warn(


 20%|██        | 5/25 [00:12<00:50,  2.55s/trial, best loss: 0.33399305754614184]C:\Users\Administrator\AppData\Local\Programs\Python\Python39\lib\site-packages\sklearn\utils\validation.py:2739: UserWarning: X does not have valid feature names, but LGBMClassifier was fitted with feature names
  warnings.warn(


 24%|██▍       | 6/25 [00:17<01:04,  3.39s/trial, best loss: 0.10049469429020658]C:\Users\Administrator\AppData\Local\Programs\Python\Python39\lib\site-packages\sklearn\utils\validation.py:2739: UserWarning: X does not have valid feature names, but LGBMClassifier was fitted with feature names
  warnings.warn(


 28%|██▊       | 7/25 [00:20<00:56,  3.14s/trial, best loss: 0.10049469429020658]C:\Users\Administrator\AppData\Local\Programs\Python\Python39\lib\site-packages\sklearn\utils\validation.py:2739: UserWarning: X does not have valid feature names, but LGBMClassifier was fitted with feature names
  warnings.warn(


 32%|███▏      | 8/25 [00:22<00:50,  2.98s/trial, best loss: 0.10049469429020658]C:\Users\Administrator\AppData\Local\Programs\Python\Python39\lib\site-packages\sklearn\utils\validation.py:2739: UserWarning: X does not have valid feature names, but LGBMClassifier was fitted with feature names
  warnings.warn(


 36%|███▌      | 9/25 [00:25<00:47,  2.95s/trial, best loss: 0.10049469429020658]C:\Users\Administrator\AppData\Local\Programs\Python\Python39\lib\site-packages\sklearn\utils\validation.py:2739: UserWarning: X does not have valid feature names, but LGBMClassifier was fitted with feature names
  warnings.warn(


 40%|████      | 10/25 [00:28<00:43,  2.87s/trial, best loss: 0.10049469429020658]C:\Users\Administrator\AppData\Local\Programs\Python\Python39\lib\site-packages\sklearn\utils\validation.py:2739: UserWarning: X does not have valid feature names, but LGBMClassifier was fitted with feature names
  warnings.warn(


 44%|████▍     | 11/25 [00:31<00:39,  2.80s/trial, best loss: 0.10049469429020658]C:\Users\Administrator\AppData\Local\Programs\Python\Python39\lib\site-packages\sklearn\utils\validation.py:2739: UserWarning: X does not have valid feature names, but LGBMClassifier was fitted with feature names
  warnings.warn(


 48%|████▊     | 12/25 [00:36<00:46,  3.56s/trial, best loss: 0.10049469429020658]C:\Users\Administrator\AppData\Local\Programs\Python\Python39\lib\site-packages\sklearn\utils\validation.py:2739: UserWarning: X does not have valid feature names, but LGBMClassifier was fitted with feature names
  warnings.warn(


 52%|█████▏    | 13/25 [00:39<00:39,  3.28s/trial, best loss: 0.10049469429020658]C:\Users\Administrator\AppData\Local\Programs\Python\Python39\lib\site-packages\sklearn\utils\validation.py:2739: UserWarning: X does not have valid feature names, but LGBMClassifier was fitted with feature names
  warnings.warn(


 56%|█████▌    | 14/25 [00:41<00:34,  3.10s/trial, best loss: 0.10049469429020658]C:\Users\Administrator\AppData\Local\Programs\Python\Python39\lib\site-packages\sklearn\utils\validation.py:2739: UserWarning: X does not have valid feature names, but LGBMClassifier was fitted with feature names
  warnings.warn(


 60%|██████    | 15/25 [00:44<00:29,  2.98s/trial, best loss: 0.10049469429020658]C:\Users\Administrator\AppData\Local\Programs\Python\Python39\lib\site-packages\sklearn\utils\validation.py:2739: UserWarning: X does not have valid feature names, but LGBMClassifier was fitted with feature names
  warnings.warn(


 64%|██████▍   | 16/25 [00:47<00:26,  2.90s/trial, best loss: 0.10049469429020658]C:\Users\Administrator\AppData\Local\Programs\Python\Python39\lib\site-packages\sklearn\utils\validation.py:2739: UserWarning: X does not have valid feature names, but LGBMClassifier was fitted with feature names
  warnings.warn(


 68%|██████▊   | 17/25 [00:49<00:22,  2.82s/trial, best loss: 0.10049469429020658]C:\Users\Administrator\AppData\Local\Programs\Python\Python39\lib\site-packages\sklearn\utils\validation.py:2739: UserWarning: X does not have valid feature names, but LGBMClassifier was fitted with feature names
  warnings.warn(


 72%|███████▏  | 18/25 [00:53<00:20,  2.98s/trial, best loss: 0.10049469429020658]C:\Users\Administrator\AppData\Local\Programs\Python\Python39\lib\site-packages\sklearn\utils\validation.py:2739: UserWarning: X does not have valid feature names, but LGBMClassifier was fitted with feature names
  warnings.warn(


 76%|███████▌  | 19/25 [00:55<00:17,  2.85s/trial, best loss: 0.10049469429020658]C:\Users\Administrator\AppData\Local\Programs\Python\Python39\lib\site-packages\sklearn\utils\validation.py:2739: UserWarning: X does not have valid feature names, but LGBMClassifier was fitted with feature names
  warnings.warn(


 80%|████████  | 20/25 [00:58<00:13,  2.76s/trial, best loss: 0.10049469429020658]C:\Users\Administrator\AppData\Local\Programs\Python\Python39\lib\site-packages\sklearn\utils\validation.py:2739: UserWarning: X does not have valid feature names, but LGBMClassifier was fitted with feature names
  warnings.warn(


 84%|████████▍ | 21/25 [01:00<00:10,  2.70s/trial, best loss: 0.10049469429020658]C:\Users\Administrator\AppData\Local\Programs\Python\Python39\lib\site-packages\sklearn\utils\validation.py:2739: UserWarning: X does not have valid feature names, but LGBMClassifier was fitted with feature names
  warnings.warn(


 88%|████████▊ | 22/25 [01:03<00:07,  2.66s/trial, best loss: 0.10049469429020658]C:\Users\Administrator\AppData\Local\Programs\Python\Python39\lib\site-packages\sklearn\utils\validation.py:2739: UserWarning: X does not have valid feature names, but LGBMClassifier was fitted with feature names
  warnings.warn(


 92%|█████████▏| 23/25 [01:05<00:05,  2.64s/trial, best loss: 0.10049469429020658]C:\Users\Administrator\AppData\Local\Programs\Python\Python39\lib\site-packages\sklearn\utils\validation.py:2739: UserWarning: X does not have valid feature names, but LGBMClassifier was fitted with feature names
  warnings.warn(


 96%|█████████▌| 24/25 [01:11<00:03,  3.37s/trial, best loss: 0.10049469429020658]C:\Users\Administrator\AppData\Local\Programs\Python\Python39\lib\site-packages\sklearn\utils\validation.py:2739: UserWarning: X does not have valid feature names, but LGBMClassifier was fitted with feature names
  warnings.warn(


100%|██████████| 25/25 [01:13<00:00,  3.13s/trial, best loss: 0.10049469429020658]
100%|██████████| 25/25 [01:13<00:00,  2.94s/trial, best loss: 0.10049469429020658]
C:\Users\Administrator\AppData\Local\Programs\Python\Python39\lib\site-packages\sklearn\utils\validation.py:2739: UserWarning: X does not have valid feature names, but LGBMClassifier was fitted with feature names
  warnings.warn(
C:\Users\Administrator\AppData\Local\Programs\Python\Python39\lib\site-packages\sklearn\utils\validation.py:2739: UserWarning: X does not have valid feature names, but LGBMClassifier was fitted with feature names
  warnings.warn(
C:\Users\Administrator\AppData\Local\Programs\Python\Python39\lib\site-packages\sklearn\utils\validation.py:2739: UserWarning: X does not have valid feature names, but LGBMClassifier was fitted with feature names
  warnings.warn(
C:\Users\Administrator\AppData\Local\Programs\Python\Python39\lib\site-packages\sklearn\utils\validation.py:2739: UserWarning: X does not have valid feature names, but LGBMClassifier was fitted with feature names
  warnings.warn(
C:\Users\Administrator\AppData\Local\Programs\Python\Python39\lib\site-packages\sklearn\utils\validation.py:2739: UserWarning: X does not have valid feature names, but LGBMClassifier was fitted with feature names
  warnings.warn(
C:\Users\Administrator\AppData\Local\Programs\Python\Python39\lib\site-packages\sklearn\utils\validation.py:2739: UserWarning: X does not have valid feature names, but LGBMClassifier was fitted with feature names
  warnings.warn(
C:\Users\Administrator\AppData\Local\Programs\Python\Python39\lib\site-packages\sklearn\utils\validation.py:2739: UserWarning: X does not have valid feature names, but LGBMClassifier was fitted with feature names
  warnings.warn(
C:\Users\Administrator\AppData\Local\Programs\Python\Python39\lib\site-packages\sklearn\utils\validation.py:2739: UserWarning: X does not have valid feature names, but LGBMClassifier was fitted with feature names
  warnings.warn(
C:\Users\Administrator\AppData\Local\Programs\Python\Python39\lib\site-packages\sklearn\utils\validation.py:2739: UserWarning: X does not have valid feature names, but LGBMClassifier was fitted with feature names
  warnings.warn(
C:\Users\Administrator\AppData\Local\Programs\Python\Python39\lib\site-packages\sklearn\utils\validation.py:2739: UserWarning: X does not have valid feature names, but LGBMClassifier was fitted with feature names
  warnings.warn(
C:\Users\Administrator\AppData\Local\Programs\Python\Python39\lib\site-packages\sklearn\utils\validation.py:2739: UserWarning: X does not have valid feature names, but LGBMClassifier was fitted with feature names
  warnings.warn(
C:\Users\Administrator\AppData\Local\Programs\Python\Python39\lib\site-packages\sklearn\utils\validation.py:2739: UserWarning: X does not have valid feature names, but LGBMClassifier was fitted with feature names
  warnings.warn(
C:\Users\Administrator\AppData\Local\Programs\Python\Python39\lib\site-packages\sklearn\utils\validation.py:2739: UserWarning: X does not have valid feature names, but LGBMClassifier was fitted with feature names
  warnings.warn(
C:\Users\Administrator\AppData\Local\Programs\Python\Python39\lib\site-packages\sklearn\utils\validation.py:2739: UserWarning: X does not have valid feature names, but LGBMClassifier was fitted with feature names
  warnings.warn(
C:\Users\Administrator\AppData\Local\Programs\Python\Python39\lib\site-packages\sklearn\utils\validation.py:2739: UserWarning: X does not have valid feature names, but LGBMClassifier was fitted with feature names
  warnings.warn(
C:\Users\Administrator\AppData\Local\Programs\Python\Python39\lib\site-packages\sklearn\utils\validation.py:2739: UserWarning: X does not have valid feature names, but LGBMClassifier was fitted with feature names
  warnings.warn(
C:\Users\Administrator\AppData\Local\Programs\Python\Python39\lib\site-packages\sklearn\utils\validation.py:2739: UserWarning: X does not have valid feature names, but LGBMClassifier was fitted with feature names
  warnings.warn(
C:\Users\Administrator\AppData\Local\Programs\Python\Python39\lib\site-packages\sklearn\utils\validation.py:2739: UserWarning: X does not have valid feature names, but LGBMClassifier was fitted with feature names
  warnings.warn(
C:\Users\Administrator\AppData\Local\Programs\Python\Python39\lib\site-packages\sklearn\utils\validation.py:2739: UserWarning: X does not have valid feature names, but LGBMClassifier was fitted with feature names
  warnings.warn(
C:\Users\Administrator\AppData\Local\Programs\Python\Python39\lib\site-packages\sklearn\utils\validation.py:2739: UserWarning: X does not have valid feature names, but LGBMClassifier was fitted with feature names
  warnings.warn(

  0%|          | 0/25 [00:00<?, ?trial/s, best loss=?]C:\Users\Administrator\AppData\Local\Programs\Python\Python39\lib\site-packages\sklearn\utils\validation.py:2739: UserWarning: X does not have valid feature names, but LGBMClassifier was fitted with feature names
  warnings.warn(


  4%|▍         | 1/25 [00:01<00:40,  1.67s/trial, best loss: 0.1147115663478535]C:\Users\Administrator\AppData\Local\Programs\Python\Python39\lib\site-packages\sklearn\utils\validation.py:2739: UserWarning: X does not have valid feature names, but LGBMClassifier was fitted with feature names
  warnings.warn(


  8%|▊         | 2/25 [00:03<00:38,  1.67s/trial, best loss: -0.04964267554755718]C:\Users\Administrator\AppData\Local\Programs\Python\Python39\lib\site-packages\sklearn\utils\validation.py:2739: UserWarning: X does not have valid feature names, but LGBMClassifier was fitted with feature names
  warnings.warn(


 12%|█▏        | 3/25 [00:04<00:36,  1.64s/trial, best loss: -0.04964267554755718]C:\Users\Administrator\AppData\Local\Programs\Python\Python39\lib\site-packages\sklearn\utils\validation.py:2739: UserWarning: X does not have valid feature names, but LGBMClassifier was fitted with feature names
  warnings.warn(


 16%|█▌        | 4/25 [00:07<00:45,  2.19s/trial, best loss: -0.06200847902388874]C:\Users\Administrator\AppData\Local\Programs\Python\Python39\lib\site-packages\sklearn\utils\validation.py:2739: UserWarning: X does not have valid feature names, but LGBMClassifier was fitted with feature names
  warnings.warn(


 20%|██        | 5/25 [00:09<00:40,  2.00s/trial, best loss: -0.1602809849062437] C:\Users\Administrator\AppData\Local\Programs\Python\Python39\lib\site-packages\sklearn\utils\validation.py:2739: UserWarning: X does not have valid feature names, but LGBMClassifier was fitted with feature names
  warnings.warn(


 24%|██▍       | 6/25 [00:11<00:35,  1.89s/trial, best loss: -0.1602809849062437]C:\Users\Administrator\AppData\Local\Programs\Python\Python39\lib\site-packages\sklearn\utils\validation.py:2739: UserWarning: X does not have valid feature names, but LGBMClassifier was fitted with feature names
  warnings.warn(


 28%|██▊       | 7/25 [00:13<00:32,  1.83s/trial, best loss: -0.1602809849062437]C:\Users\Administrator\AppData\Local\Programs\Python\Python39\lib\site-packages\sklearn\utils\validation.py:2739: UserWarning: X does not have valid feature names, but LGBMClassifier was fitted with feature names
  warnings.warn(


 32%|███▏      | 8/25 [00:14<00:29,  1.76s/trial, best loss: -0.1602809849062437]C:\Users\Administrator\AppData\Local\Programs\Python\Python39\lib\site-packages\sklearn\utils\validation.py:2739: UserWarning: X does not have valid feature names, but LGBMClassifier was fitted with feature names
  warnings.warn(


 36%|███▌      | 9/25 [00:16<00:27,  1.73s/trial, best loss: -0.1602809849062437]C:\Users\Administrator\AppData\Local\Programs\Python\Python39\lib\site-packages\sklearn\utils\validation.py:2739: UserWarning: X does not have valid feature names, but LGBMClassifier was fitted with feature names
  warnings.warn(


 40%|████      | 10/25 [00:17<00:25,  1.71s/trial, best loss: -0.2307813481887282]C:\Users\Administrator\AppData\Local\Programs\Python\Python39\lib\site-packages\sklearn\utils\validation.py:2739: UserWarning: X does not have valid feature names, but LGBMClassifier was fitted with feature names
  warnings.warn(


 44%|████▍     | 11/25 [00:19<00:23,  1.69s/trial, best loss: -0.2307813481887282]C:\Users\Administrator\AppData\Local\Programs\Python\Python39\lib\site-packages\sklearn\utils\validation.py:2739: UserWarning: X does not have valid feature names, but LGBMClassifier was fitted with feature names
  warnings.warn(


 48%|████▊     | 12/25 [00:21<00:22,  1.70s/trial, best loss: -0.2307813481887282]C:\Users\Administrator\AppData\Local\Programs\Python\Python39\lib\site-packages\sklearn\utils\validation.py:2739: UserWarning: X does not have valid feature names, but LGBMClassifier was fitted with feature names
  warnings.warn(


 52%|█████▏    | 13/25 [00:22<00:20,  1.69s/trial, best loss: -0.2307813481887282]C:\Users\Administrator\AppData\Local\Programs\Python\Python39\lib\site-packages\sklearn\utils\validation.py:2739: UserWarning: X does not have valid feature names, but LGBMClassifier was fitted with feature names
  warnings.warn(


 56%|█████▌    | 14/25 [00:26<00:23,  2.16s/trial, best loss: -0.2307813481887282]C:\Users\Administrator\AppData\Local\Programs\Python\Python39\lib\site-packages\sklearn\utils\validation.py:2739: UserWarning: X does not have valid feature names, but LGBMClassifier was fitted with feature names
  warnings.warn(


 60%|██████    | 15/25 [00:27<00:19,  2.00s/trial, best loss: -0.2307813481887282]C:\Users\Administrator\AppData\Local\Programs\Python\Python39\lib\site-packages\sklearn\utils\validation.py:2739: UserWarning: X does not have valid feature names, but LGBMClassifier was fitted with feature names
  warnings.warn(


 64%|██████▍   | 16/25 [00:29<00:17,  1.93s/trial, best loss: -0.5458109501175179]C:\Users\Administrator\AppData\Local\Programs\Python\Python39\lib\site-packages\sklearn\utils\validation.py:2739: UserWarning: X does not have valid feature names, but LGBMClassifier was fitted with feature names
  warnings.warn(


 68%|██████▊   | 17/25 [00:31<00:14,  1.85s/trial, best loss: -0.5458109501175179]C:\Users\Administrator\AppData\Local\Programs\Python\Python39\lib\site-packages\sklearn\utils\validation.py:2739: UserWarning: X does not have valid feature names, but LGBMClassifier was fitted with feature names
  warnings.warn(


 72%|███████▏  | 18/25 [00:32<00:12,  1.78s/trial, best loss: -0.5458109501175179]C:\Users\Administrator\AppData\Local\Programs\Python\Python39\lib\site-packages\sklearn\utils\validation.py:2739: UserWarning: X does not have valid feature names, but LGBMClassifier was fitted with feature names
  warnings.warn(


 76%|███████▌  | 19/25 [00:34<00:10,  1.73s/trial, best loss: -0.5458109501175179]C:\Users\Administrator\AppData\Local\Programs\Python\Python39\lib\site-packages\sklearn\utils\validation.py:2739: UserWarning: X does not have valid feature names, but LGBMClassifier was fitted with feature names
  warnings.warn(


 80%|████████  | 20/25 [00:36<00:08,  1.69s/trial, best loss: -0.5458109501175179]C:\Users\Administrator\AppData\Local\Programs\Python\Python39\lib\site-packages\sklearn\utils\validation.py:2739: UserWarning: X does not have valid feature names, but LGBMClassifier was fitted with feature names
  warnings.warn(


 84%|████████▍ | 21/25 [00:37<00:06,  1.66s/trial, best loss: -0.5458109501175179]C:\Users\Administrator\AppData\Local\Programs\Python\Python39\lib\site-packages\sklearn\utils\validation.py:2739: UserWarning: X does not have valid feature names, but LGBMClassifier was fitted with feature names
  warnings.warn(


 88%|████████▊ | 22/25 [00:39<00:04,  1.65s/trial, best loss: -0.5458109501175179]C:\Users\Administrator\AppData\Local\Programs\Python\Python39\lib\site-packages\sklearn\utils\validation.py:2739: UserWarning: X does not have valid feature names, but LGBMClassifier was fitted with feature names
  warnings.warn(


 92%|█████████▏| 23/25 [00:40<00:03,  1.65s/trial, best loss: -0.5458109501175179]C:\Users\Administrator\AppData\Local\Programs\Python\Python39\lib\site-packages\sklearn\utils\validation.py:2739: UserWarning: X does not have valid feature names, but LGBMClassifier was fitted with feature names
  warnings.warn(


 96%|█████████▌| 24/25 [00:43<00:01,  1.84s/trial, best loss: -0.5458109501175179]C:\Users\Administrator\AppData\Local\Programs\Python\Python39\lib\site-packages\sklearn\utils\validation.py:2739: UserWarning: X does not have valid feature names, but LGBMClassifier was fitted with feature names
  warnings.warn(


100%|██████████| 25/25 [00:44<00:00,  1.78s/trial, best loss: -0.5458109501175179]
100%|██████████| 25/25 [00:44<00:00,  1.80s/trial, best loss: -0.5458109501175179]
C:\Users\Administrator\AppData\Local\Programs\Python\Python39\lib\site-packages\sklearn\utils\validation.py:2739: UserWarning: X does not have valid feature names, but LGBMClassifier was fitted with feature names
  warnings.warn(
C:\Users\Administrator\AppData\Local\Programs\Python\Python39\lib\site-packages\sklearn\utils\validation.py:2739: UserWarning: X does not have valid feature names, but LGBMClassifier was fitted with feature names
  warnings.warn(
C:\Users\Administrator\AppData\Local\Programs\Python\Python39\lib\site-packages\sklearn\utils\validation.py:2739: UserWarning: X does not have valid feature names, but LGBMClassifier was fitted with feature names
  warnings.warn(
C:\Users\Administrator\AppData\Local\Programs\Python\Python39\lib\site-packages\sklearn\utils\validation.py:2739: UserWarning: X does not have valid feature names, but LGBMClassifier was fitted with feature names
  warnings.warn(
C:\Users\Administrator\AppData\Local\Programs\Python\Python39\lib\site-packages\sklearn\utils\validation.py:2739: UserWarning: X does not have valid feature names, but LGBMClassifier was fitted with feature names
  warnings.warn(
C:\Users\Administrator\AppData\Local\Programs\Python\Python39\lib\site-packages\sklearn\utils\validation.py:2739: UserWarning: X does not have valid feature names, but LGBMClassifier was fitted with feature names
  warnings.warn(
C:\Users\Administrator\AppData\Local\Programs\Python\Python39\lib\site-packages\sklearn\utils\validation.py:2739: UserWarning: X does not have valid feature names, but LGBMClassifier was fitted with feature names
  warnings.warn(
C:\Users\Administrator\AppData\Local\Programs\Python\Python39\lib\site-packages\sklearn\utils\validation.py:2739: UserWarning: X does not have valid feature names, but LGBMClassifier was fitted with feature names
  warnings.warn(
C:\Users\Administrator\AppData\Local\Programs\Python\Python39\lib\site-packages\sklearn\utils\validation.py:2739: UserWarning: X does not have valid feature names, but LGBMClassifier was fitted with feature names
  warnings.warn(
C:\Users\Administrator\AppData\Local\Programs\Python\Python39\lib\site-packages\sklearn\utils\validation.py:2739: UserWarning: X does not have valid feature names, but LGBMClassifier was fitted with feature names
  warnings.warn(
C:\Users\Administrator\AppData\Local\Programs\Python\Python39\lib\site-packages\sklearn\utils\validation.py:2739: UserWarning: X does not have valid feature names, but LGBMClassifier was fitted with feature names
  warnings.warn(
C:\Users\Administrator\AppData\Local\Programs\Python\Python39\lib\site-packages\sklearn\utils\validation.py:2739: UserWarning: X does not have valid feature names, but LGBMClassifier was fitted with feature names
  warnings.warn(
C:\Users\Administrator\AppData\Local\Programs\Python\Python39\lib\site-packages\sklearn\utils\validation.py:2739: UserWarning: X does not have valid feature names, but LGBMClassifier was fitted with feature names
  warnings.warn(
C:\Users\Administrator\AppData\Local\Programs\Python\Python39\lib\site-packages\sklearn\utils\validation.py:2739: UserWarning: X does not have valid feature names, but LGBMClassifier was fitted with feature names
  warnings.warn(
C:\Users\Administrator\AppData\Local\Programs\Python\Python39\lib\site-packages\sklearn\utils\validation.py:2739: UserWarning: X does not have valid feature names, but LGBMClassifier was fitted with feature names
  warnings.warn(
C:\Users\Administrator\AppData\Local\Programs\Python\Python39\lib\site-packages\sklearn\utils\validation.py:2739: UserWarning: X does not have valid feature names, but LGBMClassifier was fitted with feature names
  warnings.warn(
C:\Users\Administrator\AppData\Local\Programs\Python\Python39\lib\site-packages\sklearn\utils\validation.py:2739: UserWarning: X does not have valid feature names, but LGBMClassifier was fitted with feature names
  warnings.warn(
C:\Users\Administrator\AppData\Local\Programs\Python\Python39\lib\site-packages\sklearn\utils\validation.py:2739: UserWarning: X does not have valid feature names, but LGBMClassifier was fitted with feature names
  warnings.warn(
C:\Users\Administrator\AppData\Local\Programs\Python\Python39\lib\site-packages\sklearn\utils\validation.py:2739: UserWarning: X does not have valid feature names, but LGBMClassifier was fitted with feature names
  warnings.warn(
C:\Users\Administrator\AppData\Local\Programs\Python\Python39\lib\site-packages\sklearn\utils\validation.py:2739: UserWarning: X does not have valid feature names, but LGBMClassifier was fitted with feature names
  warnings.warn(

  0%|          | 0/25 [00:00<?, ?trial/s, best loss=?]C:\Users\Administrator\AppData\Local\Programs\Python\Python39\lib\site-packages\sklearn\utils\validation.py:2739: UserWarning: X does not have valid feature names, but LGBMClassifier was fitted with feature names
  warnings.warn(


  4%|▍         | 1/25 [00:01<00:27,  1.16s/trial, best loss: -0.3337135373942148]C:\Users\Administrator\AppData\Local\Programs\Python\Python39\lib\site-packages\sklearn\utils\validation.py:2739: UserWarning: X does not have valid feature names, but LGBMClassifier was fitted with feature names
  warnings.warn(


  8%|▊         | 2/25 [00:02<00:25,  1.12s/trial, best loss: -0.3337135373942148]C:\Users\Administrator\AppData\Local\Programs\Python\Python39\lib\site-packages\sklearn\utils\validation.py:2739: UserWarning: X does not have valid feature names, but LGBMClassifier was fitted with feature names
  warnings.warn(


 12%|█▏        | 3/25 [00:03<00:24,  1.11s/trial, best loss: -0.3337135373942148]C:\Users\Administrator\AppData\Local\Programs\Python\Python39\lib\site-packages\sklearn\utils\validation.py:2739: UserWarning: X does not have valid feature names, but LGBMClassifier was fitted with feature names
  warnings.warn(


 16%|█▌        | 4/25 [00:04<00:23,  1.11s/trial, best loss: -0.3337135373942148]C:\Users\Administrator\AppData\Local\Programs\Python\Python39\lib\site-packages\sklearn\utils\validation.py:2739: UserWarning: X does not have valid feature names, but LGBMClassifier was fitted with feature names
  warnings.warn(


 20%|██        | 5/25 [00:05<00:22,  1.11s/trial, best loss: -0.5203893159955211]C:\Users\Administrator\AppData\Local\Programs\Python\Python39\lib\site-packages\sklearn\utils\validation.py:2739: UserWarning: X does not have valid feature names, but LGBMClassifier was fitted with feature names
  warnings.warn(


 24%|██▍       | 6/25 [00:06<00:21,  1.12s/trial, best loss: -0.5785872262109506]C:\Users\Administrator\AppData\Local\Programs\Python\Python39\lib\site-packages\sklearn\utils\validation.py:2739: UserWarning: X does not have valid feature names, but LGBMClassifier was fitted with feature names
  warnings.warn(


 28%|██▊       | 7/25 [00:07<00:20,  1.12s/trial, best loss: -0.5785872262109506]C:\Users\Administrator\AppData\Local\Programs\Python\Python39\lib\site-packages\sklearn\utils\validation.py:2739: UserWarning: X does not have valid feature names, but LGBMClassifier was fitted with feature names
  warnings.warn(


 32%|███▏      | 8/25 [00:08<00:18,  1.10s/trial, best loss: -0.5785872262109506]C:\Users\Administrator\AppData\Local\Programs\Python\Python39\lib\site-packages\sklearn\utils\validation.py:2739: UserWarning: X does not have valid feature names, but LGBMClassifier was fitted with feature names
  warnings.warn(


 36%|███▌      | 9/25 [00:09<00:17,  1.09s/trial, best loss: -0.5785872262109506]C:\Users\Administrator\AppData\Local\Programs\Python\Python39\lib\site-packages\sklearn\utils\validation.py:2739: UserWarning: X does not have valid feature names, but LGBMClassifier was fitted with feature names
  warnings.warn(


 40%|████      | 10/25 [00:11<00:16,  1.08s/trial, best loss: -0.5785872262109506]C:\Users\Administrator\AppData\Local\Programs\Python\Python39\lib\site-packages\sklearn\utils\validation.py:2739: UserWarning: X does not have valid feature names, but LGBMClassifier was fitted with feature names
  warnings.warn(


 44%|████▍     | 11/25 [00:12<00:15,  1.08s/trial, best loss: -0.5785872262109506]C:\Users\Administrator\AppData\Local\Programs\Python\Python39\lib\site-packages\sklearn\utils\validation.py:2739: UserWarning: X does not have valid feature names, but LGBMClassifier was fitted with feature names
  warnings.warn(


 48%|████▊     | 12/25 [00:13<00:14,  1.11s/trial, best loss: -0.5785872262109506]C:\Users\Administrator\AppData\Local\Programs\Python\Python39\lib\site-packages\sklearn\utils\validation.py:2739: UserWarning: X does not have valid feature names, but LGBMClassifier was fitted with feature names
  warnings.warn(


 52%|█████▏    | 13/25 [00:14<00:13,  1.12s/trial, best loss: -0.5785872262109506]C:\Users\Administrator\AppData\Local\Programs\Python\Python39\lib\site-packages\sklearn\utils\validation.py:2739: UserWarning: X does not have valid feature names, but LGBMClassifier was fitted with feature names
  warnings.warn(


 56%|█████▌    | 14/25 [00:15<00:12,  1.10s/trial, best loss: -0.5785872262109506]C:\Users\Administrator\AppData\Local\Programs\Python\Python39\lib\site-packages\sklearn\utils\validation.py:2739: UserWarning: X does not have valid feature names, but LGBMClassifier was fitted with feature names
  warnings.warn(


 60%|██████    | 15/25 [00:16<00:10,  1.08s/trial, best loss: -0.5785872262109506]C:\Users\Administrator\AppData\Local\Programs\Python\Python39\lib\site-packages\sklearn\utils\validation.py:2739: UserWarning: X does not have valid feature names, but LGBMClassifier was fitted with feature names
  warnings.warn(


 64%|██████▍   | 16/25 [00:17<00:09,  1.09s/trial, best loss: -0.5785872262109506]C:\Users\Administrator\AppData\Local\Programs\Python\Python39\lib\site-packages\sklearn\utils\validation.py:2739: UserWarning: X does not have valid feature names, but LGBMClassifier was fitted with feature names
  warnings.warn(


 68%|██████▊   | 17/25 [00:18<00:08,  1.10s/trial, best loss: -0.5785872262109506]C:\Users\Administrator\AppData\Local\Programs\Python\Python39\lib\site-packages\sklearn\utils\validation.py:2739: UserWarning: X does not have valid feature names, but LGBMClassifier was fitted with feature names
  warnings.warn(


 72%|███████▏  | 18/25 [00:19<00:07,  1.09s/trial, best loss: -0.5785872262109506]C:\Users\Administrator\AppData\Local\Programs\Python\Python39\lib\site-packages\sklearn\utils\validation.py:2739: UserWarning: X does not have valid feature names, but LGBMClassifier was fitted with feature names
  warnings.warn(


 76%|███████▌  | 19/25 [00:20<00:06,  1.09s/trial, best loss: -0.5785872262109506]C:\Users\Administrator\AppData\Local\Programs\Python\Python39\lib\site-packages\sklearn\utils\validation.py:2739: UserWarning: X does not have valid feature names, but LGBMClassifier was fitted with feature names
  warnings.warn(


 80%|████████  | 20/25 [00:23<00:06,  1.40s/trial, best loss: -0.5785872262109506]C:\Users\Administrator\AppData\Local\Programs\Python\Python39\lib\site-packages\sklearn\utils\validation.py:2739: UserWarning: X does not have valid feature names, but LGBMClassifier was fitted with feature names
  warnings.warn(


 84%|████████▍ | 21/25 [00:24<00:05,  1.31s/trial, best loss: -0.5785872262109506]C:\Users\Administrator\AppData\Local\Programs\Python\Python39\lib\site-packages\sklearn\utils\validation.py:2739: UserWarning: X does not have valid feature names, but LGBMClassifier was fitted with feature names
  warnings.warn(


 88%|████████▊ | 22/25 [00:25<00:03,  1.25s/trial, best loss: -0.5785872262109506]C:\Users\Administrator\AppData\Local\Programs\Python\Python39\lib\site-packages\sklearn\utils\validation.py:2739: UserWarning: X does not have valid feature names, but LGBMClassifier was fitted with feature names
  warnings.warn(


 92%|█████████▏| 23/25 [00:26<00:02,  1.22s/trial, best loss: -0.5785872262109506]C:\Users\Administrator\AppData\Local\Programs\Python\Python39\lib\site-packages\sklearn\utils\validation.py:2739: UserWarning: X does not have valid feature names, but LGBMClassifier was fitted with feature names
  warnings.warn(


 96%|█████████▌| 24/25 [00:27<00:01,  1.19s/trial, best loss: -0.5785872262109506]C:\Users\Administrator\AppData\Local\Programs\Python\Python39\lib\site-packages\sklearn\utils\validation.py:2739: UserWarning: X does not have valid feature names, but LGBMClassifier was fitted with feature names
  warnings.warn(


100%|██████████| 25/25 [00:28<00:00,  1.16s/trial, best loss: -0.5785872262109506]
100%|██████████| 25/25 [00:28<00:00,  1.14s/trial, best loss: -0.5785872262109506]
C:\Users\Administrator\AppData\Local\Programs\Python\Python39\lib\site-packages\sklearn\utils\validation.py:2739: UserWarning: X does not have valid feature names, but LGBMClassifier was fitted with feature names
  warnings.warn(
C:\Users\Administrator\AppData\Local\Programs\Python\Python39\lib\site-packages\sklearn\utils\validation.py:2739: UserWarning: X does not have valid feature names, but LGBMClassifier was fitted with feature names
  warnings.warn(
C:\Users\Administrator\AppData\Local\Programs\Python\Python39\lib\site-packages\sklearn\utils\validation.py:2739: UserWarning: X does not have valid feature names, but LGBMClassifier was fitted with feature names
  warnings.warn(
C:\Users\Administrator\AppData\Local\Programs\Python\Python39\lib\site-packages\sklearn\utils\validation.py:2739: UserWarning: X does not have valid feature names, but LGBMClassifier was fitted with feature names
  warnings.warn(
C:\Users\Administrator\AppData\Local\Programs\Python\Python39\lib\site-packages\sklearn\utils\validation.py:2739: UserWarning: X does not have valid feature names, but LGBMClassifier was fitted with feature names
  warnings.warn(
C:\Users\Administrator\AppData\Local\Programs\Python\Python39\lib\site-packages\sklearn\utils\validation.py:2739: UserWarning: X does not have valid feature names, but LGBMClassifier was fitted with feature names
  warnings.warn(
C:\Users\Administrator\AppData\Local\Programs\Python\Python39\lib\site-packages\sklearn\utils\validation.py:2739: UserWarning: X does not have valid feature names, but LGBMClassifier was fitted with feature names
  warnings.warn(
C:\Users\Administrator\AppData\Local\Programs\Python\Python39\lib\site-packages\sklearn\utils\validation.py:2739: UserWarning: X does not have valid feature names, but LGBMClassifier was fitted with feature names
  warnings.warn(
C:\Users\Administrator\AppData\Local\Programs\Python\Python39\lib\site-packages\sklearn\utils\validation.py:2739: UserWarning: X does not have valid feature names, but LGBMClassifier was fitted with feature names
  warnings.warn(
C:\Users\Administrator\AppData\Local\Programs\Python\Python39\lib\site-packages\sklearn\utils\validation.py:2739: UserWarning: X does not have valid feature names, but LGBMClassifier was fitted with feature names
  warnings.warn(
C:\Users\Administrator\AppData\Local\Programs\Python\Python39\lib\site-packages\sklearn\utils\validation.py:2739: UserWarning: X does not have valid feature names, but LGBMClassifier was fitted with feature names
  warnings.warn(
C:\Users\Administrator\AppData\Local\Programs\Python\Python39\lib\site-packages\sklearn\utils\validation.py:2739: UserWarning: X does not have valid feature names, but LGBMClassifier was fitted with feature names
  warnings.warn(
C:\Users\Administrator\AppData\Local\Programs\Python\Python39\lib\site-packages\sklearn\utils\validation.py:2739: UserWarning: X does not have valid feature names, but LGBMClassifier was fitted with feature names
  warnings.warn(
C:\Users\Administrator\AppData\Local\Programs\Python\Python39\lib\site-packages\sklearn\utils\validation.py:2739: UserWarning: X does not have valid feature names, but LGBMClassifier was fitted with feature names
  warnings.warn(
C:\Users\Administrator\AppData\Local\Programs\Python\Python39\lib\site-packages\sklearn\utils\validation.py:2739: UserWarning: X does not have valid feature names, but LGBMClassifier was fitted with feature names
  warnings.warn(
C:\Users\Administrator\AppData\Local\Programs\Python\Python39\lib\site-packages\sklearn\utils\validation.py:2739: UserWarning: X does not have valid feature names, but LGBMClassifier was fitted with feature names
  warnings.warn(
C:\Users\Administrator\AppData\Local\Programs\Python\Python39\lib\site-packages\sklearn\utils\validation.py:2739: UserWarning: X does not have valid feature names, but LGBMClassifier was fitted with feature names
  warnings.warn(
C:\Users\Administrator\AppData\Local\Programs\Python\Python39\lib\site-packages\sklearn\utils\validation.py:2739: UserWarning: X does not have valid feature names, but LGBMClassifier was fitted with feature names
  warnings.warn(
C:\Users\Administrator\AppData\Local\Programs\Python\Python39\lib\site-packages\sklearn\utils\validation.py:2739: UserWarning: X does not have valid feature names, but LGBMClassifier was fitted with feature names
  warnings.warn(
C:\Users\Administrator\AppData\Local\Programs\Python\Python39\lib\site-packages\sklearn\utils\validation.py:2739: UserWarning: X does not have valid feature names, but LGBMClassifier was fitted with feature names
  warnings.warn(

  0%|          | 0/25 [00:00<?, ?trial/s, best loss=?]C:\Users\Administrator\AppData\Local\Programs\Python\Python39\lib\site-packages\sklearn\utils\validation.py:2739: UserWarning: X does not have valid feature names, but LGBMClassifier was fitted with feature names
  warnings.warn(


  4%|▍         | 1/25 [00:00<00:20,  1.20trial/s, best loss: -0.5249753161275845]C:\Users\Administrator\AppData\Local\Programs\Python\Python39\lib\site-packages\sklearn\utils\validation.py:2739: UserWarning: X does not have valid feature names, but LGBMClassifier was fitted with feature names
  warnings.warn(


  8%|▊         | 2/25 [00:01<00:19,  1.21trial/s, best loss: -0.5249753161275845]C:\Users\Administrator\AppData\Local\Programs\Python\Python39\lib\site-packages\sklearn\utils\validation.py:2739: UserWarning: X does not have valid feature names, but LGBMClassifier was fitted with feature names
  warnings.warn(


 12%|█▏        | 3/25 [00:02<00:18,  1.21trial/s, best loss: -0.8049128810493096]C:\Users\Administrator\AppData\Local\Programs\Python\Python39\lib\site-packages\sklearn\utils\validation.py:2739: UserWarning: X does not have valid feature names, but LGBMClassifier was fitted with feature names
  warnings.warn(


 16%|█▌        | 4/25 [00:03<00:17,  1.23trial/s, best loss: -0.8049128810493096]C:\Users\Administrator\AppData\Local\Programs\Python\Python39\lib\site-packages\sklearn\utils\validation.py:2739: UserWarning: X does not have valid feature names, but LGBMClassifier was fitted with feature names
  warnings.warn(


 20%|██        | 5/25 [00:04<00:16,  1.23trial/s, best loss: -1.1192752571790927]C:\Users\Administrator\AppData\Local\Programs\Python\Python39\lib\site-packages\sklearn\utils\validation.py:2739: UserWarning: X does not have valid feature names, but LGBMClassifier was fitted with feature names
  warnings.warn(


 24%|██▍       | 6/25 [00:04<00:15,  1.24trial/s, best loss: -1.1192752571790927]C:\Users\Administrator\AppData\Local\Programs\Python\Python39\lib\site-packages\sklearn\utils\validation.py:2739: UserWarning: X does not have valid feature names, but LGBMClassifier was fitted with feature names
  warnings.warn(


 28%|██▊       | 7/25 [00:05<00:14,  1.23trial/s, best loss: -1.1192752571790927]C:\Users\Administrator\AppData\Local\Programs\Python\Python39\lib\site-packages\sklearn\utils\validation.py:2739: UserWarning: X does not have valid feature names, but LGBMClassifier was fitted with feature names
  warnings.warn(


 32%|███▏      | 8/25 [00:06<00:13,  1.23trial/s, best loss: -1.1192752571790927]C:\Users\Administrator\AppData\Local\Programs\Python\Python39\lib\site-packages\sklearn\utils\validation.py:2739: UserWarning: X does not have valid feature names, but LGBMClassifier was fitted with feature names
  warnings.warn(


 36%|███▌      | 9/25 [00:07<00:12,  1.25trial/s, best loss: -1.1192752571790927]C:\Users\Administrator\AppData\Local\Programs\Python\Python39\lib\site-packages\sklearn\utils\validation.py:2739: UserWarning: X does not have valid feature names, but LGBMClassifier was fitted with feature names
  warnings.warn(


 40%|████      | 10/25 [00:08<00:11,  1.26trial/s, best loss: -1.1192752571790927]C:\Users\Administrator\AppData\Local\Programs\Python\Python39\lib\site-packages\sklearn\utils\validation.py:2739: UserWarning: X does not have valid feature names, but LGBMClassifier was fitted with feature names
  warnings.warn(


 44%|████▍     | 11/25 [00:08<00:11,  1.26trial/s, best loss: -1.1192752571790927]C:\Users\Administrator\AppData\Local\Programs\Python\Python39\lib\site-packages\sklearn\utils\validation.py:2739: UserWarning: X does not have valid feature names, but LGBMClassifier was fitted with feature names
  warnings.warn(


 48%|████▊     | 12/25 [00:09<00:10,  1.27trial/s, best loss: -1.1192752571790927]C:\Users\Administrator\AppData\Local\Programs\Python\Python39\lib\site-packages\sklearn\utils\validation.py:2739: UserWarning: X does not have valid feature names, but LGBMClassifier was fitted with feature names
  warnings.warn(


 52%|█████▏    | 13/25 [00:10<00:09,  1.26trial/s, best loss: -1.1192752571790927]C:\Users\Administrator\AppData\Local\Programs\Python\Python39\lib\site-packages\sklearn\utils\validation.py:2739: UserWarning: X does not have valid feature names, but LGBMClassifier was fitted with feature names
  warnings.warn(


 56%|█████▌    | 14/25 [00:11<00:08,  1.23trial/s, best loss: -1.1192752571790927]C:\Users\Administrator\AppData\Local\Programs\Python\Python39\lib\site-packages\sklearn\utils\validation.py:2739: UserWarning: X does not have valid feature names, but LGBMClassifier was fitted with feature names
  warnings.warn(


 60%|██████    | 15/25 [00:12<00:08,  1.21trial/s, best loss: -1.1192752571790927]C:\Users\Administrator\AppData\Local\Programs\Python\Python39\lib\site-packages\sklearn\utils\validation.py:2739: UserWarning: X does not have valid feature names, but LGBMClassifier was fitted with feature names
  warnings.warn(


 64%|██████▍   | 16/25 [00:12<00:07,  1.22trial/s, best loss: -1.1192752571790927]C:\Users\Administrator\AppData\Local\Programs\Python\Python39\lib\site-packages\sklearn\utils\validation.py:2739: UserWarning: X does not have valid feature names, but LGBMClassifier was fitted with feature names
  warnings.warn(


 68%|██████▊   | 17/25 [00:13<00:06,  1.23trial/s, best loss: -1.1192752571790927]C:\Users\Administrator\AppData\Local\Programs\Python\Python39\lib\site-packages\sklearn\utils\validation.py:2739: UserWarning: X does not have valid feature names, but LGBMClassifier was fitted with feature names
  warnings.warn(


 72%|███████▏  | 18/25 [00:14<00:05,  1.22trial/s, best loss: -1.1192752571790927]C:\Users\Administrator\AppData\Local\Programs\Python\Python39\lib\site-packages\sklearn\utils\validation.py:2739: UserWarning: X does not have valid feature names, but LGBMClassifier was fitted with feature names
  warnings.warn(


 76%|███████▌  | 19/25 [00:15<00:04,  1.22trial/s, best loss: -1.1192752571790927]C:\Users\Administrator\AppData\Local\Programs\Python\Python39\lib\site-packages\sklearn\utils\validation.py:2739: UserWarning: X does not have valid feature names, but LGBMClassifier was fitted with feature names
  warnings.warn(


 80%|████████  | 20/25 [00:16<00:04,  1.23trial/s, best loss: -1.1192752571790927]C:\Users\Administrator\AppData\Local\Programs\Python\Python39\lib\site-packages\sklearn\utils\validation.py:2739: UserWarning: X does not have valid feature names, but LGBMClassifier was fitted with feature names
  warnings.warn(


 84%|████████▍ | 21/25 [00:17<00:03,  1.23trial/s, best loss: -1.1192752571790927]C:\Users\Administrator\AppData\Local\Programs\Python\Python39\lib\site-packages\sklearn\utils\validation.py:2739: UserWarning: X does not have valid feature names, but LGBMClassifier was fitted with feature names
  warnings.warn(


 88%|████████▊ | 22/25 [00:17<00:02,  1.25trial/s, best loss: -1.1192752571790927]C:\Users\Administrator\AppData\Local\Programs\Python\Python39\lib\site-packages\sklearn\utils\validation.py:2739: UserWarning: X does not have valid feature names, but LGBMClassifier was fitted with feature names
  warnings.warn(


 92%|█████████▏| 23/25 [00:18<00:01,  1.24trial/s, best loss: -1.1192752571790927]C:\Users\Administrator\AppData\Local\Programs\Python\Python39\lib\site-packages\sklearn\utils\validation.py:2739: UserWarning: X does not have valid feature names, but LGBMClassifier was fitted with feature names
  warnings.warn(


 96%|█████████▌| 24/25 [00:19<00:00,  1.23trial/s, best loss: -1.1192752571790927]C:\Users\Administrator\AppData\Local\Programs\Python\Python39\lib\site-packages\sklearn\utils\validation.py:2739: UserWarning: X does not have valid feature names, but LGBMClassifier was fitted with feature names
  warnings.warn(


100%|██████████| 25/25 [00:20<00:00,  1.24trial/s, best loss: -1.1192752571790927]
100%|██████████| 25/25 [00:20<00:00,  1.24trial/s, best loss: -1.1192752571790927]
C:\Users\Administrator\AppData\Local\Programs\Python\Python39\lib\site-packages\sklearn\utils\validation.py:2739: UserWarning: X does not have valid feature names, but LGBMClassifier was fitted with feature names
  warnings.warn(
C:\Users\Administrator\AppData\Local\Programs\Python\Python39\lib\site-packages\sklearn\utils\validation.py:2739: UserWarning: X does not have valid feature names, but LGBMClassifier was fitted with feature names
  warnings.warn(
C:\Users\Administrator\AppData\Local\Programs\Python\Python39\lib\site-packages\sklearn\utils\validation.py:2739: UserWarning: X does not have valid feature names, but LGBMClassifier was fitted with feature names
  warnings.warn(
C:\Users\Administrator\AppData\Local\Programs\Python\Python39\lib\site-packages\sklearn\utils\validation.py:2739: UserWarning: X does not have valid feature names, but LGBMClassifier was fitted with feature names
  warnings.warn(
C:\Users\Administrator\AppData\Local\Programs\Python\Python39\lib\site-packages\sklearn\utils\validation.py:2739: UserWarning: X does not have valid feature names, but LGBMClassifier was fitted with feature names
  warnings.warn(
C:\Users\Administrator\AppData\Local\Programs\Python\Python39\lib\site-packages\sklearn\utils\validation.py:2739: UserWarning: X does not have valid feature names, but LGBMClassifier was fitted with feature names
  warnings.warn(
C:\Users\Administrator\AppData\Local\Programs\Python\Python39\lib\site-packages\sklearn\utils\validation.py:2739: UserWarning: X does not have valid feature names, but LGBMClassifier was fitted with feature names
  warnings.warn(
C:\Users\Administrator\AppData\Local\Programs\Python\Python39\lib\site-packages\sklearn\utils\validation.py:2739: UserWarning: X does not have valid feature names, but LGBMClassifier was fitted with feature names
  warnings.warn(
C:\Users\Administrator\AppData\Local\Programs\Python\Python39\lib\site-packages\sklearn\utils\validation.py:2739: UserWarning: X does not have valid feature names, but LGBMClassifier was fitted with feature names
  warnings.warn(
C:\Users\Administrator\AppData\Local\Programs\Python\Python39\lib\site-packages\sklearn\utils\validation.py:2739: UserWarning: X does not have valid feature names, but LGBMClassifier was fitted with feature names
  warnings.warn(
C:\Users\Administrator\AppData\Local\Programs\Python\Python39\lib\site-packages\sklearn\utils\validation.py:2739: UserWarning: X does not have valid feature names, but LGBMClassifier was fitted with feature names
  warnings.warn(
C:\Users\Administrator\AppData\Local\Programs\Python\Python39\lib\site-packages\sklearn\utils\validation.py:2739: UserWarning: X does not have valid feature names, but LGBMClassifier was fitted with feature names
  warnings.warn(
C:\Users\Administrator\AppData\Local\Programs\Python\Python39\lib\site-packages\sklearn\utils\validation.py:2739: UserWarning: X does not have valid feature names, but LGBMClassifier was fitted with feature names
  warnings.warn(
C:\Users\Administrator\AppData\Local\Programs\Python\Python39\lib\site-packages\sklearn\utils\validation.py:2739: UserWarning: X does not have valid feature names, but LGBMClassifier was fitted with feature names
  warnings.warn(
C:\Users\Administrator\AppData\Local\Programs\Python\Python39\lib\site-packages\sklearn\utils\validation.py:2739: UserWarning: X does not have valid feature names, but LGBMClassifier was fitted with feature names
  warnings.warn(
C:\Users\Administrator\AppData\Local\Programs\Python\Python39\lib\site-packages\sklearn\utils\validation.py:2739: UserWarning: X does not have valid feature names, but LGBMClassifier was fitted with feature names
  warnings.warn(
C:\Users\Administrator\AppData\Local\Programs\Python\Python39\lib\site-packages\sklearn\utils\validation.py:2739: UserWarning: X does not have valid feature names, but LGBMClassifier was fitted with feature names
  warnings.warn(
C:\Users\Administrator\AppData\Local\Programs\Python\Python39\lib\site-packages\sklearn\utils\validation.py:2739: UserWarning: X does not have valid feature names, but LGBMClassifier was fitted with feature names
  warnings.warn(
C:\Users\Administrator\AppData\Local\Programs\Python\Python39\lib\site-packages\sklearn\utils\validation.py:2739: UserWarning: X does not have valid feature names, but LGBMClassifier was fitted with feature names
  warnings.warn(
C:\Users\Administrator\AppData\Local\Programs\Python\Python39\lib\site-packages\sklearn\utils\validation.py:2739: UserWarning: X does not have valid feature names, but LGBMClassifier was fitted with feature names
  warnings.warn(

  0%|          | 0/25 [00:00<?, ?trial/s, best loss=?]C:\Users\Administrator\AppData\Local\Programs\Python\Python39\lib\site-packages\sklearn\utils\validation.py:2739: UserWarning: X does not have valid feature names, but LGBMClassifier was fitted with feature names
  warnings.warn(


  4%|▍         | 1/25 [00:00<00:15,  1.58trial/s, best loss: -0.3727420101810102]C:\Users\Administrator\AppData\Local\Programs\Python\Python39\lib\site-packages\sklearn\utils\validation.py:2739: UserWarning: X does not have valid feature names, but LGBMClassifier was fitted with feature names
  warnings.warn(


  8%|▊         | 2/25 [00:01<00:14,  1.55trial/s, best loss: -0.39484292763160755]C:\Users\Administrator\AppData\Local\Programs\Python\Python39\lib\site-packages\sklearn\utils\validation.py:2739: UserWarning: X does not have valid feature names, but LGBMClassifier was fitted with feature names
  warnings.warn(


 12%|█▏        | 3/25 [00:01<00:14,  1.57trial/s, best loss: -0.41979781121026355]C:\Users\Administrator\AppData\Local\Programs\Python\Python39\lib\site-packages\sklearn\utils\validation.py:2739: UserWarning: X does not have valid feature names, but LGBMClassifier was fitted with feature names
  warnings.warn(


 16%|█▌        | 4/25 [00:02<00:13,  1.56trial/s, best loss: -0.4616305415525756] C:\Users\Administrator\AppData\Local\Programs\Python\Python39\lib\site-packages\sklearn\utils\validation.py:2739: UserWarning: X does not have valid feature names, but LGBMClassifier was fitted with feature names
  warnings.warn(


 20%|██        | 5/25 [00:03<00:12,  1.56trial/s, best loss: -0.4616305415525756]C:\Users\Administrator\AppData\Local\Programs\Python\Python39\lib\site-packages\sklearn\utils\validation.py:2739: UserWarning: X does not have valid feature names, but LGBMClassifier was fitted with feature names
  warnings.warn(


 24%|██▍       | 6/25 [00:03<00:12,  1.57trial/s, best loss: -0.7438162356989587]C:\Users\Administrator\AppData\Local\Programs\Python\Python39\lib\site-packages\sklearn\utils\validation.py:2739: UserWarning: X does not have valid feature names, but LGBMClassifier was fitted with feature names
  warnings.warn(


 28%|██▊       | 7/25 [00:04<00:11,  1.56trial/s, best loss: -0.7438162356989587]C:\Users\Administrator\AppData\Local\Programs\Python\Python39\lib\site-packages\sklearn\utils\validation.py:2739: UserWarning: X does not have valid feature names, but LGBMClassifier was fitted with feature names
  warnings.warn(


 32%|███▏      | 8/25 [00:05<00:10,  1.56trial/s, best loss: -0.7438162356989587]C:\Users\Administrator\AppData\Local\Programs\Python\Python39\lib\site-packages\sklearn\utils\validation.py:2739: UserWarning: X does not have valid feature names, but LGBMClassifier was fitted with feature names
  warnings.warn(


 36%|███▌      | 9/25 [00:05<00:10,  1.56trial/s, best loss: -0.7438162356989587]C:\Users\Administrator\AppData\Local\Programs\Python\Python39\lib\site-packages\sklearn\utils\validation.py:2739: UserWarning: X does not have valid feature names, but LGBMClassifier was fitted with feature names
  warnings.warn(


 40%|████      | 10/25 [00:06<00:09,  1.57trial/s, best loss: -0.7438162356989587]C:\Users\Administrator\AppData\Local\Programs\Python\Python39\lib\site-packages\sklearn\utils\validation.py:2739: UserWarning: X does not have valid feature names, but LGBMClassifier was fitted with feature names
  warnings.warn(


 44%|████▍     | 11/25 [00:07<00:08,  1.58trial/s, best loss: -0.7438162356989587]C:\Users\Administrator\AppData\Local\Programs\Python\Python39\lib\site-packages\sklearn\utils\validation.py:2739: UserWarning: X does not have valid feature names, but LGBMClassifier was fitted with feature names
  warnings.warn(


 48%|████▊     | 12/25 [00:07<00:08,  1.59trial/s, best loss: -0.7438162356989587]C:\Users\Administrator\AppData\Local\Programs\Python\Python39\lib\site-packages\sklearn\utils\validation.py:2739: UserWarning: X does not have valid feature names, but LGBMClassifier was fitted with feature names
  warnings.warn(


 52%|█████▏    | 13/25 [00:08<00:07,  1.56trial/s, best loss: -0.7438162356989587]C:\Users\Administrator\AppData\Local\Programs\Python\Python39\lib\site-packages\sklearn\utils\validation.py:2739: UserWarning: X does not have valid feature names, but LGBMClassifier was fitted with feature names
  warnings.warn(


 56%|█████▌    | 14/25 [00:08<00:07,  1.57trial/s, best loss: -0.7438162356989587]C:\Users\Administrator\AppData\Local\Programs\Python\Python39\lib\site-packages\sklearn\utils\validation.py:2739: UserWarning: X does not have valid feature names, but LGBMClassifier was fitted with feature names
  warnings.warn(


 60%|██████    | 15/25 [00:09<00:06,  1.56trial/s, best loss: -0.7438162356989587]C:\Users\Administrator\AppData\Local\Programs\Python\Python39\lib\site-packages\sklearn\utils\validation.py:2739: UserWarning: X does not have valid feature names, but LGBMClassifier was fitted with feature names
  warnings.warn(


 64%|██████▍   | 16/25 [00:10<00:05,  1.56trial/s, best loss: -0.7438162356989587]C:\Users\Administrator\AppData\Local\Programs\Python\Python39\lib\site-packages\sklearn\utils\validation.py:2739: UserWarning: X does not have valid feature names, but LGBMClassifier was fitted with feature names
  warnings.warn(


 68%|██████▊   | 17/25 [00:10<00:05,  1.54trial/s, best loss: -0.7438162356989587]C:\Users\Administrator\AppData\Local\Programs\Python\Python39\lib\site-packages\sklearn\utils\validation.py:2739: UserWarning: X does not have valid feature names, but LGBMClassifier was fitted with feature names
  warnings.warn(


 72%|███████▏  | 18/25 [00:11<00:04,  1.55trial/s, best loss: -0.7438162356989587]C:\Users\Administrator\AppData\Local\Programs\Python\Python39\lib\site-packages\sklearn\utils\validation.py:2739: UserWarning: X does not have valid feature names, but LGBMClassifier was fitted with feature names
  warnings.warn(


 76%|███████▌  | 19/25 [00:12<00:03,  1.55trial/s, best loss: -0.7438162356989587]C:\Users\Administrator\AppData\Local\Programs\Python\Python39\lib\site-packages\sklearn\utils\validation.py:2739: UserWarning: X does not have valid feature names, but LGBMClassifier was fitted with feature names
  warnings.warn(


 80%|████████  | 20/25 [00:12<00:03,  1.55trial/s, best loss: -0.7438162356989587]C:\Users\Administrator\AppData\Local\Programs\Python\Python39\lib\site-packages\sklearn\utils\validation.py:2739: UserWarning: X does not have valid feature names, but LGBMClassifier was fitted with feature names
  warnings.warn(


 84%|████████▍ | 21/25 [00:13<00:02,  1.56trial/s, best loss: -0.8482075156655209]C:\Users\Administrator\AppData\Local\Programs\Python\Python39\lib\site-packages\sklearn\utils\validation.py:2739: UserWarning: X does not have valid feature names, but LGBMClassifier was fitted with feature names
  warnings.warn(


 88%|████████▊ | 22/25 [00:14<00:01,  1.54trial/s, best loss: -0.8482075156655209]C:\Users\Administrator\AppData\Local\Programs\Python\Python39\lib\site-packages\sklearn\utils\validation.py:2739: UserWarning: X does not have valid feature names, but LGBMClassifier was fitted with feature names
  warnings.warn(


 92%|█████████▏| 23/25 [00:14<00:01,  1.54trial/s, best loss: -0.8482075156655209]C:\Users\Administrator\AppData\Local\Programs\Python\Python39\lib\site-packages\sklearn\utils\validation.py:2739: UserWarning: X does not have valid feature names, but LGBMClassifier was fitted with feature names
  warnings.warn(


 96%|█████████▌| 24/25 [00:15<00:00,  1.54trial/s, best loss: -0.8482075156655209]C:\Users\Administrator\AppData\Local\Programs\Python\Python39\lib\site-packages\sklearn\utils\validation.py:2739: UserWarning: X does not have valid feature names, but LGBMClassifier was fitted with feature names
  warnings.warn(


100%|██████████| 25/25 [00:16<00:00,  1.56trial/s, best loss: -0.8482075156655209]
100%|██████████| 25/25 [00:16<00:00,  1.56trial/s, best loss: -0.8482075156655209]
C:\Users\Administrator\AppData\Local\Programs\Python\Python39\lib\site-packages\sklearn\utils\validation.py:2739: UserWarning: X does not have valid feature names, but LGBMClassifier was fitted with feature names
  warnings.warn(
C:\Users\Administrator\AppData\Local\Programs\Python\Python39\lib\site-packages\sklearn\utils\validation.py:2739: UserWarning: X does not have valid feature names, but LGBMClassifier was fitted with feature names
  warnings.warn(
C:\Users\Administrator\AppData\Local\Programs\Python\Python39\lib\site-packages\sklearn\utils\validation.py:2739: UserWarning: X does not have valid feature names, but LGBMClassifier was fitted with feature names
  warnings.warn(
C:\Users\Administrator\AppData\Local\Programs\Python\Python39\lib\site-packages\sklearn\utils\validation.py:2739: UserWarning: X does not have valid feature names, but LGBMClassifier was fitted with feature names
  warnings.warn(
C:\Users\Administrator\AppData\Local\Programs\Python\Python39\lib\site-packages\sklearn\utils\validation.py:2739: UserWarning: X does not have valid feature names, but LGBMClassifier was fitted with feature names
  warnings.warn(
C:\Users\Administrator\AppData\Local\Programs\Python\Python39\lib\site-packages\sklearn\utils\validation.py:2739: UserWarning: X does not have valid feature names, but LGBMClassifier was fitted with feature names
  warnings.warn(
C:\Users\Administrator\AppData\Local\Programs\Python\Python39\lib\site-packages\sklearn\utils\validation.py:2739: UserWarning: X does not have valid feature names, but LGBMClassifier was fitted with feature names
  warnings.warn(
C:\Users\Administrator\AppData\Local\Programs\Python\Python39\lib\site-packages\sklearn\utils\validation.py:2739: UserWarning: X does not have valid feature names, but LGBMClassifier was fitted with feature names
  warnings.warn(
C:\Users\Administrator\AppData\Local\Programs\Python\Python39\lib\site-packages\sklearn\utils\validation.py:2739: UserWarning: X does not have valid feature names, but LGBMClassifier was fitted with feature names
  warnings.warn(
C:\Users\Administrator\AppData\Local\Programs\Python\Python39\lib\site-packages\sklearn\utils\validation.py:2739: UserWarning: X does not have valid feature names, but LGBMClassifier was fitted with feature names
  warnings.warn(
C:\Users\Administrator\AppData\Local\Programs\Python\Python39\lib\site-packages\sklearn\utils\validation.py:2739: UserWarning: X does not have valid feature names, but LGBMClassifier was fitted with feature names
  warnings.warn(
C:\Users\Administrator\AppData\Local\Programs\Python\Python39\lib\site-packages\sklearn\utils\validation.py:2739: UserWarning: X does not have valid feature names, but LGBMClassifier was fitted with feature names
  warnings.warn(
C:\Users\Administrator\AppData\Local\Programs\Python\Python39\lib\site-packages\sklearn\utils\validation.py:2739: UserWarning: X does not have valid feature names, but LGBMClassifier was fitted with feature names
  warnings.warn(
C:\Users\Administrator\AppData\Local\Programs\Python\Python39\lib\site-packages\sklearn\utils\validation.py:2739: UserWarning: X does not have valid feature names, but LGBMClassifier was fitted with feature names
  warnings.warn(
C:\Users\Administrator\AppData\Local\Programs\Python\Python39\lib\site-packages\sklearn\utils\validation.py:2739: UserWarning: X does not have valid feature names, but LGBMClassifier was fitted with feature names
  warnings.warn(
C:\Users\Administrator\AppData\Local\Programs\Python\Python39\lib\site-packages\sklearn\utils\validation.py:2739: UserWarning: X does not have valid feature names, but LGBMClassifier was fitted with feature names
  warnings.warn(
C:\Users\Administrator\AppData\Local\Programs\Python\Python39\lib\site-packages\sklearn\utils\validation.py:2739: UserWarning: X does not have valid feature names, but LGBMClassifier was fitted with feature names
  warnings.warn(
C:\Users\Administrator\AppData\Local\Programs\Python\Python39\lib\site-packages\sklearn\utils\validation.py:2739: UserWarning: X does not have valid feature names, but LGBMClassifier was fitted with feature names
  warnings.warn(
C:\Users\Administrator\AppData\Local\Programs\Python\Python39\lib\site-packages\sklearn\utils\validation.py:2739: UserWarning: X does not have valid feature names, but LGBMClassifier was fitted with feature names
  warnings.warn(
C:\Users\Administrator\AppData\Local\Programs\Python\Python39\lib\site-packages\sklearn\utils\validation.py:2739: UserWarning: X does not have valid feature names, but LGBMClassifier was fitted with feature names
  warnings.warn(
C:\Users\Administrator\AppData\Local\Programs\Python\Python39\lib\site-packages\sklearn\utils\validation.py:2739: UserWarning: X does not have valid feature names, but LGBMClassifier was fitted with feature names
  warnings.warn(
C:\Users\Administrator\AppData\Local\Programs\Python\Python39\lib\site-packages\sklearn\utils\validation.py:2739: UserWarning: X does not have valid feature names, but LGBMClassifier was fitted with feature names
  warnings.warn(
C:\Users\Administrator\AppData\Local\Programs\Python\Python39\lib\site-packages\sklearn\utils\validation.py:2739: UserWarning: X does not have valid feature names, but LGBMClassifier was fitted with feature names
  warnings.warn(
C:\Users\Administrator\AppData\Local\Programs\Python\Python39\lib\site-packages\sklearn\utils\validation.py:2739: UserWarning: X does not have valid feature names, but LGBMClassifier was fitted with feature names
  warnings.warn(
C:\Users\Administrator\AppData\Local\Programs\Python\Python39\lib\site-packages\sklearn\utils\validation.py:2739: UserWarning: X does not have valid feature names, but LGBMClassifier was fitted with feature names
  warnings.warn(
D:\quant_system_pro (3)\quant_system_pro\backtest\backtest_pro.py:330: UserWarning: Glyph 39057 (\N{CJK UNIFIED IDEOGRAPH-9891}) missing from font(s) DejaVu Sans.
  buf=io.BytesIO(); plt.tight_layout(); plt.savefig(buf, format="png"); data=base64.b64encode(buf.getvalue()).decode()
D:\quant_system_pro (3)\quant_system_pro\backtest\backtest_pro.py:330: UserWarning: Glyph 25968 (\N{CJK UNIFIED IDEOGRAPH-6570}) missing from font(s) DejaVu Sans.
  buf=io.BytesIO(); plt.tight_layout(); plt.savefig(buf, format="png"); data=base64.b64encode(buf.getvalue()).decode()
D:\quant_system_pro (3)\quant_system_pro\backtest\backtest_pro.py:330: UserWarning: Glyph 20998 (\N{CJK UNIFIED IDEOGRAPH-5206}) missing from font(s) DejaVu Sans.
  buf=io.BytesIO(); plt.tight_layout(); plt.savefig(buf, format="png"); data=base64.b64encode(buf.getvalue()).decode()
D:\quant_system_pro (3)\quant_system_pro\backtest\backtest_pro.py:330: UserWarning: Glyph 24067 (\N{CJK UNIFIED IDEOGRAPH-5E03}) missing from font(s) DejaVu Sans.
  buf=io.BytesIO(); plt.tight_layout(); plt.savefig(buf, format="png"); data=base64.b64encode(buf.getvalue()).decode()
D:\quant_system_pro (3)\quant_system_pro\backtest\backtest_pro.py:330: UserWarning: Glyph 65288 (\N{FULLWIDTH LEFT PARENTHESIS}) missing from font(s) DejaVu Sans.
  buf=io.BytesIO(); plt.tight_layout(); plt.savefig(buf, format="png"); data=base64.b64encode(buf.getvalue()).decode()
D:\quant_system_pro (3)\quant_system_pro\backtest\backtest_pro.py:330: UserWarning: Glyph 36234 (\N{CJK UNIFIED IDEOGRAPH-8D8A}) missing from font(s) DejaVu Sans.
  buf=io.BytesIO(); plt.tight_layout(); plt.savefig(buf, format="png"); data=base64.b64encode(buf.getvalue()).decode()
D:\quant_system_pro (3)\quant_system_pro\backtest\backtest_pro.py:330: UserWarning: Glyph 20302 (\N{CJK UNIFIED IDEOGRAPH-4F4E}) missing from font(s) DejaVu Sans.
  buf=io.BytesIO(); plt.tight_layout(); plt.savefig(buf, format="png"); data=base64.b64encode(buf.getvalue()).decode()
D:\quant_system_pro (3)\quant_system_pro\backtest\backtest_pro.py:330: UserWarning: Glyph 22909 (\N{CJK UNIFIED IDEOGRAPH-597D}) missing from font(s) DejaVu Sans.
  buf=io.BytesIO(); plt.tight_layout(); plt.savefig(buf, format="png"); data=base64.b64encode(buf.getvalue()).decode()
D:\quant_system_pro (3)\quant_system_pro\backtest\backtest_pro.py:330: UserWarning: Glyph 65289 (\N{FULLWIDTH RIGHT PARENTHESIS}) missing from font(s) DejaVu Sans.
  buf=io.BytesIO(); plt.tight_layout(); plt.savefig(buf, format="png"); data=base64.b64encode(buf.getvalue()).decode()
[完成] 最优表: D:\quant_system_pro (3)\quant_system_pro\results\full_throttle\最优组合总表_S档_20250817-030521.csv
[完成] best_combo: data/best_combo.csv
