[A6-SHIM] pandas.DataFrame.to_csv 已安装修订钩子（仅拦截 a6_strategy_scores*）
C:\Users\Administrator\AppData\Local\Programs\Python\Python39\lib\site-packages\hyperopt\atpe.py:19: UserWarning: pkg_resources is deprecated as an API. See https://setuptools.pypa.io/en/latest/pkg_resources.html. The pkg_resources package is slated for removal as early as 2025-11-30. Refrain from using this package or pin to Setuptools<81.
  import pkg_resources
[GPU] Torch 2.6.0+cu124 | CUDA 12.4 | Device NVIDIA GeForce RTX 3060 | available=True
[GPU] XGBoost 1.7.6 (gpu_hist supported)
[GPU] LightGBM available (GPU depends on build)
[回测] 符号数=1 窗口=90天 S档=ON

  0%|          | 0/25 [00:00<?, ?trial/s, best loss=?]
  4%|▍         | 1/25 [00:00<00:19,  1.21trial/s, best loss: 0.4679471951231504]
  8%|▊         | 2/25 [00:01<00:19,  1.18trial/s, best loss: 0.4679471951231504]
 12%|█▏        | 3/25 [00:02<00:18,  1.21trial/s, best loss: 0.4679471951231504]
 16%|█▌        | 4/25 [00:03<00:17,  1.20trial/s, best loss: 0.4679471951231504]
 20%|██        | 5/25 [00:04<00:16,  1.20trial/s, best loss: 0.4679471951231504]
 24%|██▍       | 6/25 [00:05<00:15,  1.20trial/s, best loss: 0.4679471951231504]
 28%|██▊       | 7/25 [00:05<00:14,  1.20trial/s, best loss: 0.4679471951231504]
 32%|███▏      | 8/25 [00:06<00:14,  1.14trial/s, best loss: 0.4679471951231504]
 36%|███▌      | 9/25 [00:07<00:13,  1.17trial/s, best loss: 0.4679471951231504]
 40%|████      | 10/25 [00:08<00:12,  1.17trial/s, best loss: 0.4679471951231504]
 44%|████▍     | 11/25 [00:09<00:11,  1.18trial/s, best loss: 0.4679471951231504]
 48%|████▊     | 12/25 [00:10<00:10,  1.19trial/s, best loss: 0.4679471951231504]
 52%|█████▏    | 13/25 [00:10<00:10,  1.19trial/s, best loss: 0.4679471951231504]
 56%|█████▌    | 14/25 [00:11<00:09,  1.19trial/s, best loss: 0.4679471951231504]
 60%|██████    | 15/25 [00:12<00:08,  1.18trial/s, best loss: 0.4679471951231504]
 64%|██████▍   | 16/25 [00:13<00:08,  1.11trial/s, best loss: 0.46114236098969513]
 68%|██████▊   | 17/25 [00:15<00:08,  1.04s/trial, best loss: 0.4410741971551137] 
 72%|███████▏  | 18/25 [00:16<00:07,  1.12s/trial, best loss: 0.4410741971551137]
 76%|███████▌  | 19/25 [00:17<00:06,  1.16s/trial, best loss: 0.4410741971551137]
 80%|████████  | 20/25 [00:18<00:05,  1.06s/trial, best loss: 0.4410741971551137]
 84%|████████▍ | 21/25 [00:19<00:03,  1.01trial/s, best loss: 0.4009868371696039]
 88%|████████▊ | 22/25 [00:20<00:02,  1.05trial/s, best loss: 0.4009868371696039]
 92%|█████████▏| 23/25 [00:20<00:01,  1.09trial/s, best loss: 0.4009868371696039]
 96%|█████████▌| 24/25 [00:21<00:00,  1.08trial/s, best loss: 0.4009868371696039]
100%|██████████| 25/25 [00:22<00:00,  1.10trial/s, best loss: 0.4009868371696039]
100%|██████████| 25/25 [00:22<00:00,  1.10trial/s, best loss: 0.4009868371696039]

  0%|          | 0/25 [00:00<?, ?trial/s, best loss=?]
  4%|▍         | 1/25 [00:00<00:14,  1.69trial/s, best loss: 0.19851160232922482]
  8%|▊         | 2/25 [00:01<00:14,  1.64trial/s, best loss: 0.19851160232922482]
 12%|█▏        | 3/25 [00:01<00:13,  1.58trial/s, best loss: 0.19851160232922482]
 16%|█▌        | 4/25 [00:02<00:12,  1.62trial/s, best loss: 0.19851160232922482]
 20%|██        | 5/25 [00:03<00:12,  1.64trial/s, best loss: 0.19851160232922482]
 24%|██▍       | 6/25 [00:03<00:11,  1.64trial/s, best loss: 0.18482782482916701]
 28%|██▊       | 7/25 [00:04<00:10,  1.64trial/s, best loss: 0.18482782482916701]
 32%|███▏      | 8/25 [00:04<00:10,  1.65trial/s, best loss: 0.18482782482916701]
 36%|███▌      | 9/25 [00:05<00:09,  1.66trial/s, best loss: 0.18482782482916701]
 40%|████      | 10/25 [00:06<00:09,  1.66trial/s, best loss: 0.18482782482916701]
 44%|████▍     | 11/25 [00:06<00:08,  1.66trial/s, best loss: 0.18482782482916701]
 48%|████▊     | 12/25 [00:07<00:07,  1.65trial/s, best loss: 0.18482782482916701]
 52%|█████▏    | 13/25 [00:07<00:07,  1.61trial/s, best loss: 0.18482782482916701]
 56%|█████▌    | 14/25 [00:09<00:10,  1.02trial/s, best loss: 0.18482782482916701]
 60%|██████    | 15/25 [00:10<00:08,  1.14trial/s, best loss: 0.18482782482916701]
 64%|██████▍   | 16/25 [00:11<00:07,  1.25trial/s, best loss: 0.17659593176060773]
 68%|██████▊   | 17/25 [00:11<00:05,  1.36trial/s, best loss: 0.17659593176060773]
 72%|███████▏  | 18/25 [00:12<00:04,  1.42trial/s, best loss: 0.17659593176060773]
 76%|███████▌  | 19/25 [00:12<00:04,  1.48trial/s, best loss: 0.17659593176060773]
 80%|████████  | 20/25 [00:13<00:03,  1.53trial/s, best loss: 0.17659593176060773]
 84%|████████▍ | 21/25 [00:14<00:02,  1.56trial/s, best loss: 0.0988885775597416] 
 88%|████████▊ | 22/25 [00:14<00:01,  1.59trial/s, best loss: 0.0988885775597416]
 92%|█████████▏| 23/25 [00:15<00:01,  1.62trial/s, best loss: 0.0988885775597416]
 96%|█████████▌| 24/25 [00:15<00:00,  1.62trial/s, best loss: 0.0988885775597416]
100%|██████████| 25/25 [00:16<00:00,  1.61trial/s, best loss: 0.0988885775597416]
100%|██████████| 25/25 [00:16<00:00,  1.52trial/s, best loss: 0.0988885775597416]

  0%|          | 0/25 [00:00<?, ?trial/s, best loss=?]
  4%|▍         | 1/25 [00:00<00:13,  1.75trial/s, best loss: 0.11479808297161395]
  8%|▊         | 2/25 [00:01<00:13,  1.75trial/s, best loss: 0.11479808297161395]
 12%|█▏        | 3/25 [00:01<00:12,  1.79trial/s, best loss: 0.11479808297161395]
 16%|█▌        | 4/25 [00:02<00:11,  1.82trial/s, best loss: 0.11479808297161395]
 20%|██        | 5/25 [00:02<00:11,  1.82trial/s, best loss: 0.11479808297161395]
 24%|██▍       | 6/25 [00:03<00:10,  1.81trial/s, best loss: 0.11479808297161395]
 28%|██▊       | 7/25 [00:03<00:09,  1.81trial/s, best loss: 0.11479808297161395]
 32%|███▏      | 8/25 [00:04<00:09,  1.82trial/s, best loss: 0.11479808297161395]
 36%|███▌      | 9/25 [00:04<00:08,  1.82trial/s, best loss: 0.11479808297161395]
 40%|████      | 10/25 [00:05<00:08,  1.81trial/s, best loss: 0.11479808297161395]
 44%|████▍     | 11/25 [00:06<00:07,  1.80trial/s, best loss: 0.11479808297161395]
 48%|████▊     | 12/25 [00:06<00:07,  1.80trial/s, best loss: 0.11479808297161395]
 52%|█████▏    | 13/25 [00:07<00:06,  1.82trial/s, best loss: 0.11479808297161395]
 56%|█████▌    | 14/25 [00:07<00:06,  1.82trial/s, best loss: 0.11479808297161395]
 60%|██████    | 15/25 [00:08<00:05,  1.82trial/s, best loss: 0.11479808297161395]
 64%|██████▍   | 16/25 [00:08<00:04,  1.81trial/s, best loss: 0.08910201945171856]
 68%|██████▊   | 17/25 [00:09<00:04,  1.81trial/s, best loss: 0.08910201945171856]
 72%|███████▏  | 18/25 [00:09<00:03,  1.79trial/s, best loss: 0.08910201945171856]
 76%|███████▌  | 19/25 [00:10<00:03,  1.81trial/s, best loss: 0.08910201945171856]
 80%|████████  | 20/25 [00:11<00:02,  1.78trial/s, best loss: 0.08910201945171856]
 84%|████████▍ | 21/25 [00:11<00:02,  1.63trial/s, best loss: 0.06758495514886508]
 88%|████████▊ | 22/25 [00:12<00:01,  1.56trial/s, best loss: 0.06758495514886508]
 92%|█████████▏| 23/25 [00:13<00:01,  1.51trial/s, best loss: 0.06758495514886508]
 96%|█████████▌| 24/25 [00:13<00:00,  1.47trial/s, best loss: 0.06758495514886508]
100%|██████████| 25/25 [00:14<00:00,  1.53trial/s, best loss: 0.06758495514886508]
100%|██████████| 25/25 [00:14<00:00,  1.72trial/s, best loss: 0.06758495514886508]

  0%|          | 0/25 [00:00<?, ?trial/s, best loss=?]
  4%|▍         | 1/25 [00:01<00:27,  1.16s/trial, best loss: 0.18028598161890327]
  8%|▊         | 2/25 [00:02<00:27,  1.18s/trial, best loss: 0.18028598161890327]
 12%|█▏        | 3/25 [00:03<00:25,  1.18s/trial, best loss: 0.18028598161890327]
 16%|█▌        | 4/25 [00:04<00:24,  1.18s/trial, best loss: 0.1741811445843707] 
 20%|██        | 5/25 [00:05<00:23,  1.19s/trial, best loss: 0.09300372884712832]
 24%|██▍       | 6/25 [00:07<00:22,  1.18s/trial, best loss: 0.09300372884712832]
 28%|██▊       | 7/25 [00:08<00:21,  1.18s/trial, best loss: 0.09300372884712832]
 32%|███▏      | 8/25 [00:09<00:20,  1.18s/trial, best loss: 0.09300372884712832]
 36%|███▌      | 9/25 [00:10<00:18,  1.18s/trial, best loss: 0.09300372884712832]
 40%|████      | 10/25 [00:11<00:17,  1.18s/trial, best loss: 0.09300372884712832]
 44%|████▍     | 11/25 [00:12<00:16,  1.18s/trial, best loss: 0.09300372884712832]
 48%|████▊     | 12/25 [00:14<00:15,  1.17s/trial, best loss: 0.09300372884712832]
 52%|█████▏    | 13/25 [00:15<00:14,  1.20s/trial, best loss: 0.09300372884712832]
 56%|█████▌    | 14/25 [00:16<00:13,  1.23s/trial, best loss: 0.09300372884712832]
 60%|██████    | 15/25 [00:18<00:12,  1.25s/trial, best loss: 0.09300372884712832]
 64%|██████▍   | 16/25 [00:19<00:11,  1.24s/trial, best loss: 0.09300372884712832]
 68%|██████▊   | 17/25 [00:20<00:09,  1.22s/trial, best loss: 0.09300372884712832]
 72%|███████▏  | 18/25 [00:21<00:08,  1.21s/trial, best loss: 0.09300372884712832]
 76%|███████▌  | 19/25 [00:22<00:07,  1.21s/trial, best loss: 0.09300372884712832]
 80%|████████  | 20/25 [00:23<00:05,  1.20s/trial, best loss: 0.09300372884712832]
 84%|████████▍ | 21/25 [00:25<00:04,  1.20s/trial, best loss: 0.09300372884712832]
 88%|████████▊ | 22/25 [00:26<00:03,  1.19s/trial, best loss: 0.09300372884712832]
 92%|█████████▏| 23/25 [00:27<00:02,  1.19s/trial, best loss: 0.09300372884712832]
 96%|█████████▌| 24/25 [00:28<00:01,  1.18s/trial, best loss: 0.09300372884712832]
100%|██████████| 25/25 [00:29<00:00,  1.19s/trial, best loss: 0.09300372884712832]
100%|██████████| 25/25 [00:29<00:00,  1.20s/trial, best loss: 0.09300372884712832]

  0%|          | 0/25 [00:00<?, ?trial/s, best loss=?]
  4%|▍         | 1/25 [00:01<00:29,  1.23s/trial, best loss: 0.08035544388186724]
  8%|▊         | 2/25 [00:02<00:28,  1.24s/trial, best loss: 0.08035544388186724]
 12%|█▏        | 3/25 [00:03<00:26,  1.23s/trial, best loss: 0.08035544388186724]
 16%|█▌        | 4/25 [00:04<00:25,  1.20s/trial, best loss: 0.08035544388186724]
 20%|██        | 5/25 [00:07<00:31,  1.57s/trial, best loss: 0.04321004558331578]
 24%|██▍       | 6/25 [00:08<00:27,  1.44s/trial, best loss: 0.02498355617094447]
 28%|██▊       | 7/25 [00:09<00:24,  1.35s/trial, best loss: 0.02498355617094447]
 32%|███▏      | 8/25 [00:10<00:22,  1.30s/trial, best loss: 0.02498355617094447]
 36%|███▌      | 9/25 [00:11<00:20,  1.26s/trial, best loss: 0.02498355617094447]
 40%|████      | 10/25 [00:12<00:18,  1.23s/trial, best loss: 0.02498355617094447]
 44%|████▍     | 11/25 [00:14<00:16,  1.21s/trial, best loss: 0.02498355617094447]
 48%|████▊     | 12/25 [00:15<00:15,  1.20s/trial, best loss: 0.02498355617094447]
 52%|█████▏    | 13/25 [00:16<00:14,  1.18s/trial, best loss: 0.02498355617094447]
 56%|█████▌    | 14/25 [00:17<00:13,  1.18s/trial, best loss: 0.02498355617094447]
 60%|██████    | 15/25 [00:18<00:11,  1.18s/trial, best loss: 0.02498355617094447]
 64%|██████▍   | 16/25 [00:20<00:10,  1.20s/trial, best loss: 0.02498355617094447]
 68%|██████▊   | 17/25 [00:21<00:09,  1.21s/trial, best loss: 0.02498355617094447]
 72%|███████▏  | 18/25 [00:22<00:08,  1.22s/trial, best loss: 0.02498355617094447]
 76%|███████▌  | 19/25 [00:23<00:07,  1.20s/trial, best loss: 0.02498355617094447]
 80%|████████  | 20/25 [00:24<00:05,  1.19s/trial, best loss: 0.02498355617094447]
 84%|████████▍ | 21/25 [00:25<00:04,  1.18s/trial, best loss: 0.02498355617094447]
 88%|████████▊ | 22/25 [00:27<00:03,  1.17s/trial, best loss: 0.02498355617094447]
 92%|█████████▏| 23/25 [00:28<00:02,  1.17s/trial, best loss: 0.02498355617094447]
 96%|█████████▌| 24/25 [00:29<00:01,  1.17s/trial, best loss: 0.02498355617094447]
100%|██████████| 25/25 [00:30<00:00,  1.17s/trial, best loss: 0.02498355617094447]
100%|██████████| 25/25 [00:30<00:00,  1.23s/trial, best loss: 0.02498355617094447]

  0%|          | 0/25 [00:00<?, ?trial/s, best loss=?]
  4%|▍         | 1/25 [00:01<00:28,  1.20s/trial, best loss: 0.23720025391285696]
  8%|▊         | 2/25 [00:02<00:27,  1.19s/trial, best loss: 0.0408789789179702] 
 12%|█▏        | 3/25 [00:03<00:26,  1.19s/trial, best loss: 0.0408789789179702]
 16%|█▌        | 4/25 [00:04<00:24,  1.17s/trial, best loss: 0.0408789789179702]
 20%|██        | 5/25 [00:05<00:23,  1.17s/trial, best loss: 0.019372242191644573]
 24%|██▍       | 6/25 [00:07<00:22,  1.16s/trial, best loss: 0.019372242191644573]
 28%|██▊       | 7/25 [00:08<00:20,  1.16s/trial, best loss: -0.051011466026605994]
 32%|███▏      | 8/25 [00:09<00:19,  1.16s/trial, best loss: -0.051011466026605994]
 36%|███▌      | 9/25 [00:10<00:18,  1.16s/trial, best loss: -0.051011466026605994]
 40%|████      | 10/25 [00:11<00:17,  1.16s/trial, best loss: -0.051011466026605994]
 44%|████▍     | 11/25 [00:12<00:16,  1.16s/trial, best loss: -0.051011466026605994]
 48%|████▊     | 12/25 [00:13<00:14,  1.15s/trial, best loss: -0.051011466026605994]
 52%|█████▏    | 13/25 [00:15<00:13,  1.15s/trial, best loss: -0.051011466026605994]
 56%|█████▌    | 14/25 [00:16<00:12,  1.16s/trial, best loss: -0.051011466026605994]
 60%|██████    | 15/25 [00:17<00:11,  1.16s/trial, best loss: -0.051011466026605994]
 64%|██████▍   | 16/25 [00:18<00:10,  1.17s/trial, best loss: -0.051011466026605994]
 68%|██████▊   | 17/25 [00:19<00:09,  1.17s/trial, best loss: -0.051011466026605994]
 72%|███████▏  | 18/25 [00:20<00:08,  1.16s/trial, best loss: -0.051011466026605994]
 76%|███████▌  | 19/25 [00:22<00:06,  1.16s/trial, best loss: -0.051011466026605994]
 80%|████████  | 20/25 [00:23<00:05,  1.16s/trial, best loss: -0.051011466026605994]
 84%|████████▍ | 21/25 [00:24<00:04,  1.17s/trial, best loss: -0.051011466026605994]
 88%|████████▊ | 22/25 [00:25<00:03,  1.17s/trial, best loss: -0.051011466026605994]
 92%|█████████▏| 23/25 [00:26<00:02,  1.17s/trial, best loss: -0.051011466026605994]
 96%|█████████▌| 24/25 [00:27<00:01,  1.16s/trial, best loss: -0.051011466026605994]
100%|██████████| 25/25 [00:29<00:00,  1.16s/trial, best loss: -0.051011466026605994]
100%|██████████| 25/25 [00:29<00:00,  1.16s/trial, best loss: -0.051011466026605994]
D:\quant_system_pro (3)\quant_system_pro\backtest\backtest_pro.py:330: UserWarning: Glyph 39057 (\N{CJK UNIFIED IDEOGRAPH-9891}) missing from font(s) DejaVu Sans.
  buf=io.BytesIO(); plt.tight_layout(); plt.savefig(buf, format="png"); data=base64.b64encode(buf.getvalue()).decode()
D:\quant_system_pro (3)\quant_system_pro\backtest\backtest_pro.py:330: UserWarning: Glyph 25968 (\N{CJK UNIFIED IDEOGRAPH-6570}) missing from font(s) DejaVu Sans.
  buf=io.BytesIO(); plt.tight_layout(); plt.savefig(buf, format="png"); data=base64.b64encode(buf.getvalue()).decode()
D:\quant_system_pro (3)\quant_system_pro\backtest\backtest_pro.py:330: UserWarning: Glyph 20998 (\N{CJK UNIFIED IDEOGRAPH-5206}) missing from font(s) DejaVu Sans.
  buf=io.BytesIO(); plt.tight_layout(); plt.savefig(buf, format="png"); data=base64.b64encode(buf.getvalue()).decode()
D:\quant_system_pro (3)\quant_system_pro\backtest\backtest_pro.py:330: UserWarning: Glyph 24067 (\N{CJK UNIFIED IDEOGRAPH-5E03}) missing from font(s) DejaVu Sans.
  buf=io.BytesIO(); plt.tight_layout(); plt.savefig(buf, format="png"); data=base64.b64encode(buf.getvalue()).decode()
D:\quant_system_pro (3)\quant_system_pro\backtest\backtest_pro.py:330: UserWarning: Glyph 65288 (\N{FULLWIDTH LEFT PARENTHESIS}) missing from font(s) DejaVu Sans.
  buf=io.BytesIO(); plt.tight_layout(); plt.savefig(buf, format="png"); data=base64.b64encode(buf.getvalue()).decode()
D:\quant_system_pro (3)\quant_system_pro\backtest\backtest_pro.py:330: UserWarning: Glyph 36234 (\N{CJK UNIFIED IDEOGRAPH-8D8A}) missing from font(s) DejaVu Sans.
  buf=io.BytesIO(); plt.tight_layout(); plt.savefig(buf, format="png"); data=base64.b64encode(buf.getvalue()).decode()
D:\quant_system_pro (3)\quant_system_pro\backtest\backtest_pro.py:330: UserWarning: Glyph 20302 (\N{CJK UNIFIED IDEOGRAPH-4F4E}) missing from font(s) DejaVu Sans.
  buf=io.BytesIO(); plt.tight_layout(); plt.savefig(buf, format="png"); data=base64.b64encode(buf.getvalue()).decode()
D:\quant_system_pro (3)\quant_system_pro\backtest\backtest_pro.py:330: UserWarning: Glyph 22909 (\N{CJK UNIFIED IDEOGRAPH-597D}) missing from font(s) DejaVu Sans.
  buf=io.BytesIO(); plt.tight_layout(); plt.savefig(buf, format="png"); data=base64.b64encode(buf.getvalue()).decode()
D:\quant_system_pro (3)\quant_system_pro\backtest\backtest_pro.py:330: UserWarning: Glyph 65289 (\N{FULLWIDTH RIGHT PARENTHESIS}) missing from font(s) DejaVu Sans.
  buf=io.BytesIO(); plt.tight_layout(); plt.savefig(buf, format="png"); data=base64.b64encode(buf.getvalue()).decode()
[完成] 最优表: D:\quant_system_pro (3)\quant_system_pro\results\full_throttle\最优组合总表_S档_20250817-025831.csv
[完成] best_combo: data/best_combo.csv
