[A6-SHIM] pandas.DataFrame.to_csv 已安装修订钩子（仅拦截 a6_strategy_scores*）
C:\Users\Administrator\AppData\Local\Programs\Python\Python39\lib\site-packages\hyperopt\atpe.py:19: UserWarning: pkg_resources is deprecated as an API. See https://setuptools.pypa.io/en/latest/pkg_resources.html. The pkg_resources package is slated for removal as early as 2025-11-30. Refrain from using this package or pin to Setuptools<81.
  import pkg_resources
[GPU] Torch 2.6.0+cu124 | CUDA 12.4 | Device NVIDIA GeForce RTX 3060 | available=True
[GPU] XGBoost 1.7.6 (gpu_hist supported)
[GPU] LightGBM available (GPU depends on build)
[回测] 符号数=1 窗口=45天 S档=ON

  0%|          | 0/25 [00:00<?, ?trial/s, best loss=?]
  4%|▍         | 1/25 [00:00<00:11,  2.06trial/s, best loss: 0.23626055157556186]
  8%|▊         | 2/25 [00:00<00:11,  2.09trial/s, best loss: 0.23626055157556186]
 12%|█▏        | 3/25 [00:01<00:10,  2.11trial/s, best loss: 0.23626055157556186]
 16%|█▌        | 4/25 [00:01<00:09,  2.10trial/s, best loss: 0.23626055157556186]
 20%|██        | 5/25 [00:02<00:09,  2.12trial/s, best loss: 0.23626055157556186]
 24%|██▍       | 6/25 [00:02<00:08,  2.13trial/s, best loss: 0.23626055157556186]
 28%|██▊       | 7/25 [00:03<00:08,  2.13trial/s, best loss: 0.23626055157556186]
 32%|███▏      | 8/25 [00:03<00:08,  2.10trial/s, best loss: 0.23626055157556186]
 36%|███▌      | 9/25 [00:04<00:07,  2.09trial/s, best loss: 0.23626055157556186]
 40%|████      | 10/25 [00:04<00:07,  2.00trial/s, best loss: 0.23626055157556186]
 44%|████▍     | 11/25 [00:05<00:07,  1.93trial/s, best loss: 0.23626055157556186]
 48%|████▊     | 12/25 [00:05<00:06,  2.00trial/s, best loss: 0.23626055157556186]
 52%|█████▏    | 13/25 [00:06<00:05,  2.04trial/s, best loss: 0.23626055157556186]
 56%|█████▌    | 14/25 [00:06<00:05,  2.07trial/s, best loss: 0.23626055157556186]
 60%|██████    | 15/25 [00:07<00:04,  2.11trial/s, best loss: 0.23626055157556186]
 64%|██████▍   | 16/25 [00:07<00:04,  2.13trial/s, best loss: 0.21236873325836075]
 68%|██████▊   | 17/25 [00:08<00:03,  2.11trial/s, best loss: 0.21236873325836075]
 72%|███████▏  | 18/25 [00:08<00:03,  2.11trial/s, best loss: 0.21236873325836075]
 76%|███████▌  | 19/25 [00:09<00:02,  2.01trial/s, best loss: 0.21236873325836075]
 80%|████████  | 20/25 [00:09<00:02,  2.01trial/s, best loss: 0.21236873325836075]
 84%|████████▍ | 21/25 [00:10<00:01,  2.03trial/s, best loss: 0.20432472114728809]
 88%|████████▊ | 22/25 [00:10<00:01,  2.07trial/s, best loss: 0.20432472114728809]
 92%|█████████▏| 23/25 [00:11<00:00,  2.08trial/s, best loss: 0.20432472114728809]
 96%|█████████▌| 24/25 [00:11<00:00,  2.09trial/s, best loss: 0.20432472114728809]
100%|██████████| 25/25 [00:12<00:00,  2.07trial/s, best loss: 0.20432472114728809]
100%|██████████| 25/25 [00:12<00:00,  2.07trial/s, best loss: 0.20432472114728809]

  0%|          | 0/25 [00:00<?, ?trial/s, best loss=?]
  4%|▍         | 1/25 [00:00<00:11,  2.10trial/s, best loss: 0.04206175039643395]
  8%|▊         | 2/25 [00:00<00:10,  2.16trial/s, best loss: 0.041651866605023194]
 12%|█▏        | 3/25 [00:01<00:10,  2.19trial/s, best loss: 0.041651866605023194]
 16%|█▌        | 4/25 [00:01<00:09,  2.22trial/s, best loss: 0.041651866605023194]
 20%|██        | 5/25 [00:02<00:09,  2.20trial/s, best loss: 0.041651866605023194]
 24%|██▍       | 6/25 [00:02<00:08,  2.15trial/s, best loss: 0.041651866605023194]
 28%|██▊       | 7/25 [00:03<00:08,  2.16trial/s, best loss: 0.016778283568443974]
 32%|███▏      | 8/25 [00:03<00:07,  2.14trial/s, best loss: 0.016778283568443974]
 36%|███▌      | 9/25 [00:04<00:07,  2.14trial/s, best loss: 0.01675815201917181] 
 40%|████      | 10/25 [00:04<00:07,  2.13trial/s, best loss: 0.01675815201917181]
 44%|████▍     | 11/25 [00:05<00:06,  2.08trial/s, best loss: 0.01675815201917181]
 48%|████▊     | 12/25 [00:05<00:06,  2.10trial/s, best loss: 0.01675815201917181]
 52%|█████▏    | 13/25 [00:06<00:05,  2.08trial/s, best loss: 0.01675815201917181]
 56%|█████▌    | 14/25 [00:06<00:05,  2.08trial/s, best loss: 0.016031224697833975]
 60%|██████    | 15/25 [00:07<00:04,  2.09trial/s, best loss: 0.016031224697833975]
 64%|██████▍   | 16/25 [00:07<00:04,  2.09trial/s, best loss: 0.016031224697833975]
 68%|██████▊   | 17/25 [00:08<00:03,  2.06trial/s, best loss: 0.016031224697833975]
 72%|███████▏  | 18/25 [00:08<00:03,  2.04trial/s, best loss: 0.016031224697833975]
 76%|███████▌  | 19/25 [00:09<00:02,  2.06trial/s, best loss: 0.016031224697833975]
 80%|████████  | 20/25 [00:09<00:02,  2.07trial/s, best loss: 0.016031224697833975]
 84%|████████▍ | 21/25 [00:09<00:01,  2.06trial/s, best loss: 0.016031224697833975]
 88%|████████▊ | 22/25 [00:10<00:01,  2.08trial/s, best loss: 0.016031224697833975]
 92%|█████████▏| 23/25 [00:10<00:00,  2.11trial/s, best loss: 0.016031224697833975]
 96%|█████████▌| 24/25 [00:11<00:00,  2.07trial/s, best loss: 0.016031224697833975]
100%|██████████| 25/25 [00:11<00:00,  2.07trial/s, best loss: 0.016031224697833975]
100%|██████████| 25/25 [00:11<00:00,  2.10trial/s, best loss: 0.016031224697833975]

  0%|          | 0/25 [00:00<?, ?trial/s, best loss=?]
  4%|▍         | 1/25 [00:00<00:11,  2.18trial/s, best loss: 0.015495599522086283]
  8%|▊         | 2/25 [00:00<00:10,  2.20trial/s, best loss: 0.015495599522086283]
 12%|█▏        | 3/25 [00:01<00:10,  2.17trial/s, best loss: -0.016778355318549227]
 16%|█▌        | 4/25 [00:01<00:09,  2.15trial/s, best loss: -0.016778355318549227]
 20%|██        | 5/25 [00:02<00:09,  2.17trial/s, best loss: -0.016778355318549227]
 24%|██▍       | 6/25 [00:02<00:08,  2.17trial/s, best loss: -0.016778355318549227]
 28%|██▊       | 7/25 [00:03<00:08,  2.13trial/s, best loss: -0.016778355318549227]
 32%|███▏      | 8/25 [00:03<00:07,  2.13trial/s, best loss: -0.016778355318549227]
 36%|███▌      | 9/25 [00:04<00:07,  2.11trial/s, best loss: -0.016778355318549227]
 40%|████      | 10/25 [00:04<00:07,  2.10trial/s, best loss: -0.016778355318549227]
 44%|████▍     | 11/25 [00:05<00:06,  2.10trial/s, best loss: -0.016778355318549227]
 48%|████▊     | 12/25 [00:05<00:06,  2.09trial/s, best loss: -0.016778355318549227]
 52%|█████▏    | 13/25 [00:06<00:05,  2.10trial/s, best loss: -0.016778355318549227]
 56%|█████▌    | 14/25 [00:06<00:05,  2.10trial/s, best loss: -0.016778355318549227]
 60%|██████    | 15/25 [00:07<00:04,  2.10trial/s, best loss: -0.016778355318549227]
 64%|██████▍   | 16/25 [00:07<00:04,  2.12trial/s, best loss: -0.016778355318549227]
 68%|██████▊   | 17/25 [00:07<00:03,  2.14trial/s, best loss: -0.016778355318549227]
 72%|███████▏  | 18/25 [00:08<00:03,  2.10trial/s, best loss: -0.016778355318549227]
 76%|███████▌  | 19/25 [00:08<00:02,  2.16trial/s, best loss: -0.016778355318549227]
 80%|████████  | 20/25 [00:09<00:02,  2.18trial/s, best loss: -0.016778355318549227]
 84%|████████▍ | 21/25 [00:09<00:01,  2.14trial/s, best loss: -0.016778355318549227]
 88%|████████▊ | 22/25 [00:10<00:01,  2.11trial/s, best loss: -0.016778355318549227]
 92%|█████████▏| 23/25 [00:10<00:00,  2.09trial/s, best loss: -0.016778355318549227]
 96%|█████████▌| 24/25 [00:11<00:00,  2.07trial/s, best loss: -0.016778355318549227]
100%|██████████| 25/25 [00:11<00:00,  2.07trial/s, best loss: -0.016778355318549227]
100%|██████████| 25/25 [00:11<00:00,  2.12trial/s, best loss: -0.016778355318549227]

  0%|          | 0/25 [00:00<?, ?trial/s, best loss=?]
  4%|▍         | 1/25 [00:00<00:11,  2.07trial/s, best loss: 0.1652524207452703]
  8%|▊         | 2/25 [00:00<00:10,  2.11trial/s, best loss: 0.11875964563449418]
 12%|█▏        | 3/25 [00:01<00:10,  2.14trial/s, best loss: 0.11875964563449418]
 16%|█▌        | 4/25 [00:01<00:09,  2.16trial/s, best loss: 0.11875964563449418]
 20%|██        | 5/25 [00:02<00:09,  2.13trial/s, best loss: 0.11875964563449418]
 24%|██▍       | 6/25 [00:02<00:08,  2.12trial/s, best loss: 0.11875964563449418]
 28%|██▊       | 7/25 [00:03<00:08,  2.11trial/s, best loss: 0.05757126313658623]
 32%|███▏      | 8/25 [00:03<00:07,  2.13trial/s, best loss: 0.05757126313658623]
 36%|███▌      | 9/25 [00:04<00:07,  2.13trial/s, best loss: 0.05757126313658623]
 40%|████      | 10/25 [00:04<00:07,  2.11trial/s, best loss: 0.05757126313658623]
 44%|████▍     | 11/25 [00:05<00:06,  2.11trial/s, best loss: 0.05757126313658623]
 48%|████▊     | 12/25 [00:05<00:06,  2.10trial/s, best loss: 0.05757126313658623]
 52%|█████▏    | 13/25 [00:06<00:05,  2.06trial/s, best loss: 0.05757126313658623]
 56%|█████▌    | 14/25 [00:06<00:05,  2.04trial/s, best loss: 0.05757126313658623]
 60%|██████    | 15/25 [00:07<00:04,  2.09trial/s, best loss: 0.05757126313658623]
 64%|██████▍   | 16/25 [00:07<00:04,  2.11trial/s, best loss: 0.05757126313658623]
 68%|██████▊   | 17/25 [00:08<00:03,  2.11trial/s, best loss: 0.05757126313658623]
 72%|███████▏  | 18/25 [00:08<00:03,  2.10trial/s, best loss: 0.05757126313658623]
 76%|███████▌  | 19/25 [00:09<00:02,  2.12trial/s, best loss: 0.05757126313658623]
 80%|████████  | 20/25 [00:09<00:02,  2.08trial/s, best loss: 0.05757126313658623]
 84%|████████▍ | 21/25 [00:10<00:01,  2.07trial/s, best loss: 0.05757126313658623]
 88%|████████▊ | 22/25 [00:10<00:01,  2.12trial/s, best loss: 0.05757126313658623]
 92%|█████████▏| 23/25 [00:10<00:00,  2.11trial/s, best loss: 0.05757126313658623]
 96%|█████████▌| 24/25 [00:11<00:00,  2.10trial/s, best loss: 0.05757126313658623]
100%|██████████| 25/25 [00:11<00:00,  2.11trial/s, best loss: 0.05757126313658623]
100%|██████████| 25/25 [00:11<00:00,  2.11trial/s, best loss: 0.05757126313658623]

  0%|          | 0/25 [00:00<?, ?trial/s, best loss=?]
  4%|▍         | 1/25 [00:00<00:10,  2.28trial/s, best loss: -0.01074119586044054]
  8%|▊         | 2/25 [00:00<00:10,  2.17trial/s, best loss: -0.01074119586044054]
 12%|█▏        | 3/25 [00:01<00:10,  2.18trial/s, best loss: -0.01074119586044054]
 16%|█▌        | 4/25 [00:01<00:09,  2.17trial/s, best loss: -0.01074119586044054]
 20%|██        | 5/25 [00:02<00:09,  2.17trial/s, best loss: -0.01074119586044054]
 24%|██▍       | 6/25 [00:02<00:08,  2.14trial/s, best loss: -0.01074119586044054]
 28%|██▊       | 7/25 [00:03<00:08,  2.15trial/s, best loss: -0.05779699356270574]
 32%|███▏      | 8/25 [00:03<00:07,  2.17trial/s, best loss: -0.05779699356270574]
 36%|███▌      | 9/25 [00:04<00:07,  2.12trial/s, best loss: -0.05779699356270574]
 40%|████      | 10/25 [00:04<00:07,  2.11trial/s, best loss: -0.05779699356270574]
 44%|████▍     | 11/25 [00:05<00:06,  2.13trial/s, best loss: -0.05779699356270574]
 48%|████▊     | 12/25 [00:05<00:06,  2.11trial/s, best loss: -0.05779699356270574]
 52%|█████▏    | 13/25 [00:06<00:05,  2.12trial/s, best loss: -0.05779699356270574]
 56%|█████▌    | 14/25 [00:06<00:05,  2.10trial/s, best loss: -0.05779699356270574]
 60%|██████    | 15/25 [00:07<00:04,  2.14trial/s, best loss: -0.05779699356270574]
 64%|██████▍   | 16/25 [00:07<00:04,  2.12trial/s, best loss: -0.08648998566156416]
 68%|██████▊   | 17/25 [00:07<00:03,  2.13trial/s, best loss: -0.08648998566156416]
 72%|███████▏  | 18/25 [00:08<00:03,  2.15trial/s, best loss: -0.08648998566156416]
 76%|███████▌  | 19/25 [00:08<00:02,  2.10trial/s, best loss: -0.08648998566156416]
 80%|████████  | 20/25 [00:09<00:02,  2.11trial/s, best loss: -0.08648998566156416]
 84%|████████▍ | 21/25 [00:09<00:01,  2.08trial/s, best loss: -0.0899371314615478] 
 88%|████████▊ | 22/25 [00:10<00:01,  2.11trial/s, best loss: -0.0899371314615478]
 92%|█████████▏| 23/25 [00:10<00:00,  2.12trial/s, best loss: -0.0899371314615478]
 96%|█████████▌| 24/25 [00:11<00:00,  2.12trial/s, best loss: -0.0899371314615478]
100%|██████████| 25/25 [00:11<00:00,  2.11trial/s, best loss: -0.0899371314615478]
100%|██████████| 25/25 [00:11<00:00,  2.13trial/s, best loss: -0.0899371314615478]

  0%|          | 0/25 [00:00<?, ?trial/s, best loss=?]
  4%|▍         | 1/25 [00:00<00:11,  2.15trial/s, best loss: 1.0714918021398079]
  8%|▊         | 2/25 [00:00<00:10,  2.12trial/s, best loss: 1.0714918021398079]
 12%|█▏        | 3/25 [00:01<00:10,  2.16trial/s, best loss: 1.0714918021398079]
 16%|█▌        | 4/25 [00:01<00:09,  2.17trial/s, best loss: 1.0714918021398079]
 20%|██        | 5/25 [00:02<00:09,  2.16trial/s, best loss: 1.0657660553570614]
 24%|██▍       | 6/25 [00:02<00:08,  2.13trial/s, best loss: 1.0657660553570614]
 28%|██▊       | 7/25 [00:03<00:08,  2.12trial/s, best loss: 1.0065032345735019]
 32%|███▏      | 8/25 [00:03<00:08,  2.10trial/s, best loss: 1.0065032345735019]
 36%|███▌      | 9/25 [00:04<00:07,  2.09trial/s, best loss: 1.0065032345735019]
 40%|████      | 10/25 [00:04<00:07,  2.13trial/s, best loss: 1.0065032345735019]
 44%|████▍     | 11/25 [00:05<00:06,  2.13trial/s, best loss: 1.0065032345735019]
 48%|████▊     | 12/25 [00:05<00:06,  2.10trial/s, best loss: 1.0065032345735019]
 52%|█████▏    | 13/25 [00:06<00:05,  2.12trial/s, best loss: 1.0065032345735019]
 56%|█████▌    | 14/25 [00:06<00:05,  2.13trial/s, best loss: 1.0065032345735019]
 60%|██████    | 15/25 [00:07<00:04,  2.12trial/s, best loss: 1.0065032345735019]
 64%|██████▍   | 16/25 [00:07<00:04,  2.12trial/s, best loss: 1.0065032345735019]
 68%|██████▊   | 17/25 [00:07<00:03,  2.15trial/s, best loss: 1.0065032345735019]
 72%|███████▏  | 18/25 [00:08<00:03,  2.17trial/s, best loss: 1.0065032345735019]
 76%|███████▌  | 19/25 [00:08<00:02,  2.13trial/s, best loss: 1.0065032345735019]
 80%|████████  | 20/25 [00:09<00:02,  2.09trial/s, best loss: 1.0065032345735019]
 84%|████████▍ | 21/25 [00:09<00:01,  2.08trial/s, best loss: 1.0065032345735019]
 88%|████████▊ | 22/25 [00:10<00:01,  2.11trial/s, best loss: 1.0065032345735019]
 92%|█████████▏| 23/25 [00:10<00:00,  2.11trial/s, best loss: 1.0065032345735019]
 96%|█████████▌| 24/25 [00:11<00:00,  2.10trial/s, best loss: 1.0065032345735019]
100%|██████████| 25/25 [00:11<00:00,  2.12trial/s, best loss: 1.0065032345735019]
100%|██████████| 25/25 [00:11<00:00,  2.12trial/s, best loss: 1.0065032345735019]
D:\quant_system_pro (3)\quant_system_pro\backtest\backtest_pro.py:330: UserWarning: Glyph 39057 (\N{CJK UNIFIED IDEOGRAPH-9891}) missing from font(s) DejaVu Sans.
  buf=io.BytesIO(); plt.tight_layout(); plt.savefig(buf, format="png"); data=base64.b64encode(buf.getvalue()).decode()
D:\quant_system_pro (3)\quant_system_pro\backtest\backtest_pro.py:330: UserWarning: Glyph 25968 (\N{CJK UNIFIED IDEOGRAPH-6570}) missing from font(s) DejaVu Sans.
  buf=io.BytesIO(); plt.tight_layout(); plt.savefig(buf, format="png"); data=base64.b64encode(buf.getvalue()).decode()
D:\quant_system_pro (3)\quant_system_pro\backtest\backtest_pro.py:330: UserWarning: Glyph 20998 (\N{CJK UNIFIED IDEOGRAPH-5206}) missing from font(s) DejaVu Sans.
  buf=io.BytesIO(); plt.tight_layout(); plt.savefig(buf, format="png"); data=base64.b64encode(buf.getvalue()).decode()
D:\quant_system_pro (3)\quant_system_pro\backtest\backtest_pro.py:330: UserWarning: Glyph 24067 (\N{CJK UNIFIED IDEOGRAPH-5E03}) missing from font(s) DejaVu Sans.
  buf=io.BytesIO(); plt.tight_layout(); plt.savefig(buf, format="png"); data=base64.b64encode(buf.getvalue()).decode()
D:\quant_system_pro (3)\quant_system_pro\backtest\backtest_pro.py:330: UserWarning: Glyph 65288 (\N{FULLWIDTH LEFT PARENTHESIS}) missing from font(s) DejaVu Sans.
  buf=io.BytesIO(); plt.tight_layout(); plt.savefig(buf, format="png"); data=base64.b64encode(buf.getvalue()).decode()
D:\quant_system_pro (3)\quant_system_pro\backtest\backtest_pro.py:330: UserWarning: Glyph 36234 (\N{CJK UNIFIED IDEOGRAPH-8D8A}) missing from font(s) DejaVu Sans.
  buf=io.BytesIO(); plt.tight_layout(); plt.savefig(buf, format="png"); data=base64.b64encode(buf.getvalue()).decode()
D:\quant_system_pro (3)\quant_system_pro\backtest\backtest_pro.py:330: UserWarning: Glyph 20302 (\N{CJK UNIFIED IDEOGRAPH-4F4E}) missing from font(s) DejaVu Sans.
  buf=io.BytesIO(); plt.tight_layout(); plt.savefig(buf, format="png"); data=base64.b64encode(buf.getvalue()).decode()
D:\quant_system_pro (3)\quant_system_pro\backtest\backtest_pro.py:330: UserWarning: Glyph 22909 (\N{CJK UNIFIED IDEOGRAPH-597D}) missing from font(s) DejaVu Sans.
  buf=io.BytesIO(); plt.tight_layout(); plt.savefig(buf, format="png"); data=base64.b64encode(buf.getvalue()).decode()
D:\quant_system_pro (3)\quant_system_pro\backtest\backtest_pro.py:330: UserWarning: Glyph 65289 (\N{FULLWIDTH RIGHT PARENTHESIS}) missing from font(s) DejaVu Sans.
  buf=io.BytesIO(); plt.tight_layout(); plt.savefig(buf, format="png"); data=base64.b64encode(buf.getvalue()).decode()
[完成] 最优表: D:\quant_system_pro (3)\quant_system_pro\results\full_throttle\最优组合总表_S档_20250817-032501.csv
[完成] best_combo: data/best_combo.csv
