[A6-SHIM] pandas.DataFrame.to_csv 已安装修订钩子（仅拦截 a6_strategy_scores*）
C:\Users\Administrator\AppData\Local\Programs\Python\Python39\lib\site-packages\hyperopt\atpe.py:19: UserWarning: pkg_resources is deprecated as an API. See https://setuptools.pypa.io/en/latest/pkg_resources.html. The pkg_resources package is slated for removal as early as 2025-11-30. Refrain from using this package or pin to Setuptools<81.
  import pkg_resources
[GPU] Torch 2.6.0+cu124 | CUDA 12.4 | Device NVIDIA GeForce RTX 3060 | available=True
[GPU] XGBoost 1.7.6 (gpu_hist supported)
[GPU] LightGBM available (GPU depends on build)
[回测] 符号数=1 窗口=45天 S档=ON

  0%|          | 0/25 [00:00<?, ?trial/s, best loss=?]
  4%|▍         | 1/25 [00:00<00:16,  1.49trial/s, best loss: 0.411334866377929]
  8%|▊         | 2/25 [00:01<00:15,  1.50trial/s, best loss: 0.411334866377929]
 12%|█▏        | 3/25 [00:01<00:14,  1.53trial/s, best loss: 0.411334866377929]
 16%|█▌        | 4/25 [00:02<00:13,  1.54trial/s, best loss: 0.411334866377929]
 20%|██        | 5/25 [00:03<00:12,  1.54trial/s, best loss: 0.411334866377929]
 24%|██▍       | 6/25 [00:03<00:12,  1.49trial/s, best loss: 0.411334866377929]
 28%|██▊       | 7/25 [00:04<00:13,  1.38trial/s, best loss: 0.411334866377929]
 32%|███▏      | 8/25 [00:05<00:11,  1.42trial/s, best loss: 0.411334866377929]
 36%|███▌      | 9/25 [00:06<00:11,  1.45trial/s, best loss: 0.411334866377929]
 40%|████      | 10/25 [00:06<00:10,  1.47trial/s, best loss: 0.411334866377929]
 44%|████▍     | 11/25 [00:07<00:09,  1.49trial/s, best loss: 0.411334866377929]
 48%|████▊     | 12/25 [00:08<00:08,  1.52trial/s, best loss: 0.411334866377929]
 52%|█████▏    | 13/25 [00:08<00:07,  1.53trial/s, best loss: 0.411334866377929]
 56%|█████▌    | 14/25 [00:09<00:07,  1.51trial/s, best loss: 0.411334866377929]
 60%|██████    | 15/25 [00:10<00:07,  1.42trial/s, best loss: 0.411334866377929]
 64%|██████▍   | 16/25 [00:10<00:06,  1.46trial/s, best loss: 0.3734110165590831]
 68%|██████▊   | 17/25 [00:11<00:05,  1.44trial/s, best loss: 0.3734110165590831]
 72%|███████▏  | 18/25 [00:12<00:04,  1.48trial/s, best loss: 0.3734110165590831]
 76%|███████▌  | 19/25 [00:12<00:04,  1.49trial/s, best loss: 0.3734110165590831]
 80%|████████  | 20/25 [00:13<00:03,  1.53trial/s, best loss: 0.3734110165590831]
 84%|████████▍ | 21/25 [00:14<00:02,  1.56trial/s, best loss: 0.3306188664984838]
 88%|████████▊ | 22/25 [00:14<00:01,  1.56trial/s, best loss: 0.3306188664984838]
 92%|█████████▏| 23/25 [00:15<00:01,  1.56trial/s, best loss: 0.3306188664984838]
 96%|█████████▌| 24/25 [00:15<00:00,  1.55trial/s, best loss: 0.3306188664984838]
100%|██████████| 25/25 [00:16<00:00,  1.56trial/s, best loss: 0.3306188664984838]
100%|██████████| 25/25 [00:16<00:00,  1.50trial/s, best loss: 0.3306188664984838]

  0%|          | 0/25 [00:00<?, ?trial/s, best loss=?]
  4%|▍         | 1/25 [00:00<00:12,  1.89trial/s, best loss: 0.12422430280027293]
  8%|▊         | 2/25 [00:01<00:12,  1.85trial/s, best loss: 0.12422430280027293]
 12%|█▏        | 3/25 [00:01<00:12,  1.75trial/s, best loss: 0.12422430280027293]
 16%|█▌        | 4/25 [00:02<00:12,  1.75trial/s, best loss: 0.12422430280027293]
 20%|██        | 5/25 [00:02<00:11,  1.78trial/s, best loss: 0.12422430280027293]
 24%|██▍       | 6/25 [00:03<00:10,  1.81trial/s, best loss: 0.12422430280027293]
 28%|██▊       | 7/25 [00:03<00:09,  1.82trial/s, best loss: 0.12422430280027293]
 32%|███▏      | 8/25 [00:04<00:09,  1.82trial/s, best loss: 0.12422430280027293]
 36%|███▌      | 9/25 [00:04<00:08,  1.82trial/s, best loss: 0.12422430280027293]
 40%|████      | 10/25 [00:05<00:08,  1.83trial/s, best loss: 0.12422430280027293]
 44%|████▍     | 11/25 [00:06<00:07,  1.85trial/s, best loss: 0.12422430280027293]
 48%|████▊     | 12/25 [00:06<00:07,  1.84trial/s, best loss: 0.11748681947149434]
 52%|█████▏    | 13/25 [00:07<00:06,  1.79trial/s, best loss: 0.11748681947149434]
 56%|█████▌    | 14/25 [00:07<00:05,  1.83trial/s, best loss: 0.11748681947149434]
 60%|██████    | 15/25 [00:08<00:05,  1.84trial/s, best loss: 0.11748681947149434]
 64%|██████▍   | 16/25 [00:08<00:04,  1.83trial/s, best loss: 0.1060802852018781] 
 68%|██████▊   | 17/25 [00:09<00:04,  1.85trial/s, best loss: 0.1060802852018781]
 72%|███████▏  | 18/25 [00:09<00:03,  1.87trial/s, best loss: 0.1060802852018781]
 76%|███████▌  | 19/25 [00:10<00:03,  1.86trial/s, best loss: 0.1060802852018781]
 80%|████████  | 20/25 [00:10<00:02,  1.88trial/s, best loss: 0.1060802852018781]
 84%|████████▍ | 21/25 [00:11<00:02,  1.88trial/s, best loss: 0.0971048941408008]
 88%|████████▊ | 22/25 [00:11<00:01,  1.87trial/s, best loss: 0.0971048941408008]
 92%|█████████▏| 23/25 [00:12<00:01,  1.82trial/s, best loss: 0.0971048941408008]
 96%|█████████▌| 24/25 [00:13<00:00,  1.84trial/s, best loss: 0.0971048941408008]
100%|██████████| 25/25 [00:13<00:00,  1.85trial/s, best loss: 0.0971048941408008]
100%|██████████| 25/25 [00:13<00:00,  1.83trial/s, best loss: 0.0971048941408008]

  0%|          | 0/25 [00:00<?, ?trial/s, best loss=?]
  4%|▍         | 1/25 [00:00<00:12,  1.99trial/s, best loss: 0.0568182272399078]
  8%|▊         | 2/25 [00:01<00:11,  1.98trial/s, best loss: 0.0568182272399078]
 12%|█▏        | 3/25 [00:01<00:11,  1.99trial/s, best loss: 0.0568182272399078]
 16%|█▌        | 4/25 [00:02<00:10,  1.94trial/s, best loss: 0.0568182272399078]
 20%|██        | 5/25 [00:02<00:10,  1.93trial/s, best loss: 0.0568182272399078]
 24%|██▍       | 6/25 [00:03<00:09,  1.98trial/s, best loss: 0.0568182272399078]
 28%|██▊       | 7/25 [00:03<00:09,  1.95trial/s, best loss: 0.0568182272399078]
 32%|███▏      | 8/25 [00:04<00:08,  1.94trial/s, best loss: 0.0568182272399078]
 36%|███▌      | 9/25 [00:04<00:08,  1.93trial/s, best loss: 0.0568182272399078]
 40%|████      | 10/25 [00:05<00:07,  1.97trial/s, best loss: 0.0568182272399078]
 44%|████▍     | 11/25 [00:05<00:07,  1.97trial/s, best loss: 0.0568182272399078]
 48%|████▊     | 12/25 [00:06<00:06,  1.98trial/s, best loss: 0.0568182272399078]
 52%|█████▏    | 13/25 [00:06<00:06,  2.00trial/s, best loss: 0.0568182272399078]
 56%|█████▌    | 14/25 [00:07<00:05,  1.96trial/s, best loss: 0.0568182272399078]
 60%|██████    | 15/25 [00:07<00:05,  1.99trial/s, best loss: 0.0568182272399078]
 64%|██████▍   | 16/25 [00:08<00:04,  1.98trial/s, best loss: 0.050470700621641836]
 68%|██████▊   | 17/25 [00:08<00:03,  2.00trial/s, best loss: 0.050470700621641836]
 72%|███████▏  | 18/25 [00:09<00:03,  1.94trial/s, best loss: 0.050470700621641836]
 76%|███████▌  | 19/25 [00:09<00:03,  1.95trial/s, best loss: 0.050470700621641836]
 80%|████████  | 20/25 [00:10<00:02,  1.97trial/s, best loss: 0.050470700621641836]
 84%|████████▍ | 21/25 [00:10<00:02,  1.99trial/s, best loss: 0.050470700621641836]
 88%|████████▊ | 22/25 [00:11<00:01,  2.00trial/s, best loss: 0.050470700621641836]
 92%|█████████▏| 23/25 [00:11<00:00,  2.01trial/s, best loss: 0.050470700621641836]
 96%|█████████▌| 24/25 [00:12<00:00,  1.99trial/s, best loss: 0.050470700621641836]
100%|██████████| 25/25 [00:12<00:00,  2.01trial/s, best loss: 0.050470700621641836]
100%|██████████| 25/25 [00:12<00:00,  1.98trial/s, best loss: 0.050470700621641836]

  0%|          | 0/25 [00:00<?, ?trial/s, best loss=?]
  4%|▍         | 1/25 [00:00<00:11,  2.00trial/s, best loss: 0.1338603562860433]
  8%|▊         | 2/25 [00:00<00:11,  2.04trial/s, best loss: 0.06958838343292956]
 12%|█▏        | 3/25 [00:01<00:10,  2.01trial/s, best loss: 0.06958838343292956]
 16%|█▌        | 4/25 [00:01<00:10,  2.02trial/s, best loss: 0.06958838343292956]
 20%|██        | 5/25 [00:02<00:09,  2.02trial/s, best loss: 0.06607950358463421]
 24%|██▍       | 6/25 [00:02<00:09,  2.04trial/s, best loss: 0.06607950358463421]
 28%|██▊       | 7/25 [00:03<00:08,  2.01trial/s, best loss: 0.06607950358463421]
 32%|███▏      | 8/25 [00:03<00:08,  2.04trial/s, best loss: 0.06607950358463421]
 36%|███▌      | 9/25 [00:04<00:07,  2.06trial/s, best loss: 0.06607950358463421]
 40%|████      | 10/25 [00:04<00:07,  2.04trial/s, best loss: 0.06607950358463421]
 44%|████▍     | 11/25 [00:05<00:06,  2.04trial/s, best loss: 0.06607950358463421]
 48%|████▊     | 12/25 [00:05<00:06,  2.03trial/s, best loss: 0.06607950358463421]
 52%|█████▏    | 13/25 [00:06<00:05,  2.06trial/s, best loss: 0.06607950358463421]
 56%|█████▌    | 14/25 [00:06<00:05,  2.07trial/s, best loss: 0.06607950358463421]
 60%|██████    | 15/25 [00:07<00:04,  2.06trial/s, best loss: 0.06607950358463421]
 64%|██████▍   | 16/25 [00:07<00:04,  2.04trial/s, best loss: 0.06607950358463421]
 68%|██████▊   | 17/25 [00:08<00:03,  2.09trial/s, best loss: 0.06607950358463421]
 72%|███████▏  | 18/25 [00:08<00:03,  2.07trial/s, best loss: 0.06607950358463421]
 76%|███████▌  | 19/25 [00:09<00:02,  2.05trial/s, best loss: 0.06607950358463421]
 80%|████████  | 20/25 [00:09<00:02,  2.06trial/s, best loss: 0.060754519778779374]
 84%|████████▍ | 21/25 [00:10<00:01,  2.04trial/s, best loss: 0.060754519778779374]
 88%|████████▊ | 22/25 [00:10<00:01,  2.00trial/s, best loss: 0.044815398932217664]
 92%|█████████▏| 23/25 [00:11<00:00,  2.03trial/s, best loss: 0.044815398932217664]
 96%|█████████▌| 24/25 [00:11<00:00,  2.07trial/s, best loss: 0.044815398932217664]
100%|██████████| 25/25 [00:12<00:00,  2.10trial/s, best loss: 0.044815398932217664]
100%|██████████| 25/25 [00:12<00:00,  2.05trial/s, best loss: 0.044815398932217664]

  0%|          | 0/25 [00:00<?, ?trial/s, best loss=?]
  4%|▍         | 1/25 [00:00<00:11,  2.15trial/s, best loss: 0.09499666783058291]
  8%|▊         | 2/25 [00:00<00:10,  2.13trial/s, best loss: 0.09499666783058291]
 12%|█▏        | 3/25 [00:01<00:10,  2.09trial/s, best loss: 0.09499666783058291]
 16%|█▌        | 4/25 [00:01<00:09,  2.10trial/s, best loss: 0.09499666783058291]
 20%|██        | 5/25 [00:02<00:09,  2.08trial/s, best loss: 0.09499666783058291]
 24%|██▍       | 6/25 [00:02<00:09,  2.06trial/s, best loss: 0.09499666783058291]
 28%|██▊       | 7/25 [00:03<00:08,  2.09trial/s, best loss: 0.09499666783058291]
 32%|███▏      | 8/25 [00:03<00:08,  2.11trial/s, best loss: 0.09499666783058291]
 36%|███▌      | 9/25 [00:04<00:07,  2.13trial/s, best loss: 0.09499666783058291]
 40%|████      | 10/25 [00:04<00:07,  2.14trial/s, best loss: 0.09499666783058291]
 44%|████▍     | 11/25 [00:05<00:06,  2.08trial/s, best loss: 0.09499666783058291]
 48%|████▊     | 12/25 [00:05<00:06,  2.09trial/s, best loss: 0.09499666783058291]
 52%|█████▏    | 13/25 [00:06<00:05,  2.06trial/s, best loss: 0.09499666783058291]
 56%|█████▌    | 14/25 [00:06<00:05,  2.05trial/s, best loss: 0.09499666783058291]
 60%|██████    | 15/25 [00:07<00:04,  2.07trial/s, best loss: 0.09499666783058291]
 64%|██████▍   | 16/25 [00:07<00:04,  2.09trial/s, best loss: 0.08869454186274348]
 68%|██████▊   | 17/25 [00:08<00:03,  2.06trial/s, best loss: 0.08869454186274348]
 72%|███████▏  | 18/25 [00:08<00:03,  2.12trial/s, best loss: 0.08869454186274348]
 76%|███████▌  | 19/25 [00:09<00:02,  2.12trial/s, best loss: 0.08869454186274348]
 80%|████████  | 20/25 [00:09<00:02,  2.09trial/s, best loss: 0.08869454186274348]
 84%|████████▍ | 21/25 [00:10<00:01,  2.11trial/s, best loss: 0.08869454186274348]
 88%|████████▊ | 22/25 [00:10<00:01,  2.13trial/s, best loss: 0.08869454186274348]
 92%|█████████▏| 23/25 [00:10<00:00,  2.11trial/s, best loss: 0.08869454186274348]
 96%|█████████▌| 24/25 [00:11<00:00,  2.10trial/s, best loss: 0.08869454186274348]
100%|██████████| 25/25 [00:11<00:00,  2.06trial/s, best loss: 0.08869454186274348]
100%|██████████| 25/25 [00:11<00:00,  2.09trial/s, best loss: 0.08869454186274348]

  0%|          | 0/25 [00:00<?, ?trial/s, best loss=?]
  4%|▍         | 1/25 [00:00<00:11,  2.04trial/s, best loss: 1.0679771004081196]
  8%|▊         | 2/25 [00:00<00:10,  2.11trial/s, best loss: 1.0679771004081196]
 12%|█▏        | 3/25 [00:01<00:10,  2.07trial/s, best loss: 1.0679771004081196]
 16%|█▌        | 4/25 [00:01<00:10,  2.01trial/s, best loss: 1.0679771004081196]
 20%|██        | 5/25 [00:02<00:09,  2.04trial/s, best loss: 1.0679771004081196]
 24%|██▍       | 6/25 [00:02<00:09,  2.07trial/s, best loss: 1.0679771004081196]
 28%|██▊       | 7/25 [00:03<00:08,  2.07trial/s, best loss: 1.0511297256804122]
 32%|███▏      | 8/25 [00:03<00:08,  1.97trial/s, best loss: 1.0511297256804122]
 36%|███▌      | 9/25 [00:04<00:07,  2.01trial/s, best loss: 1.0511297256804122]
 40%|████      | 10/25 [00:04<00:07,  2.03trial/s, best loss: 1.0511297256804122]
 44%|████▍     | 11/25 [00:05<00:06,  2.06trial/s, best loss: 1.0511297256804122]
 48%|████▊     | 12/25 [00:05<00:06,  2.12trial/s, best loss: 1.0511297256804122]
 52%|█████▏    | 13/25 [00:06<00:05,  2.11trial/s, best loss: 1.0511297256804122]
 56%|█████▌    | 14/25 [00:06<00:05,  2.12trial/s, best loss: 1.0511297256804122]
 60%|██████    | 15/25 [00:07<00:04,  2.12trial/s, best loss: 1.0511297256804122]
 64%|██████▍   | 16/25 [00:07<00:04,  2.06trial/s, best loss: 1.0511297256804122]
 68%|██████▊   | 17/25 [00:08<00:03,  2.09trial/s, best loss: 1.0511297256804122]
 72%|███████▏  | 18/25 [00:08<00:03,  2.11trial/s, best loss: 1.0511297256804122]
 76%|███████▌  | 19/25 [00:09<00:02,  2.09trial/s, best loss: 1.0511297256804122]
 80%|████████  | 20/25 [00:09<00:02,  2.09trial/s, best loss: 1.0511297256804122]
 84%|████████▍ | 21/25 [00:10<00:01,  2.07trial/s, best loss: 1.0511297256804122]
 88%|████████▊ | 22/25 [00:10<00:01,  2.06trial/s, best loss: 1.0511297256804122]
 92%|█████████▏| 23/25 [00:11<00:00,  2.05trial/s, best loss: 0.9169657893868243]
 96%|█████████▌| 24/25 [00:11<00:00,  2.03trial/s, best loss: 0.9169657893868243]
100%|██████████| 25/25 [00:12<00:00,  2.07trial/s, best loss: 0.9169657893868243]
100%|██████████| 25/25 [00:12<00:00,  2.07trial/s, best loss: 0.9169657893868243]
D:\quant_system_pro (3)\quant_system_pro\backtest\backtest_pro.py:330: UserWarning: Glyph 39057 (\N{CJK UNIFIED IDEOGRAPH-9891}) missing from font(s) DejaVu Sans.
  buf=io.BytesIO(); plt.tight_layout(); plt.savefig(buf, format="png"); data=base64.b64encode(buf.getvalue()).decode()
D:\quant_system_pro (3)\quant_system_pro\backtest\backtest_pro.py:330: UserWarning: Glyph 25968 (\N{CJK UNIFIED IDEOGRAPH-6570}) missing from font(s) DejaVu Sans.
  buf=io.BytesIO(); plt.tight_layout(); plt.savefig(buf, format="png"); data=base64.b64encode(buf.getvalue()).decode()
D:\quant_system_pro (3)\quant_system_pro\backtest\backtest_pro.py:330: UserWarning: Glyph 20998 (\N{CJK UNIFIED IDEOGRAPH-5206}) missing from font(s) DejaVu Sans.
  buf=io.BytesIO(); plt.tight_layout(); plt.savefig(buf, format="png"); data=base64.b64encode(buf.getvalue()).decode()
D:\quant_system_pro (3)\quant_system_pro\backtest\backtest_pro.py:330: UserWarning: Glyph 24067 (\N{CJK UNIFIED IDEOGRAPH-5E03}) missing from font(s) DejaVu Sans.
  buf=io.BytesIO(); plt.tight_layout(); plt.savefig(buf, format="png"); data=base64.b64encode(buf.getvalue()).decode()
D:\quant_system_pro (3)\quant_system_pro\backtest\backtest_pro.py:330: UserWarning: Glyph 65288 (\N{FULLWIDTH LEFT PARENTHESIS}) missing from font(s) DejaVu Sans.
  buf=io.BytesIO(); plt.tight_layout(); plt.savefig(buf, format="png"); data=base64.b64encode(buf.getvalue()).decode()
D:\quant_system_pro (3)\quant_system_pro\backtest\backtest_pro.py:330: UserWarning: Glyph 36234 (\N{CJK UNIFIED IDEOGRAPH-8D8A}) missing from font(s) DejaVu Sans.
  buf=io.BytesIO(); plt.tight_layout(); plt.savefig(buf, format="png"); data=base64.b64encode(buf.getvalue()).decode()
D:\quant_system_pro (3)\quant_system_pro\backtest\backtest_pro.py:330: UserWarning: Glyph 20302 (\N{CJK UNIFIED IDEOGRAPH-4F4E}) missing from font(s) DejaVu Sans.
  buf=io.BytesIO(); plt.tight_layout(); plt.savefig(buf, format="png"); data=base64.b64encode(buf.getvalue()).decode()
D:\quant_system_pro (3)\quant_system_pro\backtest\backtest_pro.py:330: UserWarning: Glyph 22909 (\N{CJK UNIFIED IDEOGRAPH-597D}) missing from font(s) DejaVu Sans.
  buf=io.BytesIO(); plt.tight_layout(); plt.savefig(buf, format="png"); data=base64.b64encode(buf.getvalue()).decode()
D:\quant_system_pro (3)\quant_system_pro\backtest\backtest_pro.py:330: UserWarning: Glyph 65289 (\N{FULLWIDTH RIGHT PARENTHESIS}) missing from font(s) DejaVu Sans.
  buf=io.BytesIO(); plt.tight_layout(); plt.savefig(buf, format="png"); data=base64.b64encode(buf.getvalue()).decode()
[完成] 最优表: D:\quant_system_pro (3)\quant_system_pro\results\full_throttle\最优组合总表_S档_20250817-032515.csv
[完成] best_combo: data/best_combo.csv
