[A6-SHIM] pandas.DataFrame.to_csv 已安装修订钩子（仅拦截 a6_strategy_scores*）
C:\Users\Administrator\AppData\Local\Programs\Python\Python39\lib\site-packages\hyperopt\atpe.py:19: UserWarning: pkg_resources is deprecated as an API. See https://setuptools.pypa.io/en/latest/pkg_resources.html. The pkg_resources package is slated for removal as early as 2025-11-30. Refrain from using this package or pin to Setuptools<81.
  import pkg_resources
[GPU] Torch 2.6.0+cu124 | CUDA 12.4 | Device NVIDIA GeForce RTX 3060 | available=True
[GPU] XGBoost 1.7.6 (gpu_hist supported)
[GPU] LightGBM available (GPU depends on build)
[回测] 符号数=1 窗口=45天 S档=ON

  0%|          | 0/25 [00:00<?, ?trial/s, best loss=?]
  4%|▍         | 1/25 [00:00<00:11,  2.07trial/s, best loss: 0.47953514616260384]
  8%|▊         | 2/25 [00:00<00:10,  2.14trial/s, best loss: 0.47953514616260384]
 12%|█▏        | 3/25 [00:01<00:10,  2.09trial/s, best loss: 0.47953514616260384]
 16%|█▌        | 4/25 [00:01<00:09,  2.14trial/s, best loss: 0.47953514616260384]
 20%|██        | 5/25 [00:02<00:09,  2.13trial/s, best loss: 0.47953514616260384]
 24%|██▍       | 6/25 [00:02<00:08,  2.15trial/s, best loss: 0.47953514616260384]
 28%|██▊       | 7/25 [00:03<00:08,  2.08trial/s, best loss: 0.19740448707027441]
 32%|███▏      | 8/25 [00:03<00:08,  2.04trial/s, best loss: 0.19740448707027441]
 36%|███▌      | 9/25 [00:04<00:07,  2.03trial/s, best loss: 0.19740448707027441]
 40%|████      | 10/25 [00:04<00:07,  2.04trial/s, best loss: 0.19740448707027441]
 44%|████▍     | 11/25 [00:05<00:07,  1.96trial/s, best loss: 0.19740448707027441]
 48%|████▊     | 12/25 [00:05<00:06,  2.01trial/s, best loss: 0.19740448707027441]
 52%|█████▏    | 13/25 [00:06<00:05,  2.02trial/s, best loss: 0.19740448707027441]
 56%|█████▌    | 14/25 [00:06<00:05,  2.06trial/s, best loss: 0.19740448707027441]
 60%|██████    | 15/25 [00:07<00:04,  2.09trial/s, best loss: 0.19740448707027441]
 64%|██████▍   | 16/25 [00:07<00:04,  2.11trial/s, best loss: 0.19680537626291283]
 68%|██████▊   | 17/25 [00:08<00:03,  2.09trial/s, best loss: 0.19680537626291283]
 72%|███████▏  | 18/25 [00:08<00:03,  2.11trial/s, best loss: 0.19680537626291283]
 76%|███████▌  | 19/25 [00:09<00:02,  2.01trial/s, best loss: 0.19680537626291283]
 80%|████████  | 20/25 [00:09<00:02,  2.03trial/s, best loss: 0.19680537626291283]
 84%|████████▍ | 21/25 [00:10<00:01,  2.02trial/s, best loss: 0.19680537626291283]
 88%|████████▊ | 22/25 [00:10<00:01,  2.01trial/s, best loss: 0.19680537626291283]
 92%|█████████▏| 23/25 [00:11<00:00,  2.02trial/s, best loss: 0.1852939660513806] 
 96%|█████████▌| 24/25 [00:11<00:00,  2.05trial/s, best loss: 0.1852939660513806]
100%|██████████| 25/25 [00:12<00:00,  2.05trial/s, best loss: 0.1852939660513806]
100%|██████████| 25/25 [00:12<00:00,  2.06trial/s, best loss: 0.1852939660513806]

  0%|          | 0/25 [00:00<?, ?trial/s, best loss=?]
  4%|▍         | 1/25 [00:00<00:11,  2.14trial/s, best loss: 0.27621791177888955]
  8%|▊         | 2/25 [00:00<00:11,  2.08trial/s, best loss: 0.27621791177888955]
 12%|█▏        | 3/25 [00:01<00:10,  2.10trial/s, best loss: 0.27621791177888955]
 16%|█▌        | 4/25 [00:01<00:09,  2.13trial/s, best loss: 0.27621791177888955]
 20%|██        | 5/25 [00:02<00:09,  2.14trial/s, best loss: 0.27621791177888955]
 24%|██▍       | 6/25 [00:02<00:09,  2.11trial/s, best loss: 0.27621791177888955]
 28%|██▊       | 7/25 [00:03<00:08,  2.10trial/s, best loss: 0.13803190437763257]
 32%|███▏      | 8/25 [00:03<00:08,  2.07trial/s, best loss: 0.13803190437763257]
 36%|███▌      | 9/25 [00:04<00:07,  2.06trial/s, best loss: 0.13803190437763257]
 40%|████      | 10/25 [00:04<00:07,  2.09trial/s, best loss: 0.13803190437763257]
 44%|████▍     | 11/25 [00:05<00:06,  2.12trial/s, best loss: 0.13803190437763257]
 48%|████▊     | 12/25 [00:05<00:06,  2.13trial/s, best loss: 0.13803190437763257]
 52%|█████▏    | 13/25 [00:06<00:05,  2.09trial/s, best loss: 0.13803190437763257]
 56%|█████▌    | 14/25 [00:06<00:05,  2.12trial/s, best loss: 0.13803190437763257]
 60%|██████    | 15/25 [00:07<00:04,  2.13trial/s, best loss: 0.13803190437763257]
 64%|██████▍   | 16/25 [00:07<00:04,  2.12trial/s, best loss: 0.10590815089485314]
 68%|██████▊   | 17/25 [00:08<00:03,  2.11trial/s, best loss: 0.10590815089485314]
 72%|███████▏  | 18/25 [00:08<00:03,  2.10trial/s, best loss: 0.10590815089485314]
 76%|███████▌  | 19/25 [00:09<00:02,  2.06trial/s, best loss: 0.10590815089485314]
 80%|████████  | 20/25 [00:09<00:02,  2.07trial/s, best loss: 0.10590815089485314]
 84%|████████▍ | 21/25 [00:10<00:01,  2.05trial/s, best loss: 0.10590815089485314]
 88%|████████▊ | 22/25 [00:10<00:01,  2.06trial/s, best loss: 0.10590815089485314]
 92%|█████████▏| 23/25 [00:10<00:00,  2.08trial/s, best loss: 0.10590815089485314]
 96%|█████████▌| 24/25 [00:11<00:00,  2.10trial/s, best loss: 0.10590815089485314]
100%|██████████| 25/25 [00:11<00:00,  2.07trial/s, best loss: 0.10590815089485314]
100%|██████████| 25/25 [00:11<00:00,  2.09trial/s, best loss: 0.10590815089485314]

  0%|          | 0/25 [00:00<?, ?trial/s, best loss=?]
  4%|▍         | 1/25 [00:00<00:11,  2.11trial/s, best loss: 0.18059902007478193]
  8%|▊         | 2/25 [00:00<00:10,  2.12trial/s, best loss: 0.18059902007478193]
 12%|█▏        | 3/25 [00:01<00:10,  2.05trial/s, best loss: 0.18059902007478193]
 16%|█▌        | 4/25 [00:01<00:10,  2.08trial/s, best loss: 0.18059902007478193]
 20%|██        | 5/25 [00:02<00:09,  2.09trial/s, best loss: 0.18059902007478193]
 24%|██▍       | 6/25 [00:02<00:08,  2.14trial/s, best loss: 0.18059902007478193]
 28%|██▊       | 7/25 [00:03<00:08,  2.10trial/s, best loss: 0.15358634534457463]
 32%|███▏      | 8/25 [00:03<00:08,  2.11trial/s, best loss: 0.15358634534457463]
 36%|███▌      | 9/25 [00:04<00:07,  2.08trial/s, best loss: 0.13680627985898938]
 40%|████      | 10/25 [00:04<00:07,  2.09trial/s, best loss: 0.13680627985898938]
 44%|████▍     | 11/25 [00:05<00:06,  2.09trial/s, best loss: 0.13680627985898938]
 48%|████▊     | 12/25 [00:05<00:06,  2.09trial/s, best loss: 0.13680627985898938]
 52%|█████▏    | 13/25 [00:06<00:05,  2.09trial/s, best loss: 0.13680627985898938]
 56%|█████▌    | 14/25 [00:06<00:05,  2.08trial/s, best loss: 0.13680627985898938]
 60%|██████    | 15/25 [00:07<00:04,  2.05trial/s, best loss: 0.13680627985898938]
 64%|██████▍   | 16/25 [00:07<00:04,  2.07trial/s, best loss: 0.13680627985898938]
 68%|██████▊   | 17/25 [00:08<00:03,  2.09trial/s, best loss: 0.13680627985898938]
 72%|███████▏  | 18/25 [00:08<00:03,  2.10trial/s, best loss: 0.13680627985898938]
 76%|███████▌  | 19/25 [00:09<00:02,  2.09trial/s, best loss: 0.13680627985898938]
 80%|████████  | 20/25 [00:09<00:02,  2.11trial/s, best loss: 0.13177787517653863]
 84%|████████▍ | 21/25 [00:10<00:01,  2.10trial/s, best loss: 0.13177787517653863]
 88%|████████▊ | 22/25 [00:10<00:01,  2.12trial/s, best loss: 0.13177787517653863]
 92%|█████████▏| 23/25 [00:10<00:00,  2.11trial/s, best loss: 0.13177787517653863]
 96%|█████████▌| 24/25 [00:11<00:00,  2.10trial/s, best loss: 0.13177787517653863]
100%|██████████| 25/25 [00:11<00:00,  2.12trial/s, best loss: 0.13177787517653863]
100%|██████████| 25/25 [00:11<00:00,  2.10trial/s, best loss: 0.13177787517653863]

  0%|          | 0/25 [00:00<?, ?trial/s, best loss=?]
  4%|▍         | 1/25 [00:00<00:11,  2.07trial/s, best loss: 0.08657269558838107]
  8%|▊         | 2/25 [00:00<00:10,  2.12trial/s, best loss: 0.08657269558838107]
 12%|█▏        | 3/25 [00:01<00:10,  2.10trial/s, best loss: 0.08657269558838107]
 16%|█▌        | 4/25 [00:01<00:09,  2.11trial/s, best loss: 0.08657269558838107]
 20%|██        | 5/25 [00:02<00:09,  2.13trial/s, best loss: 0.08657269558838107]
 24%|██▍       | 6/25 [00:02<00:08,  2.12trial/s, best loss: 0.03703704435748295]
 28%|██▊       | 7/25 [00:03<00:08,  2.11trial/s, best loss: 0.03703704435748295]
 32%|███▏      | 8/25 [00:03<00:07,  2.16trial/s, best loss: 0.03703704435748295]
 36%|███▌      | 9/25 [00:04<00:07,  2.12trial/s, best loss: 0.03703704435748295]
 40%|████      | 10/25 [00:04<00:06,  2.15trial/s, best loss: 0.03703704435748295]
 44%|████▍     | 11/25 [00:05<00:06,  2.13trial/s, best loss: 0.03703704435748295]
 48%|████▊     | 12/25 [00:05<00:06,  2.13trial/s, best loss: 0.03703704435748295]
 52%|█████▏    | 13/25 [00:06<00:05,  2.13trial/s, best loss: 0.03703704435748295]
 56%|█████▌    | 14/25 [00:06<00:05,  2.11trial/s, best loss: 0.03703704435748295]
 60%|██████    | 15/25 [00:07<00:04,  2.10trial/s, best loss: 0.03703704435748295]
 64%|██████▍   | 16/25 [00:07<00:04,  2.12trial/s, best loss: 0.03703704435748295]
 68%|██████▊   | 17/25 [00:08<00:03,  2.14trial/s, best loss: 0.03703704435748295]
 72%|███████▏  | 18/25 [00:08<00:03,  2.12trial/s, best loss: 0.03703704435748295]
 76%|███████▌  | 19/25 [00:08<00:02,  2.14trial/s, best loss: 0.03703704435748295]
 80%|████████  | 20/25 [00:09<00:02,  2.14trial/s, best loss: 0.03703704435748295]
 84%|████████▍ | 21/25 [00:09<00:01,  2.13trial/s, best loss: 0.03703704435748295]
 88%|████████▊ | 22/25 [00:10<00:01,  2.11trial/s, best loss: 0.03703704435748295]
 92%|█████████▏| 23/25 [00:10<00:00,  2.10trial/s, best loss: 0.03703704435748295]
 96%|█████████▌| 24/25 [00:11<00:00,  2.11trial/s, best loss: -0.0060815650442706155]
100%|██████████| 25/25 [00:11<00:00,  2.11trial/s, best loss: -0.0060815650442706155]
100%|██████████| 25/25 [00:11<00:00,  2.12trial/s, best loss: -0.0060815650442706155]

  0%|          | 0/25 [00:00<?, ?trial/s, best loss=?]
  4%|▍         | 1/25 [00:00<00:10,  2.20trial/s, best loss: -0.07098438422136602]
  8%|▊         | 2/25 [00:00<00:10,  2.18trial/s, best loss: -0.0784027389681015] 
 12%|█▏        | 3/25 [00:01<00:10,  2.18trial/s, best loss: -0.12843477605450118]
 16%|█▌        | 4/25 [00:01<00:09,  2.17trial/s, best loss: -0.12843477605450118]
 20%|██        | 5/25 [00:02<00:09,  2.12trial/s, best loss: -0.12843477605450118]
 24%|██▍       | 6/25 [00:02<00:08,  2.14trial/s, best loss: -0.12843477605450118]
 28%|██▊       | 7/25 [00:03<00:08,  2.17trial/s, best loss: -0.12843477605450118]
 32%|███▏      | 8/25 [00:03<00:07,  2.17trial/s, best loss: -0.12843477605450118]
 36%|███▌      | 9/25 [00:04<00:07,  2.15trial/s, best loss: -0.12843477605450118]
 40%|████      | 10/25 [00:04<00:07,  2.13trial/s, best loss: -0.12843477605450118]
 44%|████▍     | 11/25 [00:05<00:06,  2.12trial/s, best loss: -0.17696961665346667]
 48%|████▊     | 12/25 [00:05<00:06,  2.13trial/s, best loss: -0.17696961665346667]
 52%|█████▏    | 13/25 [00:07<00:09,  1.27trial/s, best loss: -0.17696961665346667]
 56%|█████▌    | 14/25 [00:07<00:07,  1.46trial/s, best loss: -0.17696961665346667]
 60%|██████    | 15/25 [00:08<00:06,  1.60trial/s, best loss: -0.17696961665346667]
 64%|██████▍   | 16/25 [00:08<00:05,  1.75trial/s, best loss: -0.17696961665346667]
 68%|██████▊   | 17/25 [00:08<00:04,  1.85trial/s, best loss: -0.17696961665346667]
 72%|███████▏  | 18/25 [00:09<00:03,  1.93trial/s, best loss: -0.17696961665346667]
 76%|███████▌  | 19/25 [00:09<00:03,  1.96trial/s, best loss: -0.17696961665346667]
 80%|████████  | 20/25 [00:10<00:02,  2.00trial/s, best loss: -0.17696961665346667]
 84%|████████▍ | 21/25 [00:10<00:01,  2.02trial/s, best loss: -0.17696961665346667]
 88%|████████▊ | 22/25 [00:11<00:01,  2.03trial/s, best loss: -0.24785101474588275]
 92%|█████████▏| 23/25 [00:11<00:00,  2.05trial/s, best loss: -0.24785101474588275]
 96%|█████████▌| 24/25 [00:12<00:00,  2.06trial/s, best loss: -0.24785101474588275]
100%|██████████| 25/25 [00:12<00:00,  2.07trial/s, best loss: -0.24785101474588275]
100%|██████████| 25/25 [00:12<00:00,  1.95trial/s, best loss: -0.24785101474588275]

  0%|          | 0/25 [00:00<?, ?trial/s, best loss=?]
  4%|▍         | 1/25 [00:00<00:11,  2.01trial/s, best loss: 1.0712476393447217]
  8%|▊         | 2/25 [00:00<00:11,  2.09trial/s, best loss: 1.0712476393447217]
 12%|█▏        | 3/25 [00:01<00:10,  2.09trial/s, best loss: 1.0712476393447217]
 16%|█▌        | 4/25 [00:01<00:09,  2.13trial/s, best loss: 1.0712476393447217]
 20%|██        | 5/25 [00:02<00:09,  2.12trial/s, best loss: 1.0712476393447217]
 24%|██▍       | 6/25 [00:02<00:08,  2.12trial/s, best loss: 1.0712476393447217]
 28%|██▊       | 7/25 [00:03<00:08,  2.11trial/s, best loss: 1.0650008665978166]
 32%|███▏      | 8/25 [00:03<00:08,  2.11trial/s, best loss: 0.915167383581619] 
 36%|███▌      | 9/25 [00:04<00:07,  2.08trial/s, best loss: 0.915167383581619]
 40%|████      | 10/25 [00:04<00:07,  2.09trial/s, best loss: 0.915167383581619]
 44%|████▍     | 11/25 [00:05<00:06,  2.09trial/s, best loss: 0.915167383581619]
 48%|████▊     | 12/25 [00:05<00:06,  2.11trial/s, best loss: 0.915167383581619]
 52%|█████▏    | 13/25 [00:06<00:05,  2.12trial/s, best loss: 0.915167383581619]
 56%|█████▌    | 14/25 [00:06<00:05,  2.14trial/s, best loss: 0.915167383581619]
 60%|██████    | 15/25 [00:07<00:04,  2.15trial/s, best loss: 0.915167383581619]
 64%|██████▍   | 16/25 [00:07<00:04,  2.15trial/s, best loss: 0.915167383581619]
 68%|██████▊   | 17/25 [00:08<00:03,  2.11trial/s, best loss: 0.915167383581619]
 72%|███████▏  | 18/25 [00:08<00:03,  2.11trial/s, best loss: 0.915167383581619]
 76%|███████▌  | 19/25 [00:08<00:02,  2.14trial/s, best loss: 0.915167383581619]
 80%|████████  | 20/25 [00:09<00:02,  2.12trial/s, best loss: 0.915167383581619]
 84%|████████▍ | 21/25 [00:09<00:01,  2.11trial/s, best loss: 0.915167383581619]
 88%|████████▊ | 22/25 [00:10<00:01,  2.13trial/s, best loss: 0.915167383581619]
 92%|█████████▏| 23/25 [00:10<00:00,  2.16trial/s, best loss: 0.915167383581619]
 96%|█████████▌| 24/25 [00:11<00:00,  2.14trial/s, best loss: 0.915167383581619]
100%|██████████| 25/25 [00:11<00:00,  2.14trial/s, best loss: 0.915167383581619]
100%|██████████| 25/25 [00:11<00:00,  2.12trial/s, best loss: 0.915167383581619]
D:\quant_system_pro (3)\quant_system_pro\backtest\backtest_pro.py:330: UserWarning: Glyph 39057 (\N{CJK UNIFIED IDEOGRAPH-9891}) missing from font(s) DejaVu Sans.
  buf=io.BytesIO(); plt.tight_layout(); plt.savefig(buf, format="png"); data=base64.b64encode(buf.getvalue()).decode()
D:\quant_system_pro (3)\quant_system_pro\backtest\backtest_pro.py:330: UserWarning: Glyph 25968 (\N{CJK UNIFIED IDEOGRAPH-6570}) missing from font(s) DejaVu Sans.
  buf=io.BytesIO(); plt.tight_layout(); plt.savefig(buf, format="png"); data=base64.b64encode(buf.getvalue()).decode()
D:\quant_system_pro (3)\quant_system_pro\backtest\backtest_pro.py:330: UserWarning: Glyph 20998 (\N{CJK UNIFIED IDEOGRAPH-5206}) missing from font(s) DejaVu Sans.
  buf=io.BytesIO(); plt.tight_layout(); plt.savefig(buf, format="png"); data=base64.b64encode(buf.getvalue()).decode()
D:\quant_system_pro (3)\quant_system_pro\backtest\backtest_pro.py:330: UserWarning: Glyph 24067 (\N{CJK UNIFIED IDEOGRAPH-5E03}) missing from font(s) DejaVu Sans.
  buf=io.BytesIO(); plt.tight_layout(); plt.savefig(buf, format="png"); data=base64.b64encode(buf.getvalue()).decode()
D:\quant_system_pro (3)\quant_system_pro\backtest\backtest_pro.py:330: UserWarning: Glyph 65288 (\N{FULLWIDTH LEFT PARENTHESIS}) missing from font(s) DejaVu Sans.
  buf=io.BytesIO(); plt.tight_layout(); plt.savefig(buf, format="png"); data=base64.b64encode(buf.getvalue()).decode()
D:\quant_system_pro (3)\quant_system_pro\backtest\backtest_pro.py:330: UserWarning: Glyph 36234 (\N{CJK UNIFIED IDEOGRAPH-8D8A}) missing from font(s) DejaVu Sans.
  buf=io.BytesIO(); plt.tight_layout(); plt.savefig(buf, format="png"); data=base64.b64encode(buf.getvalue()).decode()
D:\quant_system_pro (3)\quant_system_pro\backtest\backtest_pro.py:330: UserWarning: Glyph 20302 (\N{CJK UNIFIED IDEOGRAPH-4F4E}) missing from font(s) DejaVu Sans.
  buf=io.BytesIO(); plt.tight_layout(); plt.savefig(buf, format="png"); data=base64.b64encode(buf.getvalue()).decode()
D:\quant_system_pro (3)\quant_system_pro\backtest\backtest_pro.py:330: UserWarning: Glyph 22909 (\N{CJK UNIFIED IDEOGRAPH-597D}) missing from font(s) DejaVu Sans.
  buf=io.BytesIO(); plt.tight_layout(); plt.savefig(buf, format="png"); data=base64.b64encode(buf.getvalue()).decode()
D:\quant_system_pro (3)\quant_system_pro\backtest\backtest_pro.py:330: UserWarning: Glyph 65289 (\N{FULLWIDTH RIGHT PARENTHESIS}) missing from font(s) DejaVu Sans.
  buf=io.BytesIO(); plt.tight_layout(); plt.savefig(buf, format="png"); data=base64.b64encode(buf.getvalue()).decode()
[完成] 最优表: D:\quant_system_pro (3)\quant_system_pro\results\full_throttle\最优组合总表_S档_20250817-032502.csv
[完成] best_combo: data/best_combo.csv
