[A6-SHIM] pandas.DataFrame.to_csv 已安装修订钩子（仅拦截 a6_strategy_scores*）
C:\Users\Administrator\AppData\Local\Programs\Python\Python39\lib\site-packages\hyperopt\atpe.py:19: UserWarning: pkg_resources is deprecated as an API. See https://setuptools.pypa.io/en/latest/pkg_resources.html. The pkg_resources package is slated for removal as early as 2025-11-30. Refrain from using this package or pin to Setuptools<81.
  import pkg_resources
[GPU] Torch 2.6.0+cu124 | CUDA 12.4 | Device NVIDIA GeForce RTX 3060 | available=True
[GPU] XGBoost 1.7.6 (gpu_hist supported)
[GPU] LightGBM available (GPU depends on build)
[回测] 符号数=1 窗口=90天 S档=ON

  0%|          | 0/25 [00:00<?, ?trial/s, best loss=?]
  4%|▍         | 1/25 [00:00<00:12,  1.98trial/s, best loss: 0.30916256545050835]
  8%|▊         | 2/25 [00:01<00:11,  1.98trial/s, best loss: 0.30916256545050835]
 12%|█▏        | 3/25 [00:01<00:11,  1.96trial/s, best loss: 0.30916256545050835]
 16%|█▌        | 4/25 [00:02<00:10,  1.97trial/s, best loss: 0.30916256545050835]
 20%|██        | 5/25 [00:02<00:10,  1.94trial/s, best loss: 0.30916256545050835]
 24%|██▍       | 6/25 [00:03<00:09,  1.96trial/s, best loss: 0.30916256545050835]
 28%|██▊       | 7/25 [00:03<00:09,  1.93trial/s, best loss: 0.30916256545050835]
 32%|███▏      | 8/25 [00:04<00:08,  1.95trial/s, best loss: 0.30916256545050835]
 36%|███▌      | 9/25 [00:04<00:08,  1.97trial/s, best loss: 0.30916256545050835]
 40%|████      | 10/25 [00:05<00:07,  1.98trial/s, best loss: 0.30916256545050835]
 44%|████▍     | 11/25 [00:05<00:07,  1.95trial/s, best loss: 0.30916256545050835]
 48%|████▊     | 12/25 [00:06<00:06,  1.93trial/s, best loss: 0.30916256545050835]
 52%|█████▏    | 13/25 [00:06<00:06,  1.92trial/s, best loss: 0.30916256545050835]
 56%|█████▌    | 14/25 [00:07<00:05,  1.93trial/s, best loss: 0.30916256545050835]
 60%|██████    | 15/25 [00:07<00:05,  1.95trial/s, best loss: 0.30916256545050835]
 64%|██████▍   | 16/25 [00:08<00:04,  1.96trial/s, best loss: 0.2890182883672966] 
 68%|██████▊   | 17/25 [00:08<00:04,  1.96trial/s, best loss: 0.2890182883672966]
 72%|███████▏  | 18/25 [00:09<00:03,  1.95trial/s, best loss: 0.2890182883672966]
 76%|███████▌  | 19/25 [00:09<00:03,  1.96trial/s, best loss: 0.2890182883672966]
 80%|████████  | 20/25 [00:10<00:02,  1.97trial/s, best loss: 0.2890182883672966]
 84%|████████▍ | 21/25 [00:10<00:02,  1.98trial/s, best loss: 0.2890182883672966]
 88%|████████▊ | 22/25 [00:11<00:01,  1.96trial/s, best loss: 0.2890182883672966]
 92%|█████████▏| 23/25 [00:11<00:01,  1.98trial/s, best loss: 0.2828851972616183]
 96%|█████████▌| 24/25 [00:12<00:00,  1.97trial/s, best loss: 0.2828851972616183]
100%|██████████| 25/25 [00:12<00:00,  1.96trial/s, best loss: 0.2828851972616183]
100%|██████████| 25/25 [00:12<00:00,  1.96trial/s, best loss: 0.2828851972616183]

  0%|          | 0/25 [00:00<?, ?trial/s, best loss=?]
  4%|▍         | 1/25 [00:00<00:11,  2.01trial/s, best loss: 0.09512500348740807]
  8%|▊         | 2/25 [00:00<00:11,  2.00trial/s, best loss: 0.09512500348740807]
 12%|█▏        | 3/25 [00:01<00:11,  2.00trial/s, best loss: 0.09512500348740807]
 16%|█▌        | 4/25 [00:02<00:10,  1.97trial/s, best loss: 0.09512500348740807]
 20%|██        | 5/25 [00:02<00:10,  1.96trial/s, best loss: 0.09512500348740807]
 24%|██▍       | 6/25 [00:03<00:09,  1.99trial/s, best loss: 0.09512500348740807]
 28%|██▊       | 7/25 [00:03<00:09,  1.97trial/s, best loss: 0.0791212458640722] 
 32%|███▏      | 8/25 [00:04<00:08,  1.97trial/s, best loss: 0.0791212458640722]
 36%|███▌      | 9/25 [00:04<00:08,  1.95trial/s, best loss: 0.057104247943500976]
 40%|████      | 10/25 [00:05<00:07,  1.97trial/s, best loss: 0.057104247943500976]
 44%|████▍     | 11/25 [00:05<00:07,  1.98trial/s, best loss: 0.057104247943500976]
 48%|████▊     | 12/25 [00:06<00:06,  1.98trial/s, best loss: 0.057104247943500976]
 52%|█████▏    | 13/25 [00:06<00:06,  1.98trial/s, best loss: 0.057104247943500976]
 56%|█████▌    | 14/25 [00:07<00:05,  2.00trial/s, best loss: 0.057104247943500976]
 60%|██████    | 15/25 [00:07<00:04,  2.01trial/s, best loss: 0.057104247943500976]
 64%|██████▍   | 16/25 [00:08<00:04,  2.00trial/s, best loss: 0.057104247943500976]
 68%|██████▊   | 17/25 [00:08<00:04,  2.00trial/s, best loss: 0.057104247943500976]
 72%|███████▏  | 18/25 [00:09<00:03,  1.99trial/s, best loss: 0.057104247943500976]
 76%|███████▌  | 19/25 [00:09<00:03,  2.00trial/s, best loss: 0.057104247943500976]
 80%|████████  | 20/25 [00:10<00:02,  2.01trial/s, best loss: 0.057104247943500976]
 84%|████████▍ | 21/25 [00:10<00:01,  2.01trial/s, best loss: 0.057104247943500976]
 88%|████████▊ | 22/25 [00:11<00:01,  2.00trial/s, best loss: 0.055930769017757995]
 92%|█████████▏| 23/25 [00:11<00:00,  2.01trial/s, best loss: 0.055930769017757995]
 96%|█████████▌| 24/25 [00:12<00:00,  2.01trial/s, best loss: 0.055930769017757995]
100%|██████████| 25/25 [00:12<00:00,  2.00trial/s, best loss: 0.055930769017757995]
100%|██████████| 25/25 [00:12<00:00,  1.99trial/s, best loss: 0.055930769017757995]

  0%|          | 0/25 [00:00<?, ?trial/s, best loss=?]
  4%|▍         | 1/25 [00:00<00:11,  2.07trial/s, best loss: 0.03274161760201391]
  8%|▊         | 2/25 [00:00<00:11,  2.03trial/s, best loss: 0.03274161760201391]
 12%|█▏        | 3/25 [00:01<00:10,  2.02trial/s, best loss: 0.02941584212393454]
 16%|█▌        | 4/25 [00:01<00:10,  2.03trial/s, best loss: 0.02941584212393454]
 20%|██        | 5/25 [00:02<00:09,  2.04trial/s, best loss: 0.02941584212393454]
 24%|██▍       | 6/25 [00:02<00:09,  2.03trial/s, best loss: 0.02941584212393454]
 28%|██▊       | 7/25 [00:03<00:08,  2.02trial/s, best loss: 0.02941584212393454]
 32%|███▏      | 8/25 [00:03<00:08,  2.00trial/s, best loss: 0.02941584212393454]
 36%|███▌      | 9/25 [00:04<00:08,  1.99trial/s, best loss: 0.02061128598135716]
 40%|████      | 10/25 [00:04<00:07,  2.00trial/s, best loss: 0.02061128598135716]
 44%|████▍     | 11/25 [00:05<00:07,  2.00trial/s, best loss: 0.02061128598135716]
 48%|████▊     | 12/25 [00:05<00:06,  1.99trial/s, best loss: 0.02061128598135716]
 52%|█████▏    | 13/25 [00:06<00:05,  2.01trial/s, best loss: 0.02061128598135716]
 56%|█████▌    | 14/25 [00:06<00:05,  2.00trial/s, best loss: 0.02061128598135716]
 60%|██████    | 15/25 [00:07<00:04,  2.01trial/s, best loss: 0.02061128598135716]
 64%|██████▍   | 16/25 [00:07<00:04,  2.00trial/s, best loss: 0.02061128598135716]
 68%|██████▊   | 17/25 [00:08<00:03,  2.00trial/s, best loss: 0.02061128598135716]
 72%|███████▏  | 18/25 [00:08<00:03,  2.01trial/s, best loss: 0.02061128598135716]
 76%|███████▌  | 19/25 [00:09<00:03,  1.99trial/s, best loss: 0.02061128598135716]
 80%|████████  | 20/25 [00:09<00:02,  1.98trial/s, best loss: 0.02061128598135716]
 84%|████████▍ | 21/25 [00:10<00:02,  1.97trial/s, best loss: 0.02061128598135716]
 88%|████████▊ | 22/25 [00:11<00:01,  1.97trial/s, best loss: 0.02061128598135716]
 92%|█████████▏| 23/25 [00:11<00:01,  1.97trial/s, best loss: 0.02061128598135716]
 96%|█████████▌| 24/25 [00:12<00:00,  1.99trial/s, best loss: 0.016824064515073525]
100%|██████████| 25/25 [00:12<00:00,  1.98trial/s, best loss: 0.016824064515073525]
100%|██████████| 25/25 [00:12<00:00,  2.00trial/s, best loss: 0.016824064515073525]

  0%|          | 0/25 [00:00<?, ?trial/s, best loss=?]
  4%|▍         | 1/25 [00:00<00:12,  1.97trial/s, best loss: 0.10957820180619846]
  8%|▊         | 2/25 [00:01<00:11,  2.00trial/s, best loss: 0.049649250295809744]
 12%|█▏        | 3/25 [00:01<00:11,  1.98trial/s, best loss: 0.049649250295809744]
 16%|█▌        | 4/25 [00:02<00:10,  1.98trial/s, best loss: 0.049649250295809744]
 20%|██        | 5/25 [00:02<00:10,  2.00trial/s, best loss: 0.049649250295809744]
 24%|██▍       | 6/25 [00:03<00:09,  2.00trial/s, best loss: 0.049649250295809744]
 28%|██▊       | 7/25 [00:03<00:09,  1.99trial/s, best loss: 0.049649250295809744]
 32%|███▏      | 8/25 [00:04<00:08,  2.01trial/s, best loss: 0.011973681686004427]
 36%|███▌      | 9/25 [00:04<00:07,  2.02trial/s, best loss: 0.011973681686004427]
 40%|████      | 10/25 [00:04<00:07,  2.01trial/s, best loss: 0.011973681686004427]
 44%|████▍     | 11/25 [00:05<00:06,  2.03trial/s, best loss: 0.011973681686004427]
 48%|████▊     | 12/25 [00:05<00:06,  2.03trial/s, best loss: 0.011973681686004427]
 52%|█████▏    | 13/25 [00:06<00:05,  2.03trial/s, best loss: 0.011973681686004427]
 56%|█████▌    | 14/25 [00:06<00:05,  2.03trial/s, best loss: 0.011973681686004427]
 60%|██████    | 15/25 [00:07<00:04,  2.03trial/s, best loss: 0.011973681686004427]
 64%|██████▍   | 16/25 [00:07<00:04,  2.02trial/s, best loss: 0.011973681686004427]
 68%|██████▊   | 17/25 [00:08<00:03,  2.03trial/s, best loss: 0.011973681686004427]
 72%|███████▏  | 18/25 [00:08<00:03,  2.02trial/s, best loss: 0.011973681686004427]
 76%|███████▌  | 19/25 [00:09<00:02,  2.02trial/s, best loss: 0.011973681686004427]
 80%|████████  | 20/25 [00:09<00:02,  2.01trial/s, best loss: 0.011973681686004427]
 84%|████████▍ | 21/25 [00:10<00:01,  2.00trial/s, best loss: 0.011973681686004427]
 88%|████████▊ | 22/25 [00:10<00:01,  1.99trial/s, best loss: 0.011973681686004427]
 92%|█████████▏| 23/25 [00:11<00:01,  2.00trial/s, best loss: 0.011973681686004427]
 96%|█████████▌| 24/25 [00:11<00:00,  1.98trial/s, best loss: 0.005167470100598273]
100%|██████████| 25/25 [00:12<00:00,  1.98trial/s, best loss: 0.005167470100598273]
100%|██████████| 25/25 [00:12<00:00,  2.01trial/s, best loss: 0.005167470100598273]

  0%|          | 0/25 [00:00<?, ?trial/s, best loss=?]
  4%|▍         | 1/25 [00:01<00:27,  1.13s/trial, best loss: 0.08320610312746449]
  8%|▊         | 2/25 [00:02<00:25,  1.11s/trial, best loss: 0.08320610312746449]
 12%|█▏        | 3/25 [00:03<00:24,  1.13s/trial, best loss: 0.08320610312746449]
 16%|█▌        | 4/25 [00:04<00:23,  1.12s/trial, best loss: 0.08320610312746449]
 20%|██        | 5/25 [00:05<00:22,  1.15s/trial, best loss: 0.08320610312746449]
 24%|██▍       | 6/25 [00:06<00:22,  1.16s/trial, best loss: 0.08320610312746449]
 28%|██▊       | 7/25 [00:08<00:20,  1.16s/trial, best loss: 0.04066911820297757]
 32%|███▏      | 8/25 [00:09<00:19,  1.14s/trial, best loss: 0.04066911820297757]
 36%|███▌      | 9/25 [00:10<00:17,  1.12s/trial, best loss: 0.04066911820297757]
 40%|████      | 10/25 [00:11<00:16,  1.12s/trial, best loss: 0.04066911820297757]
 44%|████▍     | 11/25 [00:12<00:15,  1.14s/trial, best loss: 0.04066911820297757]
 48%|████▊     | 12/25 [00:13<00:14,  1.14s/trial, best loss: 0.04066911820297757]
 52%|█████▏    | 13/25 [00:14<00:13,  1.12s/trial, best loss: 0.04066911820297757]
 56%|█████▌    | 14/25 [00:15<00:12,  1.11s/trial, best loss: 0.04066911820297757]
 60%|██████    | 15/25 [00:16<00:11,  1.13s/trial, best loss: 0.04066911820297757]
 64%|██████▍   | 16/25 [00:18<00:10,  1.13s/trial, best loss: 0.04066911820297757]
 68%|██████▊   | 17/25 [00:19<00:09,  1.14s/trial, best loss: 0.04066911820297757]
 72%|███████▏  | 18/25 [00:20<00:07,  1.14s/trial, best loss: 0.04066911820297757]
 76%|███████▌  | 19/25 [00:21<00:06,  1.13s/trial, best loss: 0.04066911820297757]
 80%|████████  | 20/25 [00:22<00:05,  1.13s/trial, best loss: 0.04066911820297757]
 84%|████████▍ | 21/25 [00:23<00:04,  1.12s/trial, best loss: 0.04066911820297757]
 88%|████████▊ | 22/25 [00:24<00:03,  1.13s/trial, best loss: 0.026912680732006495]
 92%|█████████▏| 23/25 [00:25<00:02,  1.12s/trial, best loss: 0.026912680732006495]
 96%|█████████▌| 24/25 [00:27<00:01,  1.12s/trial, best loss: 0.026912680732006495]
100%|██████████| 25/25 [00:28<00:00,  1.14s/trial, best loss: 0.026912680732006495]
100%|██████████| 25/25 [00:28<00:00,  1.13s/trial, best loss: 0.026912680732006495]

  0%|          | 0/25 [00:00<?, ?trial/s, best loss=?]
  4%|▍         | 1/25 [00:01<00:26,  1.12s/trial, best loss: -0.02581412438765507]
  8%|▊         | 2/25 [00:02<00:26,  1.13s/trial, best loss: -0.02581412438765507]
 12%|█▏        | 3/25 [00:03<00:24,  1.13s/trial, best loss: -0.02581412438765507]
 16%|█▌        | 4/25 [00:04<00:23,  1.13s/trial, best loss: -0.02581412438765507]
 20%|██        | 5/25 [00:05<00:22,  1.13s/trial, best loss: -0.02581412438765507]
 24%|██▍       | 6/25 [00:06<00:21,  1.14s/trial, best loss: -0.02581412438765507]
 28%|██▊       | 7/25 [00:07<00:20,  1.13s/trial, best loss: -0.049957825055000724]
 32%|███▏      | 8/25 [00:08<00:18,  1.12s/trial, best loss: -0.049957825055000724]
 36%|███▌      | 9/25 [00:10<00:18,  1.13s/trial, best loss: -0.049957825055000724]
 40%|████      | 10/25 [00:11<00:16,  1.13s/trial, best loss: -0.049957825055000724]
 44%|████▍     | 11/25 [00:12<00:15,  1.13s/trial, best loss: -0.049957825055000724]
 48%|████▊     | 12/25 [00:13<00:14,  1.14s/trial, best loss: -0.049957825055000724]
 52%|█████▏    | 13/25 [00:14<00:13,  1.13s/trial, best loss: -0.049957825055000724]
 56%|█████▌    | 14/25 [00:15<00:12,  1.13s/trial, best loss: -0.049957825055000724]
 60%|██████    | 15/25 [00:16<00:11,  1.14s/trial, best loss: -0.049957825055000724]
 64%|██████▍   | 16/25 [00:18<00:10,  1.16s/trial, best loss: -0.06644941766875384] 
 68%|██████▊   | 17/25 [00:19<00:09,  1.16s/trial, best loss: -0.06644941766875384]
 72%|███████▏  | 18/25 [00:20<00:08,  1.16s/trial, best loss: -0.06644941766875384]
 76%|███████▌  | 19/25 [00:21<00:06,  1.16s/trial, best loss: -0.06644941766875384]
 80%|████████  | 20/25 [00:22<00:05,  1.15s/trial, best loss: -0.06644941766875384]
 84%|████████▍ | 21/25 [00:24<00:04,  1.21s/trial, best loss: -0.06644941766875384]
 88%|████████▊ | 22/25 [00:25<00:03,  1.19s/trial, best loss: -0.06644941766875384]
 92%|█████████▏| 23/25 [00:26<00:02,  1.18s/trial, best loss: -0.06644941766875384]
 96%|█████████▌| 24/25 [00:27<00:01,  1.16s/trial, best loss: -0.06644941766875384]
100%|██████████| 25/25 [00:28<00:00,  1.17s/trial, best loss: -0.06644941766875384]
100%|██████████| 25/25 [00:28<00:00,  1.15s/trial, best loss: -0.06644941766875384]
D:\quant_system_pro (3)\quant_system_pro\backtest\backtest_pro.py:330: UserWarning: Glyph 39057 (\N{CJK UNIFIED IDEOGRAPH-9891}) missing from font(s) DejaVu Sans.
  buf=io.BytesIO(); plt.tight_layout(); plt.savefig(buf, format="png"); data=base64.b64encode(buf.getvalue()).decode()
D:\quant_system_pro (3)\quant_system_pro\backtest\backtest_pro.py:330: UserWarning: Glyph 25968 (\N{CJK UNIFIED IDEOGRAPH-6570}) missing from font(s) DejaVu Sans.
  buf=io.BytesIO(); plt.tight_layout(); plt.savefig(buf, format="png"); data=base64.b64encode(buf.getvalue()).decode()
D:\quant_system_pro (3)\quant_system_pro\backtest\backtest_pro.py:330: UserWarning: Glyph 20998 (\N{CJK UNIFIED IDEOGRAPH-5206}) missing from font(s) DejaVu Sans.
  buf=io.BytesIO(); plt.tight_layout(); plt.savefig(buf, format="png"); data=base64.b64encode(buf.getvalue()).decode()
D:\quant_system_pro (3)\quant_system_pro\backtest\backtest_pro.py:330: UserWarning: Glyph 24067 (\N{CJK UNIFIED IDEOGRAPH-5E03}) missing from font(s) DejaVu Sans.
  buf=io.BytesIO(); plt.tight_layout(); plt.savefig(buf, format="png"); data=base64.b64encode(buf.getvalue()).decode()
D:\quant_system_pro (3)\quant_system_pro\backtest\backtest_pro.py:330: UserWarning: Glyph 65288 (\N{FULLWIDTH LEFT PARENTHESIS}) missing from font(s) DejaVu Sans.
  buf=io.BytesIO(); plt.tight_layout(); plt.savefig(buf, format="png"); data=base64.b64encode(buf.getvalue()).decode()
D:\quant_system_pro (3)\quant_system_pro\backtest\backtest_pro.py:330: UserWarning: Glyph 36234 (\N{CJK UNIFIED IDEOGRAPH-8D8A}) missing from font(s) DejaVu Sans.
  buf=io.BytesIO(); plt.tight_layout(); plt.savefig(buf, format="png"); data=base64.b64encode(buf.getvalue()).decode()
D:\quant_system_pro (3)\quant_system_pro\backtest\backtest_pro.py:330: UserWarning: Glyph 20302 (\N{CJK UNIFIED IDEOGRAPH-4F4E}) missing from font(s) DejaVu Sans.
  buf=io.BytesIO(); plt.tight_layout(); plt.savefig(buf, format="png"); data=base64.b64encode(buf.getvalue()).decode()
D:\quant_system_pro (3)\quant_system_pro\backtest\backtest_pro.py:330: UserWarning: Glyph 22909 (\N{CJK UNIFIED IDEOGRAPH-597D}) missing from font(s) DejaVu Sans.
  buf=io.BytesIO(); plt.tight_layout(); plt.savefig(buf, format="png"); data=base64.b64encode(buf.getvalue()).decode()
D:\quant_system_pro (3)\quant_system_pro\backtest\backtest_pro.py:330: UserWarning: Glyph 65289 (\N{FULLWIDTH RIGHT PARENTHESIS}) missing from font(s) DejaVu Sans.
  buf=io.BytesIO(); plt.tight_layout(); plt.savefig(buf, format="png"); data=base64.b64encode(buf.getvalue()).decode()
[完成] 最优表: D:\quant_system_pro (3)\quant_system_pro\results\full_throttle\最优组合总表_S档_20250817-024923.csv
[完成] best_combo: data/best_combo.csv
