[A6-SHIM] pandas.DataFrame.to_csv 已安装修订钩子（仅拦截 a6_strategy_scores*）
C:\Users\Administrator\AppData\Local\Programs\Python\Python39\lib\site-packages\hyperopt\atpe.py:19: UserWarning: pkg_resources is deprecated as an API. See https://setuptools.pypa.io/en/latest/pkg_resources.html. The pkg_resources package is slated for removal as early as 2025-11-30. Refrain from using this package or pin to Setuptools<81.
  import pkg_resources
[GPU] Torch 2.6.0+cu124 | CUDA 12.4 | Device NVIDIA GeForce RTX 3060 | available=True
[GPU] XGBoost 1.7.6 (gpu_hist supported)
[GPU] LightGBM available (GPU depends on build)
[回测] 符号数=1 窗口=90天 S档=ON

  0%|          | 0/25 [00:00<?, ?trial/s, best loss=?]C:\Users\Administrator\AppData\Local\Programs\Python\Python39\lib\site-packages\sklearn\utils\validation.py:2739: UserWarning: X does not have valid feature names, but LGBMClassifier was fitted with feature names
  warnings.warn(


  4%|▍         | 1/25 [00:06<02:40,  6.70s/trial, best loss: 1.4534556574907105]C:\Users\Administrator\AppData\Local\Programs\Python\Python39\lib\site-packages\sklearn\utils\validation.py:2739: UserWarning: X does not have valid feature names, but LGBMClassifier was fitted with feature names
  warnings.warn(


  8%|▊         | 2/25 [00:13<02:33,  6.69s/trial, best loss: 1.4534556574907105]C:\Users\Administrator\AppData\Local\Programs\Python\Python39\lib\site-packages\sklearn\utils\validation.py:2739: UserWarning: X does not have valid feature names, but LGBMClassifier was fitted with feature names
  warnings.warn(


 12%|█▏        | 3/25 [00:20<02:27,  6.70s/trial, best loss: 1.4534556574907105]C:\Users\Administrator\AppData\Local\Programs\Python\Python39\lib\site-packages\sklearn\utils\validation.py:2739: UserWarning: X does not have valid feature names, but LGBMClassifier was fitted with feature names
  warnings.warn(


 16%|█▌        | 4/25 [00:26<02:20,  6.69s/trial, best loss: 1.2927544438936824]C:\Users\Administrator\AppData\Local\Programs\Python\Python39\lib\site-packages\sklearn\utils\validation.py:2739: UserWarning: X does not have valid feature names, but LGBMClassifier was fitted with feature names
  warnings.warn(


 20%|██        | 5/25 [00:33<02:14,  6.74s/trial, best loss: 1.2927544438936824]C:\Users\Administrator\AppData\Local\Programs\Python\Python39\lib\site-packages\sklearn\utils\validation.py:2739: UserWarning: X does not have valid feature names, but LGBMClassifier was fitted with feature names
  warnings.warn(


 24%|██▍       | 6/25 [00:40<02:08,  6.75s/trial, best loss: 1.2927544438936824]C:\Users\Administrator\AppData\Local\Programs\Python\Python39\lib\site-packages\sklearn\utils\validation.py:2739: UserWarning: X does not have valid feature names, but LGBMClassifier was fitted with feature names
  warnings.warn(


 28%|██▊       | 7/25 [00:47<02:03,  6.84s/trial, best loss: 1.2927544438936824]C:\Users\Administrator\AppData\Local\Programs\Python\Python39\lib\site-packages\sklearn\utils\validation.py:2739: UserWarning: X does not have valid feature names, but LGBMClassifier was fitted with feature names
  warnings.warn(


 32%|███▏      | 8/25 [00:54<01:55,  6.82s/trial, best loss: 1.2927544438936824]C:\Users\Administrator\AppData\Local\Programs\Python\Python39\lib\site-packages\sklearn\utils\validation.py:2739: UserWarning: X does not have valid feature names, but LGBMClassifier was fitted with feature names
  warnings.warn(


 36%|███▌      | 9/25 [01:01<01:49,  6.87s/trial, best loss: 1.2927544438936824]C:\Users\Administrator\AppData\Local\Programs\Python\Python39\lib\site-packages\sklearn\utils\validation.py:2739: UserWarning: X does not have valid feature names, but LGBMClassifier was fitted with feature names
  warnings.warn(


 40%|████      | 10/25 [01:07<01:42,  6.81s/trial, best loss: 1.2908021154690723]C:\Users\Administrator\AppData\Local\Programs\Python\Python39\lib\site-packages\sklearn\utils\validation.py:2739: UserWarning: X does not have valid feature names, but LGBMClassifier was fitted with feature names
  warnings.warn(


 44%|████▍     | 11/25 [01:14<01:35,  6.83s/trial, best loss: 1.2908021154690723]C:\Users\Administrator\AppData\Local\Programs\Python\Python39\lib\site-packages\sklearn\utils\validation.py:2739: UserWarning: X does not have valid feature names, but LGBMClassifier was fitted with feature names
  warnings.warn(


 48%|████▊     | 12/25 [01:21<01:28,  6.83s/trial, best loss: 1.2741707695824824]C:\Users\Administrator\AppData\Local\Programs\Python\Python39\lib\site-packages\sklearn\utils\validation.py:2739: UserWarning: X does not have valid feature names, but LGBMClassifier was fitted with feature names
  warnings.warn(


 52%|█████▏    | 13/25 [01:28<01:21,  6.81s/trial, best loss: 1.2741707695824824]C:\Users\Administrator\AppData\Local\Programs\Python\Python39\lib\site-packages\sklearn\utils\validation.py:2739: UserWarning: X does not have valid feature names, but LGBMClassifier was fitted with feature names
  warnings.warn(


 56%|█████▌    | 14/25 [01:35<01:16,  6.92s/trial, best loss: 1.2741707695824824]C:\Users\Administrator\AppData\Local\Programs\Python\Python39\lib\site-packages\sklearn\utils\validation.py:2739: UserWarning: X does not have valid feature names, but LGBMClassifier was fitted with feature names
  warnings.warn(


 60%|██████    | 15/25 [01:42<01:10,  7.08s/trial, best loss: 1.2741707695824824]C:\Users\Administrator\AppData\Local\Programs\Python\Python39\lib\site-packages\sklearn\utils\validation.py:2739: UserWarning: X does not have valid feature names, but LGBMClassifier was fitted with feature names
  warnings.warn(


 64%|██████▍   | 16/25 [01:50<01:05,  7.33s/trial, best loss: 1.2741707695824824]C:\Users\Administrator\AppData\Local\Programs\Python\Python39\lib\site-packages\sklearn\utils\validation.py:2739: UserWarning: X does not have valid feature names, but LGBMClassifier was fitted with feature names
  warnings.warn(


 68%|██████▊   | 17/25 [01:58<00:58,  7.37s/trial, best loss: 1.2741707695824824]C:\Users\Administrator\AppData\Local\Programs\Python\Python39\lib\site-packages\sklearn\utils\validation.py:2739: UserWarning: X does not have valid feature names, but LGBMClassifier was fitted with feature names
  warnings.warn(


 72%|███████▏  | 18/25 [02:05<00:51,  7.32s/trial, best loss: 1.2741707695824824]C:\Users\Administrator\AppData\Local\Programs\Python\Python39\lib\site-packages\sklearn\utils\validation.py:2739: UserWarning: X does not have valid feature names, but LGBMClassifier was fitted with feature names
  warnings.warn(


 76%|███████▌  | 19/25 [02:12<00:44,  7.36s/trial, best loss: 1.2741707695824824]C:\Users\Administrator\AppData\Local\Programs\Python\Python39\lib\site-packages\sklearn\utils\validation.py:2739: UserWarning: X does not have valid feature names, but LGBMClassifier was fitted with feature names
  warnings.warn(


 80%|████████  | 20/25 [02:20<00:36,  7.30s/trial, best loss: 1.2741707695824824]C:\Users\Administrator\AppData\Local\Programs\Python\Python39\lib\site-packages\sklearn\utils\validation.py:2739: UserWarning: X does not have valid feature names, but LGBMClassifier was fitted with feature names
  warnings.warn(


 84%|████████▍ | 21/25 [02:27<00:29,  7.25s/trial, best loss: 1.2741707695824824]C:\Users\Administrator\AppData\Local\Programs\Python\Python39\lib\site-packages\sklearn\utils\validation.py:2739: UserWarning: X does not have valid feature names, but LGBMClassifier was fitted with feature names
  warnings.warn(


 88%|████████▊ | 22/25 [02:34<00:21,  7.23s/trial, best loss: 1.2741707695824824]C:\Users\Administrator\AppData\Local\Programs\Python\Python39\lib\site-packages\sklearn\utils\validation.py:2739: UserWarning: X does not have valid feature names, but LGBMClassifier was fitted with feature names
  warnings.warn(


 92%|█████████▏| 23/25 [02:41<00:14,  7.30s/trial, best loss: 1.2741707695824824]C:\Users\Administrator\AppData\Local\Programs\Python\Python39\lib\site-packages\sklearn\utils\validation.py:2739: UserWarning: X does not have valid feature names, but LGBMClassifier was fitted with feature names
  warnings.warn(


 96%|█████████▌| 24/25 [02:49<00:07,  7.27s/trial, best loss: 1.2741707695824824]C:\Users\Administrator\AppData\Local\Programs\Python\Python39\lib\site-packages\sklearn\utils\validation.py:2739: UserWarning: X does not have valid feature names, but LGBMClassifier was fitted with feature names
  warnings.warn(


100%|██████████| 25/25 [02:56<00:00,  7.30s/trial, best loss: 1.2741707695824824]
100%|██████████| 25/25 [02:56<00:00,  7.06s/trial, best loss: 1.2741707695824824]
C:\Users\Administrator\AppData\Local\Programs\Python\Python39\lib\site-packages\sklearn\utils\validation.py:2739: UserWarning: X does not have valid feature names, but LGBMClassifier was fitted with feature names
  warnings.warn(
C:\Users\Administrator\AppData\Local\Programs\Python\Python39\lib\site-packages\sklearn\utils\validation.py:2739: UserWarning: X does not have valid feature names, but LGBMClassifier was fitted with feature names
  warnings.warn(
C:\Users\Administrator\AppData\Local\Programs\Python\Python39\lib\site-packages\sklearn\utils\validation.py:2739: UserWarning: X does not have valid feature names, but LGBMClassifier was fitted with feature names
  warnings.warn(
C:\Users\Administrator\AppData\Local\Programs\Python\Python39\lib\site-packages\sklearn\utils\validation.py:2739: UserWarning: X does not have valid feature names, but LGBMClassifier was fitted with feature names
  warnings.warn(
C:\Users\Administrator\AppData\Local\Programs\Python\Python39\lib\site-packages\sklearn\utils\validation.py:2739: UserWarning: X does not have valid feature names, but LGBMClassifier was fitted with feature names
  warnings.warn(
C:\Users\Administrator\AppData\Local\Programs\Python\Python39\lib\site-packages\sklearn\utils\validation.py:2739: UserWarning: X does not have valid feature names, but LGBMClassifier was fitted with feature names
  warnings.warn(
C:\Users\Administrator\AppData\Local\Programs\Python\Python39\lib\site-packages\sklearn\utils\validation.py:2739: UserWarning: X does not have valid feature names, but LGBMClassifier was fitted with feature names
  warnings.warn(
C:\Users\Administrator\AppData\Local\Programs\Python\Python39\lib\site-packages\sklearn\utils\validation.py:2739: UserWarning: X does not have valid feature names, but LGBMClassifier was fitted with feature names
  warnings.warn(
C:\Users\Administrator\AppData\Local\Programs\Python\Python39\lib\site-packages\sklearn\utils\validation.py:2739: UserWarning: X does not have valid feature names, but LGBMClassifier was fitted with feature names
  warnings.warn(
C:\Users\Administrator\AppData\Local\Programs\Python\Python39\lib\site-packages\sklearn\utils\validation.py:2739: UserWarning: X does not have valid feature names, but LGBMClassifier was fitted with feature names
  warnings.warn(
C:\Users\Administrator\AppData\Local\Programs\Python\Python39\lib\site-packages\sklearn\utils\validation.py:2739: UserWarning: X does not have valid feature names, but LGBMClassifier was fitted with feature names
  warnings.warn(
C:\Users\Administrator\AppData\Local\Programs\Python\Python39\lib\site-packages\sklearn\utils\validation.py:2739: UserWarning: X does not have valid feature names, but LGBMClassifier was fitted with feature names
  warnings.warn(
C:\Users\Administrator\AppData\Local\Programs\Python\Python39\lib\site-packages\sklearn\utils\validation.py:2739: UserWarning: X does not have valid feature names, but LGBMClassifier was fitted with feature names
  warnings.warn(
C:\Users\Administrator\AppData\Local\Programs\Python\Python39\lib\site-packages\sklearn\utils\validation.py:2739: UserWarning: X does not have valid feature names, but LGBMClassifier was fitted with feature names
  warnings.warn(
C:\Users\Administrator\AppData\Local\Programs\Python\Python39\lib\site-packages\sklearn\utils\validation.py:2739: UserWarning: X does not have valid feature names, but LGBMClassifier was fitted with feature names
  warnings.warn(
C:\Users\Administrator\AppData\Local\Programs\Python\Python39\lib\site-packages\sklearn\utils\validation.py:2739: UserWarning: X does not have valid feature names, but LGBMClassifier was fitted with feature names
  warnings.warn(
C:\Users\Administrator\AppData\Local\Programs\Python\Python39\lib\site-packages\sklearn\utils\validation.py:2739: UserWarning: X does not have valid feature names, but LGBMClassifier was fitted with feature names
  warnings.warn(
C:\Users\Administrator\AppData\Local\Programs\Python\Python39\lib\site-packages\sklearn\utils\validation.py:2739: UserWarning: X does not have valid feature names, but LGBMClassifier was fitted with feature names
  warnings.warn(
C:\Users\Administrator\AppData\Local\Programs\Python\Python39\lib\site-packages\sklearn\utils\validation.py:2739: UserWarning: X does not have valid feature names, but LGBMClassifier was fitted with feature names
  warnings.warn(
C:\Users\Administrator\AppData\Local\Programs\Python\Python39\lib\site-packages\sklearn\utils\validation.py:2739: UserWarning: X does not have valid feature names, but LGBMClassifier was fitted with feature names
  warnings.warn(

  0%|          | 0/25 [00:00<?, ?trial/s, best loss=?]C:\Users\Administrator\AppData\Local\Programs\Python\Python39\lib\site-packages\sklearn\utils\validation.py:2739: UserWarning: X does not have valid feature names, but LGBMClassifier was fitted with feature names
  warnings.warn(


  4%|▍         | 1/25 [00:02<01:02,  2.61s/trial, best loss: 1.1102598078810069]C:\Users\Administrator\AppData\Local\Programs\Python\Python39\lib\site-packages\sklearn\utils\validation.py:2739: UserWarning: X does not have valid feature names, but LGBMClassifier was fitted with feature names
  warnings.warn(


  8%|▊         | 2/25 [00:05<00:59,  2.59s/trial, best loss: 0.8684495715607485]C:\Users\Administrator\AppData\Local\Programs\Python\Python39\lib\site-packages\sklearn\utils\validation.py:2739: UserWarning: X does not have valid feature names, but LGBMClassifier was fitted with feature names
  warnings.warn(


 12%|█▏        | 3/25 [00:08<01:04,  2.94s/trial, best loss: 0.8118297164309248]C:\Users\Administrator\AppData\Local\Programs\Python\Python39\lib\site-packages\sklearn\utils\validation.py:2739: UserWarning: X does not have valid feature names, but LGBMClassifier was fitted with feature names
  warnings.warn(


 16%|█▌        | 4/25 [00:11<00:59,  2.85s/trial, best loss: 0.33399305754614184]C:\Users\Administrator\AppData\Local\Programs\Python\Python39\lib\site-packages\sklearn\utils\validation.py:2739: UserWarning: X does not have valid feature names, but LGBMClassifier was fitted with feature names
  warnings.warn(


 20%|██        | 5/25 [00:13<00:56,  2.80s/trial, best loss: 0.33399305754614184]C:\Users\Administrator\AppData\Local\Programs\Python\Python39\lib\site-packages\sklearn\utils\validation.py:2739: UserWarning: X does not have valid feature names, but LGBMClassifier was fitted with feature names
  warnings.warn(


 24%|██▍       | 6/25 [00:16<00:52,  2.76s/trial, best loss: 0.10049469429020658]C:\Users\Administrator\AppData\Local\Programs\Python\Python39\lib\site-packages\sklearn\utils\validation.py:2739: UserWarning: X does not have valid feature names, but LGBMClassifier was fitted with feature names
  warnings.warn(


 28%|██▊       | 7/25 [00:19<00:49,  2.75s/trial, best loss: 0.10049469429020658]C:\Users\Administrator\AppData\Local\Programs\Python\Python39\lib\site-packages\sklearn\utils\validation.py:2739: UserWarning: X does not have valid feature names, but LGBMClassifier was fitted with feature names
  warnings.warn(


