[A6-SHIM] pandas.DataFrame.to_csv 已安装修订钩子（仅拦截 a6_strategy_scores*）
C:\Users\Administrator\AppData\Local\Programs\Python\Python39\lib\site-packages\hyperopt\atpe.py:19: UserWarning: pkg_resources is deprecated as an API. See https://setuptools.pypa.io/en/latest/pkg_resources.html. The pkg_resources package is slated for removal as early as 2025-11-30. Refrain from using this package or pin to Setuptools<81.
  import pkg_resources
[GPU] Torch 2.6.0+cu124 | CUDA 12.4 | Device NVIDIA GeForce RTX 3060 | available=True
[GPU] XGBoost 1.7.6 (gpu_hist supported)
[GPU] LightGBM available (GPU depends on build)
[回测] 符号数=1 窗口=45天 S档=ON

  0%|          | 0/25 [00:00<?, ?trial/s, best loss=?]C:\Users\Administrator\AppData\Local\Programs\Python\Python39\lib\site-packages\sklearn\utils\validation.py:2739: UserWarning: X does not have valid feature names, but LGBMClassifier was fitted with feature names
  warnings.warn(


  4%|▍         | 1/25 [00:03<01:30,  3.76s/trial, best loss: 0.7909178873621511]C:\Users\Administrator\AppData\Local\Programs\Python\Python39\lib\site-packages\sklearn\utils\validation.py:2739: UserWarning: X does not have valid feature names, but LGBMClassifier was fitted with feature names
  warnings.warn(


  8%|▊         | 2/25 [00:07<01:27,  3.79s/trial, best loss: 0.7909178873621511]C:\Users\Administrator\AppData\Local\Programs\Python\Python39\lib\site-packages\sklearn\utils\validation.py:2739: UserWarning: X does not have valid feature names, but LGBMClassifier was fitted with feature names
  warnings.warn(


 12%|█▏        | 3/25 [00:11<01:23,  3.78s/trial, best loss: 0.7909178873621511]C:\Users\Administrator\AppData\Local\Programs\Python\Python39\lib\site-packages\sklearn\utils\validation.py:2739: UserWarning: X does not have valid feature names, but LGBMClassifier was fitted with feature names
  warnings.warn(


 16%|█▌        | 4/25 [00:15<01:18,  3.74s/trial, best loss: 0.7909178873621511]C:\Users\Administrator\AppData\Local\Programs\Python\Python39\lib\site-packages\sklearn\utils\validation.py:2739: UserWarning: X does not have valid feature names, but LGBMClassifier was fitted with feature names
  warnings.warn(


 20%|██        | 5/25 [00:18<01:14,  3.74s/trial, best loss: 0.7909178873621511]C:\Users\Administrator\AppData\Local\Programs\Python\Python39\lib\site-packages\sklearn\utils\validation.py:2739: UserWarning: X does not have valid feature names, but LGBMClassifier was fitted with feature names
  warnings.warn(


 24%|██▍       | 6/25 [00:22<01:12,  3.79s/trial, best loss: 0.7909178873621511]C:\Users\Administrator\AppData\Local\Programs\Python\Python39\lib\site-packages\sklearn\utils\validation.py:2739: UserWarning: X does not have valid feature names, but LGBMClassifier was fitted with feature names
  warnings.warn(


 28%|██▊       | 7/25 [00:26<01:09,  3.83s/trial, best loss: 0.7909178873621511]C:\Users\Administrator\AppData\Local\Programs\Python\Python39\lib\site-packages\sklearn\utils\validation.py:2739: UserWarning: X does not have valid feature names, but LGBMClassifier was fitted with feature names
  warnings.warn(


 32%|███▏      | 8/25 [00:30<01:03,  3.76s/trial, best loss: 0.7909178873621511]C:\Users\Administrator\AppData\Local\Programs\Python\Python39\lib\site-packages\sklearn\utils\validation.py:2739: UserWarning: X does not have valid feature names, but LGBMClassifier was fitted with feature names
  warnings.warn(


 36%|███▌      | 9/25 [00:34<01:01,  3.81s/trial, best loss: 0.7909178873621511]C:\Users\Administrator\AppData\Local\Programs\Python\Python39\lib\site-packages\sklearn\utils\validation.py:2739: UserWarning: X does not have valid feature names, but LGBMClassifier was fitted with feature names
  warnings.warn(


 40%|████      | 10/25 [00:37<00:57,  3.83s/trial, best loss: 0.7909178873621511]C:\Users\Administrator\AppData\Local\Programs\Python\Python39\lib\site-packages\sklearn\utils\validation.py:2739: UserWarning: X does not have valid feature names, but LGBMClassifier was fitted with feature names
  warnings.warn(


 44%|████▍     | 11/25 [00:41<00:52,  3.78s/trial, best loss: 0.7909178873621511]C:\Users\Administrator\AppData\Local\Programs\Python\Python39\lib\site-packages\sklearn\utils\validation.py:2739: UserWarning: X does not have valid feature names, but LGBMClassifier was fitted with feature names
  warnings.warn(


 48%|████▊     | 12/25 [00:45<00:49,  3.79s/trial, best loss: 0.7909178873621511]C:\Users\Administrator\AppData\Local\Programs\Python\Python39\lib\site-packages\sklearn\utils\validation.py:2739: UserWarning: X does not have valid feature names, but LGBMClassifier was fitted with feature names
  warnings.warn(


 52%|█████▏    | 13/25 [00:49<00:45,  3.79s/trial, best loss: 0.6199062763308095]C:\Users\Administrator\AppData\Local\Programs\Python\Python39\lib\site-packages\sklearn\utils\validation.py:2739: UserWarning: X does not have valid feature names, but LGBMClassifier was fitted with feature names
  warnings.warn(


 56%|█████▌    | 14/25 [00:52<00:41,  3.77s/trial, best loss: 0.6199062763308095]C:\Users\Administrator\AppData\Local\Programs\Python\Python39\lib\site-packages\sklearn\utils\validation.py:2739: UserWarning: X does not have valid feature names, but LGBMClassifier was fitted with feature names
  warnings.warn(


 60%|██████    | 15/25 [00:56<00:37,  3.75s/trial, best loss: 0.6199062763308095]C:\Users\Administrator\AppData\Local\Programs\Python\Python39\lib\site-packages\sklearn\utils\validation.py:2739: UserWarning: X does not have valid feature names, but LGBMClassifier was fitted with feature names
  warnings.warn(


 64%|██████▍   | 16/25 [01:00<00:33,  3.74s/trial, best loss: 0.6199062763308095]C:\Users\Administrator\AppData\Local\Programs\Python\Python39\lib\site-packages\sklearn\utils\validation.py:2739: UserWarning: X does not have valid feature names, but LGBMClassifier was fitted with feature names
  warnings.warn(


 68%|██████▊   | 17/25 [01:04<00:29,  3.74s/trial, best loss: 0.6199062763308095]C:\Users\Administrator\AppData\Local\Programs\Python\Python39\lib\site-packages\sklearn\utils\validation.py:2739: UserWarning: X does not have valid feature names, but LGBMClassifier was fitted with feature names
  warnings.warn(


 72%|███████▏  | 18/25 [01:07<00:25,  3.71s/trial, best loss: 0.6199062763308095]C:\Users\Administrator\AppData\Local\Programs\Python\Python39\lib\site-packages\sklearn\utils\validation.py:2739: UserWarning: X does not have valid feature names, but LGBMClassifier was fitted with feature names
  warnings.warn(


 76%|███████▌  | 19/25 [01:11<00:22,  3.72s/trial, best loss: 0.6199062763308095]C:\Users\Administrator\AppData\Local\Programs\Python\Python39\lib\site-packages\sklearn\utils\validation.py:2739: UserWarning: X does not have valid feature names, but LGBMClassifier was fitted with feature names
  warnings.warn(


 80%|████████  | 20/25 [01:15<00:18,  3.72s/trial, best loss: 0.6067459639488701]C:\Users\Administrator\AppData\Local\Programs\Python\Python39\lib\site-packages\sklearn\utils\validation.py:2739: UserWarning: X does not have valid feature names, but LGBMClassifier was fitted with feature names
  warnings.warn(


 84%|████████▍ | 21/25 [01:18<00:14,  3.71s/trial, best loss: 0.6067459639488701]C:\Users\Administrator\AppData\Local\Programs\Python\Python39\lib\site-packages\sklearn\utils\validation.py:2739: UserWarning: X does not have valid feature names, but LGBMClassifier was fitted with feature names
  warnings.warn(


 88%|████████▊ | 22/25 [01:22<00:11,  3.75s/trial, best loss: 0.6067459639488701]C:\Users\Administrator\AppData\Local\Programs\Python\Python39\lib\site-packages\sklearn\utils\validation.py:2739: UserWarning: X does not have valid feature names, but LGBMClassifier was fitted with feature names
  warnings.warn(


 92%|█████████▏| 23/25 [01:26<00:07,  3.80s/trial, best loss: 0.6067459639488701]C:\Users\Administrator\AppData\Local\Programs\Python\Python39\lib\site-packages\sklearn\utils\validation.py:2739: UserWarning: X does not have valid feature names, but LGBMClassifier was fitted with feature names
  warnings.warn(


 96%|█████████▌| 24/25 [01:30<00:03,  3.79s/trial, best loss: 0.6067459639488701]C:\Users\Administrator\AppData\Local\Programs\Python\Python39\lib\site-packages\sklearn\utils\validation.py:2739: UserWarning: X does not have valid feature names, but LGBMClassifier was fitted with feature names
  warnings.warn(


100%|██████████| 25/25 [01:34<00:00,  3.75s/trial, best loss: 0.6067459639488701]
100%|██████████| 25/25 [01:34<00:00,  3.76s/trial, best loss: 0.6067459639488701]
C:\Users\Administrator\AppData\Local\Programs\Python\Python39\lib\site-packages\sklearn\utils\validation.py:2739: UserWarning: X does not have valid feature names, but LGBMClassifier was fitted with feature names
  warnings.warn(
C:\Users\Administrator\AppData\Local\Programs\Python\Python39\lib\site-packages\sklearn\utils\validation.py:2739: UserWarning: X does not have valid feature names, but LGBMClassifier was fitted with feature names
  warnings.warn(
C:\Users\Administrator\AppData\Local\Programs\Python\Python39\lib\site-packages\sklearn\utils\validation.py:2739: UserWarning: X does not have valid feature names, but LGBMClassifier was fitted with feature names
  warnings.warn(
C:\Users\Administrator\AppData\Local\Programs\Python\Python39\lib\site-packages\sklearn\utils\validation.py:2739: UserWarning: X does not have valid feature names, but LGBMClassifier was fitted with feature names
  warnings.warn(
C:\Users\Administrator\AppData\Local\Programs\Python\Python39\lib\site-packages\sklearn\utils\validation.py:2739: UserWarning: X does not have valid feature names, but LGBMClassifier was fitted with feature names
  warnings.warn(
C:\Users\Administrator\AppData\Local\Programs\Python\Python39\lib\site-packages\sklearn\utils\validation.py:2739: UserWarning: X does not have valid feature names, but LGBMClassifier was fitted with feature names
  warnings.warn(
C:\Users\Administrator\AppData\Local\Programs\Python\Python39\lib\site-packages\sklearn\utils\validation.py:2739: UserWarning: X does not have valid feature names, but LGBMClassifier was fitted with feature names
  warnings.warn(
C:\Users\Administrator\AppData\Local\Programs\Python\Python39\lib\site-packages\sklearn\utils\validation.py:2739: UserWarning: X does not have valid feature names, but LGBMClassifier was fitted with feature names
  warnings.warn(
C:\Users\Administrator\AppData\Local\Programs\Python\Python39\lib\site-packages\sklearn\utils\validation.py:2739: UserWarning: X does not have valid feature names, but LGBMClassifier was fitted with feature names
  warnings.warn(
C:\Users\Administrator\AppData\Local\Programs\Python\Python39\lib\site-packages\sklearn\utils\validation.py:2739: UserWarning: X does not have valid feature names, but LGBMClassifier was fitted with feature names
  warnings.warn(
C:\Users\Administrator\AppData\Local\Programs\Python\Python39\lib\site-packages\sklearn\utils\validation.py:2739: UserWarning: X does not have valid feature names, but LGBMClassifier was fitted with feature names
  warnings.warn(
C:\Users\Administrator\AppData\Local\Programs\Python\Python39\lib\site-packages\sklearn\utils\validation.py:2739: UserWarning: X does not have valid feature names, but LGBMClassifier was fitted with feature names
  warnings.warn(
C:\Users\Administrator\AppData\Local\Programs\Python\Python39\lib\site-packages\sklearn\utils\validation.py:2739: UserWarning: X does not have valid feature names, but LGBMClassifier was fitted with feature names
  warnings.warn(
C:\Users\Administrator\AppData\Local\Programs\Python\Python39\lib\site-packages\sklearn\utils\validation.py:2739: UserWarning: X does not have valid feature names, but LGBMClassifier was fitted with feature names
  warnings.warn(
C:\Users\Administrator\AppData\Local\Programs\Python\Python39\lib\site-packages\sklearn\utils\validation.py:2739: UserWarning: X does not have valid feature names, but LGBMClassifier was fitted with feature names
  warnings.warn(
C:\Users\Administrator\AppData\Local\Programs\Python\Python39\lib\site-packages\sklearn\utils\validation.py:2739: UserWarning: X does not have valid feature names, but LGBMClassifier was fitted with feature names
  warnings.warn(
C:\Users\Administrator\AppData\Local\Programs\Python\Python39\lib\site-packages\sklearn\utils\validation.py:2739: UserWarning: X does not have valid feature names, but LGBMClassifier was fitted with feature names
  warnings.warn(
C:\Users\Administrator\AppData\Local\Programs\Python\Python39\lib\site-packages\sklearn\utils\validation.py:2739: UserWarning: X does not have valid feature names, but LGBMClassifier was fitted with feature names
  warnings.warn(
C:\Users\Administrator\AppData\Local\Programs\Python\Python39\lib\site-packages\sklearn\utils\validation.py:2739: UserWarning: X does not have valid feature names, but LGBMClassifier was fitted with feature names
  warnings.warn(
C:\Users\Administrator\AppData\Local\Programs\Python\Python39\lib\site-packages\sklearn\utils\validation.py:2739: UserWarning: X does not have valid feature names, but LGBMClassifier was fitted with feature names
  warnings.warn(

  0%|          | 0/25 [00:00<?, ?trial/s, best loss=?]C:\Users\Administrator\AppData\Local\Programs\Python\Python39\lib\site-packages\sklearn\utils\validation.py:2739: UserWarning: X does not have valid feature names, but LGBMClassifier was fitted with feature names
  warnings.warn(


  4%|▍         | 1/25 [00:01<00:37,  1.57s/trial, best loss: 0.5535356157655507]C:\Users\Administrator\AppData\Local\Programs\Python\Python39\lib\site-packages\sklearn\utils\validation.py:2739: UserWarning: X does not have valid feature names, but LGBMClassifier was fitted with feature names
  warnings.warn(


  8%|▊         | 2/25 [00:03<00:40,  1.74s/trial, best loss: 0.5535356157655507]C:\Users\Administrator\AppData\Local\Programs\Python\Python39\lib\site-packages\sklearn\utils\validation.py:2739: UserWarning: X does not have valid feature names, but LGBMClassifier was fitted with feature names
  warnings.warn(


 12%|█▏        | 3/25 [00:04<00:36,  1.65s/trial, best loss: 0.4588280243118724]C:\Users\Administrator\AppData\Local\Programs\Python\Python39\lib\site-packages\sklearn\utils\validation.py:2739: UserWarning: X does not have valid feature names, but LGBMClassifier was fitted with feature names
  warnings.warn(


 16%|█▌        | 4/25 [00:06<00:33,  1.61s/trial, best loss: 0.4588280243118724]C:\Users\Administrator\AppData\Local\Programs\Python\Python39\lib\site-packages\sklearn\utils\validation.py:2739: UserWarning: X does not have valid feature names, but LGBMClassifier was fitted with feature names
  warnings.warn(


 20%|██        | 5/25 [00:08<00:32,  1.61s/trial, best loss: 0.4435503120941272]C:\Users\Administrator\AppData\Local\Programs\Python\Python39\lib\site-packages\sklearn\utils\validation.py:2739: UserWarning: X does not have valid feature names, but LGBMClassifier was fitted with feature names
  warnings.warn(


 24%|██▍       | 6/25 [00:09<00:31,  1.65s/trial, best loss: 0.4435503120941272]C:\Users\Administrator\AppData\Local\Programs\Python\Python39\lib\site-packages\sklearn\utils\validation.py:2739: UserWarning: X does not have valid feature names, but LGBMClassifier was fitted with feature names
  warnings.warn(


 28%|██▊       | 7/25 [00:11<00:29,  1.64s/trial, best loss: 0.4435503120941272]C:\Users\Administrator\AppData\Local\Programs\Python\Python39\lib\site-packages\sklearn\utils\validation.py:2739: UserWarning: X does not have valid feature names, but LGBMClassifier was fitted with feature names
  warnings.warn(


 32%|███▏      | 8/25 [00:13<00:27,  1.63s/trial, best loss: 0.4435503120941272]C:\Users\Administrator\AppData\Local\Programs\Python\Python39\lib\site-packages\sklearn\utils\validation.py:2739: UserWarning: X does not have valid feature names, but LGBMClassifier was fitted with feature names
  warnings.warn(


 36%|███▌      | 9/25 [00:14<00:26,  1.63s/trial, best loss: 0.4435503120941272]C:\Users\Administrator\AppData\Local\Programs\Python\Python39\lib\site-packages\sklearn\utils\validation.py:2739: UserWarning: X does not have valid feature names, but LGBMClassifier was fitted with feature names
  warnings.warn(


 40%|████      | 10/25 [00:16<00:24,  1.63s/trial, best loss: 0.4435503120941272]C:\Users\Administrator\AppData\Local\Programs\Python\Python39\lib\site-packages\sklearn\utils\validation.py:2739: UserWarning: X does not have valid feature names, but LGBMClassifier was fitted with feature names
  warnings.warn(


 44%|████▍     | 11/25 [00:17<00:22,  1.60s/trial, best loss: 0.4435503120941272]C:\Users\Administrator\AppData\Local\Programs\Python\Python39\lib\site-packages\sklearn\utils\validation.py:2739: UserWarning: X does not have valid feature names, but LGBMClassifier was fitted with feature names
  warnings.warn(


 48%|████▊     | 12/25 [00:19<00:20,  1.59s/trial, best loss: 0.4435503120941272]C:\Users\Administrator\AppData\Local\Programs\Python\Python39\lib\site-packages\sklearn\utils\validation.py:2739: UserWarning: X does not have valid feature names, but LGBMClassifier was fitted with feature names
  warnings.warn(


 52%|█████▏    | 13/25 [00:21<00:19,  1.62s/trial, best loss: 0.4435503120941272]C:\Users\Administrator\AppData\Local\Programs\Python\Python39\lib\site-packages\sklearn\utils\validation.py:2739: UserWarning: X does not have valid feature names, but LGBMClassifier was fitted with feature names
  warnings.warn(


 56%|█████▌    | 14/25 [00:22<00:17,  1.61s/trial, best loss: 0.4435503120941272]C:\Users\Administrator\AppData\Local\Programs\Python\Python39\lib\site-packages\sklearn\utils\validation.py:2739: UserWarning: X does not have valid feature names, but LGBMClassifier was fitted with feature names
  warnings.warn(


 60%|██████    | 15/25 [00:24<00:15,  1.59s/trial, best loss: 0.4435503120941272]C:\Users\Administrator\AppData\Local\Programs\Python\Python39\lib\site-packages\sklearn\utils\validation.py:2739: UserWarning: X does not have valid feature names, but LGBMClassifier was fitted with feature names
  warnings.warn(


 64%|██████▍   | 16/25 [00:25<00:14,  1.60s/trial, best loss: 0.4435503120941272]C:\Users\Administrator\AppData\Local\Programs\Python\Python39\lib\site-packages\sklearn\utils\validation.py:2739: UserWarning: X does not have valid feature names, but LGBMClassifier was fitted with feature names
  warnings.warn(


 68%|██████▊   | 17/25 [00:28<00:14,  1.80s/trial, best loss: 0.4435503120941272]C:\Users\Administrator\AppData\Local\Programs\Python\Python39\lib\site-packages\sklearn\utils\validation.py:2739: UserWarning: X does not have valid feature names, but LGBMClassifier was fitted with feature names
  warnings.warn(


 72%|███████▏  | 18/25 [00:29<00:12,  1.74s/trial, best loss: 0.26379426107769594]C:\Users\Administrator\AppData\Local\Programs\Python\Python39\lib\site-packages\sklearn\utils\validation.py:2739: UserWarning: X does not have valid feature names, but LGBMClassifier was fitted with feature names
  warnings.warn(


 76%|███████▌  | 19/25 [00:31<00:10,  1.69s/trial, best loss: 0.26379426107769594]C:\Users\Administrator\AppData\Local\Programs\Python\Python39\lib\site-packages\sklearn\utils\validation.py:2739: UserWarning: X does not have valid feature names, but LGBMClassifier was fitted with feature names
  warnings.warn(


 80%|████████  | 20/25 [00:32<00:08,  1.65s/trial, best loss: 0.26379426107769594]C:\Users\Administrator\AppData\Local\Programs\Python\Python39\lib\site-packages\sklearn\utils\validation.py:2739: UserWarning: X does not have valid feature names, but LGBMClassifier was fitted with feature names
  warnings.warn(


 84%|████████▍ | 21/25 [00:34<00:06,  1.65s/trial, best loss: 0.26379426107769594]C:\Users\Administrator\AppData\Local\Programs\Python\Python39\lib\site-packages\sklearn\utils\validation.py:2739: UserWarning: X does not have valid feature names, but LGBMClassifier was fitted with feature names
  warnings.warn(


 88%|████████▊ | 22/25 [00:36<00:04,  1.63s/trial, best loss: 0.26379426107769594]C:\Users\Administrator\AppData\Local\Programs\Python\Python39\lib\site-packages\sklearn\utils\validation.py:2739: UserWarning: X does not have valid feature names, but LGBMClassifier was fitted with feature names
  warnings.warn(


 92%|█████████▏| 23/25 [00:37<00:03,  1.63s/trial, best loss: 0.26379426107769594]C:\Users\Administrator\AppData\Local\Programs\Python\Python39\lib\site-packages\sklearn\utils\validation.py:2739: UserWarning: X does not have valid feature names, but LGBMClassifier was fitted with feature names
  warnings.warn(


 96%|█████████▌| 24/25 [00:39<00:01,  1.62s/trial, best loss: 0.26379426107769594]C:\Users\Administrator\AppData\Local\Programs\Python\Python39\lib\site-packages\sklearn\utils\validation.py:2739: UserWarning: X does not have valid feature names, but LGBMClassifier was fitted with feature names
  warnings.warn(


100%|██████████| 25/25 [00:41<00:00,  1.64s/trial, best loss: 0.26379426107769594]
100%|██████████| 25/25 [00:41<00:00,  1.64s/trial, best loss: 0.26379426107769594]
C:\Users\Administrator\AppData\Local\Programs\Python\Python39\lib\site-packages\sklearn\utils\validation.py:2739: UserWarning: X does not have valid feature names, but LGBMClassifier was fitted with feature names
  warnings.warn(
C:\Users\Administrator\AppData\Local\Programs\Python\Python39\lib\site-packages\sklearn\utils\validation.py:2739: UserWarning: X does not have valid feature names, but LGBMClassifier was fitted with feature names
  warnings.warn(
C:\Users\Administrator\AppData\Local\Programs\Python\Python39\lib\site-packages\sklearn\utils\validation.py:2739: UserWarning: X does not have valid feature names, but LGBMClassifier was fitted with feature names
  warnings.warn(
C:\Users\Administrator\AppData\Local\Programs\Python\Python39\lib\site-packages\sklearn\utils\validation.py:2739: UserWarning: X does not have valid feature names, but LGBMClassifier was fitted with feature names
  warnings.warn(
C:\Users\Administrator\AppData\Local\Programs\Python\Python39\lib\site-packages\sklearn\utils\validation.py:2739: UserWarning: X does not have valid feature names, but LGBMClassifier was fitted with feature names
  warnings.warn(
C:\Users\Administrator\AppData\Local\Programs\Python\Python39\lib\site-packages\sklearn\utils\validation.py:2739: UserWarning: X does not have valid feature names, but LGBMClassifier was fitted with feature names
  warnings.warn(
C:\Users\Administrator\AppData\Local\Programs\Python\Python39\lib\site-packages\sklearn\utils\validation.py:2739: UserWarning: X does not have valid feature names, but LGBMClassifier was fitted with feature names
  warnings.warn(
C:\Users\Administrator\AppData\Local\Programs\Python\Python39\lib\site-packages\sklearn\utils\validation.py:2739: UserWarning: X does not have valid feature names, but LGBMClassifier was fitted with feature names
  warnings.warn(
C:\Users\Administrator\AppData\Local\Programs\Python\Python39\lib\site-packages\sklearn\utils\validation.py:2739: UserWarning: X does not have valid feature names, but LGBMClassifier was fitted with feature names
  warnings.warn(
C:\Users\Administrator\AppData\Local\Programs\Python\Python39\lib\site-packages\sklearn\utils\validation.py:2739: UserWarning: X does not have valid feature names, but LGBMClassifier was fitted with feature names
  warnings.warn(
C:\Users\Administrator\AppData\Local\Programs\Python\Python39\lib\site-packages\sklearn\utils\validation.py:2739: UserWarning: X does not have valid feature names, but LGBMClassifier was fitted with feature names
  warnings.warn(
C:\Users\Administrator\AppData\Local\Programs\Python\Python39\lib\site-packages\sklearn\utils\validation.py:2739: UserWarning: X does not have valid feature names, but LGBMClassifier was fitted with feature names
  warnings.warn(
C:\Users\Administrator\AppData\Local\Programs\Python\Python39\lib\site-packages\sklearn\utils\validation.py:2739: UserWarning: X does not have valid feature names, but LGBMClassifier was fitted with feature names
  warnings.warn(
C:\Users\Administrator\AppData\Local\Programs\Python\Python39\lib\site-packages\sklearn\utils\validation.py:2739: UserWarning: X does not have valid feature names, but LGBMClassifier was fitted with feature names
  warnings.warn(
C:\Users\Administrator\AppData\Local\Programs\Python\Python39\lib\site-packages\sklearn\utils\validation.py:2739: UserWarning: X does not have valid feature names, but LGBMClassifier was fitted with feature names
  warnings.warn(
C:\Users\Administrator\AppData\Local\Programs\Python\Python39\lib\site-packages\sklearn\utils\validation.py:2739: UserWarning: X does not have valid feature names, but LGBMClassifier was fitted with feature names
  warnings.warn(
C:\Users\Administrator\AppData\Local\Programs\Python\Python39\lib\site-packages\sklearn\utils\validation.py:2739: UserWarning: X does not have valid feature names, but LGBMClassifier was fitted with feature names
  warnings.warn(
C:\Users\Administrator\AppData\Local\Programs\Python\Python39\lib\site-packages\sklearn\utils\validation.py:2739: UserWarning: X does not have valid feature names, but LGBMClassifier was fitted with feature names
  warnings.warn(
C:\Users\Administrator\AppData\Local\Programs\Python\Python39\lib\site-packages\sklearn\utils\validation.py:2739: UserWarning: X does not have valid feature names, but LGBMClassifier was fitted with feature names
  warnings.warn(
C:\Users\Administrator\AppData\Local\Programs\Python\Python39\lib\site-packages\sklearn\utils\validation.py:2739: UserWarning: X does not have valid feature names, but LGBMClassifier was fitted with feature names
  warnings.warn(

  0%|          | 0/25 [00:00<?, ?trial/s, best loss=?]C:\Users\Administrator\AppData\Local\Programs\Python\Python39\lib\site-packages\sklearn\utils\validation.py:2739: UserWarning: X does not have valid feature names, but LGBMClassifier was fitted with feature names
  warnings.warn(


  4%|▍         | 1/25 [00:01<00:25,  1.07s/trial, best loss: 0.07421170292934051]C:\Users\Administrator\AppData\Local\Programs\Python\Python39\lib\site-packages\sklearn\utils\validation.py:2739: UserWarning: X does not have valid feature names, but LGBMClassifier was fitted with feature names
  warnings.warn(


  8%|▊         | 2/25 [00:02<00:25,  1.11s/trial, best loss: 0.022636963636060416]C:\Users\Administrator\AppData\Local\Programs\Python\Python39\lib\site-packages\sklearn\utils\validation.py:2739: UserWarning: X does not have valid feature names, but LGBMClassifier was fitted with feature names
  warnings.warn(


 12%|█▏        | 3/25 [00:03<00:24,  1.11s/trial, best loss: 0.0018297672619140282]C:\Users\Administrator\AppData\Local\Programs\Python\Python39\lib\site-packages\sklearn\utils\validation.py:2739: UserWarning: X does not have valid feature names, but LGBMClassifier was fitted with feature names
  warnings.warn(


 16%|█▌        | 4/25 [00:05<00:28,  1.38s/trial, best loss: -0.5671211644825644]  C:\Users\Administrator\AppData\Local\Programs\Python\Python39\lib\site-packages\sklearn\utils\validation.py:2739: UserWarning: X does not have valid feature names, but LGBMClassifier was fitted with feature names
  warnings.warn(


 20%|██        | 5/25 [00:06<00:25,  1.27s/trial, best loss: -0.5671211644825644]C:\Users\Administrator\AppData\Local\Programs\Python\Python39\lib\site-packages\sklearn\utils\validation.py:2739: UserWarning: X does not have valid feature names, but LGBMClassifier was fitted with feature names
  warnings.warn(


 24%|██▍       | 6/25 [00:07<00:23,  1.22s/trial, best loss: -0.5671211644825644]C:\Users\Administrator\AppData\Local\Programs\Python\Python39\lib\site-packages\sklearn\utils\validation.py:2739: UserWarning: X does not have valid feature names, but LGBMClassifier was fitted with feature names
  warnings.warn(


 28%|██▊       | 7/25 [00:08<00:21,  1.18s/trial, best loss: -0.5671211644825644]C:\Users\Administrator\AppData\Local\Programs\Python\Python39\lib\site-packages\sklearn\utils\validation.py:2739: UserWarning: X does not have valid feature names, but LGBMClassifier was fitted with feature names
  warnings.warn(


 32%|███▏      | 8/25 [00:09<00:19,  1.14s/trial, best loss: -0.5671211644825644]C:\Users\Administrator\AppData\Local\Programs\Python\Python39\lib\site-packages\sklearn\utils\validation.py:2739: UserWarning: X does not have valid feature names, but LGBMClassifier was fitted with feature names
  warnings.warn(


 36%|███▌      | 9/25 [00:10<00:18,  1.15s/trial, best loss: -0.6527646258214725]C:\Users\Administrator\AppData\Local\Programs\Python\Python39\lib\site-packages\sklearn\utils\validation.py:2739: UserWarning: X does not have valid feature names, but LGBMClassifier was fitted with feature names
  warnings.warn(


 40%|████      | 10/25 [00:12<00:19,  1.30s/trial, best loss: -0.6527646258214725]C:\Users\Administrator\AppData\Local\Programs\Python\Python39\lib\site-packages\sklearn\utils\validation.py:2739: UserWarning: X does not have valid feature names, but LGBMClassifier was fitted with feature names
  warnings.warn(


 44%|████▍     | 11/25 [00:13<00:17,  1.24s/trial, best loss: -0.6527646258214725]C:\Users\Administrator\AppData\Local\Programs\Python\Python39\lib\site-packages\sklearn\utils\validation.py:2739: UserWarning: X does not have valid feature names, but LGBMClassifier was fitted with feature names
  warnings.warn(


 48%|████▊     | 12/25 [00:14<00:15,  1.21s/trial, best loss: -0.6527646258214725]C:\Users\Administrator\AppData\Local\Programs\Python\Python39\lib\site-packages\sklearn\utils\validation.py:2739: UserWarning: X does not have valid feature names, but LGBMClassifier was fitted with feature names
  warnings.warn(


 52%|█████▏    | 13/25 [00:15<00:13,  1.16s/trial, best loss: -0.6527646258214725]C:\Users\Administrator\AppData\Local\Programs\Python\Python39\lib\site-packages\sklearn\utils\validation.py:2739: UserWarning: X does not have valid feature names, but LGBMClassifier was fitted with feature names
  warnings.warn(


 56%|█████▌    | 14/25 [00:16<00:12,  1.12s/trial, best loss: -0.6527646258214725]C:\Users\Administrator\AppData\Local\Programs\Python\Python39\lib\site-packages\sklearn\utils\validation.py:2739: UserWarning: X does not have valid feature names, but LGBMClassifier was fitted with feature names
  warnings.warn(


 60%|██████    | 15/25 [00:17<00:11,  1.13s/trial, best loss: -0.6527646258214725]C:\Users\Administrator\AppData\Local\Programs\Python\Python39\lib\site-packages\sklearn\utils\validation.py:2739: UserWarning: X does not have valid feature names, but LGBMClassifier was fitted with feature names
  warnings.warn(


 64%|██████▍   | 16/25 [00:19<00:12,  1.34s/trial, best loss: -0.6527646258214725]C:\Users\Administrator\AppData\Local\Programs\Python\Python39\lib\site-packages\sklearn\utils\validation.py:2739: UserWarning: X does not have valid feature names, but LGBMClassifier was fitted with feature names
  warnings.warn(


 68%|██████▊   | 17/25 [00:20<00:10,  1.28s/trial, best loss: -0.6527646258214725]C:\Users\Administrator\AppData\Local\Programs\Python\Python39\lib\site-packages\sklearn\utils\validation.py:2739: UserWarning: X does not have valid feature names, but LGBMClassifier was fitted with feature names
  warnings.warn(


 72%|███████▏  | 18/25 [00:21<00:08,  1.23s/trial, best loss: -0.6527646258214725]C:\Users\Administrator\AppData\Local\Programs\Python\Python39\lib\site-packages\sklearn\utils\validation.py:2739: UserWarning: X does not have valid feature names, but LGBMClassifier was fitted with feature names
  warnings.warn(


 76%|███████▌  | 19/25 [00:22<00:07,  1.20s/trial, best loss: -0.6527646258214725]C:\Users\Administrator\AppData\Local\Programs\Python\Python39\lib\site-packages\sklearn\utils\validation.py:2739: UserWarning: X does not have valid feature names, but LGBMClassifier was fitted with feature names
  warnings.warn(


 80%|████████  | 20/25 [00:24<00:05,  1.17s/trial, best loss: -0.6527646258214725]C:\Users\Administrator\AppData\Local\Programs\Python\Python39\lib\site-packages\sklearn\utils\validation.py:2739: UserWarning: X does not have valid feature names, but LGBMClassifier was fitted with feature names
  warnings.warn(


 84%|████████▍ | 21/25 [00:25<00:05,  1.27s/trial, best loss: -0.6527646258214725]C:\Users\Administrator\AppData\Local\Programs\Python\Python39\lib\site-packages\sklearn\utils\validation.py:2739: UserWarning: X does not have valid feature names, but LGBMClassifier was fitted with feature names
  warnings.warn(


 88%|████████▊ | 22/25 [00:26<00:03,  1.29s/trial, best loss: -0.6527646258214725]C:\Users\Administrator\AppData\Local\Programs\Python\Python39\lib\site-packages\sklearn\utils\validation.py:2739: UserWarning: X does not have valid feature names, but LGBMClassifier was fitted with feature names
  warnings.warn(


 92%|█████████▏| 23/25 [00:28<00:02,  1.24s/trial, best loss: -0.6527646258214725]C:\Users\Administrator\AppData\Local\Programs\Python\Python39\lib\site-packages\sklearn\utils\validation.py:2739: UserWarning: X does not have valid feature names, but LGBMClassifier was fitted with feature names
  warnings.warn(


 96%|█████████▌| 24/25 [00:29<00:01,  1.19s/trial, best loss: -0.6527646258214725]C:\Users\Administrator\AppData\Local\Programs\Python\Python39\lib\site-packages\sklearn\utils\validation.py:2739: UserWarning: X does not have valid feature names, but LGBMClassifier was fitted with feature names
  warnings.warn(


100%|██████████| 25/25 [00:30<00:00,  1.18s/trial, best loss: -0.6527646258214725]
100%|██████████| 25/25 [00:30<00:00,  1.21s/trial, best loss: -0.6527646258214725]
C:\Users\Administrator\AppData\Local\Programs\Python\Python39\lib\site-packages\sklearn\utils\validation.py:2739: UserWarning: X does not have valid feature names, but LGBMClassifier was fitted with feature names
  warnings.warn(
C:\Users\Administrator\AppData\Local\Programs\Python\Python39\lib\site-packages\sklearn\utils\validation.py:2739: UserWarning: X does not have valid feature names, but LGBMClassifier was fitted with feature names
  warnings.warn(
C:\Users\Administrator\AppData\Local\Programs\Python\Python39\lib\site-packages\sklearn\utils\validation.py:2739: UserWarning: X does not have valid feature names, but LGBMClassifier was fitted with feature names
  warnings.warn(
C:\Users\Administrator\AppData\Local\Programs\Python\Python39\lib\site-packages\sklearn\utils\validation.py:2739: UserWarning: X does not have valid feature names, but LGBMClassifier was fitted with feature names
  warnings.warn(
C:\Users\Administrator\AppData\Local\Programs\Python\Python39\lib\site-packages\sklearn\utils\validation.py:2739: UserWarning: X does not have valid feature names, but LGBMClassifier was fitted with feature names
  warnings.warn(
C:\Users\Administrator\AppData\Local\Programs\Python\Python39\lib\site-packages\sklearn\utils\validation.py:2739: UserWarning: X does not have valid feature names, but LGBMClassifier was fitted with feature names
  warnings.warn(
C:\Users\Administrator\AppData\Local\Programs\Python\Python39\lib\site-packages\sklearn\utils\validation.py:2739: UserWarning: X does not have valid feature names, but LGBMClassifier was fitted with feature names
  warnings.warn(
C:\Users\Administrator\AppData\Local\Programs\Python\Python39\lib\site-packages\sklearn\utils\validation.py:2739: UserWarning: X does not have valid feature names, but LGBMClassifier was fitted with feature names
  warnings.warn(
C:\Users\Administrator\AppData\Local\Programs\Python\Python39\lib\site-packages\sklearn\utils\validation.py:2739: UserWarning: X does not have valid feature names, but LGBMClassifier was fitted with feature names
  warnings.warn(
C:\Users\Administrator\AppData\Local\Programs\Python\Python39\lib\site-packages\sklearn\utils\validation.py:2739: UserWarning: X does not have valid feature names, but LGBMClassifier was fitted with feature names
  warnings.warn(
C:\Users\Administrator\AppData\Local\Programs\Python\Python39\lib\site-packages\sklearn\utils\validation.py:2739: UserWarning: X does not have valid feature names, but LGBMClassifier was fitted with feature names
  warnings.warn(
C:\Users\Administrator\AppData\Local\Programs\Python\Python39\lib\site-packages\sklearn\utils\validation.py:2739: UserWarning: X does not have valid feature names, but LGBMClassifier was fitted with feature names
  warnings.warn(
C:\Users\Administrator\AppData\Local\Programs\Python\Python39\lib\site-packages\sklearn\utils\validation.py:2739: UserWarning: X does not have valid feature names, but LGBMClassifier was fitted with feature names
  warnings.warn(
C:\Users\Administrator\AppData\Local\Programs\Python\Python39\lib\site-packages\sklearn\utils\validation.py:2739: UserWarning: X does not have valid feature names, but LGBMClassifier was fitted with feature names
  warnings.warn(
C:\Users\Administrator\AppData\Local\Programs\Python\Python39\lib\site-packages\sklearn\utils\validation.py:2739: UserWarning: X does not have valid feature names, but LGBMClassifier was fitted with feature names
  warnings.warn(
C:\Users\Administrator\AppData\Local\Programs\Python\Python39\lib\site-packages\sklearn\utils\validation.py:2739: UserWarning: X does not have valid feature names, but LGBMClassifier was fitted with feature names
  warnings.warn(
C:\Users\Administrator\AppData\Local\Programs\Python\Python39\lib\site-packages\sklearn\utils\validation.py:2739: UserWarning: X does not have valid feature names, but LGBMClassifier was fitted with feature names
  warnings.warn(
C:\Users\Administrator\AppData\Local\Programs\Python\Python39\lib\site-packages\sklearn\utils\validation.py:2739: UserWarning: X does not have valid feature names, but LGBMClassifier was fitted with feature names
  warnings.warn(
C:\Users\Administrator\AppData\Local\Programs\Python\Python39\lib\site-packages\sklearn\utils\validation.py:2739: UserWarning: X does not have valid feature names, but LGBMClassifier was fitted with feature names
  warnings.warn(
C:\Users\Administrator\AppData\Local\Programs\Python\Python39\lib\site-packages\sklearn\utils\validation.py:2739: UserWarning: X does not have valid feature names, but LGBMClassifier was fitted with feature names
  warnings.warn(

  0%|          | 0/25 [00:00<?, ?trial/s, best loss=?]C:\Users\Administrator\AppData\Local\Programs\Python\Python39\lib\site-packages\sklearn\utils\validation.py:2739: UserWarning: X does not have valid feature names, but LGBMClassifier was fitted with feature names
  warnings.warn(


  4%|▍         | 1/25 [00:00<00:18,  1.28trial/s, best loss: -0.12478373704449357]C:\Users\Administrator\AppData\Local\Programs\Python\Python39\lib\site-packages\sklearn\utils\validation.py:2739: UserWarning: X does not have valid feature names, but LGBMClassifier was fitted with feature names
  warnings.warn(


  8%|▊         | 2/25 [00:01<00:17,  1.28trial/s, best loss: -0.4876151504312579] C:\Users\Administrator\AppData\Local\Programs\Python\Python39\lib\site-packages\sklearn\utils\validation.py:2739: UserWarning: X does not have valid feature names, but LGBMClassifier was fitted with feature names
  warnings.warn(


 12%|█▏        | 3/25 [00:02<00:17,  1.27trial/s, best loss: -0.6851225881682044]C:\Users\Administrator\AppData\Local\Programs\Python\Python39\lib\site-packages\sklearn\utils\validation.py:2739: UserWarning: X does not have valid feature names, but LGBMClassifier was fitted with feature names
  warnings.warn(


 16%|█▌        | 4/25 [00:03<00:16,  1.24trial/s, best loss: -0.6851225881682044]C:\Users\Administrator\AppData\Local\Programs\Python\Python39\lib\site-packages\sklearn\utils\validation.py:2739: UserWarning: X does not have valid feature names, but LGBMClassifier was fitted with feature names
  warnings.warn(


 20%|██        | 5/25 [00:03<00:15,  1.26trial/s, best loss: -0.6851225881682044]C:\Users\Administrator\AppData\Local\Programs\Python\Python39\lib\site-packages\sklearn\utils\validation.py:2739: UserWarning: X does not have valid feature names, but LGBMClassifier was fitted with feature names
  warnings.warn(


 24%|██▍       | 6/25 [00:04<00:15,  1.25trial/s, best loss: -0.6851225881682044]C:\Users\Administrator\AppData\Local\Programs\Python\Python39\lib\site-packages\sklearn\utils\validation.py:2739: UserWarning: X does not have valid feature names, but LGBMClassifier was fitted with feature names
  warnings.warn(


 28%|██▊       | 7/25 [00:07<00:23,  1.30s/trial, best loss: -0.7293041415272343]C:\Users\Administrator\AppData\Local\Programs\Python\Python39\lib\site-packages\sklearn\utils\validation.py:2739: UserWarning: X does not have valid feature names, but LGBMClassifier was fitted with feature names
  warnings.warn(


 32%|███▏      | 8/25 [00:07<00:19,  1.15s/trial, best loss: -0.7293041415272343]C:\Users\Administrator\AppData\Local\Programs\Python\Python39\lib\site-packages\sklearn\utils\validation.py:2739: UserWarning: X does not have valid feature names, but LGBMClassifier was fitted with feature names
  warnings.warn(


 36%|███▌      | 9/25 [00:08<00:16,  1.05s/trial, best loss: -0.8002154490465159]C:\Users\Administrator\AppData\Local\Programs\Python\Python39\lib\site-packages\sklearn\utils\validation.py:2739: UserWarning: X does not have valid feature names, but LGBMClassifier was fitted with feature names
  warnings.warn(


 40%|████      | 10/25 [00:09<00:14,  1.02trial/s, best loss: -0.8002154490465159]C:\Users\Administrator\AppData\Local\Programs\Python\Python39\lib\site-packages\sklearn\utils\validation.py:2739: UserWarning: X does not have valid feature names, but LGBMClassifier was fitted with feature names
  warnings.warn(


 44%|████▍     | 11/25 [00:10<00:12,  1.09trial/s, best loss: -0.8002154490465159]C:\Users\Administrator\AppData\Local\Programs\Python\Python39\lib\site-packages\sklearn\utils\validation.py:2739: UserWarning: X does not have valid feature names, but LGBMClassifier was fitted with feature names
  warnings.warn(


 48%|████▊     | 12/25 [00:11<00:11,  1.13trial/s, best loss: -0.8002154490465159]C:\Users\Administrator\AppData\Local\Programs\Python\Python39\lib\site-packages\sklearn\utils\validation.py:2739: UserWarning: X does not have valid feature names, but LGBMClassifier was fitted with feature names
  warnings.warn(


 52%|█████▏    | 13/25 [00:11<00:10,  1.16trial/s, best loss: -0.8002154490465159]C:\Users\Administrator\AppData\Local\Programs\Python\Python39\lib\site-packages\sklearn\utils\validation.py:2739: UserWarning: X does not have valid feature names, but LGBMClassifier was fitted with feature names
  warnings.warn(


 56%|█████▌    | 14/25 [00:13<00:12,  1.10s/trial, best loss: -0.8002154490465159]C:\Users\Administrator\AppData\Local\Programs\Python\Python39\lib\site-packages\sklearn\utils\validation.py:2739: UserWarning: X does not have valid feature names, but LGBMClassifier was fitted with feature names
  warnings.warn(


 60%|██████    | 15/25 [00:14<00:10,  1.01s/trial, best loss: -0.8002154490465159]C:\Users\Administrator\AppData\Local\Programs\Python\Python39\lib\site-packages\sklearn\utils\validation.py:2739: UserWarning: X does not have valid feature names, but LGBMClassifier was fitted with feature names
  warnings.warn(


 64%|██████▍   | 16/25 [00:15<00:08,  1.05trial/s, best loss: -0.8002154490465159]C:\Users\Administrator\AppData\Local\Programs\Python\Python39\lib\site-packages\sklearn\utils\validation.py:2739: UserWarning: X does not have valid feature names, but LGBMClassifier was fitted with feature names
  warnings.warn(


 68%|██████▊   | 17/25 [00:16<00:07,  1.11trial/s, best loss: -0.8002154490465159]C:\Users\Administrator\AppData\Local\Programs\Python\Python39\lib\site-packages\sklearn\utils\validation.py:2739: UserWarning: X does not have valid feature names, but LGBMClassifier was fitted with feature names
  warnings.warn(


 72%|███████▏  | 18/25 [00:16<00:06,  1.13trial/s, best loss: -0.8002154490465159]C:\Users\Administrator\AppData\Local\Programs\Python\Python39\lib\site-packages\sklearn\utils\validation.py:2739: UserWarning: X does not have valid feature names, but LGBMClassifier was fitted with feature names
  warnings.warn(


 76%|███████▌  | 19/25 [00:17<00:05,  1.16trial/s, best loss: -0.8002154490465159]C:\Users\Administrator\AppData\Local\Programs\Python\Python39\lib\site-packages\sklearn\utils\validation.py:2739: UserWarning: X does not have valid feature names, but LGBMClassifier was fitted with feature names
  warnings.warn(


 80%|████████  | 20/25 [00:18<00:04,  1.20trial/s, best loss: -0.8002154490465159]C:\Users\Administrator\AppData\Local\Programs\Python\Python39\lib\site-packages\sklearn\utils\validation.py:2739: UserWarning: X does not have valid feature names, but LGBMClassifier was fitted with feature names
  warnings.warn(


 84%|████████▍ | 21/25 [00:19<00:03,  1.00trial/s, best loss: -0.9716731386035118]C:\Users\Administrator\AppData\Local\Programs\Python\Python39\lib\site-packages\sklearn\utils\validation.py:2739: UserWarning: X does not have valid feature names, but LGBMClassifier was fitted with feature names
  warnings.warn(


 88%|████████▊ | 22/25 [00:20<00:02,  1.07trial/s, best loss: -0.9716731386035118]C:\Users\Administrator\AppData\Local\Programs\Python\Python39\lib\site-packages\sklearn\utils\validation.py:2739: UserWarning: X does not have valid feature names, but LGBMClassifier was fitted with feature names
  warnings.warn(


 92%|█████████▏| 23/25 [00:21<00:01,  1.12trial/s, best loss: -0.9716731386035118]C:\Users\Administrator\AppData\Local\Programs\Python\Python39\lib\site-packages\sklearn\utils\validation.py:2739: UserWarning: X does not have valid feature names, but LGBMClassifier was fitted with feature names
  warnings.warn(


 96%|█████████▌| 24/25 [00:22<00:00,  1.15trial/s, best loss: -0.9716731386035118]C:\Users\Administrator\AppData\Local\Programs\Python\Python39\lib\site-packages\sklearn\utils\validation.py:2739: UserWarning: X does not have valid feature names, but LGBMClassifier was fitted with feature names
  warnings.warn(


100%|██████████| 25/25 [00:23<00:00,  1.17trial/s, best loss: -0.9716731386035118]
100%|██████████| 25/25 [00:23<00:00,  1.08trial/s, best loss: -0.9716731386035118]
C:\Users\Administrator\AppData\Local\Programs\Python\Python39\lib\site-packages\sklearn\utils\validation.py:2739: UserWarning: X does not have valid feature names, but LGBMClassifier was fitted with feature names
  warnings.warn(
C:\Users\Administrator\AppData\Local\Programs\Python\Python39\lib\site-packages\sklearn\utils\validation.py:2739: UserWarning: X does not have valid feature names, but LGBMClassifier was fitted with feature names
  warnings.warn(
C:\Users\Administrator\AppData\Local\Programs\Python\Python39\lib\site-packages\sklearn\utils\validation.py:2739: UserWarning: X does not have valid feature names, but LGBMClassifier was fitted with feature names
  warnings.warn(
C:\Users\Administrator\AppData\Local\Programs\Python\Python39\lib\site-packages\sklearn\utils\validation.py:2739: UserWarning: X does not have valid feature names, but LGBMClassifier was fitted with feature names
  warnings.warn(
C:\Users\Administrator\AppData\Local\Programs\Python\Python39\lib\site-packages\sklearn\utils\validation.py:2739: UserWarning: X does not have valid feature names, but LGBMClassifier was fitted with feature names
  warnings.warn(
C:\Users\Administrator\AppData\Local\Programs\Python\Python39\lib\site-packages\sklearn\utils\validation.py:2739: UserWarning: X does not have valid feature names, but LGBMClassifier was fitted with feature names
  warnings.warn(
C:\Users\Administrator\AppData\Local\Programs\Python\Python39\lib\site-packages\sklearn\utils\validation.py:2739: UserWarning: X does not have valid feature names, but LGBMClassifier was fitted with feature names
  warnings.warn(
C:\Users\Administrator\AppData\Local\Programs\Python\Python39\lib\site-packages\sklearn\utils\validation.py:2739: UserWarning: X does not have valid feature names, but LGBMClassifier was fitted with feature names
  warnings.warn(
C:\Users\Administrator\AppData\Local\Programs\Python\Python39\lib\site-packages\sklearn\utils\validation.py:2739: UserWarning: X does not have valid feature names, but LGBMClassifier was fitted with feature names
  warnings.warn(
C:\Users\Administrator\AppData\Local\Programs\Python\Python39\lib\site-packages\sklearn\utils\validation.py:2739: UserWarning: X does not have valid feature names, but LGBMClassifier was fitted with feature names
  warnings.warn(
C:\Users\Administrator\AppData\Local\Programs\Python\Python39\lib\site-packages\sklearn\utils\validation.py:2739: UserWarning: X does not have valid feature names, but LGBMClassifier was fitted with feature names
  warnings.warn(
C:\Users\Administrator\AppData\Local\Programs\Python\Python39\lib\site-packages\sklearn\utils\validation.py:2739: UserWarning: X does not have valid feature names, but LGBMClassifier was fitted with feature names
  warnings.warn(
C:\Users\Administrator\AppData\Local\Programs\Python\Python39\lib\site-packages\sklearn\utils\validation.py:2739: UserWarning: X does not have valid feature names, but LGBMClassifier was fitted with feature names
  warnings.warn(
C:\Users\Administrator\AppData\Local\Programs\Python\Python39\lib\site-packages\sklearn\utils\validation.py:2739: UserWarning: X does not have valid feature names, but LGBMClassifier was fitted with feature names
  warnings.warn(
C:\Users\Administrator\AppData\Local\Programs\Python\Python39\lib\site-packages\sklearn\utils\validation.py:2739: UserWarning: X does not have valid feature names, but LGBMClassifier was fitted with feature names
  warnings.warn(
C:\Users\Administrator\AppData\Local\Programs\Python\Python39\lib\site-packages\sklearn\utils\validation.py:2739: UserWarning: X does not have valid feature names, but LGBMClassifier was fitted with feature names
  warnings.warn(
C:\Users\Administrator\AppData\Local\Programs\Python\Python39\lib\site-packages\sklearn\utils\validation.py:2739: UserWarning: X does not have valid feature names, but LGBMClassifier was fitted with feature names
  warnings.warn(
C:\Users\Administrator\AppData\Local\Programs\Python\Python39\lib\site-packages\sklearn\utils\validation.py:2739: UserWarning: X does not have valid feature names, but LGBMClassifier was fitted with feature names
  warnings.warn(
C:\Users\Administrator\AppData\Local\Programs\Python\Python39\lib\site-packages\sklearn\utils\validation.py:2739: UserWarning: X does not have valid feature names, but LGBMClassifier was fitted with feature names
  warnings.warn(
C:\Users\Administrator\AppData\Local\Programs\Python\Python39\lib\site-packages\sklearn\utils\validation.py:2739: UserWarning: X does not have valid feature names, but LGBMClassifier was fitted with feature names
  warnings.warn(

  0%|          | 0/25 [00:00<?, ?trial/s, best loss=?]C:\Users\Administrator\AppData\Local\Programs\Python\Python39\lib\site-packages\sklearn\utils\validation.py:2739: UserWarning: X does not have valid feature names, but LGBMClassifier was fitted with feature names
  warnings.warn(


  4%|▍         | 1/25 [00:00<00:15,  1.58trial/s, best loss: -0.2579812964774595]C:\Users\Administrator\AppData\Local\Programs\Python\Python39\lib\site-packages\sklearn\utils\validation.py:2739: UserWarning: X does not have valid feature names, but LGBMClassifier was fitted with feature names
  warnings.warn(


  8%|▊         | 2/25 [00:01<00:14,  1.55trial/s, best loss: -0.2579812964774595]C:\Users\Administrator\AppData\Local\Programs\Python\Python39\lib\site-packages\sklearn\utils\validation.py:2739: UserWarning: X does not have valid feature names, but LGBMClassifier was fitted with feature names
  warnings.warn(


 12%|█▏        | 3/25 [00:01<00:13,  1.57trial/s, best loss: -0.2579812964774595]C:\Users\Administrator\AppData\Local\Programs\Python\Python39\lib\site-packages\sklearn\utils\validation.py:2739: UserWarning: X does not have valid feature names, but LGBMClassifier was fitted with feature names
  warnings.warn(


 16%|█▌        | 4/25 [00:02<00:13,  1.55trial/s, best loss: -0.5283185355403373]C:\Users\Administrator\AppData\Local\Programs\Python\Python39\lib\site-packages\sklearn\utils\validation.py:2739: UserWarning: X does not have valid feature names, but LGBMClassifier was fitted with feature names
  warnings.warn(


 20%|██        | 5/25 [00:03<00:12,  1.54trial/s, best loss: -0.5283185355403373]C:\Users\Administrator\AppData\Local\Programs\Python\Python39\lib\site-packages\sklearn\utils\validation.py:2739: UserWarning: X does not have valid feature names, but LGBMClassifier was fitted with feature names
  warnings.warn(


 24%|██▍       | 6/25 [00:03<00:12,  1.55trial/s, best loss: -0.5283185355403373]C:\Users\Administrator\AppData\Local\Programs\Python\Python39\lib\site-packages\sklearn\utils\validation.py:2739: UserWarning: X does not have valid feature names, but LGBMClassifier was fitted with feature names
  warnings.warn(


 28%|██▊       | 7/25 [00:04<00:11,  1.55trial/s, best loss: -0.572019083635214] C:\Users\Administrator\AppData\Local\Programs\Python\Python39\lib\site-packages\sklearn\utils\validation.py:2739: UserWarning: X does not have valid feature names, but LGBMClassifier was fitted with feature names
  warnings.warn(


 32%|███▏      | 8/25 [00:05<00:10,  1.57trial/s, best loss: -0.572019083635214]C:\Users\Administrator\AppData\Local\Programs\Python\Python39\lib\site-packages\sklearn\utils\validation.py:2739: UserWarning: X does not have valid feature names, but LGBMClassifier was fitted with feature names
  warnings.warn(


 36%|███▌      | 9/25 [00:06<00:11,  1.36trial/s, best loss: -0.572019083635214]C:\Users\Administrator\AppData\Local\Programs\Python\Python39\lib\site-packages\sklearn\utils\validation.py:2739: UserWarning: X does not have valid feature names, but LGBMClassifier was fitted with feature names
  warnings.warn(


 40%|████      | 10/25 [00:06<00:10,  1.39trial/s, best loss: -0.572019083635214]C:\Users\Administrator\AppData\Local\Programs\Python\Python39\lib\site-packages\sklearn\utils\validation.py:2739: UserWarning: X does not have valid feature names, but LGBMClassifier was fitted with feature names
  warnings.warn(


 44%|████▍     | 11/25 [00:07<00:09,  1.46trial/s, best loss: -0.572019083635214]C:\Users\Administrator\AppData\Local\Programs\Python\Python39\lib\site-packages\sklearn\utils\validation.py:2739: UserWarning: X does not have valid feature names, but LGBMClassifier was fitted with feature names
  warnings.warn(


 48%|████▊     | 12/25 [00:08<00:08,  1.48trial/s, best loss: -0.572019083635214]C:\Users\Administrator\AppData\Local\Programs\Python\Python39\lib\site-packages\sklearn\utils\validation.py:2739: UserWarning: X does not have valid feature names, but LGBMClassifier was fitted with feature names
  warnings.warn(


 52%|█████▏    | 13/25 [00:08<00:07,  1.51trial/s, best loss: -0.572019083635214]C:\Users\Administrator\AppData\Local\Programs\Python\Python39\lib\site-packages\sklearn\utils\validation.py:2739: UserWarning: X does not have valid feature names, but LGBMClassifier was fitted with feature names
  warnings.warn(


 56%|█████▌    | 14/25 [00:09<00:07,  1.54trial/s, best loss: -0.572019083635214]C:\Users\Administrator\AppData\Local\Programs\Python\Python39\lib\site-packages\sklearn\utils\validation.py:2739: UserWarning: X does not have valid feature names, but LGBMClassifier was fitted with feature names
  warnings.warn(


 60%|██████    | 15/25 [00:09<00:06,  1.54trial/s, best loss: -0.572019083635214]C:\Users\Administrator\AppData\Local\Programs\Python\Python39\lib\site-packages\sklearn\utils\validation.py:2739: UserWarning: X does not have valid feature names, but LGBMClassifier was fitted with feature names
  warnings.warn(


 64%|██████▍   | 16/25 [00:10<00:05,  1.54trial/s, best loss: -0.572019083635214]C:\Users\Administrator\AppData\Local\Programs\Python\Python39\lib\site-packages\sklearn\utils\validation.py:2739: UserWarning: X does not have valid feature names, but LGBMClassifier was fitted with feature names
  warnings.warn(


 68%|██████▊   | 17/25 [00:11<00:05,  1.53trial/s, best loss: -0.572019083635214]C:\Users\Administrator\AppData\Local\Programs\Python\Python39\lib\site-packages\sklearn\utils\validation.py:2739: UserWarning: X does not have valid feature names, but LGBMClassifier was fitted with feature names
  warnings.warn(


 72%|███████▏  | 18/25 [00:11<00:04,  1.53trial/s, best loss: -0.572019083635214]C:\Users\Administrator\AppData\Local\Programs\Python\Python39\lib\site-packages\sklearn\utils\validation.py:2739: UserWarning: X does not have valid feature names, but LGBMClassifier was fitted with feature names
  warnings.warn(


 76%|███████▌  | 19/25 [00:12<00:03,  1.56trial/s, best loss: -0.572019083635214]C:\Users\Administrator\AppData\Local\Programs\Python\Python39\lib\site-packages\sklearn\utils\validation.py:2739: UserWarning: X does not have valid feature names, but LGBMClassifier was fitted with feature names
  warnings.warn(


 80%|████████  | 20/25 [00:13<00:03,  1.42trial/s, best loss: -0.572019083635214]C:\Users\Administrator\AppData\Local\Programs\Python\Python39\lib\site-packages\sklearn\utils\validation.py:2739: UserWarning: X does not have valid feature names, but LGBMClassifier was fitted with feature names
  warnings.warn(


 84%|████████▍ | 21/25 [00:13<00:02,  1.47trial/s, best loss: -0.572019083635214]C:\Users\Administrator\AppData\Local\Programs\Python\Python39\lib\site-packages\sklearn\utils\validation.py:2739: UserWarning: X does not have valid feature names, but LGBMClassifier was fitted with feature names
  warnings.warn(


 88%|████████▊ | 22/25 [00:14<00:02,  1.48trial/s, best loss: -0.572019083635214]C:\Users\Administrator\AppData\Local\Programs\Python\Python39\lib\site-packages\sklearn\utils\validation.py:2739: UserWarning: X does not have valid feature names, but LGBMClassifier was fitted with feature names
  warnings.warn(


 92%|█████████▏| 23/25 [00:15<00:01,  1.50trial/s, best loss: -0.684534933667844]C:\Users\Administrator\AppData\Local\Programs\Python\Python39\lib\site-packages\sklearn\utils\validation.py:2739: UserWarning: X does not have valid feature names, but LGBMClassifier was fitted with feature names
  warnings.warn(


 96%|█████████▌| 24/25 [00:15<00:00,  1.51trial/s, best loss: -0.684534933667844]C:\Users\Administrator\AppData\Local\Programs\Python\Python39\lib\site-packages\sklearn\utils\validation.py:2739: UserWarning: X does not have valid feature names, but LGBMClassifier was fitted with feature names
  warnings.warn(


100%|██████████| 25/25 [00:16<00:00,  1.53trial/s, best loss: -0.684534933667844]
100%|██████████| 25/25 [00:16<00:00,  1.51trial/s, best loss: -0.684534933667844]
C:\Users\Administrator\AppData\Local\Programs\Python\Python39\lib\site-packages\sklearn\utils\validation.py:2739: UserWarning: X does not have valid feature names, but LGBMClassifier was fitted with feature names
  warnings.warn(
C:\Users\Administrator\AppData\Local\Programs\Python\Python39\lib\site-packages\sklearn\utils\validation.py:2739: UserWarning: X does not have valid feature names, but LGBMClassifier was fitted with feature names
  warnings.warn(
C:\Users\Administrator\AppData\Local\Programs\Python\Python39\lib\site-packages\sklearn\utils\validation.py:2739: UserWarning: X does not have valid feature names, but LGBMClassifier was fitted with feature names
  warnings.warn(
C:\Users\Administrator\AppData\Local\Programs\Python\Python39\lib\site-packages\sklearn\utils\validation.py:2739: UserWarning: X does not have valid feature names, but LGBMClassifier was fitted with feature names
  warnings.warn(
C:\Users\Administrator\AppData\Local\Programs\Python\Python39\lib\site-packages\sklearn\utils\validation.py:2739: UserWarning: X does not have valid feature names, but LGBMClassifier was fitted with feature names
  warnings.warn(
C:\Users\Administrator\AppData\Local\Programs\Python\Python39\lib\site-packages\sklearn\utils\validation.py:2739: UserWarning: X does not have valid feature names, but LGBMClassifier was fitted with feature names
  warnings.warn(
C:\Users\Administrator\AppData\Local\Programs\Python\Python39\lib\site-packages\sklearn\utils\validation.py:2739: UserWarning: X does not have valid feature names, but LGBMClassifier was fitted with feature names
  warnings.warn(
C:\Users\Administrator\AppData\Local\Programs\Python\Python39\lib\site-packages\sklearn\utils\validation.py:2739: UserWarning: X does not have valid feature names, but LGBMClassifier was fitted with feature names
  warnings.warn(
C:\Users\Administrator\AppData\Local\Programs\Python\Python39\lib\site-packages\sklearn\utils\validation.py:2739: UserWarning: X does not have valid feature names, but LGBMClassifier was fitted with feature names
  warnings.warn(
C:\Users\Administrator\AppData\Local\Programs\Python\Python39\lib\site-packages\sklearn\utils\validation.py:2739: UserWarning: X does not have valid feature names, but LGBMClassifier was fitted with feature names
  warnings.warn(
C:\Users\Administrator\AppData\Local\Programs\Python\Python39\lib\site-packages\sklearn\utils\validation.py:2739: UserWarning: X does not have valid feature names, but LGBMClassifier was fitted with feature names
  warnings.warn(
C:\Users\Administrator\AppData\Local\Programs\Python\Python39\lib\site-packages\sklearn\utils\validation.py:2739: UserWarning: X does not have valid feature names, but LGBMClassifier was fitted with feature names
  warnings.warn(
C:\Users\Administrator\AppData\Local\Programs\Python\Python39\lib\site-packages\sklearn\utils\validation.py:2739: UserWarning: X does not have valid feature names, but LGBMClassifier was fitted with feature names
  warnings.warn(
C:\Users\Administrator\AppData\Local\Programs\Python\Python39\lib\site-packages\sklearn\utils\validation.py:2739: UserWarning: X does not have valid feature names, but LGBMClassifier was fitted with feature names
  warnings.warn(
C:\Users\Administrator\AppData\Local\Programs\Python\Python39\lib\site-packages\sklearn\utils\validation.py:2739: UserWarning: X does not have valid feature names, but LGBMClassifier was fitted with feature names
  warnings.warn(
C:\Users\Administrator\AppData\Local\Programs\Python\Python39\lib\site-packages\sklearn\utils\validation.py:2739: UserWarning: X does not have valid feature names, but LGBMClassifier was fitted with feature names
  warnings.warn(
C:\Users\Administrator\AppData\Local\Programs\Python\Python39\lib\site-packages\sklearn\utils\validation.py:2739: UserWarning: X does not have valid feature names, but LGBMClassifier was fitted with feature names
  warnings.warn(
C:\Users\Administrator\AppData\Local\Programs\Python\Python39\lib\site-packages\sklearn\utils\validation.py:2739: UserWarning: X does not have valid feature names, but LGBMClassifier was fitted with feature names
  warnings.warn(
C:\Users\Administrator\AppData\Local\Programs\Python\Python39\lib\site-packages\sklearn\utils\validation.py:2739: UserWarning: X does not have valid feature names, but LGBMClassifier was fitted with feature names
  warnings.warn(
C:\Users\Administrator\AppData\Local\Programs\Python\Python39\lib\site-packages\sklearn\utils\validation.py:2739: UserWarning: X does not have valid feature names, but LGBMClassifier was fitted with feature names
  warnings.warn(

  0%|          | 0/25 [00:00<?, ?trial/s, best loss=?]C:\Users\Administrator\AppData\Local\Programs\Python\Python39\lib\site-packages\sklearn\utils\validation.py:2739: UserWarning: X does not have valid feature names, but LGBMClassifier was fitted with feature names
  warnings.warn(


  4%|▍         | 1/25 [00:00<00:13,  1.80trial/s, best loss: 2.316979666390327]C:\Users\Administrator\AppData\Local\Programs\Python\Python39\lib\site-packages\sklearn\utils\validation.py:2739: UserWarning: X does not have valid feature names, but LGBMClassifier was fitted with feature names
  warnings.warn(


  8%|▊         | 2/25 [00:01<00:12,  1.83trial/s, best loss: 0.3357285289720834]C:\Users\Administrator\AppData\Local\Programs\Python\Python39\lib\site-packages\sklearn\utils\validation.py:2739: UserWarning: X does not have valid feature names, but LGBMClassifier was fitted with feature names
  warnings.warn(


 12%|█▏        | 3/25 [00:01<00:11,  1.84trial/s, best loss: 0.3357285289720834]C:\Users\Administrator\AppData\Local\Programs\Python\Python39\lib\site-packages\sklearn\utils\validation.py:2739: UserWarning: X does not have valid feature names, but LGBMClassifier was fitted with feature names
  warnings.warn(


 16%|█▌        | 4/25 [00:02<00:11,  1.83trial/s, best loss: 0.3357285289720834]C:\Users\Administrator\AppData\Local\Programs\Python\Python39\lib\site-packages\sklearn\utils\validation.py:2739: UserWarning: X does not have valid feature names, but LGBMClassifier was fitted with feature names
  warnings.warn(


 20%|██        | 5/25 [00:02<00:11,  1.80trial/s, best loss: 0.32772465899420966]C:\Users\Administrator\AppData\Local\Programs\Python\Python39\lib\site-packages\sklearn\utils\validation.py:2739: UserWarning: X does not have valid feature names, but LGBMClassifier was fitted with feature names
  warnings.warn(


 24%|██▍       | 6/25 [00:03<00:11,  1.63trial/s, best loss: 0.32772465899420966]C:\Users\Administrator\AppData\Local\Programs\Python\Python39\lib\site-packages\sklearn\utils\validation.py:2739: UserWarning: X does not have valid feature names, but LGBMClassifier was fitted with feature names
  warnings.warn(


 28%|██▊       | 7/25 [00:04<00:11,  1.61trial/s, best loss: 0.32772465899420966]C:\Users\Administrator\AppData\Local\Programs\Python\Python39\lib\site-packages\sklearn\utils\validation.py:2739: UserWarning: X does not have valid feature names, but LGBMClassifier was fitted with feature names
  warnings.warn(


 32%|███▏      | 8/25 [00:04<00:10,  1.69trial/s, best loss: 0.32772465899420966]C:\Users\Administrator\AppData\Local\Programs\Python\Python39\lib\site-packages\sklearn\utils\validation.py:2739: UserWarning: X does not have valid feature names, but LGBMClassifier was fitted with feature names
  warnings.warn(


 36%|███▌      | 9/25 [00:05<00:09,  1.73trial/s, best loss: 0.32772465899420966]C:\Users\Administrator\AppData\Local\Programs\Python\Python39\lib\site-packages\sklearn\utils\validation.py:2739: UserWarning: X does not have valid feature names, but LGBMClassifier was fitted with feature names
  warnings.warn(


 40%|████      | 10/25 [00:05<00:08,  1.74trial/s, best loss: 0.32772465899420966]C:\Users\Administrator\AppData\Local\Programs\Python\Python39\lib\site-packages\sklearn\utils\validation.py:2739: UserWarning: X does not have valid feature names, but LGBMClassifier was fitted with feature names
  warnings.warn(


 44%|████▍     | 11/25 [00:06<00:07,  1.76trial/s, best loss: 0.32772465899420966]C:\Users\Administrator\AppData\Local\Programs\Python\Python39\lib\site-packages\sklearn\utils\validation.py:2739: UserWarning: X does not have valid feature names, but LGBMClassifier was fitted with feature names
  warnings.warn(


 48%|████▊     | 12/25 [00:06<00:07,  1.80trial/s, best loss: 0.32772465899420966]C:\Users\Administrator\AppData\Local\Programs\Python\Python39\lib\site-packages\sklearn\utils\validation.py:2739: UserWarning: X does not have valid feature names, but LGBMClassifier was fitted with feature names
  warnings.warn(


 52%|█████▏    | 13/25 [00:07<00:06,  1.80trial/s, best loss: 0.32772465899420966]C:\Users\Administrator\AppData\Local\Programs\Python\Python39\lib\site-packages\sklearn\utils\validation.py:2739: UserWarning: X does not have valid feature names, but LGBMClassifier was fitted with feature names
  warnings.warn(


 56%|█████▌    | 14/25 [00:07<00:06,  1.82trial/s, best loss: 0.32772465899420966]C:\Users\Administrator\AppData\Local\Programs\Python\Python39\lib\site-packages\sklearn\utils\validation.py:2739: UserWarning: X does not have valid feature names, but LGBMClassifier was fitted with feature names
  warnings.warn(


 60%|██████    | 15/25 [00:08<00:05,  1.77trial/s, best loss: 0.32772465899420966]C:\Users\Administrator\AppData\Local\Programs\Python\Python39\lib\site-packages\sklearn\utils\validation.py:2739: UserWarning: X does not have valid feature names, but LGBMClassifier was fitted with feature names
  warnings.warn(


 64%|██████▍   | 16/25 [00:09<00:05,  1.79trial/s, best loss: 0.32772465899420966]C:\Users\Administrator\AppData\Local\Programs\Python\Python39\lib\site-packages\sklearn\utils\validation.py:2739: UserWarning: X does not have valid feature names, but LGBMClassifier was fitted with feature names
  warnings.warn(


 68%|██████▊   | 17/25 [00:09<00:04,  1.79trial/s, best loss: 0.32772465899420966]C:\Users\Administrator\AppData\Local\Programs\Python\Python39\lib\site-packages\sklearn\utils\validation.py:2739: UserWarning: X does not have valid feature names, but LGBMClassifier was fitted with feature names
  warnings.warn(


 72%|███████▏  | 18/25 [00:10<00:04,  1.62trial/s, best loss: 0.32772465899420966]C:\Users\Administrator\AppData\Local\Programs\Python\Python39\lib\site-packages\sklearn\utils\validation.py:2739: UserWarning: X does not have valid feature names, but LGBMClassifier was fitted with feature names
  warnings.warn(


 76%|███████▌  | 19/25 [00:10<00:03,  1.70trial/s, best loss: 0.32772465899420966]C:\Users\Administrator\AppData\Local\Programs\Python\Python39\lib\site-packages\sklearn\utils\validation.py:2739: UserWarning: X does not have valid feature names, but LGBMClassifier was fitted with feature names
  warnings.warn(


 80%|████████  | 20/25 [00:11<00:02,  1.73trial/s, best loss: 0.32772465899420966]C:\Users\Administrator\AppData\Local\Programs\Python\Python39\lib\site-packages\sklearn\utils\validation.py:2739: UserWarning: X does not have valid feature names, but LGBMClassifier was fitted with feature names
  warnings.warn(


 84%|████████▍ | 21/25 [00:13<00:03,  1.13trial/s, best loss: 0.32772465899420966]C:\Users\Administrator\AppData\Local\Programs\Python\Python39\lib\site-packages\sklearn\utils\validation.py:2739: UserWarning: X does not have valid feature names, but LGBMClassifier was fitted with feature names
  warnings.warn(


 88%|████████▊ | 22/25 [00:13<00:02,  1.26trial/s, best loss: 0.32772465899420966]C:\Users\Administrator\AppData\Local\Programs\Python\Python39\lib\site-packages\sklearn\utils\validation.py:2739: UserWarning: X does not have valid feature names, but LGBMClassifier was fitted with feature names
  warnings.warn(


 92%|█████████▏| 23/25 [00:14<00:01,  1.39trial/s, best loss: 0.32772465899420966]C:\Users\Administrator\AppData\Local\Programs\Python\Python39\lib\site-packages\sklearn\utils\validation.py:2739: UserWarning: X does not have valid feature names, but LGBMClassifier was fitted with feature names
  warnings.warn(


 96%|█████████▌| 24/25 [00:14<00:00,  1.50trial/s, best loss: 0.32772465899420966]C:\Users\Administrator\AppData\Local\Programs\Python\Python39\lib\site-packages\sklearn\utils\validation.py:2739: UserWarning: X does not have valid feature names, but LGBMClassifier was fitted with feature names
  warnings.warn(


100%|██████████| 25/25 [00:15<00:00,  1.57trial/s, best loss: 0.32772465899420966]
100%|██████████| 25/25 [00:15<00:00,  1.63trial/s, best loss: 0.32772465899420966]
C:\Users\Administrator\AppData\Local\Programs\Python\Python39\lib\site-packages\sklearn\utils\validation.py:2739: UserWarning: X does not have valid feature names, but LGBMClassifier was fitted with feature names
  warnings.warn(
C:\Users\Administrator\AppData\Local\Programs\Python\Python39\lib\site-packages\sklearn\utils\validation.py:2739: UserWarning: X does not have valid feature names, but LGBMClassifier was fitted with feature names
  warnings.warn(
C:\Users\Administrator\AppData\Local\Programs\Python\Python39\lib\site-packages\sklearn\utils\validation.py:2739: UserWarning: X does not have valid feature names, but LGBMClassifier was fitted with feature names
  warnings.warn(
C:\Users\Administrator\AppData\Local\Programs\Python\Python39\lib\site-packages\sklearn\utils\validation.py:2739: UserWarning: X does not have valid feature names, but LGBMClassifier was fitted with feature names
  warnings.warn(
C:\Users\Administrator\AppData\Local\Programs\Python\Python39\lib\site-packages\sklearn\utils\validation.py:2739: UserWarning: X does not have valid feature names, but LGBMClassifier was fitted with feature names
  warnings.warn(
C:\Users\Administrator\AppData\Local\Programs\Python\Python39\lib\site-packages\sklearn\utils\validation.py:2739: UserWarning: X does not have valid feature names, but LGBMClassifier was fitted with feature names
  warnings.warn(
C:\Users\Administrator\AppData\Local\Programs\Python\Python39\lib\site-packages\sklearn\utils\validation.py:2739: UserWarning: X does not have valid feature names, but LGBMClassifier was fitted with feature names
  warnings.warn(
C:\Users\Administrator\AppData\Local\Programs\Python\Python39\lib\site-packages\sklearn\utils\validation.py:2739: UserWarning: X does not have valid feature names, but LGBMClassifier was fitted with feature names
  warnings.warn(
C:\Users\Administrator\AppData\Local\Programs\Python\Python39\lib\site-packages\sklearn\utils\validation.py:2739: UserWarning: X does not have valid feature names, but LGBMClassifier was fitted with feature names
  warnings.warn(
C:\Users\Administrator\AppData\Local\Programs\Python\Python39\lib\site-packages\sklearn\utils\validation.py:2739: UserWarning: X does not have valid feature names, but LGBMClassifier was fitted with feature names
  warnings.warn(
C:\Users\Administrator\AppData\Local\Programs\Python\Python39\lib\site-packages\sklearn\utils\validation.py:2739: UserWarning: X does not have valid feature names, but LGBMClassifier was fitted with feature names
  warnings.warn(
C:\Users\Administrator\AppData\Local\Programs\Python\Python39\lib\site-packages\sklearn\utils\validation.py:2739: UserWarning: X does not have valid feature names, but LGBMClassifier was fitted with feature names
  warnings.warn(
C:\Users\Administrator\AppData\Local\Programs\Python\Python39\lib\site-packages\sklearn\utils\validation.py:2739: UserWarning: X does not have valid feature names, but LGBMClassifier was fitted with feature names
  warnings.warn(
C:\Users\Administrator\AppData\Local\Programs\Python\Python39\lib\site-packages\sklearn\utils\validation.py:2739: UserWarning: X does not have valid feature names, but LGBMClassifier was fitted with feature names
  warnings.warn(
C:\Users\Administrator\AppData\Local\Programs\Python\Python39\lib\site-packages\sklearn\utils\validation.py:2739: UserWarning: X does not have valid feature names, but LGBMClassifier was fitted with feature names
  warnings.warn(
C:\Users\Administrator\AppData\Local\Programs\Python\Python39\lib\site-packages\sklearn\utils\validation.py:2739: UserWarning: X does not have valid feature names, but LGBMClassifier was fitted with feature names
  warnings.warn(
C:\Users\Administrator\AppData\Local\Programs\Python\Python39\lib\site-packages\sklearn\utils\validation.py:2739: UserWarning: X does not have valid feature names, but LGBMClassifier was fitted with feature names
  warnings.warn(
C:\Users\Administrator\AppData\Local\Programs\Python\Python39\lib\site-packages\sklearn\utils\validation.py:2739: UserWarning: X does not have valid feature names, but LGBMClassifier was fitted with feature names
  warnings.warn(
C:\Users\Administrator\AppData\Local\Programs\Python\Python39\lib\site-packages\sklearn\utils\validation.py:2739: UserWarning: X does not have valid feature names, but LGBMClassifier was fitted with feature names
  warnings.warn(
C:\Users\Administrator\AppData\Local\Programs\Python\Python39\lib\site-packages\sklearn\utils\validation.py:2739: UserWarning: X does not have valid feature names, but LGBMClassifier was fitted with feature names
  warnings.warn(
C:\Users\Administrator\AppData\Local\Programs\Python\Python39\lib\site-packages\sklearn\utils\validation.py:2739: UserWarning: X does not have valid feature names, but LGBMClassifier was fitted with feature names
  warnings.warn(
C:\Users\Administrator\AppData\Local\Programs\Python\Python39\lib\site-packages\sklearn\utils\validation.py:2739: UserWarning: X does not have valid feature names, but LGBMClassifier was fitted with feature names
  warnings.warn(
C:\Users\Administrator\AppData\Local\Programs\Python\Python39\lib\site-packages\sklearn\utils\validation.py:2739: UserWarning: X does not have valid feature names, but LGBMClassifier was fitted with feature names
  warnings.warn(
C:\Users\Administrator\AppData\Local\Programs\Python\Python39\lib\site-packages\sklearn\utils\validation.py:2739: UserWarning: X does not have valid feature names, but LGBMClassifier was fitted with feature names
  warnings.warn(
C:\Users\Administrator\AppData\Local\Programs\Python\Python39\lib\site-packages\sklearn\utils\validation.py:2739: UserWarning: X does not have valid feature names, but LGBMClassifier was fitted with feature names
  warnings.warn(
D:\quant_system_pro (3)\quant_system_pro\backtest\backtest_pro.py:330: UserWarning: Glyph 39057 (\N{CJK UNIFIED IDEOGRAPH-9891}) missing from font(s) DejaVu Sans.
  buf=io.BytesIO(); plt.tight_layout(); plt.savefig(buf, format="png"); data=base64.b64encode(buf.getvalue()).decode()
D:\quant_system_pro (3)\quant_system_pro\backtest\backtest_pro.py:330: UserWarning: Glyph 25968 (\N{CJK UNIFIED IDEOGRAPH-6570}) missing from font(s) DejaVu Sans.
  buf=io.BytesIO(); plt.tight_layout(); plt.savefig(buf, format="png"); data=base64.b64encode(buf.getvalue()).decode()
D:\quant_system_pro (3)\quant_system_pro\backtest\backtest_pro.py:330: UserWarning: Glyph 20998 (\N{CJK UNIFIED IDEOGRAPH-5206}) missing from font(s) DejaVu Sans.
  buf=io.BytesIO(); plt.tight_layout(); plt.savefig(buf, format="png"); data=base64.b64encode(buf.getvalue()).decode()
D:\quant_system_pro (3)\quant_system_pro\backtest\backtest_pro.py:330: UserWarning: Glyph 24067 (\N{CJK UNIFIED IDEOGRAPH-5E03}) missing from font(s) DejaVu Sans.
  buf=io.BytesIO(); plt.tight_layout(); plt.savefig(buf, format="png"); data=base64.b64encode(buf.getvalue()).decode()
D:\quant_system_pro (3)\quant_system_pro\backtest\backtest_pro.py:330: UserWarning: Glyph 65288 (\N{FULLWIDTH LEFT PARENTHESIS}) missing from font(s) DejaVu Sans.
  buf=io.BytesIO(); plt.tight_layout(); plt.savefig(buf, format="png"); data=base64.b64encode(buf.getvalue()).decode()
D:\quant_system_pro (3)\quant_system_pro\backtest\backtest_pro.py:330: UserWarning: Glyph 36234 (\N{CJK UNIFIED IDEOGRAPH-8D8A}) missing from font(s) DejaVu Sans.
  buf=io.BytesIO(); plt.tight_layout(); plt.savefig(buf, format="png"); data=base64.b64encode(buf.getvalue()).decode()
D:\quant_system_pro (3)\quant_system_pro\backtest\backtest_pro.py:330: UserWarning: Glyph 20302 (\N{CJK UNIFIED IDEOGRAPH-4F4E}) missing from font(s) DejaVu Sans.
  buf=io.BytesIO(); plt.tight_layout(); plt.savefig(buf, format="png"); data=base64.b64encode(buf.getvalue()).decode()
D:\quant_system_pro (3)\quant_system_pro\backtest\backtest_pro.py:330: UserWarning: Glyph 22909 (\N{CJK UNIFIED IDEOGRAPH-597D}) missing from font(s) DejaVu Sans.
  buf=io.BytesIO(); plt.tight_layout(); plt.savefig(buf, format="png"); data=base64.b64encode(buf.getvalue()).decode()
D:\quant_system_pro (3)\quant_system_pro\backtest\backtest_pro.py:330: UserWarning: Glyph 65289 (\N{FULLWIDTH RIGHT PARENTHESIS}) missing from font(s) DejaVu Sans.
  buf=io.BytesIO(); plt.tight_layout(); plt.savefig(buf, format="png"); data=base64.b64encode(buf.getvalue()).decode()
[完成] 最优表: D:\quant_system_pro (3)\quant_system_pro\results\full_throttle\最优组合总表_S档_20250817-032932.csv
[完成] best_combo: data/best_combo.csv
