[A6-SHIM] pandas.DataFrame.to_csv 已安装修订钩子（仅拦截 a6_strategy_scores*）
C:\Users\Administrator\AppData\Local\Programs\Python\Python39\lib\site-packages\hyperopt\atpe.py:19: UserWarning: pkg_resources is deprecated as an API. See https://setuptools.pypa.io/en/latest/pkg_resources.html. The pkg_resources package is slated for removal as early as 2025-11-30. Refrain from using this package or pin to Setuptools<81.
  import pkg_resources
[GPU] Torch 2.6.0+cu124 | CUDA 12.4 | Device NVIDIA GeForce RTX 3060 | available=True
[GPU] XGBoost 1.7.6 (gpu_hist supported)
[GPU] LightGBM available (GPU depends on build)
[回测] 符号数=1 窗口=90天 S档=ON

  0%|          | 0/25 [00:00<?, ?trial/s, best loss=?]
  4%|▍         | 1/25 [00:08<03:35,  8.96s/trial, best loss: 1.0673572708204488]
  8%|▊         | 2/25 [00:17<03:16,  8.53s/trial, best loss: 1.0673572708204488]
 12%|█▏        | 3/25 [00:25<03:05,  8.43s/trial, best loss: 1.0673572708204488]
 16%|█▌        | 4/25 [00:34<03:00,  8.58s/trial, best loss: 1.0673572708204488]
 20%|██        | 5/25 [00:42<02:51,  8.56s/trial, best loss: 1.0673572708204488]
 24%|██▍       | 6/25 [00:51<02:44,  8.66s/trial, best loss: 1.0673572708204488]
 28%|██▊       | 7/25 [01:00<02:37,  8.74s/trial, best loss: 1.0673572708204488]
 32%|███▏      | 8/25 [01:09<02:27,  8.67s/trial, best loss: 1.050870164223594] 
 36%|███▌      | 9/25 [01:17<02:19,  8.73s/trial, best loss: 1.050870164223594]
 40%|████      | 10/25 [01:25<02:05,  8.40s/trial, best loss: 1.050870164223594]
 44%|████▍     | 11/25 [01:32<01:52,  8.01s/trial, best loss: 1.050870164223594]
 48%|████▊     | 12/25 [01:40<01:42,  7.92s/trial, best loss: 1.050870164223594]
 52%|█████▏    | 13/25 [01:48<01:34,  7.89s/trial, best loss: 1.050870164223594]
 56%|█████▌    | 14/25 [01:55<01:24,  7.65s/trial, best loss: 1.050870164223594]
 60%|██████    | 15/25 [02:03<01:16,  7.67s/trial, best loss: 1.050870164223594]
 64%|██████▍   | 16/25 [02:11<01:11,  7.99s/trial, best loss: 1.050870164223594]
 68%|██████▊   | 17/25 [02:20<01:05,  8.20s/trial, best loss: 1.0256954911084362]
 72%|███████▏  | 18/25 [02:28<00:55,  7.99s/trial, best loss: 1.0256954911084362]
 76%|███████▌  | 19/25 [02:35<00:47,  7.87s/trial, best loss: 1.0256954911084362]
 80%|████████  | 20/25 [02:43<00:40,  8.02s/trial, best loss: 1.0256954911084362]
 84%|████████▍ | 21/25 [02:52<00:32,  8.23s/trial, best loss: 1.0256954911084362]
 88%|████████▊ | 22/25 [03:01<00:25,  8.53s/trial, best loss: 0.9896307481877105]
 92%|█████████▏| 23/25 [03:11<00:17,  8.73s/trial, best loss: 0.9896307481877105]
 96%|█████████▌| 24/25 [03:20<00:08,  8.98s/trial, best loss: 0.9896307481877105]
100%|██████████| 25/25 [03:30<00:00,  9.20s/trial, best loss: 0.9896307481877105]
100%|██████████| 25/25 [03:30<00:00,  8.42s/trial, best loss: 0.9896307481877105]

  0%|          | 0/25 [00:00<?, ?trial/s, best loss=?]
  4%|▍         | 1/25 [00:03<01:26,  3.62s/trial, best loss: 0.2278607391870453]
  8%|▊         | 2/25 [00:06<01:19,  3.47s/trial, best loss: 0.22166096053650558]
 12%|█▏        | 3/25 [00:10<01:13,  3.36s/trial, best loss: 0.22166096053650558]
 16%|█▌        | 4/25 [00:13<01:11,  3.42s/trial, best loss: 0.22166096053650558]
 20%|██        | 5/25 [00:17<01:08,  3.41s/trial, best loss: 0.22166096053650558]
 24%|██▍       | 6/25 [00:20<01:05,  3.46s/trial, best loss: 0.22166096053650558]
 28%|██▊       | 7/25 [00:24<01:02,  3.48s/trial, best loss: 0.10033497407719977]
 32%|███▏      | 8/25 [00:27<00:57,  3.37s/trial, best loss: 0.10033497407719977]
 36%|███▌      | 9/25 [00:30<00:54,  3.41s/trial, best loss: 0.10033497407719977]
 40%|████      | 10/25 [00:33<00:50,  3.33s/trial, best loss: 0.10033497407719977]
 44%|████▍     | 11/25 [00:37<00:45,  3.24s/trial, best loss: 0.10033497407719977]
 48%|████▊     | 12/25 [00:40<00:43,  3.31s/trial, best loss: 0.10033497407719977]
 52%|█████▏    | 13/25 [00:43<00:39,  3.30s/trial, best loss: 0.10033497407719977]
 56%|█████▌    | 14/25 [00:46<00:35,  3.24s/trial, best loss: 0.10033497407719977]
 60%|██████    | 15/25 [00:50<00:32,  3.23s/trial, best loss: 0.10033497407719977]
 64%|██████▍   | 16/25 [00:53<00:30,  3.38s/trial, best loss: 0.03645931998930266]
 68%|██████▊   | 17/25 [00:58<00:29,  3.69s/trial, best loss: 0.03645931998930266]
 72%|███████▏  | 18/25 [01:02<00:26,  3.76s/trial, best loss: 0.03645931998930266]
 76%|███████▌  | 19/25 [01:05<00:22,  3.75s/trial, best loss: 0.03645931998930266]
 80%|████████  | 20/25 [01:09<00:19,  3.85s/trial, best loss: 0.03645931998930266]
 84%|████████▍ | 21/25 [01:14<00:16,  4.04s/trial, best loss: -0.25565108578029544]
 88%|████████▊ | 22/25 [01:18<00:12,  4.16s/trial, best loss: -0.25565108578029544]
 92%|█████████▏| 23/25 [01:23<00:08,  4.24s/trial, best loss: -0.25565108578029544]
 96%|█████████▌| 24/25 [01:27<00:04,  4.27s/trial, best loss: -0.25565108578029544]
100%|██████████| 25/25 [01:31<00:00,  4.29s/trial, best loss: -0.25565108578029544]
100%|██████████| 25/25 [01:31<00:00,  3.68s/trial, best loss: -0.25565108578029544]

  0%|          | 0/25 [00:00<?, ?trial/s, best loss=?]
  4%|▍         | 1/25 [00:03<01:13,  3.07s/trial, best loss: -0.6396372626488899]
  8%|▊         | 2/25 [00:05<01:06,  2.90s/trial, best loss: -0.6396372626488899]
 12%|█▏        | 3/25 [00:08<01:04,  2.92s/trial, best loss: -0.6396372626488899]
 16%|█▌        | 4/25 [00:11<01:01,  2.94s/trial, best loss: -0.6396372626488899]
 20%|██        | 5/25 [00:14<00:58,  2.93s/trial, best loss: -0.6396372626488899]
 24%|██▍       | 6/25 [00:17<00:56,  2.96s/trial, best loss: -0.6396372626488899]
 28%|██▊       | 7/25 [00:20<00:53,  2.98s/trial, best loss: -0.876118231441999] 
 32%|███▏      | 8/25 [00:23<00:49,  2.89s/trial, best loss: -0.876118231441999]
 36%|███▌      | 9/25 [00:26<00:46,  2.93s/trial, best loss: -0.876118231441999]
 40%|████      | 10/25 [00:29<00:43,  2.89s/trial, best loss: -0.876118231441999]
 44%|████▍     | 11/25 [00:31<00:39,  2.81s/trial, best loss: -0.876118231441999]
 48%|████▊     | 12/25 [00:34<00:37,  2.87s/trial, best loss: -0.876118231441999]
 52%|█████▏    | 13/25 [00:37<00:34,  2.85s/trial, best loss: -0.876118231441999]
 56%|█████▌    | 14/25 [00:40<00:30,  2.78s/trial, best loss: -0.876118231441999]
 60%|██████    | 15/25 [00:43<00:27,  2.79s/trial, best loss: -0.876118231441999]
 64%|██████▍   | 16/25 [00:46<00:26,  2.90s/trial, best loss: -0.9384700257849512]
 68%|██████▊   | 17/25 [00:49<00:23,  2.99s/trial, best loss: -0.9384700257849512]
 72%|███████▏  | 18/25 [00:52<00:20,  2.92s/trial, best loss: -0.9384700257849512]
 76%|███████▌  | 19/25 [00:54<00:17,  2.86s/trial, best loss: -0.9384700257849512]
 80%|████████  | 20/25 [00:57<00:14,  2.87s/trial, best loss: -0.9384700257849512]
 84%|████████▍ | 21/25 [01:00<00:11,  2.96s/trial, best loss: -0.9384700257849512]
 88%|████████▊ | 22/25 [01:04<00:09,  3.02s/trial, best loss: -0.9384700257849512]
 92%|█████████▏| 23/25 [01:07<00:06,  3.05s/trial, best loss: -0.9384700257849512]
 96%|█████████▌| 24/25 [01:10<00:03,  3.11s/trial, best loss: -0.9384700257849512]
100%|██████████| 25/25 [01:13<00:00,  3.13s/trial, best loss: -0.9384700257849512]
100%|██████████| 25/25 [01:13<00:00,  2.95s/trial, best loss: -0.9384700257849512]

  0%|          | 0/25 [00:00<?, ?trial/s, best loss=?]
  4%|▍         | 1/25 [00:02<01:01,  2.56s/trial, best loss: -1.0974564012426953]
  8%|▊         | 2/25 [00:04<00:54,  2.38s/trial, best loss: -1.0991026528216086]
 12%|█▏        | 3/25 [00:07<00:51,  2.32s/trial, best loss: -1.0991026528216086]
 16%|█▌        | 4/25 [00:09<00:49,  2.35s/trial, best loss: -1.0991026528216086]
 20%|██        | 5/25 [00:11<00:46,  2.34s/trial, best loss: -1.0991026528216086]
 24%|██▍       | 6/25 [00:14<00:44,  2.37s/trial, best loss: -1.0991026528216086]
 28%|██▊       | 7/25 [00:16<00:43,  2.42s/trial, best loss: -1.4626003129265444]
 32%|███▏      | 8/25 [00:18<00:39,  2.33s/trial, best loss: -1.4626003129265444]
 36%|███▌      | 9/25 [00:21<00:38,  2.40s/trial, best loss: -1.4626003129265444]
 40%|████      | 10/25 [00:23<00:35,  2.40s/trial, best loss: -1.4626003129265444]
 44%|████▍     | 11/25 [00:25<00:32,  2.33s/trial, best loss: -1.4626003129265444]
 48%|████▊     | 12/25 [00:28<00:30,  2.37s/trial, best loss: -1.4626003129265444]
 52%|█████▏    | 13/25 [00:30<00:28,  2.35s/trial, best loss: -1.4626003129265444]
 56%|█████▌    | 14/25 [00:32<00:25,  2.29s/trial, best loss: -1.4626003129265444]
 60%|██████    | 15/25 [00:35<00:23,  2.30s/trial, best loss: -1.4626003129265444]
 64%|██████▍   | 16/25 [00:37<00:21,  2.40s/trial, best loss: -1.4626003129265444]
 68%|██████▊   | 17/25 [00:40<00:19,  2.48s/trial, best loss: -1.4626003129265444]
 72%|███████▏  | 18/25 [00:42<00:16,  2.43s/trial, best loss: -1.4626003129265444]
 76%|███████▌  | 19/25 [00:45<00:14,  2.38s/trial, best loss: -1.4626003129265444]
 80%|████████  | 20/25 [00:47<00:11,  2.39s/trial, best loss: -1.4626003129265444]
 84%|████████▍ | 21/25 [00:50<00:09,  2.44s/trial, best loss: -1.4626003129265444]
 88%|████████▊ | 22/25 [00:52<00:07,  2.50s/trial, best loss: -1.4626003129265444]
 92%|█████████▏| 23/25 [00:55<00:05,  2.52s/trial, best loss: -1.4626003129265444]
 96%|█████████▌| 24/25 [00:57<00:02,  2.50s/trial, best loss: -1.4863368889823612]
100%|██████████| 25/25 [01:00<00:00,  2.50s/trial, best loss: -1.4863368889823612]
100%|██████████| 25/25 [01:00<00:00,  2.41s/trial, best loss: -1.4863368889823612]

  0%|          | 0/25 [00:00<?, ?trial/s, best loss=?]
  4%|▍         | 1/25 [00:02<00:52,  2.17s/trial, best loss: -1.1469474544502543]
  8%|▊         | 2/25 [00:04<00:47,  2.08s/trial, best loss: -1.151707127390186] 
 12%|█▏        | 3/25 [00:06<00:44,  2.04s/trial, best loss: -1.151707127390186]
 16%|█▌        | 4/25 [00:08<00:43,  2.06s/trial, best loss: -1.151707127390186]
 20%|██        | 5/25 [00:10<00:41,  2.09s/trial, best loss: -1.151707127390186]
 24%|██▍       | 6/25 [00:12<00:40,  2.14s/trial, best loss: -1.151707127390186]
 28%|██▊       | 7/25 [00:14<00:39,  2.17s/trial, best loss: -1.5008093096193733]
 32%|███▏      | 8/25 [00:16<00:35,  2.07s/trial, best loss: -1.5008093096193733]
 36%|███▌      | 9/25 [00:18<00:33,  2.11s/trial, best loss: -1.5008093096193733]
 40%|████      | 10/25 [00:20<00:31,  2.08s/trial, best loss: -1.5008093096193733]
 44%|████▍     | 11/25 [00:22<00:28,  2.03s/trial, best loss: -1.5008093096193733]
 48%|████▊     | 12/25 [00:25<00:27,  2.10s/trial, best loss: -1.5008093096193733]
 52%|█████▏    | 13/25 [00:27<00:24,  2.07s/trial, best loss: -1.5008093096193733]
 56%|█████▌    | 14/25 [00:29<00:22,  2.01s/trial, best loss: -1.5008093096193733]
 60%|██████    | 15/25 [00:31<00:20,  2.01s/trial, best loss: -1.5008093096193733]
 64%|██████▍   | 16/25 [00:33<00:18,  2.10s/trial, best loss: -1.5008093096193733]
 68%|██████▊   | 17/25 [00:35<00:17,  2.17s/trial, best loss: -1.5008093096193733]
 72%|███████▏  | 18/25 [00:37<00:14,  2.14s/trial, best loss: -1.5008093096193733]
 76%|███████▌  | 19/25 [00:39<00:12,  2.10s/trial, best loss: -1.5008093096193733]
 80%|████████  | 20/25 [00:41<00:10,  2.11s/trial, best loss: -1.5008093096193733]
 84%|████████▍ | 21/25 [00:44<00:08,  2.16s/trial, best loss: -1.5319055596654283]
 88%|████████▊ | 22/25 [00:46<00:06,  2.19s/trial, best loss: -1.5707343268473828]
 92%|█████████▏| 23/25 [00:48<00:04,  2.24s/trial, best loss: -1.5707343268473828]
 96%|█████████▌| 24/25 [00:51<00:02,  2.26s/trial, best loss: -1.5707343268473828]
100%|██████████| 25/25 [00:53<00:00,  2.29s/trial, best loss: -1.5707343268473828]
100%|██████████| 25/25 [00:53<00:00,  2.14s/trial, best loss: -1.5707343268473828]

  0%|          | 0/25 [00:00<?, ?trial/s, best loss=?]
  4%|▍         | 1/25 [00:02<00:50,  2.11s/trial, best loss: -1.514688925928638]
  8%|▊         | 2/25 [00:03<00:37,  1.64s/trial, best loss: -1.514688925928638]
 12%|█▏        | 3/25 [00:04<00:31,  1.43s/trial, best loss: -1.514688925928638]
 16%|█▌        | 4/25 [00:05<00:28,  1.38s/trial, best loss: -1.514688925928638]
 20%|██        | 5/25 [00:07<00:26,  1.35s/trial, best loss: -1.514688925928638]
 24%|██▍       | 6/25 [00:08<00:26,  1.39s/trial, best loss: -1.514688925928638]
 28%|██▊       | 7/25 [00:10<00:25,  1.40s/trial, best loss: -1.6011117874809992]
 32%|███▏      | 8/25 [00:11<00:22,  1.30s/trial, best loss: -1.6011117874809992]
 36%|███▌      | 9/25 [00:12<00:21,  1.34s/trial, best loss: -1.6011117874809992]
 40%|████      | 10/25 [00:13<00:20,  1.35s/trial, best loss: -1.6011117874809992]
 44%|████▍     | 11/25 [00:15<00:17,  1.27s/trial, best loss: -1.6011117874809992]
 48%|████▊     | 12/25 [00:16<00:16,  1.30s/trial, best loss: -1.6011117874809992]
 52%|█████▏    | 13/25 [00:17<00:15,  1.27s/trial, best loss: -1.6011117874809992]
 56%|█████▌    | 14/25 [00:18<00:13,  1.25s/trial, best loss: -1.6011117874809992]
 60%|██████    | 15/25 [00:20<00:12,  1.24s/trial, best loss: -1.6011117874809992]
 64%|██████▍   | 16/25 [00:21<00:11,  1.33s/trial, best loss: -1.6011117874809992]
 68%|██████▊   | 17/25 [00:23<00:11,  1.39s/trial, best loss: -1.6011117874809992]
 72%|███████▏  | 18/25 [00:24<00:09,  1.34s/trial, best loss: -1.6011117874809992]
 76%|███████▌  | 19/25 [00:25<00:07,  1.29s/trial, best loss: -1.6011117874809992]
 80%|████████  | 20/25 [00:26<00:06,  1.31s/trial, best loss: -1.6011117874809992]
 84%|████████▍ | 21/25 [00:28<00:05,  1.38s/trial, best loss: -1.6011117874809992]
 88%|████████▊ | 22/25 [00:29<00:04,  1.43s/trial, best loss: -1.6011117874809992]
 92%|█████████▏| 23/25 [00:31<00:02,  1.46s/trial, best loss: -1.6011117874809992]
 96%|█████████▌| 24/25 [00:32<00:01,  1.45s/trial, best loss: -1.6011117874809992]
100%|██████████| 25/25 [00:34<00:00,  1.50s/trial, best loss: -1.6011117874809992]
100%|██████████| 25/25 [00:34<00:00,  1.38s/trial, best loss: -1.6011117874809992]
D:\quant_system_pro (3)\quant_system_pro\backtest\backtest_pro.py:330: UserWarning: Glyph 39057 (\N{CJK UNIFIED IDEOGRAPH-9891}) missing from font(s) DejaVu Sans.
  buf=io.BytesIO(); plt.tight_layout(); plt.savefig(buf, format="png"); data=base64.b64encode(buf.getvalue()).decode()
D:\quant_system_pro (3)\quant_system_pro\backtest\backtest_pro.py:330: UserWarning: Glyph 25968 (\N{CJK UNIFIED IDEOGRAPH-6570}) missing from font(s) DejaVu Sans.
  buf=io.BytesIO(); plt.tight_layout(); plt.savefig(buf, format="png"); data=base64.b64encode(buf.getvalue()).decode()
D:\quant_system_pro (3)\quant_system_pro\backtest\backtest_pro.py:330: UserWarning: Glyph 20998 (\N{CJK UNIFIED IDEOGRAPH-5206}) missing from font(s) DejaVu Sans.
  buf=io.BytesIO(); plt.tight_layout(); plt.savefig(buf, format="png"); data=base64.b64encode(buf.getvalue()).decode()
D:\quant_system_pro (3)\quant_system_pro\backtest\backtest_pro.py:330: UserWarning: Glyph 24067 (\N{CJK UNIFIED IDEOGRAPH-5E03}) missing from font(s) DejaVu Sans.
  buf=io.BytesIO(); plt.tight_layout(); plt.savefig(buf, format="png"); data=base64.b64encode(buf.getvalue()).decode()
D:\quant_system_pro (3)\quant_system_pro\backtest\backtest_pro.py:330: UserWarning: Glyph 65288 (\N{FULLWIDTH LEFT PARENTHESIS}) missing from font(s) DejaVu Sans.
  buf=io.BytesIO(); plt.tight_layout(); plt.savefig(buf, format="png"); data=base64.b64encode(buf.getvalue()).decode()
D:\quant_system_pro (3)\quant_system_pro\backtest\backtest_pro.py:330: UserWarning: Glyph 36234 (\N{CJK UNIFIED IDEOGRAPH-8D8A}) missing from font(s) DejaVu Sans.
  buf=io.BytesIO(); plt.tight_layout(); plt.savefig(buf, format="png"); data=base64.b64encode(buf.getvalue()).decode()
D:\quant_system_pro (3)\quant_system_pro\backtest\backtest_pro.py:330: UserWarning: Glyph 20302 (\N{CJK UNIFIED IDEOGRAPH-4F4E}) missing from font(s) DejaVu Sans.
  buf=io.BytesIO(); plt.tight_layout(); plt.savefig(buf, format="png"); data=base64.b64encode(buf.getvalue()).decode()
D:\quant_system_pro (3)\quant_system_pro\backtest\backtest_pro.py:330: UserWarning: Glyph 22909 (\N{CJK UNIFIED IDEOGRAPH-597D}) missing from font(s) DejaVu Sans.
  buf=io.BytesIO(); plt.tight_layout(); plt.savefig(buf, format="png"); data=base64.b64encode(buf.getvalue()).decode()
D:\quant_system_pro (3)\quant_system_pro\backtest\backtest_pro.py:330: UserWarning: Glyph 65289 (\N{FULLWIDTH RIGHT PARENTHESIS}) missing from font(s) DejaVu Sans.
  buf=io.BytesIO(); plt.tight_layout(); plt.savefig(buf, format="png"); data=base64.b64encode(buf.getvalue()).decode()
[完成] 最优表: D:\quant_system_pro (3)\quant_system_pro\results\full_throttle\最优组合总表_S档_20250817-032203.csv
[完成] best_combo: data/best_combo.csv
