[A6-SHIM] pandas.DataFrame.to_csv 已安装修订钩子（仅拦截 a6_strategy_scores*）
C:\Users\Administrator\AppData\Local\Programs\Python\Python39\lib\site-packages\hyperopt\atpe.py:19: UserWarning: pkg_resources is deprecated as an API. See https://setuptools.pypa.io/en/latest/pkg_resources.html. The pkg_resources package is slated for removal as early as 2025-11-30. Refrain from using this package or pin to Setuptools<81.
  import pkg_resources
[GPU] Torch 2.6.0+cu124 | CUDA 12.4 | Device NVIDIA GeForce RTX 3060 | available=True
[GPU] XGBoost 1.7.6 (gpu_hist supported)
[GPU] LightGBM available (GPU depends on build)
[回测] 符号数=1 窗口=90天 S档=ON

  0%|          | 0/25 [00:00<?, ?trial/s, best loss=?]
  4%|▍         | 1/25 [00:00<00:12,  1.86trial/s, best loss: 0.1562754273596207]
  8%|▊         | 2/25 [00:01<00:11,  1.93trial/s, best loss: 0.1562754273596207]
 12%|█▏        | 3/25 [00:01<00:11,  1.95trial/s, best loss: 0.07567287132011144]
 16%|█▌        | 4/25 [00:02<00:10,  1.97trial/s, best loss: 0.07567287132011144]
 20%|██        | 5/25 [00:02<00:10,  1.96trial/s, best loss: 0.06160463118136536]
 24%|██▍       | 6/25 [00:03<00:09,  1.97trial/s, best loss: 0.05057129728996307]
 28%|██▊       | 7/25 [00:03<00:09,  1.96trial/s, best loss: 0.05057129728996307]
 32%|███▏      | 8/25 [00:04<00:08,  1.97trial/s, best loss: 0.05057129728996307]
 36%|███▌      | 9/25 [00:04<00:08,  1.96trial/s, best loss: 0.05057129728996307]
 40%|████      | 10/25 [00:05<00:07,  1.97trial/s, best loss: 0.05057129728996307]
 44%|████▍     | 11/25 [00:05<00:07,  1.95trial/s, best loss: 0.05057129728996307]
 48%|████▊     | 12/25 [00:06<00:06,  1.93trial/s, best loss: 0.05057129728996307]
 52%|█████▏    | 13/25 [00:07<00:10,  1.20trial/s, best loss: 0.05057129728996307]
 56%|█████▌    | 14/25 [00:08<00:08,  1.36trial/s, best loss: 0.05057129728996307]
 60%|██████    | 15/25 [00:08<00:06,  1.50trial/s, best loss: 0.05057129728996307]
 64%|██████▍   | 16/25 [00:09<00:05,  1.61trial/s, best loss: 0.05057129728996307]
 68%|██████▊   | 17/25 [00:09<00:04,  1.70trial/s, best loss: 0.05057129728996307]
 72%|███████▏  | 18/25 [00:10<00:03,  1.76trial/s, best loss: 0.05057129728996307]
 76%|███████▌  | 19/25 [00:10<00:03,  1.83trial/s, best loss: 0.05057129728996307]
 80%|████████  | 20/25 [00:11<00:02,  1.87trial/s, best loss: 0.05057129728996307]
 84%|████████▍ | 21/25 [00:11<00:02,  1.88trial/s, best loss: 0.042659847090501246]
 88%|████████▊ | 22/25 [00:12<00:01,  1.89trial/s, best loss: 0.042659847090501246]
 92%|█████████▏| 23/25 [00:12<00:01,  1.89trial/s, best loss: 0.042659847090501246]
 96%|█████████▌| 24/25 [00:13<00:00,  1.87trial/s, best loss: 0.042659847090501246]
100%|██████████| 25/25 [00:13<00:00,  1.82trial/s, best loss: 0.042659847090501246]
100%|██████████| 25/25 [00:13<00:00,  1.79trial/s, best loss: 0.042659847090501246]

  0%|          | 0/25 [00:00<?, ?trial/s, best loss=?]
  4%|▍         | 1/25 [00:00<00:12,  1.90trial/s, best loss: 0.06138395792915824]
  8%|▊         | 2/25 [00:01<00:12,  1.88trial/s, best loss: 0.06138395792915824]
 12%|█▏        | 3/25 [00:01<00:11,  1.90trial/s, best loss: 0.05377274820400925]
 16%|█▌        | 4/25 [00:02<00:10,  1.93trial/s, best loss: 0.04546972665001206]
 20%|██        | 5/25 [00:02<00:10,  1.94trial/s, best loss: 0.034275628784163834]
 24%|██▍       | 6/25 [00:03<00:09,  1.95trial/s, best loss: 0.034275628784163834]
 28%|██▊       | 7/25 [00:03<00:09,  1.98trial/s, best loss: 0.034275628784163834]
 32%|███▏      | 8/25 [00:04<00:08,  1.99trial/s, best loss: 0.034275628784163834]
 36%|███▌      | 9/25 [00:04<00:08,  1.99trial/s, best loss: 0.034275628784163834]
 40%|████      | 10/25 [00:05<00:07,  1.88trial/s, best loss: 0.034275628784163834]
 44%|████▍     | 11/25 [00:05<00:07,  1.81trial/s, best loss: 0.034275628784163834]
 48%|████▊     | 12/25 [00:06<00:07,  1.77trial/s, best loss: 0.034275628784163834]
 52%|█████▏    | 13/25 [00:07<00:07,  1.71trial/s, best loss: 0.034275628784163834]
 56%|█████▌    | 14/25 [00:07<00:06,  1.73trial/s, best loss: 0.034275628784163834]
 60%|██████    | 15/25 [00:08<00:05,  1.74trial/s, best loss: 0.034275628784163834]
 64%|██████▍   | 16/25 [00:08<00:05,  1.74trial/s, best loss: 0.034275628784163834]
 68%|██████▊   | 17/25 [00:09<00:04,  1.82trial/s, best loss: 0.034275628784163834]
 72%|███████▏  | 18/25 [00:09<00:03,  1.85trial/s, best loss: 0.034275628784163834]
 76%|███████▌  | 19/25 [00:10<00:03,  1.88trial/s, best loss: 0.034275628784163834]
 80%|████████  | 20/25 [00:10<00:02,  1.90trial/s, best loss: 0.034275628784163834]
 84%|████████▍ | 21/25 [00:11<00:02,  1.92trial/s, best loss: 0.014418781169365201]
 88%|████████▊ | 22/25 [00:11<00:01,  1.92trial/s, best loss: 0.014418781169365201]
 92%|█████████▏| 23/25 [00:12<00:01,  1.93trial/s, best loss: -0.0029668115788246824]
 96%|█████████▌| 24/25 [00:12<00:00,  1.94trial/s, best loss: -0.015001352579769072] 
100%|██████████| 25/25 [00:13<00:00,  1.95trial/s, best loss: -0.015001352579769072]
100%|██████████| 25/25 [00:13<00:00,  1.88trial/s, best loss: -0.015001352579769072]

  0%|          | 0/25 [00:00<?, ?trial/s, best loss=?]
  4%|▍         | 1/25 [00:00<00:12,  1.87trial/s, best loss: 0.04358398462196231]
  8%|▊         | 2/25 [00:01<00:12,  1.89trial/s, best loss: 0.04358398462196231]
 12%|█▏        | 3/25 [00:01<00:11,  1.93trial/s, best loss: 0.00954789990762425]
 16%|█▌        | 4/25 [00:02<00:10,  1.94trial/s, best loss: 0.00954789990762425]
 20%|██        | 5/25 [00:02<00:10,  1.97trial/s, best loss: -0.01388902065608237]
 24%|██▍       | 6/25 [00:03<00:09,  1.99trial/s, best loss: -0.01388902065608237]
 28%|██▊       | 7/25 [00:03<00:09,  1.92trial/s, best loss: -0.01388902065608237]
 32%|███▏      | 8/25 [00:04<00:08,  1.95trial/s, best loss: -0.01388902065608237]
 36%|███▌      | 9/25 [00:04<00:08,  1.95trial/s, best loss: -0.01388902065608237]
 40%|████      | 10/25 [00:05<00:07,  1.95trial/s, best loss: -0.01388902065608237]
 44%|████▍     | 11/25 [00:05<00:07,  1.95trial/s, best loss: -0.01388902065608237]
 48%|████▊     | 12/25 [00:06<00:07,  1.75trial/s, best loss: -0.01388902065608237]
 52%|█████▏    | 13/25 [00:06<00:06,  1.80trial/s, best loss: -0.01388902065608237]
 56%|█████▌    | 14/25 [00:07<00:05,  1.85trial/s, best loss: -0.01388902065608237]
 60%|██████    | 15/25 [00:07<00:05,  1.90trial/s, best loss: -0.01388902065608237]
 64%|██████▍   | 16/25 [00:08<00:04,  1.91trial/s, best loss: -0.01388902065608237]
 68%|██████▊   | 17/25 [00:08<00:04,  1.93trial/s, best loss: -0.01388902065608237]
 72%|███████▏  | 18/25 [00:09<00:03,  1.96trial/s, best loss: -0.01388902065608237]
 76%|███████▌  | 19/25 [00:09<00:03,  1.96trial/s, best loss: -0.01388902065608237]
 80%|████████  | 20/25 [00:10<00:02,  1.97trial/s, best loss: -0.01388902065608237]
 84%|████████▍ | 21/25 [00:10<00:02,  1.97trial/s, best loss: -0.01388902065608237]
 88%|████████▊ | 22/25 [00:11<00:01,  1.97trial/s, best loss: -0.01388902065608237]
 92%|█████████▏| 23/25 [00:11<00:01,  1.98trial/s, best loss: -0.01388902065608237]
 96%|█████████▌| 24/25 [00:12<00:00,  1.96trial/s, best loss: -0.01388902065608237]
100%|██████████| 25/25 [00:12<00:00,  1.94trial/s, best loss: -0.06023388165278784]
100%|██████████| 25/25 [00:12<00:00,  1.93trial/s, best loss: -0.06023388165278784]

  0%|          | 0/25 [00:00<?, ?trial/s, best loss=?]
  4%|▍         | 1/25 [00:00<00:12,  1.98trial/s, best loss: -0.09942018792923915]
  8%|▊         | 2/25 [00:01<00:11,  2.00trial/s, best loss: -0.09942018792923915]
 12%|█▏        | 3/25 [00:01<00:11,  1.99trial/s, best loss: -0.09942018792923915]
 16%|█▌        | 4/25 [00:02<00:10,  1.97trial/s, best loss: -0.09942018792923915]
 20%|██        | 5/25 [00:02<00:10,  1.98trial/s, best loss: -0.09942018792923915]
 24%|██▍       | 6/25 [00:03<00:09,  1.97trial/s, best loss: -0.09942018792923915]
 28%|██▊       | 7/25 [00:03<00:09,  1.97trial/s, best loss: -0.09942018792923915]
 32%|███▏      | 8/25 [00:04<00:08,  1.98trial/s, best loss: -0.09942018792923915]
 36%|███▌      | 9/25 [00:04<00:08,  1.98trial/s, best loss: -0.09942018792923915]
 40%|████      | 10/25 [00:05<00:07,  1.97trial/s, best loss: -0.09942018792923915]
 44%|████▍     | 11/25 [00:05<00:07,  1.98trial/s, best loss: -0.09942018792923915]
 48%|████▊     | 12/25 [00:06<00:06,  1.97trial/s, best loss: -0.09942018792923915]
 52%|█████▏    | 13/25 [00:06<00:06,  1.98trial/s, best loss: -0.09942018792923915]
 56%|█████▌    | 14/25 [00:07<00:05,  1.97trial/s, best loss: -0.09942018792923915]
 60%|██████    | 15/25 [00:07<00:05,  1.94trial/s, best loss: -0.09942018792923915]
 64%|██████▍   | 16/25 [00:08<00:04,  1.87trial/s, best loss: -0.09942018792923915]
 68%|██████▊   | 17/25 [00:08<00:04,  1.83trial/s, best loss: -0.09942018792923915]
 72%|███████▏  | 18/25 [00:09<00:03,  1.77trial/s, best loss: -0.09942018792923915]
 76%|███████▌  | 19/25 [00:09<00:03,  1.73trial/s, best loss: -0.09942018792923915]
 80%|████████  | 20/25 [00:10<00:02,  1.74trial/s, best loss: -0.09942018792923915]
 84%|████████▍ | 21/25 [00:12<00:03,  1.15trial/s, best loss: -0.09942018792923915]
 88%|████████▊ | 22/25 [00:12<00:02,  1.31trial/s, best loss: -0.09942018792923915]
 92%|█████████▏| 23/25 [00:13<00:01,  1.45trial/s, best loss: -0.09942018792923915]
 96%|█████████▌| 24/25 [00:13<00:00,  1.56trial/s, best loss: -0.09942018792923915]
100%|██████████| 25/25 [00:14<00:00,  1.67trial/s, best loss: -0.09942018792923915]
100%|██████████| 25/25 [00:14<00:00,  1.76trial/s, best loss: -0.09942018792923915]

  0%|          | 0/25 [00:00<?, ?trial/s, best loss=?]
  4%|▍         | 1/25 [00:01<00:28,  1.18s/trial, best loss: -0.08144089618389189]
  8%|▊         | 2/25 [00:02<00:26,  1.16s/trial, best loss: -0.1805745334943379] 
 12%|█▏        | 3/25 [00:03<00:25,  1.16s/trial, best loss: -0.1805745334943379]
 16%|█▌        | 4/25 [00:04<00:24,  1.16s/trial, best loss: -0.1805745334943379]
 20%|██        | 5/25 [00:05<00:23,  1.16s/trial, best loss: -0.1805745334943379]
 24%|██▍       | 6/25 [00:06<00:22,  1.16s/trial, best loss: -0.1805745334943379]
 28%|██▊       | 7/25 [00:08<00:20,  1.16s/trial, best loss: -0.1805745334943379]
 32%|███▏      | 8/25 [00:09<00:19,  1.17s/trial, best loss: -0.1805745334943379]
 36%|███▌      | 9/25 [00:10<00:19,  1.20s/trial, best loss: -0.18972549875606176]
 40%|████      | 10/25 [00:11<00:18,  1.21s/trial, best loss: -0.18972549875606176]
 44%|████▍     | 11/25 [00:13<00:17,  1.21s/trial, best loss: -0.18972549875606176]
 48%|████▊     | 12/25 [00:14<00:15,  1.20s/trial, best loss: -0.18972549875606176]
 52%|█████▏    | 13/25 [00:15<00:14,  1.18s/trial, best loss: -0.18972549875606176]
 56%|█████▌    | 14/25 [00:16<00:12,  1.18s/trial, best loss: -0.19581220277527756]
 60%|██████    | 15/25 [00:17<00:11,  1.17s/trial, best loss: -0.19581220277527756]
 64%|██████▍   | 16/25 [00:18<00:10,  1.16s/trial, best loss: -0.19581220277527756]
 68%|██████▊   | 17/25 [00:19<00:09,  1.16s/trial, best loss: -0.19581220277527756]
 72%|███████▏  | 18/25 [00:21<00:08,  1.16s/trial, best loss: -0.19581220277527756]
 76%|███████▌  | 19/25 [00:22<00:06,  1.16s/trial, best loss: -0.19581220277527756]
 80%|████████  | 20/25 [00:23<00:05,  1.16s/trial, best loss: -0.19581220277527756]
 84%|████████▍ | 21/25 [00:24<00:04,  1.16s/trial, best loss: -0.19581220277527756]
 88%|████████▊ | 22/25 [00:25<00:03,  1.16s/trial, best loss: -0.19581220277527756]
 92%|█████████▏| 23/25 [00:26<00:02,  1.16s/trial, best loss: -0.19581220277527756]
 96%|█████████▌| 24/25 [00:29<00:01,  1.48s/trial, best loss: -0.19581220277527756]
100%|██████████| 25/25 [00:30<00:00,  1.40s/trial, best loss: -0.19581220277527756]
100%|██████████| 25/25 [00:30<00:00,  1.21s/trial, best loss: -0.19581220277527756]

  0%|          | 0/25 [00:00<?, ?trial/s, best loss=?]
  4%|▍         | 1/25 [00:01<00:27,  1.16s/trial, best loss: -0.13794538125103348]
  8%|▊         | 2/25 [00:02<00:26,  1.16s/trial, best loss: -0.2635104241541974] 
 12%|█▏        | 3/25 [00:03<00:25,  1.16s/trial, best loss: -0.2635104241541974]
 16%|█▌        | 4/25 [00:04<00:24,  1.15s/trial, best loss: -0.2635104241541974]
 20%|██        | 5/25 [00:05<00:22,  1.15s/trial, best loss: -0.2635104241541974]
 24%|██▍       | 6/25 [00:06<00:21,  1.15s/trial, best loss: -0.29444598356398466]
 28%|██▊       | 7/25 [00:08<00:20,  1.15s/trial, best loss: -0.29444598356398466]
 32%|███▏      | 8/25 [00:09<00:19,  1.15s/trial, best loss: -0.34130537471258143]
 36%|███▌      | 9/25 [00:10<00:18,  1.16s/trial, best loss: -0.34130537471258143]
 40%|████      | 10/25 [00:11<00:17,  1.16s/trial, best loss: -0.34130537471258143]
 44%|████▍     | 11/25 [00:12<00:16,  1.15s/trial, best loss: -0.34130537471258143]
 48%|████▊     | 12/25 [00:13<00:15,  1.18s/trial, best loss: -0.34130537471258143]
 52%|█████▏    | 13/25 [00:15<00:14,  1.18s/trial, best loss: -0.38131795480532554]
 56%|█████▌    | 14/25 [00:16<00:13,  1.19s/trial, best loss: -0.38131795480532554]
 60%|██████    | 15/25 [00:17<00:12,  1.20s/trial, best loss: -0.38131795480532554]
 64%|██████▍   | 16/25 [00:18<00:10,  1.19s/trial, best loss: -0.38131795480532554]
 68%|██████▊   | 17/25 [00:19<00:09,  1.18s/trial, best loss: -0.38131795480532554]
 72%|███████▏  | 18/25 [00:21<00:08,  1.17s/trial, best loss: -0.38131795480532554]
 76%|███████▌  | 19/25 [00:22<00:07,  1.17s/trial, best loss: -0.38131795480532554]
 80%|████████  | 20/25 [00:23<00:05,  1.16s/trial, best loss: -0.38131795480532554]
 84%|████████▍ | 21/25 [00:24<00:04,  1.16s/trial, best loss: -0.38131795480532554]
 88%|████████▊ | 22/25 [00:25<00:03,  1.17s/trial, best loss: -0.38131795480532554]
 92%|█████████▏| 23/25 [00:26<00:02,  1.17s/trial, best loss: -0.38131795480532554]
 96%|█████████▌| 24/25 [00:27<00:01,  1.16s/trial, best loss: -0.38131795480532554]
100%|██████████| 25/25 [00:30<00:00,  1.48s/trial, best loss: -0.38131795480532554]
100%|██████████| 25/25 [00:30<00:00,  1.21s/trial, best loss: -0.38131795480532554]
D:\quant_system_pro (3)\quant_system_pro\backtest\backtest_pro.py:330: UserWarning: Glyph 39057 (\N{CJK UNIFIED IDEOGRAPH-9891}) missing from font(s) DejaVu Sans.
  buf=io.BytesIO(); plt.tight_layout(); plt.savefig(buf, format="png"); data=base64.b64encode(buf.getvalue()).decode()
D:\quant_system_pro (3)\quant_system_pro\backtest\backtest_pro.py:330: UserWarning: Glyph 25968 (\N{CJK UNIFIED IDEOGRAPH-6570}) missing from font(s) DejaVu Sans.
  buf=io.BytesIO(); plt.tight_layout(); plt.savefig(buf, format="png"); data=base64.b64encode(buf.getvalue()).decode()
D:\quant_system_pro (3)\quant_system_pro\backtest\backtest_pro.py:330: UserWarning: Glyph 20998 (\N{CJK UNIFIED IDEOGRAPH-5206}) missing from font(s) DejaVu Sans.
  buf=io.BytesIO(); plt.tight_layout(); plt.savefig(buf, format="png"); data=base64.b64encode(buf.getvalue()).decode()
D:\quant_system_pro (3)\quant_system_pro\backtest\backtest_pro.py:330: UserWarning: Glyph 24067 (\N{CJK UNIFIED IDEOGRAPH-5E03}) missing from font(s) DejaVu Sans.
  buf=io.BytesIO(); plt.tight_layout(); plt.savefig(buf, format="png"); data=base64.b64encode(buf.getvalue()).decode()
D:\quant_system_pro (3)\quant_system_pro\backtest\backtest_pro.py:330: UserWarning: Glyph 65288 (\N{FULLWIDTH LEFT PARENTHESIS}) missing from font(s) DejaVu Sans.
  buf=io.BytesIO(); plt.tight_layout(); plt.savefig(buf, format="png"); data=base64.b64encode(buf.getvalue()).decode()
D:\quant_system_pro (3)\quant_system_pro\backtest\backtest_pro.py:330: UserWarning: Glyph 36234 (\N{CJK UNIFIED IDEOGRAPH-8D8A}) missing from font(s) DejaVu Sans.
  buf=io.BytesIO(); plt.tight_layout(); plt.savefig(buf, format="png"); data=base64.b64encode(buf.getvalue()).decode()
D:\quant_system_pro (3)\quant_system_pro\backtest\backtest_pro.py:330: UserWarning: Glyph 20302 (\N{CJK UNIFIED IDEOGRAPH-4F4E}) missing from font(s) DejaVu Sans.
  buf=io.BytesIO(); plt.tight_layout(); plt.savefig(buf, format="png"); data=base64.b64encode(buf.getvalue()).decode()
D:\quant_system_pro (3)\quant_system_pro\backtest\backtest_pro.py:330: UserWarning: Glyph 22909 (\N{CJK UNIFIED IDEOGRAPH-597D}) missing from font(s) DejaVu Sans.
  buf=io.BytesIO(); plt.tight_layout(); plt.savefig(buf, format="png"); data=base64.b64encode(buf.getvalue()).decode()
D:\quant_system_pro (3)\quant_system_pro\backtest\backtest_pro.py:330: UserWarning: Glyph 65289 (\N{FULLWIDTH RIGHT PARENTHESIS}) missing from font(s) DejaVu Sans.
  buf=io.BytesIO(); plt.tight_layout(); plt.savefig(buf, format="png"); data=base64.b64encode(buf.getvalue()).decode()
[完成] 最优表: D:\quant_system_pro (3)\quant_system_pro\results\full_throttle\最优组合总表_S档_20250817-025743.csv
[完成] best_combo: data/best_combo.csv
