[A6-SHIM] pandas.DataFrame.to_csv 已安装修订钩子（仅拦截 a6_strategy_scores*）
C:\Users\Administrator\AppData\Local\Programs\Python\Python39\lib\site-packages\hyperopt\atpe.py:19: UserWarning: pkg_resources is deprecated as an API. See https://setuptools.pypa.io/en/latest/pkg_resources.html. The pkg_resources package is slated for removal as early as 2025-11-30. Refrain from using this package or pin to Setuptools<81.
  import pkg_resources
[GPU] Torch 2.6.0+cu124 | CUDA 12.4 | Device NVIDIA GeForce RTX 3060 | available=True
[GPU] XGBoost 1.7.6 (gpu_hist supported)
[GPU] LightGBM available (GPU depends on build)
[回测] 符号数=1 窗口=45天 S档=ON

  0%|          | 0/25 [00:00<?, ?trial/s, best loss=?]
  4%|▍         | 1/25 [00:05<02:07,  5.33s/trial, best loss: 0.5181214511560648]
  8%|▊         | 2/25 [00:09<01:49,  4.76s/trial, best loss: 0.5181214511560648]
 12%|█▏        | 3/25 [00:13<01:40,  4.56s/trial, best loss: 0.5181214511560648]
 16%|█▌        | 4/25 [00:18<01:34,  4.50s/trial, best loss: 0.5181214511560648]
 20%|██        | 5/25 [00:22<01:28,  4.43s/trial, best loss: 0.5181214511560648]
 24%|██▍       | 6/25 [00:27<01:24,  4.45s/trial, best loss: 0.5181214511560648]
 28%|██▊       | 7/25 [00:31<01:20,  4.47s/trial, best loss: 0.5181214511560648]
 32%|███▏      | 8/25 [00:35<01:14,  4.38s/trial, best loss: 0.5181214511560648]
 36%|███▌      | 9/25 [00:40<01:10,  4.41s/trial, best loss: 0.5181214511560648]
 40%|████      | 10/25 [00:44<01:05,  4.37s/trial, best loss: 0.5181214511560648]
 44%|████▍     | 11/25 [00:48<00:59,  4.27s/trial, best loss: 0.5181214511560648]
 48%|████▊     | 12/25 [00:53<00:56,  4.35s/trial, best loss: 0.5181214511560648]
 52%|█████▏    | 13/25 [00:57<00:52,  4.35s/trial, best loss: 0.5181214511560648]
 56%|█████▌    | 14/25 [01:01<00:46,  4.25s/trial, best loss: 0.5181214511560648]
 60%|██████    | 15/25 [01:05<00:42,  4.24s/trial, best loss: 0.5181214511560648]
 64%|██████▍   | 16/25 [01:10<00:39,  4.40s/trial, best loss: 0.5181214511560648]
 68%|██████▊   | 17/25 [01:15<00:36,  4.55s/trial, best loss: 0.5181214511560648]
 72%|███████▏  | 18/25 [01:19<00:30,  4.42s/trial, best loss: 0.5181214511560648]
 76%|███████▌  | 19/25 [01:23<00:26,  4.36s/trial, best loss: 0.5181214511560648]
 80%|████████  | 20/25 [01:28<00:22,  4.41s/trial, best loss: 0.5074725064376172]
 84%|████████▍ | 21/25 [01:32<00:17,  4.42s/trial, best loss: 0.46503697708593766]
 88%|████████▊ | 22/25 [01:37<00:13,  4.42s/trial, best loss: 0.4607678936966697] 
 92%|█████████▏| 23/25 [01:41<00:08,  4.41s/trial, best loss: 0.4607678936966697]
 96%|█████████▌| 24/25 [01:46<00:04,  4.41s/trial, best loss: 0.4607678936966697]
100%|██████████| 25/25 [01:50<00:00,  4.40s/trial, best loss: 0.4607678936966697]
100%|██████████| 25/25 [01:50<00:00,  4.42s/trial, best loss: 0.4607678936966697]

  0%|          | 0/25 [00:00<?, ?trial/s, best loss=?]
  4%|▍         | 1/25 [00:02<00:57,  2.40s/trial, best loss: -0.09323168183041641]
  8%|▊         | 2/25 [00:04<00:52,  2.26s/trial, best loss: -0.09323168183041641]
 12%|█▏        | 3/25 [00:06<00:48,  2.21s/trial, best loss: -0.09323168183041641]
 16%|█▌        | 4/25 [00:09<00:47,  2.24s/trial, best loss: -0.09323168183041641]
 20%|██        | 5/25 [00:11<00:45,  2.26s/trial, best loss: -0.09323168183041641]
 24%|██▍       | 6/25 [00:13<00:43,  2.30s/trial, best loss: -0.09323168183041641]
 28%|██▊       | 7/25 [00:16<00:42,  2.34s/trial, best loss: -0.16663136152236596]
 32%|███▏      | 8/25 [00:18<00:37,  2.23s/trial, best loss: -0.16663136152236596]
 36%|███▌      | 9/25 [00:20<00:36,  2.29s/trial, best loss: -0.16663136152236596]
 40%|████      | 10/25 [00:22<00:33,  2.25s/trial, best loss: -0.16663136152236596]
 44%|████▍     | 11/25 [00:24<00:30,  2.18s/trial, best loss: -0.16663136152236596]
 48%|████▊     | 12/25 [00:27<00:29,  2.24s/trial, best loss: -0.16663136152236596]
 52%|█████▏    | 13/25 [00:29<00:26,  2.21s/trial, best loss: -0.16663136152236596]
 56%|█████▌    | 14/25 [00:31<00:23,  2.15s/trial, best loss: -0.16663136152236596]
 60%|██████    | 15/25 [00:33<00:21,  2.15s/trial, best loss: -0.16663136152236596]
 64%|██████▍   | 16/25 [00:35<00:20,  2.26s/trial, best loss: -0.24568914533793698]
 68%|██████▊   | 17/25 [00:38<00:18,  2.34s/trial, best loss: -0.24568914533793698]
 72%|███████▏  | 18/25 [00:40<00:16,  2.30s/trial, best loss: -0.24568914533793698]
 76%|███████▌  | 19/25 [00:42<00:13,  2.26s/trial, best loss: -0.24568914533793698]
 80%|████████  | 20/25 [00:45<00:11,  2.27s/trial, best loss: -0.24568914533793698]
 84%|████████▍ | 21/25 [00:47<00:09,  2.37s/trial, best loss: -0.2742356948219232] 
 88%|████████▊ | 22/25 [00:50<00:07,  2.42s/trial, best loss: -0.2742356948219232]
 92%|█████████▏| 23/25 [00:52<00:04,  2.47s/trial, best loss: -0.2742356948219232]
 96%|█████████▌| 24/25 [00:55<00:02,  2.48s/trial, best loss: -0.2742356948219232]
100%|██████████| 25/25 [00:57<00:00,  2.49s/trial, best loss: -0.2982320186646959]
100%|██████████| 25/25 [00:57<00:00,  2.31s/trial, best loss: -0.2982320186646959]

  0%|          | 0/25 [00:00<?, ?trial/s, best loss=?]
  4%|▍         | 1/25 [00:01<00:44,  1.86s/trial, best loss: -0.5345708670331735]
  8%|▊         | 2/25 [00:03<00:39,  1.73s/trial, best loss: -0.5352633822530024]
 12%|█▏        | 3/25 [00:05<00:37,  1.69s/trial, best loss: -0.5352633822530024]
 16%|█▌        | 4/25 [00:07<00:41,  2.00s/trial, best loss: -0.5352633822530024]
 20%|██        | 5/25 [00:10<00:42,  2.15s/trial, best loss: -0.5352633822530024]
 24%|██▍       | 6/25 [00:12<00:43,  2.29s/trial, best loss: -0.5352633822530024]
 28%|██▊       | 7/25 [00:15<00:42,  2.37s/trial, best loss: -0.7171042374305205]
 32%|███▏      | 8/25 [00:17<00:39,  2.31s/trial, best loss: -0.7171042374305205]
 36%|███▌      | 9/25 [00:19<00:38,  2.42s/trial, best loss: -0.7171042374305205]
 40%|████      | 10/25 [00:22<00:36,  2.40s/trial, best loss: -0.7171042374305205]
 44%|████▍     | 11/25 [00:24<00:32,  2.33s/trial, best loss: -0.7171042374305205]
 48%|████▊     | 12/25 [00:27<00:31,  2.39s/trial, best loss: -0.7171042374305205]
 52%|█████▏    | 13/25 [00:29<00:28,  2.40s/trial, best loss: -0.7171042374305205]
 56%|█████▌    | 14/25 [00:31<00:25,  2.33s/trial, best loss: -0.7171042374305205]
 60%|██████    | 15/25 [00:33<00:23,  2.33s/trial, best loss: -0.7238267321178861]
 64%|██████▍   | 16/25 [00:36<00:21,  2.41s/trial, best loss: -0.7617729478086223]
 68%|██████▊   | 17/25 [00:39<00:20,  2.54s/trial, best loss: -0.7617729478086223]
 72%|███████▏  | 18/25 [00:41<00:17,  2.48s/trial, best loss: -0.7617729478086223]
 76%|███████▌  | 19/25 [00:44<00:14,  2.45s/trial, best loss: -0.7617729478086223]
 80%|████████  | 20/25 [00:46<00:12,  2.44s/trial, best loss: -0.8039762674833514]
 84%|████████▍ | 21/25 [00:49<00:10,  2.57s/trial, best loss: -0.8039762674833514]
 88%|████████▊ | 22/25 [00:52<00:07,  2.58s/trial, best loss: -0.888160346740752] 
 92%|█████████▏| 23/25 [00:54<00:05,  2.53s/trial, best loss: -0.888160346740752]
 96%|█████████▌| 24/25 [00:57<00:02,  2.58s/trial, best loss: -0.888160346740752]
100%|██████████| 25/25 [00:59<00:00,  2.59s/trial, best loss: -0.888160346740752]
100%|██████████| 25/25 [00:59<00:00,  2.39s/trial, best loss: -0.888160346740752]

  0%|          | 0/25 [00:00<?, ?trial/s, best loss=?]
  4%|▍         | 1/25 [00:02<00:57,  2.41s/trial, best loss: -1.003357532948282]
  8%|▊         | 2/25 [00:04<00:49,  2.16s/trial, best loss: -1.003357532948282]
 12%|█▏        | 3/25 [00:06<00:45,  2.08s/trial, best loss: -1.003357532948282]
 16%|█▌        | 4/25 [00:08<00:44,  2.13s/trial, best loss: -1.003357532948282]
 20%|██        | 5/25 [00:10<00:42,  2.11s/trial, best loss: -1.003357532948282]
 24%|██▍       | 6/25 [00:13<00:44,  2.35s/trial, best loss: -1.003357532948282]
 28%|██▊       | 7/25 [00:15<00:37,  2.11s/trial, best loss: -1.0629363762154866]
 32%|███▏      | 8/25 [00:16<00:31,  1.84s/trial, best loss: -1.0629363762154866]
 36%|███▌      | 9/25 [00:18<00:30,  1.93s/trial, best loss: -1.0629363762154866]
 40%|████      | 10/25 [00:19<00:26,  1.76s/trial, best loss: -1.0629363762154866]
 44%|████▍     | 11/25 [00:21<00:22,  1.61s/trial, best loss: -1.0629363762154866]
 48%|████▊     | 12/25 [00:22<00:21,  1.69s/trial, best loss: -1.0629363762154866]
 52%|█████▏    | 13/25 [00:24<00:19,  1.66s/trial, best loss: -1.0629363762154866]
 56%|█████▌    | 14/25 [00:25<00:16,  1.54s/trial, best loss: -1.0629363762154866]
 60%|██████    | 15/25 [00:27<00:15,  1.51s/trial, best loss: -1.0629363762154866]
 64%|██████▍   | 16/25 [00:29<00:15,  1.68s/trial, best loss: -1.1218021281033161]
 68%|██████▊   | 17/25 [00:31<00:13,  1.74s/trial, best loss: -1.1218021281033161]
 72%|███████▏  | 18/25 [00:32<00:11,  1.66s/trial, best loss: -1.1218021281033161]
 76%|███████▌  | 19/25 [00:34<00:09,  1.63s/trial, best loss: -1.1218021281033161]
 80%|████████  | 20/25 [00:35<00:08,  1.63s/trial, best loss: -1.1218021281033161]
 84%|████████▍ | 21/25 [00:37<00:06,  1.67s/trial, best loss: -1.219952905545361] 
 88%|████████▊ | 22/25 [00:40<00:05,  1.92s/trial, best loss: -1.219952905545361]
 92%|█████████▏| 23/25 [00:41<00:03,  1.86s/trial, best loss: -1.219952905545361]
 96%|█████████▌| 24/25 [00:43<00:01,  1.90s/trial, best loss: -1.219952905545361]
100%|██████████| 25/25 [00:45<00:00,  1.90s/trial, best loss: -1.219952905545361]
100%|██████████| 25/25 [00:45<00:00,  1.83s/trial, best loss: -1.219952905545361]

  0%|          | 0/25 [00:00<?, ?trial/s, best loss=?]
  4%|▍         | 1/25 [00:01<00:38,  1.61s/trial, best loss: -1.0606017366474674]
  8%|▊         | 2/25 [00:02<00:31,  1.37s/trial, best loss: -1.1219583771616362]
 12%|█▏        | 3/25 [00:04<00:29,  1.36s/trial, best loss: -1.1219583771616362]
 16%|█▌        | 4/25 [00:05<00:31,  1.48s/trial, best loss: -1.1219583771616362]
 20%|██        | 5/25 [00:07<00:29,  1.46s/trial, best loss: -1.1219583771616362]
 24%|██▍       | 6/25 [00:08<00:28,  1.48s/trial, best loss: -1.1219583771616362]
 28%|██▊       | 7/25 [00:10<00:28,  1.60s/trial, best loss: -1.1219583771616362]
 32%|███▏      | 8/25 [00:12<00:26,  1.55s/trial, best loss: -1.1310466510018211]
 36%|███▌      | 9/25 [00:13<00:25,  1.59s/trial, best loss: -1.1310466510018211]
 40%|████      | 10/25 [00:15<00:22,  1.49s/trial, best loss: -1.1310466510018211]
 44%|████▍     | 11/25 [00:16<00:21,  1.50s/trial, best loss: -1.1310466510018211]
 48%|████▊     | 12/25 [00:19<00:23,  1.80s/trial, best loss: -1.1310466510018211]
 52%|█████▏    | 13/25 [00:21<00:23,  1.99s/trial, best loss: -1.1310466510018211]
 56%|█████▌    | 14/25 [00:23<00:22,  2.01s/trial, best loss: -1.1310466510018211]
 60%|██████    | 15/25 [00:25<00:19,  1.96s/trial, best loss: -1.1310466510018211]
 64%|██████▍   | 16/25 [00:27<00:17,  1.99s/trial, best loss: -1.1310466510018211]
 68%|██████▊   | 17/25 [00:29<00:15,  1.92s/trial, best loss: -1.1310466510018211]
 72%|███████▏  | 18/25 [00:30<00:12,  1.72s/trial, best loss: -1.1310466510018211]
 76%|███████▌  | 19/25 [00:31<00:09,  1.63s/trial, best loss: -1.1310466510018211]
 80%|████████  | 20/25 [00:33<00:08,  1.73s/trial, best loss: -1.1310466510018211]
 84%|████████▍ | 21/25 [00:34<00:06,  1.56s/trial, best loss: -1.1310466510018211]
 88%|████████▊ | 22/25 [00:36<00:04,  1.51s/trial, best loss: -1.1621003265922123]
 92%|█████████▏| 23/25 [00:37<00:02,  1.46s/trial, best loss: -1.1621003265922123]
 96%|█████████▌| 24/25 [00:39<00:01,  1.50s/trial, best loss: -1.1621003265922123]
100%|██████████| 25/25 [00:40<00:00,  1.44s/trial, best loss: -1.1621003265922123]
100%|██████████| 25/25 [00:40<00:00,  1.62s/trial, best loss: -1.1621003265922123]

  0%|          | 0/25 [00:00<?, ?trial/s, best loss=?]
  4%|▍         | 1/25 [00:01<00:35,  1.50s/trial, best loss: 2.968305380352816]
  8%|▊         | 2/25 [00:02<00:30,  1.32s/trial, best loss: 2.968305380352816]
 12%|█▏        | 3/25 [00:04<00:31,  1.42s/trial, best loss: 2.8897032029195815]
 16%|█▌        | 4/25 [00:05<00:28,  1.38s/trial, best loss: 2.8897032029195815]
 20%|██        | 5/25 [00:06<00:27,  1.35s/trial, best loss: 2.8897032029195815]
 24%|██▍       | 6/25 [00:08<00:27,  1.42s/trial, best loss: 2.8897032029195815]
 28%|██▊       | 7/25 [00:09<00:26,  1.46s/trial, best loss: 2.8897032029195815]
 32%|███▏      | 8/25 [00:11<00:22,  1.34s/trial, best loss: 2.8897032029195815]
 36%|███▌      | 9/25 [00:12<00:21,  1.35s/trial, best loss: 2.8897032029195815]
 40%|████      | 10/25 [00:13<00:20,  1.35s/trial, best loss: 2.8897032029195815]
 44%|████▍     | 11/25 [00:14<00:17,  1.27s/trial, best loss: 2.8897032029195815]
 48%|████▊     | 12/25 [00:16<00:16,  1.31s/trial, best loss: 2.8897032029195815]
 52%|█████▏    | 13/25 [00:17<00:15,  1.33s/trial, best loss: 2.8897032029195815]
 56%|█████▌    | 14/25 [00:18<00:13,  1.27s/trial, best loss: 2.8897032029195815]
 60%|██████    | 15/25 [00:19<00:12,  1.25s/trial, best loss: 2.8897032029195815]
 64%|██████▍   | 16/25 [00:21<00:12,  1.38s/trial, best loss: 2.8897032029195815]
 68%|██████▊   | 17/25 [00:23<00:11,  1.45s/trial, best loss: 2.8897032029195815]
 72%|███████▏  | 18/25 [00:24<00:09,  1.39s/trial, best loss: 2.8897032029195815]
 76%|███████▌  | 19/25 [00:25<00:08,  1.36s/trial, best loss: 2.8897032029195815]
 80%|████████  | 20/25 [00:27<00:06,  1.37s/trial, best loss: 2.8897032029195815]
 84%|████████▍ | 21/25 [00:28<00:05,  1.32s/trial, best loss: 2.8897032029195815]
 88%|████████▊ | 22/25 [00:29<00:03,  1.26s/trial, best loss: 2.8534562734314326]
 92%|█████████▏| 23/25 [00:30<00:02,  1.25s/trial, best loss: 2.8534562734314326]
 96%|█████████▌| 24/25 [00:31<00:01,  1.22s/trial, best loss: 2.8534562734314326]
100%|██████████| 25/25 [00:32<00:00,  1.17s/trial, best loss: 2.8534562734314326]
100%|██████████| 25/25 [00:32<00:00,  1.32s/trial, best loss: 2.8534562734314326]
D:\quant_system_pro (3)\quant_system_pro\backtest\backtest_pro.py:330: UserWarning: Glyph 39057 (\N{CJK UNIFIED IDEOGRAPH-9891}) missing from font(s) DejaVu Sans.
  buf=io.BytesIO(); plt.tight_layout(); plt.savefig(buf, format="png"); data=base64.b64encode(buf.getvalue()).decode()
D:\quant_system_pro (3)\quant_system_pro\backtest\backtest_pro.py:330: UserWarning: Glyph 25968 (\N{CJK UNIFIED IDEOGRAPH-6570}) missing from font(s) DejaVu Sans.
  buf=io.BytesIO(); plt.tight_layout(); plt.savefig(buf, format="png"); data=base64.b64encode(buf.getvalue()).decode()
D:\quant_system_pro (3)\quant_system_pro\backtest\backtest_pro.py:330: UserWarning: Glyph 20998 (\N{CJK UNIFIED IDEOGRAPH-5206}) missing from font(s) DejaVu Sans.
  buf=io.BytesIO(); plt.tight_layout(); plt.savefig(buf, format="png"); data=base64.b64encode(buf.getvalue()).decode()
D:\quant_system_pro (3)\quant_system_pro\backtest\backtest_pro.py:330: UserWarning: Glyph 24067 (\N{CJK UNIFIED IDEOGRAPH-5E03}) missing from font(s) DejaVu Sans.
  buf=io.BytesIO(); plt.tight_layout(); plt.savefig(buf, format="png"); data=base64.b64encode(buf.getvalue()).decode()
D:\quant_system_pro (3)\quant_system_pro\backtest\backtest_pro.py:330: UserWarning: Glyph 65288 (\N{FULLWIDTH LEFT PARENTHESIS}) missing from font(s) DejaVu Sans.
  buf=io.BytesIO(); plt.tight_layout(); plt.savefig(buf, format="png"); data=base64.b64encode(buf.getvalue()).decode()
D:\quant_system_pro (3)\quant_system_pro\backtest\backtest_pro.py:330: UserWarning: Glyph 36234 (\N{CJK UNIFIED IDEOGRAPH-8D8A}) missing from font(s) DejaVu Sans.
  buf=io.BytesIO(); plt.tight_layout(); plt.savefig(buf, format="png"); data=base64.b64encode(buf.getvalue()).decode()
D:\quant_system_pro (3)\quant_system_pro\backtest\backtest_pro.py:330: UserWarning: Glyph 20302 (\N{CJK UNIFIED IDEOGRAPH-4F4E}) missing from font(s) DejaVu Sans.
  buf=io.BytesIO(); plt.tight_layout(); plt.savefig(buf, format="png"); data=base64.b64encode(buf.getvalue()).decode()
D:\quant_system_pro (3)\quant_system_pro\backtest\backtest_pro.py:330: UserWarning: Glyph 22909 (\N{CJK UNIFIED IDEOGRAPH-597D}) missing from font(s) DejaVu Sans.
  buf=io.BytesIO(); plt.tight_layout(); plt.savefig(buf, format="png"); data=base64.b64encode(buf.getvalue()).decode()
D:\quant_system_pro (3)\quant_system_pro\backtest\backtest_pro.py:330: UserWarning: Glyph 65289 (\N{FULLWIDTH RIGHT PARENTHESIS}) missing from font(s) DejaVu Sans.
  buf=io.BytesIO(); plt.tight_layout(); plt.savefig(buf, format="png"); data=base64.b64encode(buf.getvalue()).decode()
[完成] 最优表: D:\quant_system_pro (3)\quant_system_pro\results\full_throttle\最优组合总表_S档_20250817-034017.csv
[完成] best_combo: data/best_combo.csv
