[A6-SHIM] pandas.DataFrame.to_csv 已安装修订钩子（仅拦截 a6_strategy_scores*）
C:\Users\Administrator\AppData\Local\Programs\Python\Python39\lib\site-packages\hyperopt\atpe.py:19: UserWarning: pkg_resources is deprecated as an API. See https://setuptools.pypa.io/en/latest/pkg_resources.html. The pkg_resources package is slated for removal as early as 2025-11-30. Refrain from using this package or pin to Setuptools<81.
  import pkg_resources
[GPU] Torch 2.6.0+cu124 | CUDA 12.4 | Device NVIDIA GeForce RTX 3060 | available=True
[GPU] XGBoost 1.7.6 (gpu_hist supported)
[GPU] LightGBM available (GPU depends on build)
[回测] 符号数=1 窗口=45天 S档=ON

  0%|          | 0/25 [00:00<?, ?trial/s, best loss=?]
  4%|▍         | 1/25 [00:00<00:11,  2.14trial/s, best loss: 0.10168981179081699]
  8%|▊         | 2/25 [00:00<00:10,  2.14trial/s, best loss: 0.10168981179081699]
 12%|█▏        | 3/25 [00:01<00:10,  2.13trial/s, best loss: 0.032265043341745486]
 16%|█▌        | 4/25 [00:01<00:10,  2.08trial/s, best loss: 0.032265043341745486]
 20%|██        | 5/25 [00:02<00:09,  2.13trial/s, best loss: 0.032265043341745486]
 24%|██▍       | 6/25 [00:02<00:08,  2.11trial/s, best loss: 0.026640133552811605]
 28%|██▊       | 7/25 [00:03<00:08,  2.07trial/s, best loss: 0.026640133552811605]
 32%|███▏      | 8/25 [00:03<00:08,  2.08trial/s, best loss: 0.026640133552811605]
 36%|███▌      | 9/25 [00:04<00:07,  2.10trial/s, best loss: 0.026640133552811605]
 40%|████      | 10/25 [00:04<00:07,  2.02trial/s, best loss: 0.026640133552811605]
 44%|████▍     | 11/25 [00:05<00:07,  1.93trial/s, best loss: 0.026640133552811605]
 48%|████▊     | 12/25 [00:05<00:06,  1.95trial/s, best loss: 0.026640133552811605]
 52%|█████▏    | 13/25 [00:06<00:05,  2.01trial/s, best loss: 0.026640133552811605]
 56%|█████▌    | 14/25 [00:06<00:05,  2.02trial/s, best loss: 0.026640133552811605]
 60%|██████    | 15/25 [00:07<00:04,  2.05trial/s, best loss: 0.026640133552811605]
 64%|██████▍   | 16/25 [00:07<00:04,  2.03trial/s, best loss: 0.026640133552811605]
 68%|██████▊   | 17/25 [00:08<00:03,  2.06trial/s, best loss: 0.026640133552811605]
 72%|███████▏  | 18/25 [00:08<00:03,  2.06trial/s, best loss: 0.026640133552811605]
 76%|███████▌  | 19/25 [00:09<00:02,  2.00trial/s, best loss: 0.026640133552811605]
 80%|████████  | 20/25 [00:09<00:02,  2.04trial/s, best loss: 0.026640133552811605]
 84%|████████▍ | 21/25 [00:10<00:01,  2.04trial/s, best loss: 0.026640133552811605]
 88%|████████▊ | 22/25 [00:10<00:01,  2.04trial/s, best loss: 0.026640133552811605]
 92%|█████████▏| 23/25 [00:11<00:00,  2.06trial/s, best loss: 0.016231817714146713]
 96%|█████████▌| 24/25 [00:11<00:00,  2.07trial/s, best loss: 0.016231817714146713]
100%|██████████| 25/25 [00:12<00:00,  2.07trial/s, best loss: 0.016231817714146713]
100%|██████████| 25/25 [00:12<00:00,  2.05trial/s, best loss: 0.016231817714146713]

  0%|          | 0/25 [00:00<?, ?trial/s, best loss=?]
  4%|▍         | 1/25 [00:00<00:11,  2.01trial/s, best loss: 0.03937595940407192]
  8%|▊         | 2/25 [00:00<00:11,  2.00trial/s, best loss: 0.03937595940407192]
 12%|█▏        | 3/25 [00:01<00:10,  2.05trial/s, best loss: 0.03937595940407192]
 16%|█▌        | 4/25 [00:01<00:10,  2.03trial/s, best loss: 0.03937595940407192]
 20%|██        | 5/25 [00:02<00:09,  2.08trial/s, best loss: 0.03937595940407192]
 24%|██▍       | 6/25 [00:02<00:09,  2.06trial/s, best loss: 0.03937595940407192]
 28%|██▊       | 7/25 [00:03<00:08,  2.04trial/s, best loss: 0.03937595940407192]
 32%|███▏      | 8/25 [00:03<00:08,  2.06trial/s, best loss: 0.03937595940407192]
 36%|███▌      | 9/25 [00:04<00:07,  2.08trial/s, best loss: 0.03937595940407192]
 40%|████      | 10/25 [00:04<00:07,  2.09trial/s, best loss: 0.03937595940407192]
 44%|████▍     | 11/25 [00:06<00:11,  1.26trial/s, best loss: 0.036665127984053636]
 48%|████▊     | 12/25 [00:06<00:08,  1.44trial/s, best loss: 0.036665127984053636]
 52%|█████▏    | 13/25 [00:07<00:07,  1.60trial/s, best loss: 0.036665127984053636]
 56%|█████▌    | 14/25 [00:07<00:06,  1.71trial/s, best loss: 0.036665127984053636]
 60%|██████    | 15/25 [00:08<00:05,  1.84trial/s, best loss: 0.036665127984053636]
 64%|██████▍   | 16/25 [00:08<00:04,  1.89trial/s, best loss: 0.036665127984053636]
 68%|██████▊   | 17/25 [00:09<00:04,  1.95trial/s, best loss: 0.036665127984053636]
 72%|███████▏  | 18/25 [00:09<00:03,  1.98trial/s, best loss: 0.036665127984053636]
 76%|███████▌  | 19/25 [00:10<00:02,  2.02trial/s, best loss: 0.036665127984053636]
 80%|████████  | 20/25 [00:10<00:02,  2.03trial/s, best loss: 0.036665127984053636]
 84%|████████▍ | 21/25 [00:11<00:01,  2.01trial/s, best loss: 0.036665127984053636]
 88%|████████▊ | 22/25 [00:11<00:01,  2.00trial/s, best loss: 0.036665127984053636]
 92%|█████████▏| 23/25 [00:12<00:00,  2.00trial/s, best loss: 0.013068121453204847]
 96%|█████████▌| 24/25 [00:12<00:00,  2.01trial/s, best loss: 0.013068121453204847]
100%|██████████| 25/25 [00:13<00:00,  2.03trial/s, best loss: 0.013068121453204847]
100%|██████████| 25/25 [00:13<00:00,  1.90trial/s, best loss: 0.013068121453204847]

  0%|          | 0/25 [00:00<?, ?trial/s, best loss=?]
  4%|▍         | 1/25 [00:00<00:12,  1.98trial/s, best loss: 0.06255277641876808]
  8%|▊         | 2/25 [00:00<00:11,  2.01trial/s, best loss: 0.06255277641876808]
 12%|█▏        | 3/25 [00:01<00:10,  2.11trial/s, best loss: 0.06093396387128649]
 16%|█▌        | 4/25 [00:01<00:10,  2.06trial/s, best loss: 0.06093396387128649]
 20%|██        | 5/25 [00:02<00:09,  2.08trial/s, best loss: 0.01619309398819855]
 24%|██▍       | 6/25 [00:02<00:09,  2.09trial/s, best loss: 0.01619309398819855]
 28%|██▊       | 7/25 [00:03<00:08,  2.06trial/s, best loss: 0.01619309398819855]
 32%|███▏      | 8/25 [00:03<00:08,  2.06trial/s, best loss: 0.01619309398819855]
 36%|███▌      | 9/25 [00:04<00:07,  2.08trial/s, best loss: 0.01619309398819855]
 40%|████      | 10/25 [00:04<00:07,  2.09trial/s, best loss: 0.01619309398819855]
 44%|████▍     | 11/25 [00:05<00:06,  2.12trial/s, best loss: 0.01619309398819855]
 48%|████▊     | 12/25 [00:05<00:06,  2.13trial/s, best loss: 0.01619309398819855]
 52%|█████▏    | 13/25 [00:06<00:05,  2.09trial/s, best loss: 0.01619309398819855]
 56%|█████▌    | 14/25 [00:06<00:05,  2.12trial/s, best loss: 0.01619309398819855]
 60%|██████    | 15/25 [00:07<00:04,  2.13trial/s, best loss: 0.01619309398819855]
 64%|██████▍   | 16/25 [00:07<00:04,  2.10trial/s, best loss: 0.01619309398819855]
 68%|██████▊   | 17/25 [00:08<00:03,  2.06trial/s, best loss: 0.01619309398819855]
 72%|███████▏  | 18/25 [00:08<00:03,  2.05trial/s, best loss: 0.01619309398819855]
 76%|███████▌  | 19/25 [00:09<00:02,  2.05trial/s, best loss: 0.01619309398819855]
 80%|████████  | 20/25 [00:09<00:02,  2.08trial/s, best loss: 0.01619309398819855]
 84%|████████▍ | 21/25 [00:10<00:01,  2.08trial/s, best loss: 0.01619309398819855]
 88%|████████▊ | 22/25 [00:10<00:01,  2.05trial/s, best loss: 0.01619309398819855]
 92%|█████████▏| 23/25 [00:11<00:00,  2.06trial/s, best loss: 0.01619309398819855]
 96%|█████████▌| 24/25 [00:11<00:00,  2.08trial/s, best loss: 0.01619309398819855]
100%|██████████| 25/25 [00:12<00:00,  2.06trial/s, best loss: 0.01619309398819855]
100%|██████████| 25/25 [00:12<00:00,  2.08trial/s, best loss: 0.01619309398819855]

  0%|          | 0/25 [00:00<?, ?trial/s, best loss=?]
  4%|▍         | 1/25 [00:00<00:12,  2.00trial/s, best loss: -0.0]
  8%|▊         | 2/25 [00:00<00:11,  2.01trial/s, best loss: -0.09967015726996632]
 12%|█▏        | 3/25 [00:01<00:10,  2.04trial/s, best loss: -0.09967015726996632]
 16%|█▌        | 4/25 [00:01<00:10,  2.08trial/s, best loss: -0.09967015726996632]
 20%|██        | 5/25 [00:02<00:09,  2.08trial/s, best loss: -0.09967015726996632]
 24%|██▍       | 6/25 [00:02<00:09,  2.07trial/s, best loss: -0.09967015726996632]
 28%|██▊       | 7/25 [00:03<00:08,  2.09trial/s, best loss: -0.09967015726996632]
 32%|███▏      | 8/25 [00:03<00:08,  2.10trial/s, best loss: -0.09967015726996632]
 36%|███▌      | 9/25 [00:04<00:07,  2.13trial/s, best loss: -0.11487265250391178]
 40%|████      | 10/25 [00:04<00:07,  2.10trial/s, best loss: -0.11487265250391178]
 44%|████▍     | 11/25 [00:05<00:06,  2.12trial/s, best loss: -0.11487265250391178]
 48%|████▊     | 12/25 [00:05<00:06,  2.13trial/s, best loss: -0.11487265250391178]
 52%|█████▏    | 13/25 [00:06<00:05,  2.14trial/s, best loss: -0.11487265250391178]
 56%|█████▌    | 14/25 [00:06<00:05,  2.13trial/s, best loss: -0.11487265250391178]
 60%|██████    | 15/25 [00:07<00:04,  2.11trial/s, best loss: -0.11487265250391178]
 64%|██████▍   | 16/25 [00:07<00:04,  2.11trial/s, best loss: -0.11487265250391178]
 68%|██████▊   | 17/25 [00:08<00:03,  2.09trial/s, best loss: -0.11487265250391178]
 72%|███████▏  | 18/25 [00:08<00:03,  2.11trial/s, best loss: -0.11487265250391178]
 76%|███████▌  | 19/25 [00:09<00:02,  2.10trial/s, best loss: -0.11487265250391178]
 80%|████████  | 20/25 [00:09<00:02,  2.11trial/s, best loss: -0.11487265250391178]
 84%|████████▍ | 21/25 [00:09<00:01,  2.14trial/s, best loss: -0.11487265250391178]
 88%|████████▊ | 22/25 [00:10<00:01,  2.12trial/s, best loss: -0.11487265250391178]
 92%|█████████▏| 23/25 [00:10<00:00,  2.12trial/s, best loss: -0.11487265250391178]
 96%|█████████▌| 24/25 [00:11<00:00,  2.13trial/s, best loss: -0.11487265250391178]
100%|██████████| 25/25 [00:11<00:00,  2.10trial/s, best loss: -0.11487265250391178]
100%|██████████| 25/25 [00:11<00:00,  2.10trial/s, best loss: -0.11487265250391178]

  0%|          | 0/25 [00:00<?, ?trial/s, best loss=?]
  4%|▍         | 1/25 [00:00<00:11,  2.18trial/s, best loss: 0.07005077546417653]
  8%|▊         | 2/25 [00:00<00:10,  2.14trial/s, best loss: -0.028105886089523992]
 12%|█▏        | 3/25 [00:01<00:10,  2.11trial/s, best loss: -0.15213432890714013] 
 16%|█▌        | 4/25 [00:01<00:09,  2.14trial/s, best loss: -0.15213432890714013]
 20%|██        | 5/25 [00:02<00:09,  2.12trial/s, best loss: -0.15213432890714013]
 24%|██▍       | 6/25 [00:02<00:08,  2.13trial/s, best loss: -0.15213432890714013]
 28%|██▊       | 7/25 [00:03<00:08,  2.13trial/s, best loss: -0.15213432890714013]
 32%|███▏      | 8/25 [00:03<00:07,  2.17trial/s, best loss: -0.15213432890714013]
 36%|███▌      | 9/25 [00:04<00:07,  2.14trial/s, best loss: -0.15213432890714013]
 40%|████      | 10/25 [00:04<00:07,  2.13trial/s, best loss: -0.15213432890714013]
 44%|████▍     | 11/25 [00:05<00:06,  2.15trial/s, best loss: -0.1726495506524349] 
 48%|████▊     | 12/25 [00:05<00:06,  2.16trial/s, best loss: -0.1726495506524349]
 52%|█████▏    | 13/25 [00:06<00:05,  2.15trial/s, best loss: -0.1726495506524349]
 56%|█████▌    | 14/25 [00:06<00:05,  2.14trial/s, best loss: -0.1726495506524349]
 60%|██████    | 15/25 [00:07<00:04,  2.09trial/s, best loss: -0.1726495506524349]
 64%|██████▍   | 16/25 [00:07<00:04,  2.10trial/s, best loss: -0.1726495506524349]
 68%|██████▊   | 17/25 [00:08<00:03,  2.08trial/s, best loss: -0.1726495506524349]
 72%|███████▏  | 18/25 [00:08<00:03,  2.08trial/s, best loss: -0.1726495506524349]
 76%|███████▌  | 19/25 [00:08<00:02,  2.06trial/s, best loss: -0.1726495506524349]
 80%|████████  | 20/25 [00:09<00:02,  2.09trial/s, best loss: -0.1726495506524349]
 84%|████████▍ | 21/25 [00:09<00:01,  2.08trial/s, best loss: -0.18048129031027874]
 88%|████████▊ | 22/25 [00:10<00:01,  2.07trial/s, best loss: -0.18048129031027874]
 92%|█████████▏| 23/25 [00:10<00:00,  2.10trial/s, best loss: -0.18048129031027874]
 96%|█████████▌| 24/25 [00:11<00:00,  2.08trial/s, best loss: -0.18048129031027874]
100%|██████████| 25/25 [00:11<00:00,  2.08trial/s, best loss: -0.18048129031027874]
100%|██████████| 25/25 [00:11<00:00,  2.11trial/s, best loss: -0.18048129031027874]

  0%|          | 0/25 [00:00<?, ?trial/s, best loss=?]
  4%|▍         | 1/25 [00:00<00:11,  2.11trial/s, best loss: 0.4763988309376342]
  8%|▊         | 2/25 [00:00<00:10,  2.09trial/s, best loss: 0.4763988309376342]
 12%|█▏        | 3/25 [00:01<00:10,  2.13trial/s, best loss: 0.459980757181613] 
 16%|█▌        | 4/25 [00:01<00:09,  2.12trial/s, best loss: 0.459980757181613]
 20%|██        | 5/25 [00:02<00:09,  2.15trial/s, best loss: 0.459980757181613]
 24%|██▍       | 6/25 [00:02<00:08,  2.11trial/s, best loss: 0.459980757181613]
 28%|██▊       | 7/25 [00:03<00:08,  2.12trial/s, best loss: 0.459980757181613]
 32%|███▏      | 8/25 [00:03<00:07,  2.14trial/s, best loss: 0.459980757181613]
 36%|███▌      | 9/25 [00:04<00:07,  2.16trial/s, best loss: 0.459980757181613]
 40%|████      | 10/25 [00:04<00:06,  2.18trial/s, best loss: 0.459980757181613]
 44%|████▍     | 11/25 [00:05<00:06,  2.13trial/s, best loss: 0.459980757181613]
 48%|████▊     | 12/25 [00:05<00:06,  2.16trial/s, best loss: 0.459980757181613]
 52%|█████▏    | 13/25 [00:06<00:05,  2.14trial/s, best loss: 0.459980757181613]
 56%|█████▌    | 14/25 [00:06<00:05,  2.13trial/s, best loss: 0.459980757181613]
 60%|██████    | 15/25 [00:07<00:04,  2.13trial/s, best loss: 0.459980757181613]
 64%|██████▍   | 16/25 [00:07<00:04,  2.10trial/s, best loss: 0.459980757181613]
 68%|██████▊   | 17/25 [00:07<00:03,  2.09trial/s, best loss: 0.459980757181613]
 72%|███████▏  | 18/25 [00:08<00:03,  2.11trial/s, best loss: 0.459980757181613]
 76%|███████▌  | 19/25 [00:08<00:02,  2.14trial/s, best loss: 0.459980757181613]
 80%|████████  | 20/25 [00:09<00:02,  2.13trial/s, best loss: 0.459980757181613]
 84%|████████▍ | 21/25 [00:09<00:01,  2.14trial/s, best loss: 0.459980757181613]
 88%|████████▊ | 22/25 [00:10<00:01,  2.15trial/s, best loss: 0.459980757181613]
 92%|█████████▏| 23/25 [00:10<00:00,  2.10trial/s, best loss: 0.459980757181613]
 96%|█████████▌| 24/25 [00:11<00:00,  2.09trial/s, best loss: 0.459980757181613]
100%|██████████| 25/25 [00:11<00:00,  2.11trial/s, best loss: 0.459980757181613]
100%|██████████| 25/25 [00:11<00:00,  2.13trial/s, best loss: 0.459980757181613]
D:\quant_system_pro (3)\quant_system_pro\backtest\backtest_pro.py:330: UserWarning: Glyph 39057 (\N{CJK UNIFIED IDEOGRAPH-9891}) missing from font(s) DejaVu Sans.
  buf=io.BytesIO(); plt.tight_layout(); plt.savefig(buf, format="png"); data=base64.b64encode(buf.getvalue()).decode()
D:\quant_system_pro (3)\quant_system_pro\backtest\backtest_pro.py:330: UserWarning: Glyph 25968 (\N{CJK UNIFIED IDEOGRAPH-6570}) missing from font(s) DejaVu Sans.
  buf=io.BytesIO(); plt.tight_layout(); plt.savefig(buf, format="png"); data=base64.b64encode(buf.getvalue()).decode()
D:\quant_system_pro (3)\quant_system_pro\backtest\backtest_pro.py:330: UserWarning: Glyph 20998 (\N{CJK UNIFIED IDEOGRAPH-5206}) missing from font(s) DejaVu Sans.
  buf=io.BytesIO(); plt.tight_layout(); plt.savefig(buf, format="png"); data=base64.b64encode(buf.getvalue()).decode()
D:\quant_system_pro (3)\quant_system_pro\backtest\backtest_pro.py:330: UserWarning: Glyph 24067 (\N{CJK UNIFIED IDEOGRAPH-5E03}) missing from font(s) DejaVu Sans.
  buf=io.BytesIO(); plt.tight_layout(); plt.savefig(buf, format="png"); data=base64.b64encode(buf.getvalue()).decode()
D:\quant_system_pro (3)\quant_system_pro\backtest\backtest_pro.py:330: UserWarning: Glyph 65288 (\N{FULLWIDTH LEFT PARENTHESIS}) missing from font(s) DejaVu Sans.
  buf=io.BytesIO(); plt.tight_layout(); plt.savefig(buf, format="png"); data=base64.b64encode(buf.getvalue()).decode()
D:\quant_system_pro (3)\quant_system_pro\backtest\backtest_pro.py:330: UserWarning: Glyph 36234 (\N{CJK UNIFIED IDEOGRAPH-8D8A}) missing from font(s) DejaVu Sans.
  buf=io.BytesIO(); plt.tight_layout(); plt.savefig(buf, format="png"); data=base64.b64encode(buf.getvalue()).decode()
D:\quant_system_pro (3)\quant_system_pro\backtest\backtest_pro.py:330: UserWarning: Glyph 20302 (\N{CJK UNIFIED IDEOGRAPH-4F4E}) missing from font(s) DejaVu Sans.
  buf=io.BytesIO(); plt.tight_layout(); plt.savefig(buf, format="png"); data=base64.b64encode(buf.getvalue()).decode()
D:\quant_system_pro (3)\quant_system_pro\backtest\backtest_pro.py:330: UserWarning: Glyph 22909 (\N{CJK UNIFIED IDEOGRAPH-597D}) missing from font(s) DejaVu Sans.
  buf=io.BytesIO(); plt.tight_layout(); plt.savefig(buf, format="png"); data=base64.b64encode(buf.getvalue()).decode()
D:\quant_system_pro (3)\quant_system_pro\backtest\backtest_pro.py:330: UserWarning: Glyph 65289 (\N{FULLWIDTH RIGHT PARENTHESIS}) missing from font(s) DejaVu Sans.
  buf=io.BytesIO(); plt.tight_layout(); plt.savefig(buf, format="png"); data=base64.b64encode(buf.getvalue()).decode()
[完成] 最优表: D:\quant_system_pro (3)\quant_system_pro\results\full_throttle\最优组合总表_S档_20250817-032503.csv
[完成] best_combo: data/best_combo.csv
