[A6-SHIM] pandas.DataFrame.to_csv 已安装修订钩子（仅拦截 a6_strategy_scores*）
C:\Users\Administrator\AppData\Local\Programs\Python\Python39\lib\site-packages\hyperopt\atpe.py:19: UserWarning: pkg_resources is deprecated as an API. See https://setuptools.pypa.io/en/latest/pkg_resources.html. The pkg_resources package is slated for removal as early as 2025-11-30. Refrain from using this package or pin to Setuptools<81.
  import pkg_resources
[GPU] Torch 2.6.0+cu124 | CUDA 12.4 | Device NVIDIA GeForce RTX 3060 | available=True
[GPU] XGBoost 1.7.6 (gpu_hist supported)
[GPU] LightGBM available (GPU depends on build)
[回测] 符号数=1 窗口=90天 S档=ON

  0%|          | 0/25 [00:00<?, ?trial/s, best loss=?]
  4%|▍         | 1/25 [00:00<00:12,  1.95trial/s, best loss: 0.6759688791163385]
  8%|▊         | 2/25 [00:01<00:11,  1.93trial/s, best loss: 0.6759688791163385]
 12%|█▏        | 3/25 [00:01<00:11,  1.97trial/s, best loss: 0.6759688791163385]
 16%|█▌        | 4/25 [00:02<00:10,  1.97trial/s, best loss: 0.6759688791163385]
 20%|██        | 5/25 [00:02<00:10,  1.94trial/s, best loss: 0.6759688791163385]
 24%|██▍       | 6/25 [00:03<00:09,  1.96trial/s, best loss: 0.6759688791163385]
 28%|██▊       | 7/25 [00:03<00:09,  1.97trial/s, best loss: 0.3059127564357307]
 32%|███▏      | 8/25 [00:04<00:08,  1.98trial/s, best loss: 0.3059127564357307]
 36%|███▌      | 9/25 [00:04<00:08,  1.96trial/s, best loss: 0.3059127564357307]
 40%|████      | 10/25 [00:05<00:07,  1.97trial/s, best loss: 0.3059127564357307]
 44%|████▍     | 11/25 [00:05<00:07,  1.96trial/s, best loss: 0.3059127564357307]
 48%|████▊     | 12/25 [00:06<00:06,  1.93trial/s, best loss: 0.3059127564357307]
 52%|█████▏    | 13/25 [00:06<00:06,  1.94trial/s, best loss: 0.3059127564357307]
 56%|█████▌    | 14/25 [00:07<00:05,  1.95trial/s, best loss: 0.3059127564357307]
 60%|██████    | 15/25 [00:07<00:05,  1.95trial/s, best loss: 0.3059127564357307]
 64%|██████▍   | 16/25 [00:08<00:04,  1.94trial/s, best loss: 0.30111941599514913]
 68%|██████▊   | 17/25 [00:08<00:04,  1.96trial/s, best loss: 0.30111941599514913]
 72%|███████▏  | 18/25 [00:09<00:03,  1.93trial/s, best loss: 0.30111941599514913]
 76%|███████▌  | 19/25 [00:09<00:03,  1.92trial/s, best loss: 0.30111941599514913]
 80%|████████  | 20/25 [00:10<00:02,  1.93trial/s, best loss: 0.30111941599514913]
 84%|████████▍ | 21/25 [00:10<00:02,  1.94trial/s, best loss: 0.30111941599514913]
 88%|████████▊ | 22/25 [00:11<00:01,  1.96trial/s, best loss: 0.30111941599514913]
 92%|█████████▏| 23/25 [00:11<00:01,  1.96trial/s, best loss: 0.30111941599514913]
 96%|█████████▌| 24/25 [00:12<00:00,  1.96trial/s, best loss: 0.30111941599514913]
100%|██████████| 25/25 [00:12<00:00,  1.93trial/s, best loss: 0.3004932307084477] 
100%|██████████| 25/25 [00:12<00:00,  1.95trial/s, best loss: 0.3004932307084477]

  0%|          | 0/25 [00:00<?, ?trial/s, best loss=?]
  4%|▍         | 1/25 [00:00<00:12,  1.96trial/s, best loss: 0.33976146374837257]
  8%|▊         | 2/25 [00:01<00:11,  1.97trial/s, best loss: 0.33976146374837257]
 12%|█▏        | 3/25 [00:01<00:11,  1.98trial/s, best loss: 0.33976146374837257]
 16%|█▌        | 4/25 [00:02<00:10,  2.01trial/s, best loss: 0.33976146374837257]
 20%|██        | 5/25 [00:02<00:10,  1.99trial/s, best loss: 0.33976146374837257]
 24%|██▍       | 6/25 [00:03<00:09,  1.97trial/s, best loss: 0.33976146374837257]
 28%|██▊       | 7/25 [00:03<00:09,  1.97trial/s, best loss: 0.17269687721563184]
 32%|███▏      | 8/25 [00:04<00:08,  1.98trial/s, best loss: 0.17269687721563184]
 36%|███▌      | 9/25 [00:04<00:08,  1.97trial/s, best loss: 0.17269687721563184]
 40%|████      | 10/25 [00:05<00:07,  1.98trial/s, best loss: 0.17269687721563184]
 44%|████▍     | 11/25 [00:05<00:07,  1.98trial/s, best loss: 0.17269687721563184]
 48%|████▊     | 12/25 [00:06<00:06,  1.97trial/s, best loss: 0.17269687721563184]
 52%|█████▏    | 13/25 [00:06<00:06,  1.97trial/s, best loss: 0.17269687721563184]
 56%|█████▌    | 14/25 [00:07<00:05,  1.99trial/s, best loss: 0.17269687721563184]
 60%|██████    | 15/25 [00:07<00:05,  1.99trial/s, best loss: 0.17269687721563184]
 64%|██████▍   | 16/25 [00:08<00:04,  1.99trial/s, best loss: 0.17269687721563184]
 68%|██████▊   | 17/25 [00:08<00:04,  2.00trial/s, best loss: 0.17269687721563184]
 72%|███████▏  | 18/25 [00:09<00:03,  2.01trial/s, best loss: 0.17269687721563184]
 76%|███████▌  | 19/25 [00:09<00:03,  2.00trial/s, best loss: 0.17269687721563184]
 80%|████████  | 20/25 [00:10<00:02,  2.00trial/s, best loss: 0.17269687721563184]
 84%|████████▍ | 21/25 [00:10<00:02,  2.00trial/s, best loss: 0.17269687721563184]
 88%|████████▊ | 22/25 [00:11<00:01,  1.99trial/s, best loss: 0.17269687721563184]
 92%|█████████▏| 23/25 [00:11<00:01,  2.00trial/s, best loss: 0.16986632947339936]
 96%|█████████▌| 24/25 [00:12<00:00,  2.01trial/s, best loss: 0.16986632947339936]
100%|██████████| 25/25 [00:12<00:00,  2.00trial/s, best loss: 0.16986632947339936]
100%|██████████| 25/25 [00:12<00:00,  1.99trial/s, best loss: 0.16986632947339936]

  0%|          | 0/25 [00:00<?, ?trial/s, best loss=?]
  4%|▍         | 1/25 [00:00<00:12,  1.96trial/s, best loss: 0.17385707177905318]
  8%|▊         | 2/25 [00:01<00:11,  1.98trial/s, best loss: 0.17385707177905318]
 12%|█▏        | 3/25 [00:01<00:11,  1.99trial/s, best loss: 0.17385707177905318]
 16%|█▌        | 4/25 [00:02<00:10,  2.00trial/s, best loss: 0.17385707177905318]
 20%|██        | 5/25 [00:02<00:10,  1.98trial/s, best loss: 0.17385707177905318]
 24%|██▍       | 6/25 [00:03<00:09,  1.99trial/s, best loss: 0.17385707177905318]
 28%|██▊       | 7/25 [00:03<00:08,  2.00trial/s, best loss: 0.16998682866520654]
 32%|███▏      | 8/25 [00:04<00:08,  2.01trial/s, best loss: 0.16998682866520654]
 36%|███▌      | 9/25 [00:04<00:08,  1.99trial/s, best loss: 0.16998682866520654]
 40%|████      | 10/25 [00:05<00:07,  1.99trial/s, best loss: 0.16998682866520654]
 44%|████▍     | 11/25 [00:05<00:07,  1.99trial/s, best loss: 0.16998682866520654]
 48%|████▊     | 12/25 [00:06<00:06,  1.97trial/s, best loss: 0.16047325422322106]
 52%|█████▏    | 13/25 [00:06<00:06,  1.95trial/s, best loss: 0.16047325422322106]
 56%|█████▌    | 14/25 [00:07<00:06,  1.75trial/s, best loss: 0.16047325422322106]
 60%|██████    | 15/25 [00:07<00:05,  1.82trial/s, best loss: 0.16047325422322106]
 64%|██████▍   | 16/25 [00:08<00:04,  1.88trial/s, best loss: 0.16047325422322106]
 68%|██████▊   | 17/25 [00:08<00:04,  1.92trial/s, best loss: 0.16047325422322106]
 72%|███████▏  | 18/25 [00:09<00:03,  1.95trial/s, best loss: 0.16047325422322106]
 76%|███████▌  | 19/25 [00:09<00:03,  1.94trial/s, best loss: 0.16047325422322106]
 80%|████████  | 20/25 [00:10<00:02,  1.97trial/s, best loss: 0.16047325422322106]
 84%|████████▍ | 21/25 [00:10<00:02,  1.98trial/s, best loss: 0.16047325422322106]
 88%|████████▊ | 22/25 [00:11<00:01,  1.98trial/s, best loss: 0.16047325422322106]
 92%|█████████▏| 23/25 [00:11<00:01,  1.94trial/s, best loss: 0.16047325422322106]
 96%|█████████▌| 24/25 [00:12<00:00,  1.97trial/s, best loss: 0.16047325422322106]
100%|██████████| 25/25 [00:12<00:00,  1.99trial/s, best loss: 0.15177218454343003]
100%|██████████| 25/25 [00:12<00:00,  1.95trial/s, best loss: 0.15177218454343003]

  0%|          | 0/25 [00:00<?, ?trial/s, best loss=?]
  4%|▍         | 1/25 [00:00<00:12,  1.95trial/s, best loss: 0.10219084668416534]
  8%|▊         | 2/25 [00:01<00:11,  1.94trial/s, best loss: 0.10219084668416534]
 12%|█▏        | 3/25 [00:01<00:11,  1.97trial/s, best loss: 0.10219084668416534]
 16%|█▌        | 4/25 [00:02<00:10,  1.97trial/s, best loss: 0.10219084668416534]
 20%|██        | 5/25 [00:02<00:10,  1.98trial/s, best loss: 0.10219084668416534]
 24%|██▍       | 6/25 [00:03<00:09,  1.97trial/s, best loss: 0.10219084668416534]
 28%|██▊       | 7/25 [00:03<00:09,  1.97trial/s, best loss: 0.06132521509677173]
 32%|███▏      | 8/25 [00:04<00:08,  1.98trial/s, best loss: 0.06132521509677173]
 36%|███▌      | 9/25 [00:04<00:08,  2.00trial/s, best loss: 0.06132521509677173]
 40%|████      | 10/25 [00:05<00:07,  2.00trial/s, best loss: 0.06132521509677173]
 44%|████▍     | 11/25 [00:05<00:06,  2.02trial/s, best loss: 0.06132521509677173]
 48%|████▊     | 12/25 [00:06<00:06,  2.00trial/s, best loss: 0.06132521509677173]
 52%|█████▏    | 13/25 [00:06<00:05,  2.01trial/s, best loss: 0.06132521509677173]
 56%|█████▌    | 14/25 [00:07<00:05,  1.99trial/s, best loss: 0.06132521509677173]
 60%|██████    | 15/25 [00:07<00:05,  1.99trial/s, best loss: 0.06132521509677173]
 64%|██████▍   | 16/25 [00:08<00:04,  2.00trial/s, best loss: 0.06132521509677173]
 68%|██████▊   | 17/25 [00:08<00:03,  2.00trial/s, best loss: 0.06132521509677173]
 72%|███████▏  | 18/25 [00:09<00:03,  2.00trial/s, best loss: 0.06132521509677173]
 76%|███████▌  | 19/25 [00:09<00:03,  1.97trial/s, best loss: 0.06132521509677173]
 80%|████████  | 20/25 [00:10<00:02,  1.98trial/s, best loss: 0.06132521509677173]
 84%|████████▍ | 21/25 [00:10<00:02,  1.98trial/s, best loss: 0.06132521509677173]
 88%|████████▊ | 22/25 [00:11<00:01,  1.96trial/s, best loss: 0.05543769615678025]
 92%|█████████▏| 23/25 [00:11<00:01,  1.96trial/s, best loss: 0.05543769615678025]
 96%|█████████▌| 24/25 [00:12<00:00,  1.99trial/s, best loss: 0.05543769615678025]
100%|██████████| 25/25 [00:12<00:00,  1.99trial/s, best loss: 0.05543769615678025]
100%|██████████| 25/25 [00:12<00:00,  1.99trial/s, best loss: 0.05543769615678025]

  0%|          | 0/25 [00:00<?, ?trial/s, best loss=?]
  4%|▍         | 1/25 [00:01<00:26,  1.11s/trial, best loss: 0.0669587199704821]
  8%|▊         | 2/25 [00:02<00:26,  1.14s/trial, best loss: 0.0669587199704821]
 12%|█▏        | 3/25 [00:03<00:24,  1.12s/trial, best loss: 0.028102219302546146]
 16%|█▌        | 4/25 [00:04<00:23,  1.13s/trial, best loss: 0.028102219302546146]
 20%|██        | 5/25 [00:05<00:22,  1.12s/trial, best loss: 0.028102219302546146]
 24%|██▍       | 6/25 [00:06<00:21,  1.13s/trial, best loss: 0.02154395304878225] 
 28%|██▊       | 7/25 [00:07<00:20,  1.14s/trial, best loss: 0.02154395304878225]
 32%|███▏      | 8/25 [00:09<00:20,  1.21s/trial, best loss: 0.02154395304878225]
 36%|███▌      | 9/25 [00:10<00:19,  1.19s/trial, best loss: 0.006694092933643835]
 40%|████      | 10/25 [00:11<00:17,  1.17s/trial, best loss: 0.006694092933643835]
 44%|████▍     | 11/25 [00:12<00:16,  1.15s/trial, best loss: 0.005410877302597931]
 48%|████▊     | 12/25 [00:13<00:15,  1.16s/trial, best loss: 0.005410877302597931]
 52%|█████▏    | 13/25 [00:14<00:13,  1.14s/trial, best loss: 0.005410877302597931]
 56%|█████▌    | 14/25 [00:16<00:12,  1.13s/trial, best loss: 0.005410877302597931]
 60%|██████    | 15/25 [00:17<00:11,  1.13s/trial, best loss: 0.005410877302597931]
 64%|██████▍   | 16/25 [00:18<00:10,  1.13s/trial, best loss: 0.005410877302597931]
 68%|██████▊   | 17/25 [00:19<00:09,  1.13s/trial, best loss: -0.013320801428871458]
 72%|███████▏  | 18/25 [00:20<00:07,  1.12s/trial, best loss: -0.013320801428871458]
 76%|███████▌  | 19/25 [00:21<00:06,  1.12s/trial, best loss: -0.013320801428871458]
 80%|████████  | 20/25 [00:22<00:05,  1.14s/trial, best loss: -0.048252401278682265]
 84%|████████▍ | 21/25 [00:23<00:04,  1.14s/trial, best loss: -0.048252401278682265]
 88%|████████▊ | 22/25 [00:25<00:03,  1.14s/trial, best loss: -0.048252401278682265]
 92%|█████████▏| 23/25 [00:26<00:02,  1.16s/trial, best loss: -0.048252401278682265]
 96%|█████████▌| 24/25 [00:27<00:01,  1.16s/trial, best loss: -0.053582586948310015]
100%|██████████| 25/25 [00:28<00:00,  1.14s/trial, best loss: -0.053582586948310015]
100%|██████████| 25/25 [00:28<00:00,  1.14s/trial, best loss: -0.053582586948310015]

  0%|          | 0/25 [00:00<?, ?trial/s, best loss=?]
  4%|▍         | 1/25 [00:01<00:26,  1.11s/trial, best loss: -0.13089631901740667]
  8%|▊         | 2/25 [00:02<00:26,  1.14s/trial, best loss: -0.13089631901740667]
 12%|█▏        | 3/25 [00:03<00:25,  1.15s/trial, best loss: -0.13089631901740667]
 16%|█▌        | 4/25 [00:04<00:24,  1.15s/trial, best loss: -0.13089631901740667]
 20%|██        | 5/25 [00:05<00:22,  1.13s/trial, best loss: -0.13089631901740667]
 24%|██▍       | 6/25 [00:06<00:21,  1.14s/trial, best loss: -0.13089631901740667]
 28%|██▊       | 7/25 [00:07<00:20,  1.14s/trial, best loss: -0.1646409276134153] 
 32%|███▏      | 8/25 [00:09<00:19,  1.14s/trial, best loss: -0.1646409276134153]
 36%|███▌      | 9/25 [00:10<00:18,  1.13s/trial, best loss: -0.1646409276134153]
 40%|████      | 10/25 [00:11<00:17,  1.14s/trial, best loss: -0.20277756560628793]
 44%|████▍     | 11/25 [00:12<00:15,  1.13s/trial, best loss: -0.20277756560628793]
 48%|████▊     | 12/25 [00:13<00:14,  1.13s/trial, best loss: -0.20277756560628793]
 52%|█████▏    | 13/25 [00:14<00:13,  1.12s/trial, best loss: -0.20277756560628793]
 56%|█████▌    | 14/25 [00:15<00:12,  1.14s/trial, best loss: -0.20277756560628793]
 60%|██████    | 15/25 [00:17<00:11,  1.13s/trial, best loss: -0.20277756560628793]
 64%|██████▍   | 16/25 [00:18<00:10,  1.12s/trial, best loss: -0.20277756560628793]
 68%|██████▊   | 17/25 [00:19<00:09,  1.13s/trial, best loss: -0.20277756560628793]
 72%|███████▏  | 18/25 [00:20<00:07,  1.14s/trial, best loss: -0.20277756560628793]
 76%|███████▌  | 19/25 [00:21<00:06,  1.14s/trial, best loss: -0.20277756560628793]
 80%|████████  | 20/25 [00:22<00:05,  1.14s/trial, best loss: -0.20277756560628793]
 84%|████████▍ | 21/25 [00:23<00:04,  1.14s/trial, best loss: -0.20277756560628793]
 88%|████████▊ | 22/25 [00:25<00:03,  1.16s/trial, best loss: -0.20277756560628793]
 92%|█████████▏| 23/25 [00:26<00:02,  1.16s/trial, best loss: -0.20277756560628793]
 96%|█████████▌| 24/25 [00:27<00:01,  1.15s/trial, best loss: -0.20277756560628793]
100%|██████████| 25/25 [00:28<00:00,  1.14s/trial, best loss: -0.20277756560628793]
100%|██████████| 25/25 [00:28<00:00,  1.14s/trial, best loss: -0.20277756560628793]
D:\quant_system_pro (3)\quant_system_pro\backtest\backtest_pro.py:330: UserWarning: Glyph 39057 (\N{CJK UNIFIED IDEOGRAPH-9891}) missing from font(s) DejaVu Sans.
  buf=io.BytesIO(); plt.tight_layout(); plt.savefig(buf, format="png"); data=base64.b64encode(buf.getvalue()).decode()
D:\quant_system_pro (3)\quant_system_pro\backtest\backtest_pro.py:330: UserWarning: Glyph 25968 (\N{CJK UNIFIED IDEOGRAPH-6570}) missing from font(s) DejaVu Sans.
  buf=io.BytesIO(); plt.tight_layout(); plt.savefig(buf, format="png"); data=base64.b64encode(buf.getvalue()).decode()
D:\quant_system_pro (3)\quant_system_pro\backtest\backtest_pro.py:330: UserWarning: Glyph 20998 (\N{CJK UNIFIED IDEOGRAPH-5206}) missing from font(s) DejaVu Sans.
  buf=io.BytesIO(); plt.tight_layout(); plt.savefig(buf, format="png"); data=base64.b64encode(buf.getvalue()).decode()
D:\quant_system_pro (3)\quant_system_pro\backtest\backtest_pro.py:330: UserWarning: Glyph 24067 (\N{CJK UNIFIED IDEOGRAPH-5E03}) missing from font(s) DejaVu Sans.
  buf=io.BytesIO(); plt.tight_layout(); plt.savefig(buf, format="png"); data=base64.b64encode(buf.getvalue()).decode()
D:\quant_system_pro (3)\quant_system_pro\backtest\backtest_pro.py:330: UserWarning: Glyph 65288 (\N{FULLWIDTH LEFT PARENTHESIS}) missing from font(s) DejaVu Sans.
  buf=io.BytesIO(); plt.tight_layout(); plt.savefig(buf, format="png"); data=base64.b64encode(buf.getvalue()).decode()
D:\quant_system_pro (3)\quant_system_pro\backtest\backtest_pro.py:330: UserWarning: Glyph 36234 (\N{CJK UNIFIED IDEOGRAPH-8D8A}) missing from font(s) DejaVu Sans.
  buf=io.BytesIO(); plt.tight_layout(); plt.savefig(buf, format="png"); data=base64.b64encode(buf.getvalue()).decode()
D:\quant_system_pro (3)\quant_system_pro\backtest\backtest_pro.py:330: UserWarning: Glyph 20302 (\N{CJK UNIFIED IDEOGRAPH-4F4E}) missing from font(s) DejaVu Sans.
  buf=io.BytesIO(); plt.tight_layout(); plt.savefig(buf, format="png"); data=base64.b64encode(buf.getvalue()).decode()
D:\quant_system_pro (3)\quant_system_pro\backtest\backtest_pro.py:330: UserWarning: Glyph 22909 (\N{CJK UNIFIED IDEOGRAPH-597D}) missing from font(s) DejaVu Sans.
  buf=io.BytesIO(); plt.tight_layout(); plt.savefig(buf, format="png"); data=base64.b64encode(buf.getvalue()).decode()
D:\quant_system_pro (3)\quant_system_pro\backtest\backtest_pro.py:330: UserWarning: Glyph 65289 (\N{FULLWIDTH RIGHT PARENTHESIS}) missing from font(s) DejaVu Sans.
  buf=io.BytesIO(); plt.tight_layout(); plt.savefig(buf, format="png"); data=base64.b64encode(buf.getvalue()).decode()
[完成] 最优表: D:\quant_system_pro (3)\quant_system_pro\results\full_throttle\最优组合总表_S档_20250817-024925.csv
[完成] best_combo: data/best_combo.csv
