[A6-SHIM] pandas.DataFrame.to_csv 已安装修订钩子（仅拦截 a6_strategy_scores*）
C:\Users\Administrator\AppData\Local\Programs\Python\Python39\lib\site-packages\hyperopt\atpe.py:19: UserWarning: pkg_resources is deprecated as an API. See https://setuptools.pypa.io/en/latest/pkg_resources.html. The pkg_resources package is slated for removal as early as 2025-11-30. Refrain from using this package or pin to Setuptools<81.
  import pkg_resources
[GPU] Torch 2.6.0+cu124 | CUDA 12.4 | Device NVIDIA GeForce RTX 3060 | available=True
[GPU] XGBoost 1.7.6 (gpu_hist supported)
[GPU] LightGBM available (GPU depends on build)
[回测] 符号数=1 窗口=30天 S档=ON

  0%|          | 0/25 [00:00<?, ?trial/s, best loss=?]
  4%|▍         | 1/25 [00:06<02:36,  6.51s/trial, best loss: -0.0]
  8%|▊         | 2/25 [00:09<01:39,  4.32s/trial, best loss: -0.0]
 12%|█▏        | 3/25 [00:12<01:19,  3.61s/trial, best loss: -0.0]
 16%|█▌        | 4/25 [00:15<01:10,  3.38s/trial, best loss: -0.0]
 20%|██        | 5/25 [00:17<01:02,  3.15s/trial, best loss: -0.0]
 24%|██▍       | 6/25 [00:20<00:57,  3.05s/trial, best loss: -0.0]
 28%|██▊       | 7/25 [00:23<00:53,  2.97s/trial, best loss: -0.0]
 32%|███▏      | 8/25 [00:26<00:49,  2.92s/trial, best loss: -0.0]
 36%|███▌      | 9/25 [00:29<00:46,  2.88s/trial, best loss: -0.0]
 40%|████      | 10/25 [00:31<00:42,  2.85s/trial, best loss: -0.0]
 44%|████▍     | 11/25 [00:34<00:39,  2.79s/trial, best loss: -0.0]
 48%|████▊     | 12/25 [00:37<00:36,  2.77s/trial, best loss: -0.0]
 52%|█████▏    | 13/25 [00:40<00:33,  2.76s/trial, best loss: -0.0]
 56%|█████▌    | 14/25 [00:42<00:30,  2.78s/trial, best loss: -0.0]
 60%|██████    | 15/25 [00:45<00:27,  2.77s/trial, best loss: -0.0]
 64%|██████▍   | 16/25 [00:49<00:28,  3.21s/trial, best loss: -0.0]
 68%|██████▊   | 17/25 [00:55<00:31,  3.91s/trial, best loss: -0.0]
 72%|███████▏  | 18/25 [00:58<00:25,  3.69s/trial, best loss: -0.0]
 76%|███████▌  | 19/25 [01:01<00:20,  3.42s/trial, best loss: -0.0]
 80%|████████  | 20/25 [01:06<00:19,  3.88s/trial, best loss: -0.0]
 84%|████████▍ | 21/25 [01:09<00:14,  3.57s/trial, best loss: -0.0]
 88%|████████▊ | 22/25 [01:12<00:10,  3.58s/trial, best loss: -0.0]
 92%|█████████▏| 23/25 [01:15<00:06,  3.33s/trial, best loss: -0.0]
 96%|█████████▌| 24/25 [01:19<00:03,  3.53s/trial, best loss: -0.0]
100%|██████████| 25/25 [01:22<00:00,  3.32s/trial, best loss: -0.0]
100%|██████████| 25/25 [01:22<00:00,  3.29s/trial, best loss: -0.0]

  0%|          | 0/25 [00:00<?, ?trial/s, best loss=?]
  4%|▍         | 1/25 [00:01<00:34,  1.43s/trial, best loss: 0.053814582353983176]
  8%|▊         | 2/25 [00:02<00:32,  1.40s/trial, best loss: -0.0]                
 12%|█▏        | 3/25 [00:04<00:28,  1.31s/trial, best loss: -0.0]
 16%|█▌        | 4/25 [00:05<00:28,  1.37s/trial, best loss: -0.0]
 20%|██        | 5/25 [00:06<00:26,  1.32s/trial, best loss: -0.0]
 24%|██▍       | 6/25 [00:08<00:24,  1.32s/trial, best loss: -0.0]
 28%|██▊       | 7/25 [00:09<00:27,  1.52s/trial, best loss: -0.0]
 32%|███▏      | 8/25 [00:11<00:24,  1.43s/trial, best loss: -0.0]
 36%|███▌      | 9/25 [00:12<00:22,  1.39s/trial, best loss: -0.0]
 40%|████      | 10/25 [00:13<00:19,  1.33s/trial, best loss: -0.0]
 44%|████▍     | 11/25 [00:15<00:19,  1.37s/trial, best loss: -0.0]
 48%|████▊     | 12/25 [00:16<00:17,  1.37s/trial, best loss: -0.0]
 52%|█████▏    | 13/25 [00:18<00:17,  1.42s/trial, best loss: -0.0]
 56%|█████▌    | 14/25 [00:19<00:14,  1.36s/trial, best loss: -0.0]
 60%|██████    | 15/25 [00:20<00:13,  1.34s/trial, best loss: -0.0]
 64%|██████▍   | 16/25 [00:21<00:12,  1.37s/trial, best loss: -0.0]
 68%|██████▊   | 17/25 [00:23<00:10,  1.35s/trial, best loss: -0.0]
 72%|███████▏  | 18/25 [00:24<00:09,  1.32s/trial, best loss: -0.0]
 76%|███████▌  | 19/25 [00:25<00:08,  1.34s/trial, best loss: -0.0]
 80%|████████  | 20/25 [00:27<00:07,  1.41s/trial, best loss: -0.0]
 84%|████████▍ | 21/25 [00:28<00:05,  1.37s/trial, best loss: -0.0]
 88%|████████▊ | 22/25 [00:30<00:04,  1.34s/trial, best loss: -0.0]
 92%|█████████▏| 23/25 [00:31<00:02,  1.31s/trial, best loss: -0.0]
 96%|█████████▌| 24/25 [00:32<00:01,  1.29s/trial, best loss: -0.0]
100%|██████████| 25/25 [00:33<00:00,  1.26s/trial, best loss: -0.0]
100%|██████████| 25/25 [00:33<00:00,  1.35s/trial, best loss: -0.0]

  0%|          | 0/25 [00:00<?, ?trial/s, best loss=?]
  4%|▍         | 1/25 [00:00<00:22,  1.06trial/s, best loss: -0.0]
  8%|▊         | 2/25 [00:01<00:20,  1.10trial/s, best loss: -0.0]
 12%|█▏        | 3/25 [00:02<00:19,  1.11trial/s, best loss: -0.0]
 16%|█▌        | 4/25 [00:03<00:19,  1.05trial/s, best loss: -0.0]
 20%|██        | 5/25 [00:04<00:18,  1.11trial/s, best loss: -0.0]
 24%|██▍       | 6/25 [00:05<00:16,  1.12trial/s, best loss: -0.0]
 28%|██▊       | 7/25 [00:06<00:17,  1.05trial/s, best loss: -0.0]
 32%|███▏      | 8/25 [00:07<00:16,  1.01trial/s, best loss: -0.0]
 36%|███▌      | 9/25 [00:08<00:15,  1.00trial/s, best loss: -0.0]
 40%|████      | 10/25 [00:09<00:14,  1.03trial/s, best loss: -0.0]
 44%|████▍     | 11/25 [00:10<00:12,  1.08trial/s, best loss: -0.0]
 48%|████▊     | 12/25 [00:11<00:12,  1.08trial/s, best loss: -0.0]
 52%|█████▏    | 13/25 [00:12<00:10,  1.09trial/s, best loss: -0.0]
 56%|█████▌    | 14/25 [00:13<00:09,  1.11trial/s, best loss: -0.0]
 60%|██████    | 15/25 [00:14<00:09,  1.07trial/s, best loss: -0.0]
 64%|██████▍   | 16/25 [00:15<00:08,  1.01trial/s, best loss: -0.0]
 68%|██████▊   | 17/25 [00:16<00:08,  1.01s/trial, best loss: -0.0]
 72%|███████▏  | 18/25 [00:17<00:07,  1.10s/trial, best loss: -0.0]
 76%|███████▌  | 19/25 [00:18<00:06,  1.02s/trial, best loss: -0.0]
 80%|████████  | 20/25 [00:19<00:05,  1.00s/trial, best loss: -0.0]
 84%|████████▍ | 21/25 [00:20<00:03,  1.03trial/s, best loss: -0.0]
 88%|████████▊ | 22/25 [00:21<00:02,  1.04trial/s, best loss: -0.0]
 92%|█████████▏| 23/25 [00:22<00:01,  1.05trial/s, best loss: -0.0]
 96%|█████████▌| 24/25 [00:23<00:00,  1.03trial/s, best loss: -0.0]
100%|██████████| 25/25 [00:23<00:00,  1.07trial/s, best loss: -0.0]
100%|██████████| 25/25 [00:23<00:00,  1.04trial/s, best loss: -0.0]

  0%|          | 0/25 [00:00<?, ?trial/s, best loss=?]
  4%|▍         | 1/25 [00:00<00:15,  1.55trial/s, best loss: 0.03892213067388377]
  8%|▊         | 2/25 [00:01<00:15,  1.52trial/s, best loss: -0.0]               
 12%|█▏        | 3/25 [00:01<00:14,  1.51trial/s, best loss: -0.0]
 16%|█▌        | 4/25 [00:02<00:14,  1.44trial/s, best loss: -0.0]
 20%|██        | 5/25 [00:03<00:13,  1.46trial/s, best loss: -0.0]
 24%|██▍       | 6/25 [00:04<00:12,  1.48trial/s, best loss: -0.0]
 28%|██▊       | 7/25 [00:04<00:12,  1.47trial/s, best loss: -0.0]
 32%|███▏      | 8/25 [00:05<00:11,  1.48trial/s, best loss: -0.0]
 36%|███▌      | 9/25 [00:06<00:11,  1.43trial/s, best loss: -0.0]
 40%|████      | 10/25 [00:06<00:10,  1.41trial/s, best loss: -0.0]
 44%|████▍     | 11/25 [00:07<00:09,  1.42trial/s, best loss: -0.0]
 48%|████▊     | 12/25 [00:08<00:08,  1.47trial/s, best loss: -0.0]
 52%|█████▏    | 13/25 [00:08<00:08,  1.46trial/s, best loss: -0.0]
 56%|█████▌    | 14/25 [00:09<00:07,  1.47trial/s, best loss: -0.0]
 60%|██████    | 15/25 [00:10<00:07,  1.42trial/s, best loss: -0.0]
 64%|██████▍   | 16/25 [00:11<00:06,  1.44trial/s, best loss: -0.0]
 68%|██████▊   | 17/25 [00:11<00:05,  1.38trial/s, best loss: -0.0]
 72%|███████▏  | 18/25 [00:12<00:04,  1.42trial/s, best loss: -0.0]
 76%|███████▌  | 19/25 [00:13<00:04,  1.45trial/s, best loss: -0.0]
 80%|████████  | 20/25 [00:13<00:03,  1.44trial/s, best loss: -0.0]
 84%|████████▍ | 21/25 [00:14<00:02,  1.45trial/s, best loss: -0.0]
 88%|████████▊ | 22/25 [00:15<00:02,  1.40trial/s, best loss: -0.0]
 92%|█████████▏| 23/25 [00:15<00:01,  1.41trial/s, best loss: -0.0]
 96%|█████████▌| 24/25 [00:16<00:00,  1.45trial/s, best loss: -0.0]
100%|██████████| 25/25 [00:17<00:00,  1.45trial/s, best loss: -0.0]
100%|██████████| 25/25 [00:17<00:00,  1.44trial/s, best loss: -0.0]

  0%|          | 0/25 [00:00<?, ?trial/s, best loss=?]
  4%|▍         | 1/25 [00:00<00:14,  1.64trial/s, best loss: -0.0]
  8%|▊         | 2/25 [00:01<00:13,  1.68trial/s, best loss: -0.0]
 12%|█▏        | 3/25 [00:01<00:12,  1.72trial/s, best loss: -0.0]
 16%|█▌        | 4/25 [00:02<00:11,  1.76trial/s, best loss: -0.0]
 20%|██        | 5/25 [00:02<00:11,  1.77trial/s, best loss: -0.0]
 24%|██▍       | 6/25 [00:03<00:10,  1.79trial/s, best loss: -0.0]
 28%|██▊       | 7/25 [00:03<00:10,  1.80trial/s, best loss: -0.0]
 32%|███▏      | 8/25 [00:04<00:09,  1.74trial/s, best loss: -0.0]
 36%|███▌      | 9/25 [00:05<00:09,  1.74trial/s, best loss: -0.0]
 40%|████      | 10/25 [00:05<00:08,  1.75trial/s, best loss: -0.0]
 44%|████▍     | 11/25 [00:06<00:08,  1.70trial/s, best loss: -0.0]
 48%|████▊     | 12/25 [00:06<00:07,  1.69trial/s, best loss: -0.0]
 52%|█████▏    | 13/25 [00:07<00:07,  1.70trial/s, best loss: -0.0]
 56%|█████▌    | 14/25 [00:08<00:06,  1.75trial/s, best loss: -0.0]
 60%|██████    | 15/25 [00:08<00:05,  1.77trial/s, best loss: -0.0]
 64%|██████▍   | 16/25 [00:09<00:05,  1.77trial/s, best loss: -0.0]
 68%|██████▊   | 17/25 [00:09<00:04,  1.77trial/s, best loss: -0.0]
 72%|███████▏  | 18/25 [00:10<00:03,  1.78trial/s, best loss: -0.0]
 76%|███████▌  | 19/25 [00:10<00:03,  1.75trial/s, best loss: -0.0]
 80%|████████  | 20/25 [00:11<00:02,  1.70trial/s, best loss: -0.0]
 84%|████████▍ | 21/25 [00:12<00:02,  1.72trial/s, best loss: -0.0]
 88%|████████▊ | 22/25 [00:12<00:01,  1.71trial/s, best loss: -0.0]
 92%|█████████▏| 23/25 [00:13<00:01,  1.68trial/s, best loss: -0.0]
 96%|█████████▌| 24/25 [00:13<00:00,  1.64trial/s, best loss: -0.0]
100%|██████████| 25/25 [00:14<00:00,  1.67trial/s, best loss: -0.0]
100%|██████████| 25/25 [00:14<00:00,  1.72trial/s, best loss: -0.0]
D:\quant_system_pro (3)\quant_system_pro\backtest\backtest_pro.py:330: UserWarning: Glyph 39057 (\N{CJK UNIFIED IDEOGRAPH-9891}) missing from font(s) DejaVu Sans.
  buf=io.BytesIO(); plt.tight_layout(); plt.savefig(buf, format="png"); data=base64.b64encode(buf.getvalue()).decode()
D:\quant_system_pro (3)\quant_system_pro\backtest\backtest_pro.py:330: UserWarning: Glyph 25968 (\N{CJK UNIFIED IDEOGRAPH-6570}) missing from font(s) DejaVu Sans.
  buf=io.BytesIO(); plt.tight_layout(); plt.savefig(buf, format="png"); data=base64.b64encode(buf.getvalue()).decode()
D:\quant_system_pro (3)\quant_system_pro\backtest\backtest_pro.py:330: UserWarning: Glyph 20998 (\N{CJK UNIFIED IDEOGRAPH-5206}) missing from font(s) DejaVu Sans.
  buf=io.BytesIO(); plt.tight_layout(); plt.savefig(buf, format="png"); data=base64.b64encode(buf.getvalue()).decode()
D:\quant_system_pro (3)\quant_system_pro\backtest\backtest_pro.py:330: UserWarning: Glyph 24067 (\N{CJK UNIFIED IDEOGRAPH-5E03}) missing from font(s) DejaVu Sans.
  buf=io.BytesIO(); plt.tight_layout(); plt.savefig(buf, format="png"); data=base64.b64encode(buf.getvalue()).decode()
D:\quant_system_pro (3)\quant_system_pro\backtest\backtest_pro.py:330: UserWarning: Glyph 65288 (\N{FULLWIDTH LEFT PARENTHESIS}) missing from font(s) DejaVu Sans.
  buf=io.BytesIO(); plt.tight_layout(); plt.savefig(buf, format="png"); data=base64.b64encode(buf.getvalue()).decode()
D:\quant_system_pro (3)\quant_system_pro\backtest\backtest_pro.py:330: UserWarning: Glyph 36234 (\N{CJK UNIFIED IDEOGRAPH-8D8A}) missing from font(s) DejaVu Sans.
  buf=io.BytesIO(); plt.tight_layout(); plt.savefig(buf, format="png"); data=base64.b64encode(buf.getvalue()).decode()
D:\quant_system_pro (3)\quant_system_pro\backtest\backtest_pro.py:330: UserWarning: Glyph 20302 (\N{CJK UNIFIED IDEOGRAPH-4F4E}) missing from font(s) DejaVu Sans.
  buf=io.BytesIO(); plt.tight_layout(); plt.savefig(buf, format="png"); data=base64.b64encode(buf.getvalue()).decode()
D:\quant_system_pro (3)\quant_system_pro\backtest\backtest_pro.py:330: UserWarning: Glyph 22909 (\N{CJK UNIFIED IDEOGRAPH-597D}) missing from font(s) DejaVu Sans.
  buf=io.BytesIO(); plt.tight_layout(); plt.savefig(buf, format="png"); data=base64.b64encode(buf.getvalue()).decode()
D:\quant_system_pro (3)\quant_system_pro\backtest\backtest_pro.py:330: UserWarning: Glyph 65289 (\N{FULLWIDTH RIGHT PARENTHESIS}) missing from font(s) DejaVu Sans.
  buf=io.BytesIO(); plt.tight_layout(); plt.savefig(buf, format="png"); data=base64.b64encode(buf.getvalue()).decode()
[完成] 最优表: D:\quant_system_pro (3)\quant_system_pro\results\live_30d_BTCUSDT\最优组合总表_S档_20250817-042910.csv
[完成] best_combo: data/best_combo.csv
