[A6-SHIM] pandas.DataFrame.to_csv 已安装修订钩子（仅拦截 a6_strategy_scores*）
C:\Users\Administrator\AppData\Local\Programs\Python\Python39\lib\site-packages\hyperopt\atpe.py:19: UserWarning: pkg_resources is deprecated as an API. See https://setuptools.pypa.io/en/latest/pkg_resources.html. The pkg_resources package is slated for removal as early as 2025-11-30. Refrain from using this package or pin to Setuptools<81.
  import pkg_resources
[GPU] Torch 2.6.0+cu124 | CUDA 12.4 | Device NVIDIA GeForce RTX 3060 | available=True
[GPU] XGBoost 1.7.6 (gpu_hist supported)
[GPU] LightGBM available (GPU depends on build)
[回测] 符号数=1 窗口=30天 S档=ON

  0%|          | 0/25 [00:00<?, ?trial/s, best loss=?]
  4%|▍         | 1/25 [00:01<00:28,  1.17s/trial, best loss: 0.4077836672963943]
  8%|▊         | 2/25 [00:02<00:26,  1.14s/trial, best loss: 0.4077836672963943]
 12%|█▏        | 3/25 [00:03<00:25,  1.14s/trial, best loss: 0.4077836672963943]
 16%|█▌        | 4/25 [00:04<00:23,  1.12s/trial, best loss: 0.4077836672963943]
 20%|██        | 5/25 [00:05<00:22,  1.11s/trial, best loss: 0.4077836672963943]
 24%|██▍       | 6/25 [00:06<00:20,  1.10s/trial, best loss: 0.4077836672963943]
 28%|██▊       | 7/25 [00:07<00:19,  1.11s/trial, best loss: 0.140472276234114] 
 32%|███▏      | 8/25 [00:08<00:18,  1.10s/trial, best loss: 0.140472276234114]
 36%|███▌      | 9/25 [00:09<00:17,  1.09s/trial, best loss: 0.140472276234114]
 40%|████      | 10/25 [00:11<00:16,  1.09s/trial, best loss: 0.140472276234114]
 44%|████▍     | 11/25 [00:12<00:15,  1.08s/trial, best loss: 0.140472276234114]
 48%|████▊     | 12/25 [00:13<00:14,  1.09s/trial, best loss: 0.140472276234114]
 52%|█████▏    | 13/25 [00:14<00:13,  1.09s/trial, best loss: 0.140472276234114]
 56%|█████▌    | 14/25 [00:15<00:11,  1.09s/trial, best loss: 0.140472276234114]
 60%|██████    | 15/25 [00:16<00:10,  1.09s/trial, best loss: 0.140472276234114]
 64%|██████▍   | 16/25 [00:17<00:09,  1.09s/trial, best loss: 0.13988456386575593]
 68%|██████▊   | 17/25 [00:18<00:08,  1.09s/trial, best loss: 0.13988456386575593]
 72%|███████▏  | 18/25 [00:19<00:07,  1.10s/trial, best loss: 0.13988456386575593]
 76%|███████▌  | 19/25 [00:20<00:06,  1.10s/trial, best loss: 0.13988456386575593]
 80%|████████  | 20/25 [00:21<00:05,  1.10s/trial, best loss: 0.13988456386575593]
 84%|████████▍ | 21/25 [00:23<00:04,  1.10s/trial, best loss: 0.13988456386575593]
 88%|████████▊ | 22/25 [00:24<00:03,  1.10s/trial, best loss: 0.13988456386575593]
 92%|█████████▏| 23/25 [00:25<00:02,  1.09s/trial, best loss: 0.13041112068621402]
 96%|█████████▌| 24/25 [00:26<00:01,  1.09s/trial, best loss: 0.13041112068621402]
100%|██████████| 25/25 [00:27<00:00,  1.10s/trial, best loss: 0.13041112068621402]
100%|██████████| 25/25 [00:27<00:00,  1.10s/trial, best loss: 0.13041112068621402]

  0%|          | 0/25 [00:00<?, ?trial/s, best loss=?]
  4%|▍         | 1/25 [00:01<00:26,  1.11s/trial, best loss: 0.25487434275659526]
  8%|▊         | 2/25 [00:02<00:24,  1.08s/trial, best loss: 0.25487434275659526]
 12%|█▏        | 3/25 [00:03<00:23,  1.09s/trial, best loss: 0.25487434275659526]
 16%|█▌        | 4/25 [00:04<00:22,  1.09s/trial, best loss: 0.25487434275659526]
 20%|██        | 5/25 [00:05<00:21,  1.09s/trial, best loss: 0.25487434275659526]
 24%|██▍       | 6/25 [00:06<00:20,  1.09s/trial, best loss: 0.25487434275659526]
 28%|██▊       | 7/25 [00:07<00:19,  1.10s/trial, best loss: 0.1003694368806311] 
 32%|███▏      | 8/25 [00:08<00:18,  1.09s/trial, best loss: 0.1003694368806311]
 36%|███▌      | 9/25 [00:09<00:17,  1.08s/trial, best loss: 0.1003694368806311]
 40%|████      | 10/25 [00:10<00:16,  1.09s/trial, best loss: 0.1003694368806311]
 44%|████▍     | 11/25 [00:11<00:15,  1.09s/trial, best loss: 0.1003694368806311]
 48%|████▊     | 12/25 [00:13<00:13,  1.08s/trial, best loss: 0.1003694368806311]
 52%|█████▏    | 13/25 [00:14<00:12,  1.08s/trial, best loss: 0.1003694368806311]
 56%|█████▌    | 14/25 [00:15<00:11,  1.07s/trial, best loss: 0.1003694368806311]
 60%|██████    | 15/25 [00:16<00:10,  1.08s/trial, best loss: 0.1003694368806311]
 64%|██████▍   | 16/25 [00:17<00:09,  1.08s/trial, best loss: 0.09658027944283266]
 68%|██████▊   | 17/25 [00:18<00:08,  1.09s/trial, best loss: 0.09658027944283266]
 72%|███████▏  | 18/25 [00:19<00:07,  1.08s/trial, best loss: 0.09658027944283266]
 76%|███████▌  | 19/25 [00:20<00:06,  1.09s/trial, best loss: 0.09658027944283266]
 80%|████████  | 20/25 [00:21<00:05,  1.09s/trial, best loss: 0.09658027944283266]
 84%|████████▍ | 21/25 [00:22<00:04,  1.10s/trial, best loss: 0.09658027944283266]
 88%|████████▊ | 22/25 [00:23<00:03,  1.10s/trial, best loss: 0.09508663984753601]
 92%|█████████▏| 23/25 [00:25<00:02,  1.09s/trial, best loss: 0.09508663984753601]
 96%|█████████▌| 24/25 [00:26<00:01,  1.10s/trial, best loss: 0.09508663984753601]
100%|██████████| 25/25 [00:27<00:00,  1.08s/trial, best loss: 0.09508663984753601]
100%|██████████| 25/25 [00:27<00:00,  1.09s/trial, best loss: 0.09508663984753601]

  0%|          | 0/25 [00:00<?, ?trial/s, best loss=?]
  4%|▍         | 1/25 [00:01<00:26,  1.09s/trial, best loss: 0.18900888363002424]
  8%|▊         | 2/25 [00:02<00:25,  1.09s/trial, best loss: 0.16871869472727505]
 12%|█▏        | 3/25 [00:03<00:23,  1.08s/trial, best loss: 0.16871869472727505]
 16%|█▌        | 4/25 [00:04<00:22,  1.08s/trial, best loss: 0.1569115628044722] 
 20%|██        | 5/25 [00:05<00:21,  1.08s/trial, best loss: 0.12737456170314398]
 24%|██▍       | 6/25 [00:06<00:20,  1.09s/trial, best loss: 0.12737456170314398]
 28%|██▊       | 7/25 [00:07<00:19,  1.09s/trial, best loss: 0.12737456170314398]
 32%|███▏      | 8/25 [00:08<00:18,  1.08s/trial, best loss: 0.12737456170314398]
 36%|███▌      | 9/25 [00:09<00:17,  1.06s/trial, best loss: 0.12737456170314398]
 40%|████      | 10/25 [00:10<00:16,  1.07s/trial, best loss: 0.12737456170314398]
 44%|████▍     | 11/25 [00:11<00:14,  1.06s/trial, best loss: 0.12737456170314398]
 48%|████▊     | 12/25 [00:12<00:13,  1.07s/trial, best loss: 0.12737456170314398]
 52%|█████▏    | 13/25 [00:13<00:12,  1.08s/trial, best loss: 0.12737456170314398]
 56%|█████▌    | 14/25 [00:15<00:11,  1.07s/trial, best loss: 0.12737456170314398]
 60%|██████    | 15/25 [00:16<00:10,  1.07s/trial, best loss: 0.12737456170314398]
 64%|██████▍   | 16/25 [00:17<00:09,  1.09s/trial, best loss: 0.12737456170314398]
 68%|██████▊   | 17/25 [00:18<00:08,  1.08s/trial, best loss: 0.12737456170314398]
 72%|███████▏  | 18/25 [00:18<00:06,  1.11trial/s, best loss: 0.12737456170314398]
 76%|███████▌  | 19/25 [00:19<00:04,  1.31trial/s, best loss: 0.12737456170314398]
 80%|████████  | 20/25 [00:19<00:03,  1.48trial/s, best loss: 0.12737456170314398]
 84%|████████▍ | 21/25 [00:20<00:02,  1.62trial/s, best loss: 0.12737456170314398]
 88%|████████▊ | 22/25 [00:20<00:01,  1.74trial/s, best loss: 0.12737456170314398]
 92%|█████████▏| 23/25 [00:21<00:01,  1.83trial/s, best loss: 0.12737456170314398]
 96%|█████████▌| 24/25 [00:21<00:00,  1.94trial/s, best loss: 0.12737456170314398]
100%|██████████| 25/25 [00:22<00:00,  1.99trial/s, best loss: 0.12737456170314398]
100%|██████████| 25/25 [00:22<00:00,  1.13trial/s, best loss: 0.12737456170314398]

  0%|          | 0/25 [00:00<?, ?trial/s, best loss=?]
  4%|▍         | 1/25 [00:00<00:10,  2.21trial/s, best loss: 0.08502300900574032]
  8%|▊         | 2/25 [00:00<00:10,  2.09trial/s, best loss: 0.08502300900574032]
 12%|█▏        | 3/25 [00:01<00:10,  2.10trial/s, best loss: 0.08502300900574032]
 16%|█▌        | 4/25 [00:01<00:10,  2.07trial/s, best loss: 0.06178272718146582]
 20%|██        | 5/25 [00:02<00:09,  2.10trial/s, best loss: 0.04332182454430669]
 24%|██▍       | 6/25 [00:02<00:09,  2.09trial/s, best loss: -0.042629702788131524]
 28%|██▊       | 7/25 [00:03<00:08,  2.09trial/s, best loss: -0.042629702788131524]
 32%|███▏      | 8/25 [00:03<00:08,  2.12trial/s, best loss: -0.042629702788131524]
 36%|███▌      | 9/25 [00:04<00:07,  2.15trial/s, best loss: -0.042629702788131524]
 40%|████      | 10/25 [00:04<00:07,  2.13trial/s, best loss: -0.042629702788131524]
 44%|████▍     | 11/25 [00:05<00:06,  2.12trial/s, best loss: -0.042629702788131524]
 48%|████▊     | 12/25 [00:05<00:06,  2.13trial/s, best loss: -0.042629702788131524]
 52%|█████▏    | 13/25 [00:06<00:05,  2.11trial/s, best loss: -0.042629702788131524]
 56%|█████▌    | 14/25 [00:06<00:05,  2.12trial/s, best loss: -0.042629702788131524]
 60%|██████    | 15/25 [00:07<00:04,  2.11trial/s, best loss: -0.042629702788131524]
 64%|██████▍   | 16/25 [00:07<00:04,  2.13trial/s, best loss: -0.042629702788131524]
 68%|██████▊   | 17/25 [00:08<00:03,  2.13trial/s, best loss: -0.042629702788131524]
 72%|███████▏  | 18/25 [00:08<00:03,  2.11trial/s, best loss: -0.042629702788131524]
 76%|███████▌  | 19/25 [00:08<00:02,  2.12trial/s, best loss: -0.042629702788131524]
 80%|████████  | 20/25 [00:09<00:02,  2.09trial/s, best loss: -0.042629702788131524]
 84%|████████▍ | 21/25 [00:09<00:01,  2.09trial/s, best loss: -0.042629702788131524]
 88%|████████▊ | 22/25 [00:10<00:01,  2.10trial/s, best loss: -0.042629702788131524]
 92%|█████████▏| 23/25 [00:10<00:00,  2.11trial/s, best loss: -0.042629702788131524]
 96%|█████████▌| 24/25 [00:11<00:00,  2.13trial/s, best loss: -0.042629702788131524]
100%|██████████| 25/25 [00:11<00:00,  2.17trial/s, best loss: -0.042629702788131524]
100%|██████████| 25/25 [00:11<00:00,  2.12trial/s, best loss: -0.042629702788131524]

  0%|          | 0/25 [00:00<?, ?trial/s, best loss=?]
  4%|▍         | 1/25 [00:00<00:10,  2.25trial/s, best loss: 1.274597073567393]
  8%|▊         | 2/25 [00:00<00:10,  2.18trial/s, best loss: 1.1050021855637235]
 12%|█▏        | 3/25 [00:01<00:10,  2.19trial/s, best loss: 1.1050021855637235]
 16%|█▌        | 4/25 [00:01<00:09,  2.20trial/s, best loss: 1.1050021855637235]
 20%|██        | 5/25 [00:02<00:08,  2.23trial/s, best loss: 1.1050021855637235]
 24%|██▍       | 6/25 [00:02<00:08,  2.22trial/s, best loss: 1.1050021855637235]
 28%|██▊       | 7/25 [00:03<00:08,  2.21trial/s, best loss: 0.8529264752351711]
 32%|███▏      | 8/25 [00:03<00:07,  2.22trial/s, best loss: 0.8529264752351711]
 36%|███▌      | 9/25 [00:04<00:07,  2.17trial/s, best loss: 0.8529264752351711]
 40%|████      | 10/25 [00:04<00:06,  2.19trial/s, best loss: 0.8529264752351711]
 44%|████▍     | 11/25 [00:05<00:06,  2.16trial/s, best loss: 0.8529264752351711]
 48%|████▊     | 12/25 [00:05<00:06,  2.16trial/s, best loss: 0.8529264752351711]
 52%|█████▏    | 13/25 [00:05<00:05,  2.16trial/s, best loss: 0.8529264752351711]
 56%|█████▌    | 14/25 [00:06<00:05,  2.18trial/s, best loss: 0.8529264752351711]
 60%|██████    | 15/25 [00:06<00:04,  2.14trial/s, best loss: 0.8529264752351711]
 64%|██████▍   | 16/25 [00:07<00:04,  2.16trial/s, best loss: 0.8529264752351711]
 68%|██████▊   | 17/25 [00:07<00:03,  2.18trial/s, best loss: 0.8529264752351711]
 72%|███████▏  | 18/25 [00:08<00:03,  2.19trial/s, best loss: 0.8529264752351711]
 76%|███████▌  | 19/25 [00:08<00:02,  2.19trial/s, best loss: 0.8529264752351711]
 80%|████████  | 20/25 [00:09<00:02,  2.20trial/s, best loss: 0.8529264752351711]
 84%|████████▍ | 21/25 [00:09<00:01,  2.18trial/s, best loss: 0.8529264752351711]
 88%|████████▊ | 22/25 [00:10<00:01,  2.18trial/s, best loss: 0.8529264752351711]
 92%|█████████▏| 23/25 [00:10<00:00,  2.20trial/s, best loss: 0.8529264752351711]
 96%|█████████▌| 24/25 [00:10<00:00,  2.16trial/s, best loss: 0.8529264752351711]
100%|██████████| 25/25 [00:11<00:00,  2.14trial/s, best loss: 0.8529264752351711]
100%|██████████| 25/25 [00:11<00:00,  2.18trial/s, best loss: 0.8529264752351711]
D:\quant_system_pro (3)\quant_system_pro\backtest\backtest_pro.py:330: UserWarning: Glyph 39057 (\N{CJK UNIFIED IDEOGRAPH-9891}) missing from font(s) DejaVu Sans.
  buf=io.BytesIO(); plt.tight_layout(); plt.savefig(buf, format="png"); data=base64.b64encode(buf.getvalue()).decode()
D:\quant_system_pro (3)\quant_system_pro\backtest\backtest_pro.py:330: UserWarning: Glyph 25968 (\N{CJK UNIFIED IDEOGRAPH-6570}) missing from font(s) DejaVu Sans.
  buf=io.BytesIO(); plt.tight_layout(); plt.savefig(buf, format="png"); data=base64.b64encode(buf.getvalue()).decode()
D:\quant_system_pro (3)\quant_system_pro\backtest\backtest_pro.py:330: UserWarning: Glyph 20998 (\N{CJK UNIFIED IDEOGRAPH-5206}) missing from font(s) DejaVu Sans.
  buf=io.BytesIO(); plt.tight_layout(); plt.savefig(buf, format="png"); data=base64.b64encode(buf.getvalue()).decode()
D:\quant_system_pro (3)\quant_system_pro\backtest\backtest_pro.py:330: UserWarning: Glyph 24067 (\N{CJK UNIFIED IDEOGRAPH-5E03}) missing from font(s) DejaVu Sans.
  buf=io.BytesIO(); plt.tight_layout(); plt.savefig(buf, format="png"); data=base64.b64encode(buf.getvalue()).decode()
D:\quant_system_pro (3)\quant_system_pro\backtest\backtest_pro.py:330: UserWarning: Glyph 65288 (\N{FULLWIDTH LEFT PARENTHESIS}) missing from font(s) DejaVu Sans.
  buf=io.BytesIO(); plt.tight_layout(); plt.savefig(buf, format="png"); data=base64.b64encode(buf.getvalue()).decode()
D:\quant_system_pro (3)\quant_system_pro\backtest\backtest_pro.py:330: UserWarning: Glyph 36234 (\N{CJK UNIFIED IDEOGRAPH-8D8A}) missing from font(s) DejaVu Sans.
  buf=io.BytesIO(); plt.tight_layout(); plt.savefig(buf, format="png"); data=base64.b64encode(buf.getvalue()).decode()
D:\quant_system_pro (3)\quant_system_pro\backtest\backtest_pro.py:330: UserWarning: Glyph 20302 (\N{CJK UNIFIED IDEOGRAPH-4F4E}) missing from font(s) DejaVu Sans.
  buf=io.BytesIO(); plt.tight_layout(); plt.savefig(buf, format="png"); data=base64.b64encode(buf.getvalue()).decode()
D:\quant_system_pro (3)\quant_system_pro\backtest\backtest_pro.py:330: UserWarning: Glyph 22909 (\N{CJK UNIFIED IDEOGRAPH-597D}) missing from font(s) DejaVu Sans.
  buf=io.BytesIO(); plt.tight_layout(); plt.savefig(buf, format="png"); data=base64.b64encode(buf.getvalue()).decode()
D:\quant_system_pro (3)\quant_system_pro\backtest\backtest_pro.py:330: UserWarning: Glyph 65289 (\N{FULLWIDTH RIGHT PARENTHESIS}) missing from font(s) DejaVu Sans.
  buf=io.BytesIO(); plt.tight_layout(); plt.savefig(buf, format="png"); data=base64.b64encode(buf.getvalue()).decode()
[完成] 最优表: D:\quant_system_pro (3)\quant_system_pro\results\live_30d_BTCUSDT\最优组合总表_S档_20250817-042139.csv
[完成] best_combo: data/best_combo.csv
