[A6-SHIM] pandas.DataFrame.to_csv 已安装修订钩子（仅拦截 a6_strategy_scores*）
C:\Users\Administrator\AppData\Local\Programs\Python\Python39\lib\site-packages\hyperopt\atpe.py:19: UserWarning: pkg_resources is deprecated as an API. See https://setuptools.pypa.io/en/latest/pkg_resources.html. The pkg_resources package is slated for removal as early as 2025-11-30. Refrain from using this package or pin to Setuptools<81.
  import pkg_resources
[GPU] Torch 2.6.0+cu124 | CUDA 12.4 | Device NVIDIA GeForce RTX 3060 | available=True
[GPU] XGBoost 1.7.6 (gpu_hist supported)
[GPU] LightGBM available (GPU depends on build)
[回测] 符号数=1 窗口=30天 S档=ON

  0%|          | 0/25 [00:00<?, ?trial/s, best loss=?]
  4%|▍         | 1/25 [00:01<00:29,  1.25s/trial, best loss: 0.25230842838329737]
  8%|▊         | 2/25 [00:02<00:26,  1.16s/trial, best loss: 0.25230842838329737]
 12%|█▏        | 3/25 [00:03<00:24,  1.13s/trial, best loss: 0.25230842838329737]
 16%|█▌        | 4/25 [00:04<00:23,  1.12s/trial, best loss: 0.25230842838329737]
 20%|██        | 5/25 [00:05<00:22,  1.11s/trial, best loss: 0.25230842838329737]
 24%|██▍       | 6/25 [00:06<00:21,  1.11s/trial, best loss: 0.25230842838329737]
 28%|██▊       | 7/25 [00:07<00:19,  1.10s/trial, best loss: 0.25161897119349186]
 32%|███▏      | 8/25 [00:08<00:18,  1.11s/trial, best loss: 0.25161897119349186]
 36%|███▌      | 9/25 [00:10<00:17,  1.10s/trial, best loss: 0.25059774933363044]
 40%|████      | 10/25 [00:11<00:16,  1.10s/trial, best loss: 0.25059774933363044]
 44%|████▍     | 11/25 [00:12<00:15,  1.09s/trial, best loss: 0.25059774933363044]
 48%|████▊     | 12/25 [00:13<00:14,  1.09s/trial, best loss: 0.25059774933363044]
 52%|█████▏    | 13/25 [00:14<00:12,  1.08s/trial, best loss: 0.25059774933363044]
 56%|█████▌    | 14/25 [00:15<00:11,  1.09s/trial, best loss: 0.25059774933363044]
 60%|██████    | 15/25 [00:16<00:10,  1.09s/trial, best loss: 0.25059774933363044]
 64%|██████▍   | 16/25 [00:17<00:09,  1.11s/trial, best loss: 0.21677957628985317]
 68%|██████▊   | 17/25 [00:18<00:08,  1.10s/trial, best loss: 0.21677957628985317]
 72%|███████▏  | 18/25 [00:19<00:07,  1.11s/trial, best loss: 0.21677957628985317]
 76%|███████▌  | 19/25 [00:21<00:06,  1.11s/trial, best loss: 0.21677957628985317]
 80%|████████  | 20/25 [00:22<00:05,  1.10s/trial, best loss: 0.21677957628985317]
 84%|████████▍ | 21/25 [00:23<00:04,  1.09s/trial, best loss: 0.21572476251178302]
 88%|████████▊ | 22/25 [00:24<00:03,  1.10s/trial, best loss: 0.21572476251178302]
 92%|█████████▏| 23/25 [00:25<00:02,  1.09s/trial, best loss: 0.21572476251178302]
 96%|█████████▌| 24/25 [00:26<00:01,  1.10s/trial, best loss: 0.21572476251178302]
100%|██████████| 25/25 [00:27<00:00,  1.10s/trial, best loss: 0.21106935906536994]
100%|██████████| 25/25 [00:27<00:00,  1.10s/trial, best loss: 0.21106935906536994]

  0%|          | 0/25 [00:00<?, ?trial/s, best loss=?]
  4%|▍         | 1/25 [00:01<00:26,  1.11s/trial, best loss: 0.11610598834325836]
  8%|▊         | 2/25 [00:02<00:24,  1.07s/trial, best loss: 0.0655023278785597] 
 12%|█▏        | 3/25 [00:03<00:23,  1.07s/trial, best loss: 0.0655023278785597]
 16%|█▌        | 4/25 [00:04<00:22,  1.07s/trial, best loss: 0.0655023278785597]
 20%|██        | 5/25 [00:05<00:21,  1.08s/trial, best loss: 0.0655023278785597]
 24%|██▍       | 6/25 [00:06<00:20,  1.09s/trial, best loss: 0.0655023278785597]
 28%|██▊       | 7/25 [00:07<00:19,  1.08s/trial, best loss: 0.0655023278785597]
 32%|███▏      | 8/25 [00:08<00:18,  1.08s/trial, best loss: 0.0655023278785597]
 36%|███▌      | 9/25 [00:09<00:17,  1.08s/trial, best loss: 0.0655023278785597]
 40%|████      | 10/25 [00:10<00:16,  1.09s/trial, best loss: 0.0655023278785597]
 44%|████▍     | 11/25 [00:11<00:15,  1.09s/trial, best loss: 0.0655023278785597]
 48%|████▊     | 12/25 [00:13<00:14,  1.10s/trial, best loss: 0.0655023278785597]
 52%|█████▏    | 13/25 [00:14<00:13,  1.09s/trial, best loss: 0.0655023278785597]
 56%|█████▌    | 14/25 [00:15<00:12,  1.09s/trial, best loss: 0.062103569314546116]
 60%|██████    | 15/25 [00:16<00:10,  1.10s/trial, best loss: 0.062103569314546116]
 64%|██████▍   | 16/25 [00:17<00:09,  1.09s/trial, best loss: 0.062103569314546116]
 68%|██████▊   | 17/25 [00:18<00:08,  1.09s/trial, best loss: 0.062103569314546116]
 72%|███████▏  | 18/25 [00:19<00:07,  1.10s/trial, best loss: 0.062103569314546116]
 76%|███████▌  | 19/25 [00:20<00:06,  1.09s/trial, best loss: 0.062103569314546116]
 80%|████████  | 20/25 [00:21<00:05,  1.09s/trial, best loss: 0.062103569314546116]
 84%|████████▍ | 21/25 [00:22<00:04,  1.09s/trial, best loss: 0.05124373325594725] 
 88%|████████▊ | 22/25 [00:23<00:03,  1.09s/trial, best loss: 0.05124373325594725]
 92%|█████████▏| 23/25 [00:25<00:02,  1.10s/trial, best loss: 0.05124373325594725]
 96%|█████████▌| 24/25 [00:26<00:01,  1.10s/trial, best loss: 0.05124373325594725]
100%|██████████| 25/25 [00:27<00:00,  1.09s/trial, best loss: 0.05124373325594725]
100%|██████████| 25/25 [00:27<00:00,  1.09s/trial, best loss: 0.05124373325594725]

  0%|          | 0/25 [00:00<?, ?trial/s, best loss=?]
  4%|▍         | 1/25 [00:01<00:25,  1.08s/trial, best loss: 0.1312338813154556]
  8%|▊         | 2/25 [00:02<00:24,  1.06s/trial, best loss: 0.12539272429883097]
 12%|█▏        | 3/25 [00:03<00:23,  1.06s/trial, best loss: 0.09912143722444727]
 16%|█▌        | 4/25 [00:04<00:22,  1.08s/trial, best loss: 0.09912143722444727]
 20%|██        | 5/25 [00:05<00:21,  1.07s/trial, best loss: 0.09869307171337001]
 24%|██▍       | 6/25 [00:06<00:20,  1.07s/trial, best loss: 0.08289886278164497]
 28%|██▊       | 7/25 [00:07<00:19,  1.07s/trial, best loss: 0.08289886278164497]
 32%|███▏      | 8/25 [00:08<00:18,  1.08s/trial, best loss: 0.08289886278164497]
 36%|███▌      | 9/25 [00:09<00:16,  1.06s/trial, best loss: 0.08289886278164497]
 40%|████      | 10/25 [00:10<00:15,  1.06s/trial, best loss: 0.08289886278164497]
 44%|████▍     | 11/25 [00:11<00:14,  1.07s/trial, best loss: 0.08289886278164497]
 48%|████▊     | 12/25 [00:12<00:13,  1.06s/trial, best loss: 0.08289886278164497]
 52%|█████▏    | 13/25 [00:13<00:12,  1.08s/trial, best loss: 0.08289886278164497]
 56%|█████▌    | 14/25 [00:15<00:11,  1.09s/trial, best loss: 0.08289886278164497]
 60%|██████    | 15/25 [00:16<00:10,  1.08s/trial, best loss: 0.08289886278164497]
 64%|██████▍   | 16/25 [00:17<00:09,  1.07s/trial, best loss: 0.08289886278164497]
 68%|██████▊   | 17/25 [00:18<00:08,  1.07s/trial, best loss: 0.08289886278164497]
 72%|███████▏  | 18/25 [00:19<00:07,  1.09s/trial, best loss: 0.08289886278164497]
 76%|███████▌  | 19/25 [00:19<00:05,  1.10trial/s, best loss: 0.08289886278164497]
 80%|████████  | 20/25 [00:20<00:03,  1.28trial/s, best loss: 0.08289886278164497]
 84%|████████▍ | 21/25 [00:20<00:02,  1.45trial/s, best loss: 0.08289886278164497]
 88%|████████▊ | 22/25 [00:21<00:01,  1.60trial/s, best loss: 0.07852273834460163]
 92%|█████████▏| 23/25 [00:21<00:01,  1.73trial/s, best loss: 0.07852273834460163]
 96%|█████████▌| 24/25 [00:22<00:00,  1.81trial/s, best loss: 0.07852273834460163]
100%|██████████| 25/25 [00:22<00:00,  1.90trial/s, best loss: 0.07852273834460163]
100%|██████████| 25/25 [00:22<00:00,  1.10trial/s, best loss: 0.07852273834460163]

  0%|          | 0/25 [00:00<?, ?trial/s, best loss=?]
  4%|▍         | 1/25 [00:00<00:11,  2.09trial/s, best loss: 0.31988492559512216]
  8%|▊         | 2/25 [00:00<00:10,  2.12trial/s, best loss: 0.24136515391567104]
 12%|█▏        | 3/25 [00:01<00:10,  2.12trial/s, best loss: 0.24136515391567104]
 16%|█▌        | 4/25 [00:01<00:09,  2.12trial/s, best loss: 0.24136515391567104]
 20%|██        | 5/25 [00:02<00:09,  2.14trial/s, best loss: 0.24136515391567104]
 24%|██▍       | 6/25 [00:02<00:09,  2.11trial/s, best loss: 0.24136515391567104]
 28%|██▊       | 7/25 [00:03<00:08,  2.10trial/s, best loss: 0.14103023224252334]
 32%|███▏      | 8/25 [00:03<00:08,  2.12trial/s, best loss: 0.14103023224252334]
 36%|███▌      | 9/25 [00:04<00:07,  2.15trial/s, best loss: 0.14103023224252334]
 40%|████      | 10/25 [00:04<00:07,  2.10trial/s, best loss: 0.14103023224252334]
 44%|████▍     | 11/25 [00:05<00:06,  2.13trial/s, best loss: 0.14103023224252334]
 48%|████▊     | 12/25 [00:05<00:06,  2.15trial/s, best loss: 0.14103023224252334]
 52%|█████▏    | 13/25 [00:06<00:05,  2.15trial/s, best loss: 0.14103023224252334]
 56%|█████▌    | 14/25 [00:06<00:05,  2.13trial/s, best loss: 0.14103023224252334]
 60%|██████    | 15/25 [00:07<00:04,  2.17trial/s, best loss: 0.14103023224252334]
 64%|██████▍   | 16/25 [00:07<00:04,  2.16trial/s, best loss: 0.14103023224252334]
 68%|██████▊   | 17/25 [00:07<00:03,  2.15trial/s, best loss: 0.14103023224252334]
 72%|███████▏  | 18/25 [00:08<00:03,  2.18trial/s, best loss: 0.14103023224252334]
 76%|███████▌  | 19/25 [00:08<00:02,  2.18trial/s, best loss: 0.14103023224252334]
 80%|████████  | 20/25 [00:09<00:02,  2.17trial/s, best loss: 0.14103023224252334]
 84%|████████▍ | 21/25 [00:09<00:01,  2.15trial/s, best loss: 0.14103023224252334]
 88%|████████▊ | 22/25 [00:10<00:01,  2.14trial/s, best loss: 0.14103023224252334]
 92%|█████████▏| 23/25 [00:10<00:00,  2.11trial/s, best loss: 0.14103023224252334]
 96%|█████████▌| 24/25 [00:11<00:00,  2.13trial/s, best loss: 0.14103023224252334]
100%|██████████| 25/25 [00:11<00:00,  2.12trial/s, best loss: 0.14103023224252334]
100%|██████████| 25/25 [00:11<00:00,  2.14trial/s, best loss: 0.14103023224252334]

  0%|          | 0/25 [00:00<?, ?trial/s, best loss=?]
  4%|▍         | 1/25 [00:00<00:11,  2.12trial/s, best loss: 0.8424382374110801]
  8%|▊         | 2/25 [00:00<00:10,  2.23trial/s, best loss: 0.8424382374110801]
 12%|█▏        | 3/25 [00:01<00:10,  2.15trial/s, best loss: 0.8424382374110801]
 16%|█▌        | 4/25 [00:01<00:09,  2.21trial/s, best loss: 0.8424382374110801]
 20%|██        | 5/25 [00:02<00:08,  2.25trial/s, best loss: 0.8424382374110801]
 24%|██▍       | 6/25 [00:02<00:08,  2.22trial/s, best loss: 0.8424382374110801]
 28%|██▊       | 7/25 [00:03<00:08,  2.21trial/s, best loss: 0.8424382374110801]
 32%|███▏      | 8/25 [00:03<00:07,  2.20trial/s, best loss: 0.8424382374110801]
 36%|███▌      | 9/25 [00:04<00:07,  2.19trial/s, best loss: 0.8424382374110801]
 40%|████      | 10/25 [00:04<00:06,  2.15trial/s, best loss: 0.8424382374110801]
 44%|████▍     | 11/25 [00:05<00:06,  2.18trial/s, best loss: 0.8424382374110801]
 48%|████▊     | 12/25 [00:05<00:05,  2.24trial/s, best loss: 0.8424382374110801]
 52%|█████▏    | 13/25 [00:05<00:05,  2.20trial/s, best loss: 0.8424382374110801]
 56%|█████▌    | 14/25 [00:06<00:05,  2.17trial/s, best loss: 0.8424382374110801]
 60%|██████    | 15/25 [00:06<00:04,  2.17trial/s, best loss: 0.8424382374110801]
 64%|██████▍   | 16/25 [00:07<00:04,  2.17trial/s, best loss: 0.8424382374110801]
 68%|██████▊   | 17/25 [00:07<00:03,  2.19trial/s, best loss: 0.8424382374110801]
 72%|███████▏  | 18/25 [00:08<00:03,  2.21trial/s, best loss: 0.8424382374110801]
 76%|███████▌  | 19/25 [00:08<00:02,  2.21trial/s, best loss: 0.8424382374110801]
 80%|████████  | 20/25 [00:09<00:02,  2.20trial/s, best loss: 0.8424382374110801]
 84%|████████▍ | 21/25 [00:09<00:01,  2.18trial/s, best loss: 0.8424382374110801]
 88%|████████▊ | 22/25 [00:10<00:01,  2.16trial/s, best loss: 0.8348919901980489]
 92%|█████████▏| 23/25 [00:10<00:00,  2.15trial/s, best loss: 0.8348919901980489]
 96%|█████████▌| 24/25 [00:11<00:00,  2.12trial/s, best loss: 0.8348919901980489]
100%|██████████| 25/25 [00:11<00:00,  2.15trial/s, best loss: 0.8348919901980489]
100%|██████████| 25/25 [00:11<00:00,  2.18trial/s, best loss: 0.8348919901980489]
D:\quant_system_pro (3)\quant_system_pro\backtest\backtest_pro.py:330: UserWarning: Glyph 39057 (\N{CJK UNIFIED IDEOGRAPH-9891}) missing from font(s) DejaVu Sans.
  buf=io.BytesIO(); plt.tight_layout(); plt.savefig(buf, format="png"); data=base64.b64encode(buf.getvalue()).decode()
D:\quant_system_pro (3)\quant_system_pro\backtest\backtest_pro.py:330: UserWarning: Glyph 25968 (\N{CJK UNIFIED IDEOGRAPH-6570}) missing from font(s) DejaVu Sans.
  buf=io.BytesIO(); plt.tight_layout(); plt.savefig(buf, format="png"); data=base64.b64encode(buf.getvalue()).decode()
D:\quant_system_pro (3)\quant_system_pro\backtest\backtest_pro.py:330: UserWarning: Glyph 20998 (\N{CJK UNIFIED IDEOGRAPH-5206}) missing from font(s) DejaVu Sans.
  buf=io.BytesIO(); plt.tight_layout(); plt.savefig(buf, format="png"); data=base64.b64encode(buf.getvalue()).decode()
D:\quant_system_pro (3)\quant_system_pro\backtest\backtest_pro.py:330: UserWarning: Glyph 24067 (\N{CJK UNIFIED IDEOGRAPH-5E03}) missing from font(s) DejaVu Sans.
  buf=io.BytesIO(); plt.tight_layout(); plt.savefig(buf, format="png"); data=base64.b64encode(buf.getvalue()).decode()
D:\quant_system_pro (3)\quant_system_pro\backtest\backtest_pro.py:330: UserWarning: Glyph 65288 (\N{FULLWIDTH LEFT PARENTHESIS}) missing from font(s) DejaVu Sans.
  buf=io.BytesIO(); plt.tight_layout(); plt.savefig(buf, format="png"); data=base64.b64encode(buf.getvalue()).decode()
D:\quant_system_pro (3)\quant_system_pro\backtest\backtest_pro.py:330: UserWarning: Glyph 36234 (\N{CJK UNIFIED IDEOGRAPH-8D8A}) missing from font(s) DejaVu Sans.
  buf=io.BytesIO(); plt.tight_layout(); plt.savefig(buf, format="png"); data=base64.b64encode(buf.getvalue()).decode()
D:\quant_system_pro (3)\quant_system_pro\backtest\backtest_pro.py:330: UserWarning: Glyph 20302 (\N{CJK UNIFIED IDEOGRAPH-4F4E}) missing from font(s) DejaVu Sans.
  buf=io.BytesIO(); plt.tight_layout(); plt.savefig(buf, format="png"); data=base64.b64encode(buf.getvalue()).decode()
D:\quant_system_pro (3)\quant_system_pro\backtest\backtest_pro.py:330: UserWarning: Glyph 22909 (\N{CJK UNIFIED IDEOGRAPH-597D}) missing from font(s) DejaVu Sans.
  buf=io.BytesIO(); plt.tight_layout(); plt.savefig(buf, format="png"); data=base64.b64encode(buf.getvalue()).decode()
D:\quant_system_pro (3)\quant_system_pro\backtest\backtest_pro.py:330: UserWarning: Glyph 65289 (\N{FULLWIDTH RIGHT PARENTHESIS}) missing from font(s) DejaVu Sans.
  buf=io.BytesIO(); plt.tight_layout(); plt.savefig(buf, format="png"); data=base64.b64encode(buf.getvalue()).decode()
[完成] 最优表: D:\quant_system_pro (3)\quant_system_pro\results\live_30d_BTCUSDT\最优组合总表_S档_20250817-042140.csv
[完成] best_combo: data/best_combo.csv
