[A6-SHIM] pandas.DataFrame.to_csv 已安装修订钩子（仅拦截 a6_strategy_scores*）
C:\Users\Administrator\AppData\Local\Programs\Python\Python39\lib\site-packages\hyperopt\atpe.py:19: UserWarning: pkg_resources is deprecated as an API. See https://setuptools.pypa.io/en/latest/pkg_resources.html. The pkg_resources package is slated for removal as early as 2025-11-30. Refrain from using this package or pin to Setuptools<81.
  import pkg_resources
[GPU] Torch 2.6.0+cu124 | CUDA 12.4 | Device NVIDIA GeForce RTX 3060 | available=True
[GPU] XGBoost 1.7.6 (gpu_hist supported)
[GPU] LightGBM available (GPU depends on build)
[回测] 符号数=1 窗口=30天 S档=ON

  0%|          | 0/25 [00:00<?, ?trial/s, best loss=?]
  4%|▍         | 1/25 [00:01<00:29,  1.24s/trial, best loss: 0.34013176734835393]
  8%|▊         | 2/25 [00:02<00:28,  1.24s/trial, best loss: 0.34013176734835393]
 12%|█▏        | 3/25 [00:03<00:26,  1.20s/trial, best loss: 0.34013176734835393]
 16%|█▌        | 4/25 [00:04<00:25,  1.20s/trial, best loss: 0.34013176734835393]
 20%|██        | 5/25 [00:06<00:23,  1.19s/trial, best loss: 0.34013176734835393]
 24%|██▍       | 6/25 [00:07<00:22,  1.19s/trial, best loss: 0.34013176734835393]
 28%|██▊       | 7/25 [00:08<00:21,  1.18s/trial, best loss: 0.34013176734835393]
 32%|███▏      | 8/25 [00:09<00:20,  1.19s/trial, best loss: 0.34013176734835393]
 36%|███▌      | 9/25 [00:10<00:18,  1.18s/trial, best loss: 0.34013176734835393]
 40%|████      | 10/25 [00:11<00:17,  1.19s/trial, best loss: 0.34013176734835393]
 44%|████▍     | 11/25 [00:13<00:17,  1.23s/trial, best loss: 0.34013176734835393]
 48%|████▊     | 12/25 [00:14<00:15,  1.23s/trial, best loss: 0.34013176734835393]
 52%|█████▏    | 13/25 [00:15<00:14,  1.22s/trial, best loss: 0.34013176734835393]
 56%|█████▌    | 14/25 [00:16<00:13,  1.22s/trial, best loss: 0.34013176734835393]
 60%|██████    | 15/25 [00:18<00:12,  1.20s/trial, best loss: 0.34013176734835393]
 64%|██████▍   | 16/25 [00:19<00:10,  1.20s/trial, best loss: 0.32339495606172963]
 68%|██████▊   | 17/25 [00:20<00:09,  1.20s/trial, best loss: 0.31376013819277476]
 72%|███████▏  | 18/25 [00:21<00:08,  1.20s/trial, best loss: 0.31376013819277476]
 76%|███████▌  | 19/25 [00:22<00:07,  1.21s/trial, best loss: 0.31376013819277476]
 80%|████████  | 20/25 [00:24<00:06,  1.22s/trial, best loss: 0.31376013819277476]
 84%|████████▍ | 21/25 [00:25<00:04,  1.21s/trial, best loss: 0.26540460628720375]
 88%|████████▊ | 22/25 [00:26<00:03,  1.21s/trial, best loss: 0.26540460628720375]
 92%|█████████▏| 23/25 [00:27<00:02,  1.21s/trial, best loss: 0.26540460628720375]
 96%|█████████▌| 24/25 [00:28<00:01,  1.21s/trial, best loss: 0.26540460628720375]
100%|██████████| 25/25 [00:30<00:00,  1.21s/trial, best loss: 0.26540460628720375]
100%|██████████| 25/25 [00:30<00:00,  1.21s/trial, best loss: 0.26540460628720375]

  0%|          | 0/25 [00:00<?, ?trial/s, best loss=?]
  4%|▍         | 1/25 [00:01<00:26,  1.11s/trial, best loss: 0.09785606570787485]
  8%|▊         | 2/25 [00:02<00:26,  1.13s/trial, best loss: 0.09785606570787485]
 12%|█▏        | 3/25 [00:03<00:25,  1.14s/trial, best loss: 0.09785606570787485]
 16%|█▌        | 4/25 [00:04<00:23,  1.14s/trial, best loss: 0.09785606570787485]
 20%|██        | 5/25 [00:05<00:22,  1.13s/trial, best loss: 0.09785606570787485]
 24%|██▍       | 6/25 [00:06<00:21,  1.14s/trial, best loss: 0.09785606570787485]
 28%|██▊       | 7/25 [00:07<00:20,  1.15s/trial, best loss: 0.08526768049478259]
 32%|███▏      | 8/25 [00:09<00:19,  1.14s/trial, best loss: 0.08526768049478259]
 36%|███▌      | 9/25 [00:10<00:18,  1.15s/trial, best loss: 0.08526768049478259]
 40%|████      | 10/25 [00:11<00:17,  1.16s/trial, best loss: 0.08526768049478259]
 44%|████▍     | 11/25 [00:12<00:15,  1.14s/trial, best loss: 0.08526768049478259]
 48%|████▊     | 12/25 [00:13<00:14,  1.14s/trial, best loss: 0.0841573824524612] 
 52%|█████▏    | 13/25 [00:14<00:13,  1.12s/trial, best loss: 0.0841573824524612]
 56%|█████▌    | 14/25 [00:15<00:12,  1.13s/trial, best loss: 0.0841573824524612]
 60%|██████    | 15/25 [00:17<00:11,  1.13s/trial, best loss: 0.0841573824524612]
 64%|██████▍   | 16/25 [00:18<00:10,  1.13s/trial, best loss: 0.0841573824524612]
 68%|██████▊   | 17/25 [00:19<00:08,  1.12s/trial, best loss: 0.0841573824524612]
 72%|███████▏  | 18/25 [00:20<00:07,  1.14s/trial, best loss: 0.0841573824524612]
 76%|███████▌  | 19/25 [00:21<00:06,  1.13s/trial, best loss: 0.0841573824524612]
 80%|████████  | 20/25 [00:22<00:05,  1.13s/trial, best loss: 0.0841573824524612]
 84%|████████▍ | 21/25 [00:23<00:04,  1.13s/trial, best loss: 0.0841573824524612]
 88%|████████▊ | 22/25 [00:24<00:03,  1.13s/trial, best loss: 0.0841573824524612]
 92%|█████████▏| 23/25 [00:26<00:02,  1.13s/trial, best loss: 0.0841573824524612]
 96%|█████████▌| 24/25 [00:27<00:01,  1.13s/trial, best loss: 0.0841573824524612]
100%|██████████| 25/25 [00:28<00:00,  1.14s/trial, best loss: 0.0841573824524612]
100%|██████████| 25/25 [00:28<00:00,  1.14s/trial, best loss: 0.0841573824524612]

  0%|          | 0/25 [00:00<?, ?trial/s, best loss=?]
  4%|▍         | 1/25 [00:01<00:26,  1.11s/trial, best loss: 0.011608309583922269]
  8%|▊         | 2/25 [00:02<00:25,  1.11s/trial, best loss: 0.011608309583922269]
 12%|█▏        | 3/25 [00:03<00:24,  1.10s/trial, best loss: 0.011608309583922269]
 16%|█▌        | 4/25 [00:04<00:23,  1.10s/trial, best loss: 0.011608309583922269]
 20%|██        | 5/25 [00:05<00:21,  1.10s/trial, best loss: 0.011608309583922269]
 24%|██▍       | 6/25 [00:06<00:21,  1.11s/trial, best loss: 0.011608309583922269]
 28%|██▊       | 7/25 [00:07<00:19,  1.11s/trial, best loss: 0.011608309583922269]
 32%|███▏      | 8/25 [00:09<00:24,  1.45s/trial, best loss: 0.011608309583922269]
 36%|███▌      | 9/25 [00:11<00:21,  1.34s/trial, best loss: 0.011608309583922269]
 40%|████      | 10/25 [00:12<00:19,  1.28s/trial, best loss: 0.011608309583922269]
 44%|████▍     | 11/25 [00:12<00:14,  1.06s/trial, best loss: 0.011608309583922269]
 48%|████▊     | 12/25 [00:13<00:11,  1.13trial/s, best loss: 0.011608309583922269]
 52%|█████▏    | 13/25 [00:13<00:09,  1.31trial/s, best loss: 0.011608309583922269]
 56%|█████▌    | 14/25 [00:14<00:07,  1.45trial/s, best loss: 0.011608309583922269]
 60%|██████    | 15/25 [00:14<00:06,  1.59trial/s, best loss: 0.011608309583922269]
 64%|██████▍   | 16/25 [00:15<00:05,  1.70trial/s, best loss: 0.011608309583922269]
 68%|██████▊   | 17/25 [00:15<00:04,  1.80trial/s, best loss: 0.011608309583922269]
 72%|███████▏  | 18/25 [00:16<00:03,  1.88trial/s, best loss: 0.011608309583922269]
 76%|███████▌  | 19/25 [00:16<00:03,  1.92trial/s, best loss: 0.011608309583922269]
 80%|████████  | 20/25 [00:17<00:02,  1.92trial/s, best loss: 0.011608309583922269]
 84%|████████▍ | 21/25 [00:17<00:02,  1.96trial/s, best loss: 0.011608309583922269]
 88%|████████▊ | 22/25 [00:18<00:01,  1.96trial/s, best loss: 0.011608309583922269]
 92%|█████████▏| 23/25 [00:18<00:01,  2.00trial/s, best loss: -0.0035862192235168906]
 96%|█████████▌| 24/25 [00:19<00:00,  1.97trial/s, best loss: -0.0035862192235168906]
100%|██████████| 25/25 [00:19<00:00,  1.91trial/s, best loss: -0.0035862192235168906]
100%|██████████| 25/25 [00:19<00:00,  1.27trial/s, best loss: -0.0035862192235168906]

  0%|          | 0/25 [00:00<?, ?trial/s, best loss=?]
  4%|▍         | 1/25 [00:00<00:11,  2.07trial/s, best loss: 0.12277046724624223]
  8%|▊         | 2/25 [00:00<00:11,  2.03trial/s, best loss: 0.042875653925666946]
 12%|█▏        | 3/25 [00:01<00:10,  2.05trial/s, best loss: 0.042875653925666946]
 16%|█▌        | 4/25 [00:01<00:10,  2.06trial/s, best loss: 0.042875653925666946]
 20%|██        | 5/25 [00:02<00:09,  2.07trial/s, best loss: 0.005711805790190164]
 24%|██▍       | 6/25 [00:02<00:09,  2.06trial/s, best loss: 0.005711805790190164]
 28%|██▊       | 7/25 [00:03<00:08,  2.05trial/s, best loss: 0.005711805790190164]
 32%|███▏      | 8/25 [00:03<00:08,  2.06trial/s, best loss: 0.005711805790190164]
 36%|███▌      | 9/25 [00:04<00:07,  2.06trial/s, best loss: 0.005711805790190164]
 40%|████      | 10/25 [00:04<00:07,  2.06trial/s, best loss: 0.005711805790190164]
 44%|████▍     | 11/25 [00:05<00:06,  2.06trial/s, best loss: 0.005711805790190164]
 48%|████▊     | 12/25 [00:05<00:06,  2.05trial/s, best loss: 0.005711805790190164]
 52%|█████▏    | 13/25 [00:06<00:05,  2.06trial/s, best loss: 0.005711805790190164]
 56%|█████▌    | 14/25 [00:06<00:05,  2.10trial/s, best loss: 0.005711805790190164]
 60%|██████    | 15/25 [00:07<00:04,  2.09trial/s, best loss: 0.005711805790190164]
 64%|██████▍   | 16/25 [00:07<00:04,  2.09trial/s, best loss: 0.005711805790190164]
 68%|██████▊   | 17/25 [00:08<00:03,  2.07trial/s, best loss: 0.005711805790190164]
 72%|███████▏  | 18/25 [00:08<00:03,  2.02trial/s, best loss: 0.005711805790190164]
 76%|███████▌  | 19/25 [00:09<00:02,  2.07trial/s, best loss: 0.005711805790190164]
 80%|████████  | 20/25 [00:09<00:02,  2.11trial/s, best loss: 0.005711805790190164]
 84%|████████▍ | 21/25 [00:10<00:01,  2.06trial/s, best loss: 0.005711805790190164]
 88%|████████▊ | 22/25 [00:10<00:01,  2.06trial/s, best loss: 0.005711805790190164]
 92%|█████████▏| 23/25 [00:11<00:00,  2.07trial/s, best loss: 0.005711805790190164]
 96%|█████████▌| 24/25 [00:11<00:00,  2.10trial/s, best loss: 0.005711805790190164]
100%|██████████| 25/25 [00:12<00:00,  2.08trial/s, best loss: 0.005711805790190164]
100%|██████████| 25/25 [00:12<00:00,  2.07trial/s, best loss: 0.005711805790190164]

  0%|          | 0/25 [00:00<?, ?trial/s, best loss=?]
  4%|▍         | 1/25 [00:00<00:10,  2.24trial/s, best loss: 0.8532357990934736]
  8%|▊         | 2/25 [00:00<00:10,  2.16trial/s, best loss: 0.8532357990934736]
 12%|█▏        | 3/25 [00:01<00:10,  2.11trial/s, best loss: 0.8532357990934736]
 16%|█▌        | 4/25 [00:01<00:10,  2.09trial/s, best loss: 0.8532357990934736]
 20%|██        | 5/25 [00:02<00:09,  2.10trial/s, best loss: 0.8532357990934736]
 24%|██▍       | 6/25 [00:02<00:09,  2.10trial/s, best loss: 0.8532357990934736]
 28%|██▊       | 7/25 [00:03<00:08,  2.12trial/s, best loss: 0.8532357990934736]
 32%|███▏      | 8/25 [00:03<00:07,  2.13trial/s, best loss: 0.8532357990934736]
 36%|███▌      | 9/25 [00:04<00:07,  2.13trial/s, best loss: 0.8532357990934736]
 40%|████      | 10/25 [00:04<00:07,  2.11trial/s, best loss: 0.8532357990934736]
 44%|████▍     | 11/25 [00:05<00:06,  2.09trial/s, best loss: 0.8532357990934736]
 48%|████▊     | 12/25 [00:05<00:06,  2.10trial/s, best loss: 0.8532357990934736]
 52%|█████▏    | 13/25 [00:06<00:05,  2.05trial/s, best loss: 0.8532357990934736]
 56%|█████▌    | 14/25 [00:06<00:05,  2.07trial/s, best loss: 0.8532357990934736]
 60%|██████    | 15/25 [00:07<00:04,  2.10trial/s, best loss: 0.8532357990934736]
 64%|██████▍   | 16/25 [00:07<00:04,  2.16trial/s, best loss: 0.6749389200640242]
 68%|██████▊   | 17/25 [00:08<00:03,  2.12trial/s, best loss: 0.6749389200640242]
 72%|███████▏  | 18/25 [00:08<00:03,  2.14trial/s, best loss: 0.6749389200640242]
 76%|███████▌  | 19/25 [00:08<00:02,  2.12trial/s, best loss: 0.6749389200640242]
 80%|████████  | 20/25 [00:09<00:02,  2.14trial/s, best loss: 0.6749389200640242]
 84%|████████▍ | 21/25 [00:09<00:01,  2.14trial/s, best loss: 0.6749389200640242]
 88%|████████▊ | 22/25 [00:10<00:01,  2.12trial/s, best loss: 0.6749389200640242]
 92%|█████████▏| 23/25 [00:10<00:00,  2.11trial/s, best loss: 0.6749389200640242]
 96%|█████████▌| 24/25 [00:11<00:00,  2.09trial/s, best loss: 0.6749389200640242]
100%|██████████| 25/25 [00:11<00:00,  2.07trial/s, best loss: 0.6749389200640242]
100%|██████████| 25/25 [00:11<00:00,  2.11trial/s, best loss: 0.6749389200640242]
D:\quant_system_pro (3)\quant_system_pro\backtest\backtest_pro.py:330: UserWarning: Glyph 39057 (\N{CJK UNIFIED IDEOGRAPH-9891}) missing from font(s) DejaVu Sans.
  buf=io.BytesIO(); plt.tight_layout(); plt.savefig(buf, format="png"); data=base64.b64encode(buf.getvalue()).decode()
D:\quant_system_pro (3)\quant_system_pro\backtest\backtest_pro.py:330: UserWarning: Glyph 25968 (\N{CJK UNIFIED IDEOGRAPH-6570}) missing from font(s) DejaVu Sans.
  buf=io.BytesIO(); plt.tight_layout(); plt.savefig(buf, format="png"); data=base64.b64encode(buf.getvalue()).decode()
D:\quant_system_pro (3)\quant_system_pro\backtest\backtest_pro.py:330: UserWarning: Glyph 20998 (\N{CJK UNIFIED IDEOGRAPH-5206}) missing from font(s) DejaVu Sans.
  buf=io.BytesIO(); plt.tight_layout(); plt.savefig(buf, format="png"); data=base64.b64encode(buf.getvalue()).decode()
D:\quant_system_pro (3)\quant_system_pro\backtest\backtest_pro.py:330: UserWarning: Glyph 24067 (\N{CJK UNIFIED IDEOGRAPH-5E03}) missing from font(s) DejaVu Sans.
  buf=io.BytesIO(); plt.tight_layout(); plt.savefig(buf, format="png"); data=base64.b64encode(buf.getvalue()).decode()
D:\quant_system_pro (3)\quant_system_pro\backtest\backtest_pro.py:330: UserWarning: Glyph 65288 (\N{FULLWIDTH LEFT PARENTHESIS}) missing from font(s) DejaVu Sans.
  buf=io.BytesIO(); plt.tight_layout(); plt.savefig(buf, format="png"); data=base64.b64encode(buf.getvalue()).decode()
D:\quant_system_pro (3)\quant_system_pro\backtest\backtest_pro.py:330: UserWarning: Glyph 36234 (\N{CJK UNIFIED IDEOGRAPH-8D8A}) missing from font(s) DejaVu Sans.
  buf=io.BytesIO(); plt.tight_layout(); plt.savefig(buf, format="png"); data=base64.b64encode(buf.getvalue()).decode()
D:\quant_system_pro (3)\quant_system_pro\backtest\backtest_pro.py:330: UserWarning: Glyph 20302 (\N{CJK UNIFIED IDEOGRAPH-4F4E}) missing from font(s) DejaVu Sans.
  buf=io.BytesIO(); plt.tight_layout(); plt.savefig(buf, format="png"); data=base64.b64encode(buf.getvalue()).decode()
D:\quant_system_pro (3)\quant_system_pro\backtest\backtest_pro.py:330: UserWarning: Glyph 22909 (\N{CJK UNIFIED IDEOGRAPH-597D}) missing from font(s) DejaVu Sans.
  buf=io.BytesIO(); plt.tight_layout(); plt.savefig(buf, format="png"); data=base64.b64encode(buf.getvalue()).decode()
D:\quant_system_pro (3)\quant_system_pro\backtest\backtest_pro.py:330: UserWarning: Glyph 65289 (\N{FULLWIDTH RIGHT PARENTHESIS}) missing from font(s) DejaVu Sans.
  buf=io.BytesIO(); plt.tight_layout(); plt.savefig(buf, format="png"); data=base64.b64encode(buf.getvalue()).decode()
[完成] 最优表: D:\quant_system_pro (3)\quant_system_pro\results\live_30d_BTCUSDT\最优组合总表_S档_20250817-042145.csv
[完成] best_combo: data/best_combo.csv
