[A6-SHIM] pandas.DataFrame.to_csv 已安装修订钩子（仅拦截 a6_strategy_scores*）
C:\Users\Administrator\AppData\Local\Programs\Python\Python39\lib\site-packages\hyperopt\atpe.py:19: UserWarning: pkg_resources is deprecated as an API. See https://setuptools.pypa.io/en/latest/pkg_resources.html. The pkg_resources package is slated for removal as early as 2025-11-30. Refrain from using this package or pin to Setuptools<81.
  import pkg_resources
[GPU] Torch 2.6.0+cu124 | CUDA 12.4 | Device NVIDIA GeForce RTX 3060 | available=True
[GPU] XGBoost 1.7.6 (gpu_hist supported)
[GPU] LightGBM available (GPU depends on build)
[回测] 符号数=1 窗口=30天 S档=ON

  0%|          | 0/25 [00:00<?, ?trial/s, best loss=?]C:\Users\Administrator\AppData\Local\Programs\Python\Python39\lib\site-packages\sklearn\utils\validation.py:2739: UserWarning: X does not have valid feature names, but LGBMClassifier was fitted with feature names
  warnings.warn(


  4%|▍         | 1/25 [00:03<01:19,  3.31s/trial, best loss: 1.3536866784059343]C:\Users\Administrator\AppData\Local\Programs\Python\Python39\lib\site-packages\sklearn\utils\validation.py:2739: UserWarning: X does not have valid feature names, but LGBMClassifier was fitted with feature names
  warnings.warn(


  8%|▊         | 2/25 [00:06<01:15,  3.28s/trial, best loss: 1.3536866784059343]C:\Users\Administrator\AppData\Local\Programs\Python\Python39\lib\site-packages\sklearn\utils\validation.py:2739: UserWarning: X does not have valid feature names, but LGBMClassifier was fitted with feature names
  warnings.warn(


 12%|█▏        | 3/25 [00:09<01:11,  3.25s/trial, best loss: 1.1883572944272096]C:\Users\Administrator\AppData\Local\Programs\Python\Python39\lib\site-packages\sklearn\utils\validation.py:2739: UserWarning: X does not have valid feature names, but LGBMClassifier was fitted with feature names
  warnings.warn(


 16%|█▌        | 4/25 [00:13<01:09,  3.30s/trial, best loss: 1.1883572944272096]C:\Users\Administrator\AppData\Local\Programs\Python\Python39\lib\site-packages\sklearn\utils\validation.py:2739: UserWarning: X does not have valid feature names, but LGBMClassifier was fitted with feature names
  warnings.warn(


 20%|██        | 5/25 [00:16<01:05,  3.25s/trial, best loss: 1.176378170550727] C:\Users\Administrator\AppData\Local\Programs\Python\Python39\lib\site-packages\sklearn\utils\validation.py:2739: UserWarning: X does not have valid feature names, but LGBMClassifier was fitted with feature names
  warnings.warn(


 24%|██▍       | 6/25 [00:19<01:01,  3.24s/trial, best loss: 1.176378170550727]C:\Users\Administrator\AppData\Local\Programs\Python\Python39\lib\site-packages\sklearn\utils\validation.py:2739: UserWarning: X does not have valid feature names, but LGBMClassifier was fitted with feature names
  warnings.warn(


 28%|██▊       | 7/25 [00:22<00:58,  3.26s/trial, best loss: 1.176378170550727]C:\Users\Administrator\AppData\Local\Programs\Python\Python39\lib\site-packages\sklearn\utils\validation.py:2739: UserWarning: X does not have valid feature names, but LGBMClassifier was fitted with feature names
  warnings.warn(


 32%|███▏      | 8/25 [00:26<00:54,  3.23s/trial, best loss: 1.0560068727884155]C:\Users\Administrator\AppData\Local\Programs\Python\Python39\lib\site-packages\sklearn\utils\validation.py:2739: UserWarning: X does not have valid feature names, but LGBMClassifier was fitted with feature names
  warnings.warn(


 36%|███▌      | 9/25 [00:29<00:51,  3.25s/trial, best loss: 1.0560068727884155]C:\Users\Administrator\AppData\Local\Programs\Python\Python39\lib\site-packages\sklearn\utils\validation.py:2739: UserWarning: X does not have valid feature names, but LGBMClassifier was fitted with feature names
  warnings.warn(


 40%|████      | 10/25 [00:32<00:48,  3.24s/trial, best loss: 1.0560068727884155]C:\Users\Administrator\AppData\Local\Programs\Python\Python39\lib\site-packages\sklearn\utils\validation.py:2739: UserWarning: X does not have valid feature names, but LGBMClassifier was fitted with feature names
  warnings.warn(


 44%|████▍     | 11/25 [00:35<00:44,  3.21s/trial, best loss: 1.0560068727884155]C:\Users\Administrator\AppData\Local\Programs\Python\Python39\lib\site-packages\sklearn\utils\validation.py:2739: UserWarning: X does not have valid feature names, but LGBMClassifier was fitted with feature names
  warnings.warn(


 48%|████▊     | 12/25 [00:38<00:41,  3.21s/trial, best loss: 1.0560068727884155]C:\Users\Administrator\AppData\Local\Programs\Python\Python39\lib\site-packages\sklearn\utils\validation.py:2739: UserWarning: X does not have valid feature names, but LGBMClassifier was fitted with feature names
  warnings.warn(


 52%|█████▏    | 13/25 [00:42<00:38,  3.22s/trial, best loss: 1.0560068727884155]C:\Users\Administrator\AppData\Local\Programs\Python\Python39\lib\site-packages\sklearn\utils\validation.py:2739: UserWarning: X does not have valid feature names, but LGBMClassifier was fitted with feature names
  warnings.warn(


 56%|█████▌    | 14/25 [00:45<00:35,  3.21s/trial, best loss: 1.0560068727884155]C:\Users\Administrator\AppData\Local\Programs\Python\Python39\lib\site-packages\sklearn\utils\validation.py:2739: UserWarning: X does not have valid feature names, but LGBMClassifier was fitted with feature names
  warnings.warn(


 60%|██████    | 15/25 [00:48<00:31,  3.20s/trial, best loss: 1.0560068727884155]C:\Users\Administrator\AppData\Local\Programs\Python\Python39\lib\site-packages\sklearn\utils\validation.py:2739: UserWarning: X does not have valid feature names, but LGBMClassifier was fitted with feature names
  warnings.warn(


 64%|██████▍   | 16/25 [00:51<00:28,  3.21s/trial, best loss: 1.0560068727884155]C:\Users\Administrator\AppData\Local\Programs\Python\Python39\lib\site-packages\sklearn\utils\validation.py:2739: UserWarning: X does not have valid feature names, but LGBMClassifier was fitted with feature names
  warnings.warn(


 68%|██████▊   | 17/25 [00:54<00:25,  3.23s/trial, best loss: 1.0560068727884155]C:\Users\Administrator\AppData\Local\Programs\Python\Python39\lib\site-packages\sklearn\utils\validation.py:2739: UserWarning: X does not have valid feature names, but LGBMClassifier was fitted with feature names
  warnings.warn(


 72%|███████▏  | 18/25 [00:58<00:22,  3.23s/trial, best loss: 1.0560068727884155]C:\Users\Administrator\AppData\Local\Programs\Python\Python39\lib\site-packages\sklearn\utils\validation.py:2739: UserWarning: X does not have valid feature names, but LGBMClassifier was fitted with feature names
  warnings.warn(


 76%|███████▌  | 19/25 [01:01<00:19,  3.29s/trial, best loss: 1.0560068727884155]C:\Users\Administrator\AppData\Local\Programs\Python\Python39\lib\site-packages\sklearn\utils\validation.py:2739: UserWarning: X does not have valid feature names, but LGBMClassifier was fitted with feature names
  warnings.warn(


 80%|████████  | 20/25 [01:04<00:16,  3.26s/trial, best loss: 1.0560068727884155]C:\Users\Administrator\AppData\Local\Programs\Python\Python39\lib\site-packages\sklearn\utils\validation.py:2739: UserWarning: X does not have valid feature names, but LGBMClassifier was fitted with feature names
  warnings.warn(


 84%|████████▍ | 21/25 [01:08<00:13,  3.26s/trial, best loss: 1.0560068727884155]C:\Users\Administrator\AppData\Local\Programs\Python\Python39\lib\site-packages\sklearn\utils\validation.py:2739: UserWarning: X does not have valid feature names, but LGBMClassifier was fitted with feature names
  warnings.warn(


 88%|████████▊ | 22/25 [01:11<00:09,  3.27s/trial, best loss: 1.0560068727884155]C:\Users\Administrator\AppData\Local\Programs\Python\Python39\lib\site-packages\sklearn\utils\validation.py:2739: UserWarning: X does not have valid feature names, but LGBMClassifier was fitted with feature names
  warnings.warn(


 92%|█████████▏| 23/25 [01:14<00:06,  3.28s/trial, best loss: 1.0560068727884155]C:\Users\Administrator\AppData\Local\Programs\Python\Python39\lib\site-packages\sklearn\utils\validation.py:2739: UserWarning: X does not have valid feature names, but LGBMClassifier was fitted with feature names
  warnings.warn(


 96%|█████████▌| 24/25 [01:17<00:03,  3.27s/trial, best loss: 1.0560068727884155]C:\Users\Administrator\AppData\Local\Programs\Python\Python39\lib\site-packages\sklearn\utils\validation.py:2739: UserWarning: X does not have valid feature names, but LGBMClassifier was fitted with feature names
  warnings.warn(


100%|██████████| 25/25 [01:21<00:00,  3.25s/trial, best loss: 0.9703516540450619]
100%|██████████| 25/25 [01:21<00:00,  3.25s/trial, best loss: 0.9703516540450619]
C:\Users\Administrator\AppData\Local\Programs\Python\Python39\lib\site-packages\sklearn\utils\validation.py:2739: UserWarning: X does not have valid feature names, but LGBMClassifier was fitted with feature names
  warnings.warn(
C:\Users\Administrator\AppData\Local\Programs\Python\Python39\lib\site-packages\sklearn\utils\validation.py:2739: UserWarning: X does not have valid feature names, but LGBMClassifier was fitted with feature names
  warnings.warn(
C:\Users\Administrator\AppData\Local\Programs\Python\Python39\lib\site-packages\sklearn\utils\validation.py:2739: UserWarning: X does not have valid feature names, but LGBMClassifier was fitted with feature names
  warnings.warn(
C:\Users\Administrator\AppData\Local\Programs\Python\Python39\lib\site-packages\sklearn\utils\validation.py:2739: UserWarning: X does not have valid feature names, but LGBMClassifier was fitted with feature names
  warnings.warn(
C:\Users\Administrator\AppData\Local\Programs\Python\Python39\lib\site-packages\sklearn\utils\validation.py:2739: UserWarning: X does not have valid feature names, but LGBMClassifier was fitted with feature names
  warnings.warn(
C:\Users\Administrator\AppData\Local\Programs\Python\Python39\lib\site-packages\sklearn\utils\validation.py:2739: UserWarning: X does not have valid feature names, but LGBMClassifier was fitted with feature names
  warnings.warn(
C:\Users\Administrator\AppData\Local\Programs\Python\Python39\lib\site-packages\sklearn\utils\validation.py:2739: UserWarning: X does not have valid feature names, but LGBMClassifier was fitted with feature names
  warnings.warn(
C:\Users\Administrator\AppData\Local\Programs\Python\Python39\lib\site-packages\sklearn\utils\validation.py:2739: UserWarning: X does not have valid feature names, but LGBMClassifier was fitted with feature names
  warnings.warn(
C:\Users\Administrator\AppData\Local\Programs\Python\Python39\lib\site-packages\sklearn\utils\validation.py:2739: UserWarning: X does not have valid feature names, but LGBMClassifier was fitted with feature names
  warnings.warn(
C:\Users\Administrator\AppData\Local\Programs\Python\Python39\lib\site-packages\sklearn\utils\validation.py:2739: UserWarning: X does not have valid feature names, but LGBMClassifier was fitted with feature names
  warnings.warn(
C:\Users\Administrator\AppData\Local\Programs\Python\Python39\lib\site-packages\sklearn\utils\validation.py:2739: UserWarning: X does not have valid feature names, but LGBMClassifier was fitted with feature names
  warnings.warn(
C:\Users\Administrator\AppData\Local\Programs\Python\Python39\lib\site-packages\sklearn\utils\validation.py:2739: UserWarning: X does not have valid feature names, but LGBMClassifier was fitted with feature names
  warnings.warn(
C:\Users\Administrator\AppData\Local\Programs\Python\Python39\lib\site-packages\sklearn\utils\validation.py:2739: UserWarning: X does not have valid feature names, but LGBMClassifier was fitted with feature names
  warnings.warn(
C:\Users\Administrator\AppData\Local\Programs\Python\Python39\lib\site-packages\sklearn\utils\validation.py:2739: UserWarning: X does not have valid feature names, but LGBMClassifier was fitted with feature names
  warnings.warn(
C:\Users\Administrator\AppData\Local\Programs\Python\Python39\lib\site-packages\sklearn\utils\validation.py:2739: UserWarning: X does not have valid feature names, but LGBMClassifier was fitted with feature names
  warnings.warn(
C:\Users\Administrator\AppData\Local\Programs\Python\Python39\lib\site-packages\sklearn\utils\validation.py:2739: UserWarning: X does not have valid feature names, but LGBMClassifier was fitted with feature names
  warnings.warn(
C:\Users\Administrator\AppData\Local\Programs\Python\Python39\lib\site-packages\sklearn\utils\validation.py:2739: UserWarning: X does not have valid feature names, but LGBMClassifier was fitted with feature names
  warnings.warn(
C:\Users\Administrator\AppData\Local\Programs\Python\Python39\lib\site-packages\sklearn\utils\validation.py:2739: UserWarning: X does not have valid feature names, but LGBMClassifier was fitted with feature names
  warnings.warn(
C:\Users\Administrator\AppData\Local\Programs\Python\Python39\lib\site-packages\sklearn\utils\validation.py:2739: UserWarning: X does not have valid feature names, but LGBMClassifier was fitted with feature names
  warnings.warn(
C:\Users\Administrator\AppData\Local\Programs\Python\Python39\lib\site-packages\sklearn\utils\validation.py:2739: UserWarning: X does not have valid feature names, but LGBMClassifier was fitted with feature names
  warnings.warn(

  0%|          | 0/25 [00:00<?, ?trial/s, best loss=?]C:\Users\Administrator\AppData\Local\Programs\Python\Python39\lib\site-packages\sklearn\utils\validation.py:2739: UserWarning: X does not have valid feature names, but LGBMClassifier was fitted with feature names
  warnings.warn(


  4%|▍         | 1/25 [00:01<00:30,  1.26s/trial, best loss: 0.757204067713956]C:\Users\Administrator\AppData\Local\Programs\Python\Python39\lib\site-packages\sklearn\utils\validation.py:2739: UserWarning: X does not have valid feature names, but LGBMClassifier was fitted with feature names
  warnings.warn(


  8%|▊         | 2/25 [00:02<00:33,  1.44s/trial, best loss: 0.757204067713956]C:\Users\Administrator\AppData\Local\Programs\Python\Python39\lib\site-packages\sklearn\utils\validation.py:2739: UserWarning: X does not have valid feature names, but LGBMClassifier was fitted with feature names
  warnings.warn(


 12%|█▏        | 3/25 [00:04<00:29,  1.34s/trial, best loss: 0.6497371071479295]C:\Users\Administrator\AppData\Local\Programs\Python\Python39\lib\site-packages\sklearn\utils\validation.py:2739: UserWarning: X does not have valid feature names, but LGBMClassifier was fitted with feature names
  warnings.warn(


 16%|█▌        | 4/25 [00:05<00:27,  1.32s/trial, best loss: 0.6497371071479295]C:\Users\Administrator\AppData\Local\Programs\Python\Python39\lib\site-packages\sklearn\utils\validation.py:2739: UserWarning: X does not have valid feature names, but LGBMClassifier was fitted with feature names
  warnings.warn(


 20%|██        | 5/25 [00:06<00:27,  1.37s/trial, best loss: 0.3367721393123638]C:\Users\Administrator\AppData\Local\Programs\Python\Python39\lib\site-packages\sklearn\utils\validation.py:2739: UserWarning: X does not have valid feature names, but LGBMClassifier was fitted with feature names
  warnings.warn(


 24%|██▍       | 6/25 [00:08<00:25,  1.35s/trial, best loss: 0.3367721393123638]C:\Users\Administrator\AppData\Local\Programs\Python\Python39\lib\site-packages\sklearn\utils\validation.py:2739: UserWarning: X does not have valid feature names, but LGBMClassifier was fitted with feature names
  warnings.warn(


 28%|██▊       | 7/25 [00:09<00:23,  1.32s/trial, best loss: 0.3367721393123638]C:\Users\Administrator\AppData\Local\Programs\Python\Python39\lib\site-packages\sklearn\utils\validation.py:2739: UserWarning: X does not have valid feature names, but LGBMClassifier was fitted with feature names
  warnings.warn(


 32%|███▏      | 8/25 [00:10<00:21,  1.29s/trial, best loss: 0.3367721393123638]C:\Users\Administrator\AppData\Local\Programs\Python\Python39\lib\site-packages\sklearn\utils\validation.py:2739: UserWarning: X does not have valid feature names, but LGBMClassifier was fitted with feature names
  warnings.warn(


 36%|███▌      | 9/25 [00:11<00:20,  1.29s/trial, best loss: 0.3367721393123638]C:\Users\Administrator\AppData\Local\Programs\Python\Python39\lib\site-packages\sklearn\utils\validation.py:2739: UserWarning: X does not have valid feature names, but LGBMClassifier was fitted with feature names
  warnings.warn(


 40%|████      | 10/25 [00:13<00:19,  1.27s/trial, best loss: 0.3367721393123638]C:\Users\Administrator\AppData\Local\Programs\Python\Python39\lib\site-packages\sklearn\utils\validation.py:2739: UserWarning: X does not have valid feature names, but LGBMClassifier was fitted with feature names
  warnings.warn(


 44%|████▍     | 11/25 [00:14<00:17,  1.26s/trial, best loss: 0.3367721393123638]C:\Users\Administrator\AppData\Local\Programs\Python\Python39\lib\site-packages\sklearn\utils\validation.py:2739: UserWarning: X does not have valid feature names, but LGBMClassifier was fitted with feature names
  warnings.warn(


 48%|████▊     | 12/25 [00:15<00:16,  1.28s/trial, best loss: 0.19935633800991154]C:\Users\Administrator\AppData\Local\Programs\Python\Python39\lib\site-packages\sklearn\utils\validation.py:2739: UserWarning: X does not have valid feature names, but LGBMClassifier was fitted with feature names
  warnings.warn(


 52%|█████▏    | 13/25 [00:16<00:15,  1.27s/trial, best loss: 0.19935633800991154]C:\Users\Administrator\AppData\Local\Programs\Python\Python39\lib\site-packages\sklearn\utils\validation.py:2739: UserWarning: X does not have valid feature names, but LGBMClassifier was fitted with feature names
  warnings.warn(


 56%|█████▌    | 14/25 [00:18<00:14,  1.27s/trial, best loss: 0.19935633800991154]C:\Users\Administrator\AppData\Local\Programs\Python\Python39\lib\site-packages\sklearn\utils\validation.py:2739: UserWarning: X does not have valid feature names, but LGBMClassifier was fitted with feature names
  warnings.warn(


 60%|██████    | 15/25 [00:19<00:12,  1.26s/trial, best loss: 0.19935633800991154]C:\Users\Administrator\AppData\Local\Programs\Python\Python39\lib\site-packages\sklearn\utils\validation.py:2739: UserWarning: X does not have valid feature names, but LGBMClassifier was fitted with feature names
  warnings.warn(


 64%|██████▍   | 16/25 [00:20<00:11,  1.28s/trial, best loss: 0.19935633800991154]C:\Users\Administrator\AppData\Local\Programs\Python\Python39\lib\site-packages\sklearn\utils\validation.py:2739: UserWarning: X does not have valid feature names, but LGBMClassifier was fitted with feature names
  warnings.warn(


 68%|██████▊   | 17/25 [00:22<00:11,  1.38s/trial, best loss: 0.19935633800991154]C:\Users\Administrator\AppData\Local\Programs\Python\Python39\lib\site-packages\sklearn\utils\validation.py:2739: UserWarning: X does not have valid feature names, but LGBMClassifier was fitted with feature names
  warnings.warn(


 72%|███████▏  | 18/25 [00:23<00:09,  1.34s/trial, best loss: 0.19935633800991154]C:\Users\Administrator\AppData\Local\Programs\Python\Python39\lib\site-packages\sklearn\utils\validation.py:2739: UserWarning: X does not have valid feature names, but LGBMClassifier was fitted with feature names
  warnings.warn(


 76%|███████▌  | 19/25 [00:24<00:07,  1.31s/trial, best loss: 0.19935633800991154]C:\Users\Administrator\AppData\Local\Programs\Python\Python39\lib\site-packages\sklearn\utils\validation.py:2739: UserWarning: X does not have valid feature names, but LGBMClassifier was fitted with feature names
  warnings.warn(


 80%|████████  | 20/25 [00:26<00:06,  1.29s/trial, best loss: 0.19935633800991154]C:\Users\Administrator\AppData\Local\Programs\Python\Python39\lib\site-packages\sklearn\utils\validation.py:2739: UserWarning: X does not have valid feature names, but LGBMClassifier was fitted with feature names
  warnings.warn(


 84%|████████▍ | 21/25 [00:27<00:05,  1.30s/trial, best loss: 0.19935633800991154]C:\Users\Administrator\AppData\Local\Programs\Python\Python39\lib\site-packages\sklearn\utils\validation.py:2739: UserWarning: X does not have valid feature names, but LGBMClassifier was fitted with feature names
  warnings.warn(


 88%|████████▊ | 22/25 [00:28<00:03,  1.28s/trial, best loss: 0.19935633800991154]C:\Users\Administrator\AppData\Local\Programs\Python\Python39\lib\site-packages\sklearn\utils\validation.py:2739: UserWarning: X does not have valid feature names, but LGBMClassifier was fitted with feature names
  warnings.warn(


 92%|█████████▏| 23/25 [00:29<00:02,  1.29s/trial, best loss: 0.19935633800991154]C:\Users\Administrator\AppData\Local\Programs\Python\Python39\lib\site-packages\sklearn\utils\validation.py:2739: UserWarning: X does not have valid feature names, but LGBMClassifier was fitted with feature names
  warnings.warn(


 96%|█████████▌| 24/25 [00:31<00:01,  1.29s/trial, best loss: 0.19935633800991154]C:\Users\Administrator\AppData\Local\Programs\Python\Python39\lib\site-packages\sklearn\utils\validation.py:2739: UserWarning: X does not have valid feature names, but LGBMClassifier was fitted with feature names
  warnings.warn(


100%|██████████| 25/25 [00:32<00:00,  1.30s/trial, best loss: 0.19935633800991154]
100%|██████████| 25/25 [00:32<00:00,  1.30s/trial, best loss: 0.19935633800991154]
C:\Users\Administrator\AppData\Local\Programs\Python\Python39\lib\site-packages\sklearn\utils\validation.py:2739: UserWarning: X does not have valid feature names, but LGBMClassifier was fitted with feature names
  warnings.warn(
C:\Users\Administrator\AppData\Local\Programs\Python\Python39\lib\site-packages\sklearn\utils\validation.py:2739: UserWarning: X does not have valid feature names, but LGBMClassifier was fitted with feature names
  warnings.warn(
C:\Users\Administrator\AppData\Local\Programs\Python\Python39\lib\site-packages\sklearn\utils\validation.py:2739: UserWarning: X does not have valid feature names, but LGBMClassifier was fitted with feature names
  warnings.warn(
C:\Users\Administrator\AppData\Local\Programs\Python\Python39\lib\site-packages\sklearn\utils\validation.py:2739: UserWarning: X does not have valid feature names, but LGBMClassifier was fitted with feature names
  warnings.warn(
C:\Users\Administrator\AppData\Local\Programs\Python\Python39\lib\site-packages\sklearn\utils\validation.py:2739: UserWarning: X does not have valid feature names, but LGBMClassifier was fitted with feature names
  warnings.warn(
C:\Users\Administrator\AppData\Local\Programs\Python\Python39\lib\site-packages\sklearn\utils\validation.py:2739: UserWarning: X does not have valid feature names, but LGBMClassifier was fitted with feature names
  warnings.warn(
C:\Users\Administrator\AppData\Local\Programs\Python\Python39\lib\site-packages\sklearn\utils\validation.py:2739: UserWarning: X does not have valid feature names, but LGBMClassifier was fitted with feature names
  warnings.warn(
C:\Users\Administrator\AppData\Local\Programs\Python\Python39\lib\site-packages\sklearn\utils\validation.py:2739: UserWarning: X does not have valid feature names, but LGBMClassifier was fitted with feature names
  warnings.warn(
C:\Users\Administrator\AppData\Local\Programs\Python\Python39\lib\site-packages\sklearn\utils\validation.py:2739: UserWarning: X does not have valid feature names, but LGBMClassifier was fitted with feature names
  warnings.warn(
C:\Users\Administrator\AppData\Local\Programs\Python\Python39\lib\site-packages\sklearn\utils\validation.py:2739: UserWarning: X does not have valid feature names, but LGBMClassifier was fitted with feature names
  warnings.warn(
C:\Users\Administrator\AppData\Local\Programs\Python\Python39\lib\site-packages\sklearn\utils\validation.py:2739: UserWarning: X does not have valid feature names, but LGBMClassifier was fitted with feature names
  warnings.warn(
C:\Users\Administrator\AppData\Local\Programs\Python\Python39\lib\site-packages\sklearn\utils\validation.py:2739: UserWarning: X does not have valid feature names, but LGBMClassifier was fitted with feature names
  warnings.warn(
C:\Users\Administrator\AppData\Local\Programs\Python\Python39\lib\site-packages\sklearn\utils\validation.py:2739: UserWarning: X does not have valid feature names, but LGBMClassifier was fitted with feature names
  warnings.warn(
C:\Users\Administrator\AppData\Local\Programs\Python\Python39\lib\site-packages\sklearn\utils\validation.py:2739: UserWarning: X does not have valid feature names, but LGBMClassifier was fitted with feature names
  warnings.warn(
C:\Users\Administrator\AppData\Local\Programs\Python\Python39\lib\site-packages\sklearn\utils\validation.py:2739: UserWarning: X does not have valid feature names, but LGBMClassifier was fitted with feature names
  warnings.warn(
C:\Users\Administrator\AppData\Local\Programs\Python\Python39\lib\site-packages\sklearn\utils\validation.py:2739: UserWarning: X does not have valid feature names, but LGBMClassifier was fitted with feature names
  warnings.warn(
C:\Users\Administrator\AppData\Local\Programs\Python\Python39\lib\site-packages\sklearn\utils\validation.py:2739: UserWarning: X does not have valid feature names, but LGBMClassifier was fitted with feature names
  warnings.warn(
C:\Users\Administrator\AppData\Local\Programs\Python\Python39\lib\site-packages\sklearn\utils\validation.py:2739: UserWarning: X does not have valid feature names, but LGBMClassifier was fitted with feature names
  warnings.warn(
C:\Users\Administrator\AppData\Local\Programs\Python\Python39\lib\site-packages\sklearn\utils\validation.py:2739: UserWarning: X does not have valid feature names, but LGBMClassifier was fitted with feature names
  warnings.warn(
C:\Users\Administrator\AppData\Local\Programs\Python\Python39\lib\site-packages\sklearn\utils\validation.py:2739: UserWarning: X does not have valid feature names, but LGBMClassifier was fitted with feature names
  warnings.warn(

  0%|          | 0/25 [00:00<?, ?trial/s, best loss=?]C:\Users\Administrator\AppData\Local\Programs\Python\Python39\lib\site-packages\sklearn\utils\validation.py:2739: UserWarning: X does not have valid feature names, but LGBMClassifier was fitted with feature names
  warnings.warn(


  4%|▍         | 1/25 [00:00<00:21,  1.13trial/s, best loss: 0.14909165006467226]C:\Users\Administrator\AppData\Local\Programs\Python\Python39\lib\site-packages\sklearn\utils\validation.py:2739: UserWarning: X does not have valid feature names, but LGBMClassifier was fitted with feature names
  warnings.warn(


  8%|▊         | 2/25 [00:01<00:20,  1.10trial/s, best loss: -0.04637157609703574]C:\Users\Administrator\AppData\Local\Programs\Python\Python39\lib\site-packages\sklearn\utils\validation.py:2739: UserWarning: X does not have valid feature names, but LGBMClassifier was fitted with feature names
  warnings.warn(


 12%|█▏        | 3/25 [00:02<00:19,  1.11trial/s, best loss: -0.04637157609703574]C:\Users\Administrator\AppData\Local\Programs\Python\Python39\lib\site-packages\sklearn\utils\validation.py:2739: UserWarning: X does not have valid feature names, but LGBMClassifier was fitted with feature names
  warnings.warn(


 16%|█▌        | 4/25 [00:03<00:19,  1.10trial/s, best loss: -0.04637157609703574]C:\Users\Administrator\AppData\Local\Programs\Python\Python39\lib\site-packages\sklearn\utils\validation.py:2739: UserWarning: X does not have valid feature names, but LGBMClassifier was fitted with feature names
  warnings.warn(


 20%|██        | 5/25 [00:04<00:17,  1.12trial/s, best loss: -0.04637157609703574]C:\Users\Administrator\AppData\Local\Programs\Python\Python39\lib\site-packages\sklearn\utils\validation.py:2739: UserWarning: X does not have valid feature names, but LGBMClassifier was fitted with feature names
  warnings.warn(


 24%|██▍       | 6/25 [00:05<00:16,  1.13trial/s, best loss: -0.04637157609703574]C:\Users\Administrator\AppData\Local\Programs\Python\Python39\lib\site-packages\sklearn\utils\validation.py:2739: UserWarning: X does not have valid feature names, but LGBMClassifier was fitted with feature names
  warnings.warn(


 28%|██▊       | 7/25 [00:06<00:15,  1.14trial/s, best loss: -0.04637157609703574]C:\Users\Administrator\AppData\Local\Programs\Python\Python39\lib\site-packages\sklearn\utils\validation.py:2739: UserWarning: X does not have valid feature names, but LGBMClassifier was fitted with feature names
  warnings.warn(


 32%|███▏      | 8/25 [00:07<00:14,  1.14trial/s, best loss: -0.04637157609703574]C:\Users\Administrator\AppData\Local\Programs\Python\Python39\lib\site-packages\sklearn\utils\validation.py:2739: UserWarning: X does not have valid feature names, but LGBMClassifier was fitted with feature names
  warnings.warn(


 36%|███▌      | 9/25 [00:08<00:14,  1.13trial/s, best loss: -0.07280177743662453]C:\Users\Administrator\AppData\Local\Programs\Python\Python39\lib\site-packages\sklearn\utils\validation.py:2739: UserWarning: X does not have valid feature names, but LGBMClassifier was fitted with feature names
  warnings.warn(


 40%|████      | 10/25 [00:08<00:13,  1.12trial/s, best loss: -0.07280177743662453]C:\Users\Administrator\AppData\Local\Programs\Python\Python39\lib\site-packages\sklearn\utils\validation.py:2739: UserWarning: X does not have valid feature names, but LGBMClassifier was fitted with feature names
  warnings.warn(


 44%|████▍     | 11/25 [00:09<00:12,  1.11trial/s, best loss: -0.3854274492076276] C:\Users\Administrator\AppData\Local\Programs\Python\Python39\lib\site-packages\sklearn\utils\validation.py:2739: UserWarning: X does not have valid feature names, but LGBMClassifier was fitted with feature names
  warnings.warn(


 48%|████▊     | 12/25 [00:10<00:11,  1.12trial/s, best loss: -0.3854274492076276]C:\Users\Administrator\AppData\Local\Programs\Python\Python39\lib\site-packages\sklearn\utils\validation.py:2739: UserWarning: X does not have valid feature names, but LGBMClassifier was fitted with feature names
  warnings.warn(


 52%|█████▏    | 13/25 [00:11<00:10,  1.11trial/s, best loss: -0.3854274492076276]C:\Users\Administrator\AppData\Local\Programs\Python\Python39\lib\site-packages\sklearn\utils\validation.py:2739: UserWarning: X does not have valid feature names, but LGBMClassifier was fitted with feature names
  warnings.warn(


 56%|█████▌    | 14/25 [00:12<00:09,  1.13trial/s, best loss: -0.3854274492076276]C:\Users\Administrator\AppData\Local\Programs\Python\Python39\lib\site-packages\sklearn\utils\validation.py:2739: UserWarning: X does not have valid feature names, but LGBMClassifier was fitted with feature names
  warnings.warn(


 60%|██████    | 15/25 [00:13<00:08,  1.12trial/s, best loss: -0.3854274492076276]C:\Users\Administrator\AppData\Local\Programs\Python\Python39\lib\site-packages\sklearn\utils\validation.py:2739: UserWarning: X does not have valid feature names, but LGBMClassifier was fitted with feature names
  warnings.warn(


 64%|██████▍   | 16/25 [00:14<00:08,  1.12trial/s, best loss: -0.3854274492076276]C:\Users\Administrator\AppData\Local\Programs\Python\Python39\lib\site-packages\sklearn\utils\validation.py:2739: UserWarning: X does not have valid feature names, but LGBMClassifier was fitted with feature names
  warnings.warn(


 68%|██████▊   | 17/25 [00:15<00:07,  1.11trial/s, best loss: -0.3854274492076276]C:\Users\Administrator\AppData\Local\Programs\Python\Python39\lib\site-packages\sklearn\utils\validation.py:2739: UserWarning: X does not have valid feature names, but LGBMClassifier was fitted with feature names
  warnings.warn(


 72%|███████▏  | 18/25 [00:16<00:06,  1.12trial/s, best loss: -0.3854274492076276]C:\Users\Administrator\AppData\Local\Programs\Python\Python39\lib\site-packages\sklearn\utils\validation.py:2739: UserWarning: X does not have valid feature names, but LGBMClassifier was fitted with feature names
  warnings.warn(


 76%|███████▌  | 19/25 [00:16<00:05,  1.13trial/s, best loss: -0.3854274492076276]C:\Users\Administrator\AppData\Local\Programs\Python\Python39\lib\site-packages\sklearn\utils\validation.py:2739: UserWarning: X does not have valid feature names, but LGBMClassifier was fitted with feature names
  warnings.warn(


 80%|████████  | 20/25 [00:17<00:04,  1.12trial/s, best loss: -0.3854274492076276]C:\Users\Administrator\AppData\Local\Programs\Python\Python39\lib\site-packages\sklearn\utils\validation.py:2739: UserWarning: X does not have valid feature names, but LGBMClassifier was fitted with feature names
  warnings.warn(


 84%|████████▍ | 21/25 [00:18<00:03,  1.13trial/s, best loss: -0.3854274492076276]C:\Users\Administrator\AppData\Local\Programs\Python\Python39\lib\site-packages\sklearn\utils\validation.py:2739: UserWarning: X does not have valid feature names, but LGBMClassifier was fitted with feature names
  warnings.warn(


 88%|████████▊ | 22/25 [00:19<00:02,  1.12trial/s, best loss: -0.3854274492076276]C:\Users\Administrator\AppData\Local\Programs\Python\Python39\lib\site-packages\sklearn\utils\validation.py:2739: UserWarning: X does not have valid feature names, but LGBMClassifier was fitted with feature names
  warnings.warn(


 92%|█████████▏| 23/25 [00:20<00:01,  1.12trial/s, best loss: -0.3854274492076276]C:\Users\Administrator\AppData\Local\Programs\Python\Python39\lib\site-packages\sklearn\utils\validation.py:2739: UserWarning: X does not have valid feature names, but LGBMClassifier was fitted with feature names
  warnings.warn(


 96%|█████████▌| 24/25 [00:21<00:00,  1.11trial/s, best loss: -0.3854274492076276]C:\Users\Administrator\AppData\Local\Programs\Python\Python39\lib\site-packages\sklearn\utils\validation.py:2739: UserWarning: X does not have valid feature names, but LGBMClassifier was fitted with feature names
  warnings.warn(


100%|██████████| 25/25 [00:22<00:00,  1.10trial/s, best loss: -0.3854274492076276]
100%|██████████| 25/25 [00:22<00:00,  1.12trial/s, best loss: -0.3854274492076276]
C:\Users\Administrator\AppData\Local\Programs\Python\Python39\lib\site-packages\sklearn\utils\validation.py:2739: UserWarning: X does not have valid feature names, but LGBMClassifier was fitted with feature names
  warnings.warn(
C:\Users\Administrator\AppData\Local\Programs\Python\Python39\lib\site-packages\sklearn\utils\validation.py:2739: UserWarning: X does not have valid feature names, but LGBMClassifier was fitted with feature names
  warnings.warn(
C:\Users\Administrator\AppData\Local\Programs\Python\Python39\lib\site-packages\sklearn\utils\validation.py:2739: UserWarning: X does not have valid feature names, but LGBMClassifier was fitted with feature names
  warnings.warn(
C:\Users\Administrator\AppData\Local\Programs\Python\Python39\lib\site-packages\sklearn\utils\validation.py:2739: UserWarning: X does not have valid feature names, but LGBMClassifier was fitted with feature names
  warnings.warn(
C:\Users\Administrator\AppData\Local\Programs\Python\Python39\lib\site-packages\sklearn\utils\validation.py:2739: UserWarning: X does not have valid feature names, but LGBMClassifier was fitted with feature names
  warnings.warn(
C:\Users\Administrator\AppData\Local\Programs\Python\Python39\lib\site-packages\sklearn\utils\validation.py:2739: UserWarning: X does not have valid feature names, but LGBMClassifier was fitted with feature names
  warnings.warn(
C:\Users\Administrator\AppData\Local\Programs\Python\Python39\lib\site-packages\sklearn\utils\validation.py:2739: UserWarning: X does not have valid feature names, but LGBMClassifier was fitted with feature names
  warnings.warn(
C:\Users\Administrator\AppData\Local\Programs\Python\Python39\lib\site-packages\sklearn\utils\validation.py:2739: UserWarning: X does not have valid feature names, but LGBMClassifier was fitted with feature names
  warnings.warn(
C:\Users\Administrator\AppData\Local\Programs\Python\Python39\lib\site-packages\sklearn\utils\validation.py:2739: UserWarning: X does not have valid feature names, but LGBMClassifier was fitted with feature names
  warnings.warn(
C:\Users\Administrator\AppData\Local\Programs\Python\Python39\lib\site-packages\sklearn\utils\validation.py:2739: UserWarning: X does not have valid feature names, but LGBMClassifier was fitted with feature names
  warnings.warn(
C:\Users\Administrator\AppData\Local\Programs\Python\Python39\lib\site-packages\sklearn\utils\validation.py:2739: UserWarning: X does not have valid feature names, but LGBMClassifier was fitted with feature names
  warnings.warn(
C:\Users\Administrator\AppData\Local\Programs\Python\Python39\lib\site-packages\sklearn\utils\validation.py:2739: UserWarning: X does not have valid feature names, but LGBMClassifier was fitted with feature names
  warnings.warn(
C:\Users\Administrator\AppData\Local\Programs\Python\Python39\lib\site-packages\sklearn\utils\validation.py:2739: UserWarning: X does not have valid feature names, but LGBMClassifier was fitted with feature names
  warnings.warn(
C:\Users\Administrator\AppData\Local\Programs\Python\Python39\lib\site-packages\sklearn\utils\validation.py:2739: UserWarning: X does not have valid feature names, but LGBMClassifier was fitted with feature names
  warnings.warn(
C:\Users\Administrator\AppData\Local\Programs\Python\Python39\lib\site-packages\sklearn\utils\validation.py:2739: UserWarning: X does not have valid feature names, but LGBMClassifier was fitted with feature names
  warnings.warn(
C:\Users\Administrator\AppData\Local\Programs\Python\Python39\lib\site-packages\sklearn\utils\validation.py:2739: UserWarning: X does not have valid feature names, but LGBMClassifier was fitted with feature names
  warnings.warn(
C:\Users\Administrator\AppData\Local\Programs\Python\Python39\lib\site-packages\sklearn\utils\validation.py:2739: UserWarning: X does not have valid feature names, but LGBMClassifier was fitted with feature names
  warnings.warn(
C:\Users\Administrator\AppData\Local\Programs\Python\Python39\lib\site-packages\sklearn\utils\validation.py:2739: UserWarning: X does not have valid feature names, but LGBMClassifier was fitted with feature names
  warnings.warn(
C:\Users\Administrator\AppData\Local\Programs\Python\Python39\lib\site-packages\sklearn\utils\validation.py:2739: UserWarning: X does not have valid feature names, but LGBMClassifier was fitted with feature names
  warnings.warn(
C:\Users\Administrator\AppData\Local\Programs\Python\Python39\lib\site-packages\sklearn\utils\validation.py:2739: UserWarning: X does not have valid feature names, but LGBMClassifier was fitted with feature names
  warnings.warn(

  0%|          | 0/25 [00:00<?, ?trial/s, best loss=?]C:\Users\Administrator\AppData\Local\Programs\Python\Python39\lib\site-packages\sklearn\utils\validation.py:2739: UserWarning: X does not have valid feature names, but LGBMClassifier was fitted with feature names
  warnings.warn(


  4%|▍         | 1/25 [00:00<00:15,  1.51trial/s, best loss: -0.02721788943171799]C:\Users\Administrator\AppData\Local\Programs\Python\Python39\lib\site-packages\sklearn\utils\validation.py:2739: UserWarning: X does not have valid feature names, but LGBMClassifier was fitted with feature names
  warnings.warn(


  8%|▊         | 2/25 [00:01<00:15,  1.47trial/s, best loss: -0.47592624640690323]C:\Users\Administrator\AppData\Local\Programs\Python\Python39\lib\site-packages\sklearn\utils\validation.py:2739: UserWarning: X does not have valid feature names, but LGBMClassifier was fitted with feature names
  warnings.warn(


 12%|█▏        | 3/25 [00:02<00:15,  1.44trial/s, best loss: -0.47592624640690323]C:\Users\Administrator\AppData\Local\Programs\Python\Python39\lib\site-packages\sklearn\utils\validation.py:2739: UserWarning: X does not have valid feature names, but LGBMClassifier was fitted with feature names
  warnings.warn(


 16%|█▌        | 4/25 [00:02<00:14,  1.43trial/s, best loss: -0.47592624640690323]C:\Users\Administrator\AppData\Local\Programs\Python\Python39\lib\site-packages\sklearn\utils\validation.py:2739: UserWarning: X does not have valid feature names, but LGBMClassifier was fitted with feature names
  warnings.warn(


 20%|██        | 5/25 [00:03<00:14,  1.42trial/s, best loss: -0.47592624640690323]C:\Users\Administrator\AppData\Local\Programs\Python\Python39\lib\site-packages\sklearn\utils\validation.py:2739: UserWarning: X does not have valid feature names, but LGBMClassifier was fitted with feature names
  warnings.warn(


 24%|██▍       | 6/25 [00:04<00:13,  1.42trial/s, best loss: -0.47592624640690323]C:\Users\Administrator\AppData\Local\Programs\Python\Python39\lib\site-packages\sklearn\utils\validation.py:2739: UserWarning: X does not have valid feature names, but LGBMClassifier was fitted with feature names
  warnings.warn(


 28%|██▊       | 7/25 [00:04<00:12,  1.43trial/s, best loss: -0.47592624640690323]C:\Users\Administrator\AppData\Local\Programs\Python\Python39\lib\site-packages\sklearn\utils\validation.py:2739: UserWarning: X does not have valid feature names, but LGBMClassifier was fitted with feature names
  warnings.warn(


 32%|███▏      | 8/25 [00:05<00:11,  1.45trial/s, best loss: -0.47592624640690323]C:\Users\Administrator\AppData\Local\Programs\Python\Python39\lib\site-packages\sklearn\utils\validation.py:2739: UserWarning: X does not have valid feature names, but LGBMClassifier was fitted with feature names
  warnings.warn(


 36%|███▌      | 9/25 [00:06<00:11,  1.42trial/s, best loss: -0.47592624640690323]C:\Users\Administrator\AppData\Local\Programs\Python\Python39\lib\site-packages\sklearn\utils\validation.py:2739: UserWarning: X does not have valid feature names, but LGBMClassifier was fitted with feature names
  warnings.warn(


 40%|████      | 10/25 [00:06<00:10,  1.44trial/s, best loss: -0.47592624640690323]C:\Users\Administrator\AppData\Local\Programs\Python\Python39\lib\site-packages\sklearn\utils\validation.py:2739: UserWarning: X does not have valid feature names, but LGBMClassifier was fitted with feature names
  warnings.warn(


 44%|████▍     | 11/25 [00:07<00:09,  1.46trial/s, best loss: -0.6849965264149472] C:\Users\Administrator\AppData\Local\Programs\Python\Python39\lib\site-packages\sklearn\utils\validation.py:2739: UserWarning: X does not have valid feature names, but LGBMClassifier was fitted with feature names
  warnings.warn(


 48%|████▊     | 12/25 [00:08<00:08,  1.45trial/s, best loss: -0.6849965264149472]C:\Users\Administrator\AppData\Local\Programs\Python\Python39\lib\site-packages\sklearn\utils\validation.py:2739: UserWarning: X does not have valid feature names, but LGBMClassifier was fitted with feature names
  warnings.warn(


 52%|█████▏    | 13/25 [00:09<00:08,  1.44trial/s, best loss: -0.6849965264149472]C:\Users\Administrator\AppData\Local\Programs\Python\Python39\lib\site-packages\sklearn\utils\validation.py:2739: UserWarning: X does not have valid feature names, but LGBMClassifier was fitted with feature names
  warnings.warn(


 56%|█████▌    | 14/25 [00:09<00:07,  1.44trial/s, best loss: -0.6849965264149472]C:\Users\Administrator\AppData\Local\Programs\Python\Python39\lib\site-packages\sklearn\utils\validation.py:2739: UserWarning: X does not have valid feature names, but LGBMClassifier was fitted with feature names
  warnings.warn(


 60%|██████    | 15/25 [00:10<00:07,  1.40trial/s, best loss: -0.6849965264149472]C:\Users\Administrator\AppData\Local\Programs\Python\Python39\lib\site-packages\sklearn\utils\validation.py:2739: UserWarning: X does not have valid feature names, but LGBMClassifier was fitted with feature names
  warnings.warn(


 64%|██████▍   | 16/25 [00:11<00:06,  1.42trial/s, best loss: -0.6849965264149472]C:\Users\Administrator\AppData\Local\Programs\Python\Python39\lib\site-packages\sklearn\utils\validation.py:2739: UserWarning: X does not have valid feature names, but LGBMClassifier was fitted with feature names
  warnings.warn(


 68%|██████▊   | 17/25 [00:11<00:05,  1.43trial/s, best loss: -0.6849965264149472]C:\Users\Administrator\AppData\Local\Programs\Python\Python39\lib\site-packages\sklearn\utils\validation.py:2739: UserWarning: X does not have valid feature names, but LGBMClassifier was fitted with feature names
  warnings.warn(


 72%|███████▏  | 18/25 [00:12<00:04,  1.41trial/s, best loss: -0.6849965264149472]C:\Users\Administrator\AppData\Local\Programs\Python\Python39\lib\site-packages\sklearn\utils\validation.py:2739: UserWarning: X does not have valid feature names, but LGBMClassifier was fitted with feature names
  warnings.warn(


 76%|███████▌  | 19/25 [00:13<00:04,  1.41trial/s, best loss: -0.6849965264149472]C:\Users\Administrator\AppData\Local\Programs\Python\Python39\lib\site-packages\sklearn\utils\validation.py:2739: UserWarning: X does not have valid feature names, but LGBMClassifier was fitted with feature names
  warnings.warn(


 80%|████████  | 20/25 [00:13<00:03,  1.42trial/s, best loss: -0.6849965264149472]C:\Users\Administrator\AppData\Local\Programs\Python\Python39\lib\site-packages\sklearn\utils\validation.py:2739: UserWarning: X does not have valid feature names, but LGBMClassifier was fitted with feature names
  warnings.warn(


 84%|████████▍ | 21/25 [00:14<00:02,  1.42trial/s, best loss: -0.6849965264149472]C:\Users\Administrator\AppData\Local\Programs\Python\Python39\lib\site-packages\sklearn\utils\validation.py:2739: UserWarning: X does not have valid feature names, but LGBMClassifier was fitted with feature names
  warnings.warn(


 88%|████████▊ | 22/25 [00:15<00:02,  1.42trial/s, best loss: -0.6849965264149472]C:\Users\Administrator\AppData\Local\Programs\Python\Python39\lib\site-packages\sklearn\utils\validation.py:2739: UserWarning: X does not have valid feature names, but LGBMClassifier was fitted with feature names
  warnings.warn(


 92%|█████████▏| 23/25 [00:16<00:01,  1.44trial/s, best loss: -0.6849965264149472]C:\Users\Administrator\AppData\Local\Programs\Python\Python39\lib\site-packages\sklearn\utils\validation.py:2739: UserWarning: X does not have valid feature names, but LGBMClassifier was fitted with feature names
  warnings.warn(


 96%|█████████▌| 24/25 [00:16<00:00,  1.44trial/s, best loss: -0.6849965264149472]C:\Users\Administrator\AppData\Local\Programs\Python\Python39\lib\site-packages\sklearn\utils\validation.py:2739: UserWarning: X does not have valid feature names, but LGBMClassifier was fitted with feature names
  warnings.warn(


100%|██████████| 25/25 [00:17<00:00,  1.43trial/s, best loss: -0.6849965264149472]
100%|██████████| 25/25 [00:17<00:00,  1.43trial/s, best loss: -0.6849965264149472]
C:\Users\Administrator\AppData\Local\Programs\Python\Python39\lib\site-packages\sklearn\utils\validation.py:2739: UserWarning: X does not have valid feature names, but LGBMClassifier was fitted with feature names
  warnings.warn(
C:\Users\Administrator\AppData\Local\Programs\Python\Python39\lib\site-packages\sklearn\utils\validation.py:2739: UserWarning: X does not have valid feature names, but LGBMClassifier was fitted with feature names
  warnings.warn(
C:\Users\Administrator\AppData\Local\Programs\Python\Python39\lib\site-packages\sklearn\utils\validation.py:2739: UserWarning: X does not have valid feature names, but LGBMClassifier was fitted with feature names
  warnings.warn(
C:\Users\Administrator\AppData\Local\Programs\Python\Python39\lib\site-packages\sklearn\utils\validation.py:2739: UserWarning: X does not have valid feature names, but LGBMClassifier was fitted with feature names
  warnings.warn(
C:\Users\Administrator\AppData\Local\Programs\Python\Python39\lib\site-packages\sklearn\utils\validation.py:2739: UserWarning: X does not have valid feature names, but LGBMClassifier was fitted with feature names
  warnings.warn(
C:\Users\Administrator\AppData\Local\Programs\Python\Python39\lib\site-packages\sklearn\utils\validation.py:2739: UserWarning: X does not have valid feature names, but LGBMClassifier was fitted with feature names
  warnings.warn(
C:\Users\Administrator\AppData\Local\Programs\Python\Python39\lib\site-packages\sklearn\utils\validation.py:2739: UserWarning: X does not have valid feature names, but LGBMClassifier was fitted with feature names
  warnings.warn(
C:\Users\Administrator\AppData\Local\Programs\Python\Python39\lib\site-packages\sklearn\utils\validation.py:2739: UserWarning: X does not have valid feature names, but LGBMClassifier was fitted with feature names
  warnings.warn(
C:\Users\Administrator\AppData\Local\Programs\Python\Python39\lib\site-packages\sklearn\utils\validation.py:2739: UserWarning: X does not have valid feature names, but LGBMClassifier was fitted with feature names
  warnings.warn(
C:\Users\Administrator\AppData\Local\Programs\Python\Python39\lib\site-packages\sklearn\utils\validation.py:2739: UserWarning: X does not have valid feature names, but LGBMClassifier was fitted with feature names
  warnings.warn(
C:\Users\Administrator\AppData\Local\Programs\Python\Python39\lib\site-packages\sklearn\utils\validation.py:2739: UserWarning: X does not have valid feature names, but LGBMClassifier was fitted with feature names
  warnings.warn(
C:\Users\Administrator\AppData\Local\Programs\Python\Python39\lib\site-packages\sklearn\utils\validation.py:2739: UserWarning: X does not have valid feature names, but LGBMClassifier was fitted with feature names
  warnings.warn(
C:\Users\Administrator\AppData\Local\Programs\Python\Python39\lib\site-packages\sklearn\utils\validation.py:2739: UserWarning: X does not have valid feature names, but LGBMClassifier was fitted with feature names
  warnings.warn(
C:\Users\Administrator\AppData\Local\Programs\Python\Python39\lib\site-packages\sklearn\utils\validation.py:2739: UserWarning: X does not have valid feature names, but LGBMClassifier was fitted with feature names
  warnings.warn(
C:\Users\Administrator\AppData\Local\Programs\Python\Python39\lib\site-packages\sklearn\utils\validation.py:2739: UserWarning: X does not have valid feature names, but LGBMClassifier was fitted with feature names
  warnings.warn(
C:\Users\Administrator\AppData\Local\Programs\Python\Python39\lib\site-packages\sklearn\utils\validation.py:2739: UserWarning: X does not have valid feature names, but LGBMClassifier was fitted with feature names
  warnings.warn(
C:\Users\Administrator\AppData\Local\Programs\Python\Python39\lib\site-packages\sklearn\utils\validation.py:2739: UserWarning: X does not have valid feature names, but LGBMClassifier was fitted with feature names
  warnings.warn(
C:\Users\Administrator\AppData\Local\Programs\Python\Python39\lib\site-packages\sklearn\utils\validation.py:2739: UserWarning: X does not have valid feature names, but LGBMClassifier was fitted with feature names
  warnings.warn(
C:\Users\Administrator\AppData\Local\Programs\Python\Python39\lib\site-packages\sklearn\utils\validation.py:2739: UserWarning: X does not have valid feature names, but LGBMClassifier was fitted with feature names
  warnings.warn(
C:\Users\Administrator\AppData\Local\Programs\Python\Python39\lib\site-packages\sklearn\utils\validation.py:2739: UserWarning: X does not have valid feature names, but LGBMClassifier was fitted with feature names
  warnings.warn(

  0%|          | 0/25 [00:00<?, ?trial/s, best loss=?]C:\Users\Administrator\AppData\Local\Programs\Python\Python39\lib\site-packages\sklearn\utils\validation.py:2739: UserWarning: X does not have valid feature names, but LGBMClassifier was fitted with feature names
  warnings.warn(


  4%|▍         | 1/25 [00:00<00:14,  1.71trial/s, best loss: 1.576820180915432]C:\Users\Administrator\AppData\Local\Programs\Python\Python39\lib\site-packages\sklearn\utils\validation.py:2739: UserWarning: X does not have valid feature names, but LGBMClassifier was fitted with feature names
  warnings.warn(


  8%|▊         | 2/25 [00:01<00:13,  1.73trial/s, best loss: 1.576820180915432]C:\Users\Administrator\AppData\Local\Programs\Python\Python39\lib\site-packages\sklearn\utils\validation.py:2739: UserWarning: X does not have valid feature names, but LGBMClassifier was fitted with feature names
  warnings.warn(


 12%|█▏        | 3/25 [00:01<00:12,  1.71trial/s, best loss: 1.576820180915432]C:\Users\Administrator\AppData\Local\Programs\Python\Python39\lib\site-packages\sklearn\utils\validation.py:2739: UserWarning: X does not have valid feature names, but LGBMClassifier was fitted with feature names
  warnings.warn(


 16%|█▌        | 4/25 [00:02<00:12,  1.71trial/s, best loss: 0.4269209105318791]C:\Users\Administrator\AppData\Local\Programs\Python\Python39\lib\site-packages\sklearn\utils\validation.py:2739: UserWarning: X does not have valid feature names, but LGBMClassifier was fitted with feature names
  warnings.warn(


 20%|██        | 5/25 [00:02<00:11,  1.69trial/s, best loss: 0.42447376202123155]C:\Users\Administrator\AppData\Local\Programs\Python\Python39\lib\site-packages\sklearn\utils\validation.py:2739: UserWarning: X does not have valid feature names, but LGBMClassifier was fitted with feature names
  warnings.warn(


 24%|██▍       | 6/25 [00:03<00:11,  1.69trial/s, best loss: 0.42447376202123155]C:\Users\Administrator\AppData\Local\Programs\Python\Python39\lib\site-packages\sklearn\utils\validation.py:2739: UserWarning: X does not have valid feature names, but LGBMClassifier was fitted with feature names
  warnings.warn(


 28%|██▊       | 7/25 [00:04<00:10,  1.72trial/s, best loss: 0.4132127781492624] C:\Users\Administrator\AppData\Local\Programs\Python\Python39\lib\site-packages\sklearn\utils\validation.py:2739: UserWarning: X does not have valid feature names, but LGBMClassifier was fitted with feature names
  warnings.warn(


 32%|███▏      | 8/25 [00:04<00:09,  1.74trial/s, best loss: 0.4132127781492624]C:\Users\Administrator\AppData\Local\Programs\Python\Python39\lib\site-packages\sklearn\utils\validation.py:2739: UserWarning: X does not have valid feature names, but LGBMClassifier was fitted with feature names
  warnings.warn(


 36%|███▌      | 9/25 [00:05<00:09,  1.73trial/s, best loss: 0.4132127781492624]C:\Users\Administrator\AppData\Local\Programs\Python\Python39\lib\site-packages\sklearn\utils\validation.py:2739: UserWarning: X does not have valid feature names, but LGBMClassifier was fitted with feature names
  warnings.warn(


 40%|████      | 10/25 [00:05<00:08,  1.72trial/s, best loss: 0.4132127781492624]C:\Users\Administrator\AppData\Local\Programs\Python\Python39\lib\site-packages\sklearn\utils\validation.py:2739: UserWarning: X does not have valid feature names, but LGBMClassifier was fitted with feature names
  warnings.warn(


 44%|████▍     | 11/25 [00:06<00:08,  1.73trial/s, best loss: 0.4132127781492624]C:\Users\Administrator\AppData\Local\Programs\Python\Python39\lib\site-packages\sklearn\utils\validation.py:2739: UserWarning: X does not have valid feature names, but LGBMClassifier was fitted with feature names
  warnings.warn(


 48%|████▊     | 12/25 [00:06<00:07,  1.73trial/s, best loss: 0.4132127781492624]C:\Users\Administrator\AppData\Local\Programs\Python\Python39\lib\site-packages\sklearn\utils\validation.py:2739: UserWarning: X does not have valid feature names, but LGBMClassifier was fitted with feature names
  warnings.warn(


 52%|█████▏    | 13/25 [00:07<00:06,  1.73trial/s, best loss: 0.4132127781492624]C:\Users\Administrator\AppData\Local\Programs\Python\Python39\lib\site-packages\sklearn\utils\validation.py:2739: UserWarning: X does not have valid feature names, but LGBMClassifier was fitted with feature names
  warnings.warn(


 56%|█████▌    | 14/25 [00:08<00:06,  1.72trial/s, best loss: 0.4132127781492624]C:\Users\Administrator\AppData\Local\Programs\Python\Python39\lib\site-packages\sklearn\utils\validation.py:2739: UserWarning: X does not have valid feature names, but LGBMClassifier was fitted with feature names
  warnings.warn(


 60%|██████    | 15/25 [00:08<00:05,  1.72trial/s, best loss: 0.4132127781492624]C:\Users\Administrator\AppData\Local\Programs\Python\Python39\lib\site-packages\sklearn\utils\validation.py:2739: UserWarning: X does not have valid feature names, but LGBMClassifier was fitted with feature names
  warnings.warn(


 64%|██████▍   | 16/25 [00:09<00:05,  1.73trial/s, best loss: 0.4132127781492624]C:\Users\Administrator\AppData\Local\Programs\Python\Python39\lib\site-packages\sklearn\utils\validation.py:2739: UserWarning: X does not have valid feature names, but LGBMClassifier was fitted with feature names
  warnings.warn(


 68%|██████▊   | 17/25 [00:09<00:04,  1.73trial/s, best loss: 0.4132127781492624]C:\Users\Administrator\AppData\Local\Programs\Python\Python39\lib\site-packages\sklearn\utils\validation.py:2739: UserWarning: X does not have valid feature names, but LGBMClassifier was fitted with feature names
  warnings.warn(


 72%|███████▏  | 18/25 [00:10<00:03,  1.76trial/s, best loss: 0.4132127781492624]C:\Users\Administrator\AppData\Local\Programs\Python\Python39\lib\site-packages\sklearn\utils\validation.py:2739: UserWarning: X does not have valid feature names, but LGBMClassifier was fitted with feature names
  warnings.warn(


 76%|███████▌  | 19/25 [00:10<00:03,  1.76trial/s, best loss: 0.4132127781492624]C:\Users\Administrator\AppData\Local\Programs\Python\Python39\lib\site-packages\sklearn\utils\validation.py:2739: UserWarning: X does not have valid feature names, but LGBMClassifier was fitted with feature names
  warnings.warn(


 80%|████████  | 20/25 [00:11<00:02,  1.70trial/s, best loss: 0.4132127781492624]C:\Users\Administrator\AppData\Local\Programs\Python\Python39\lib\site-packages\sklearn\utils\validation.py:2739: UserWarning: X does not have valid feature names, but LGBMClassifier was fitted with feature names
  warnings.warn(


 84%|████████▍ | 21/25 [00:12<00:02,  1.70trial/s, best loss: 0.4132127781492624]C:\Users\Administrator\AppData\Local\Programs\Python\Python39\lib\site-packages\sklearn\utils\validation.py:2739: UserWarning: X does not have valid feature names, but LGBMClassifier was fitted with feature names
  warnings.warn(


 88%|████████▊ | 22/25 [00:12<00:01,  1.70trial/s, best loss: 0.4132127781492624]C:\Users\Administrator\AppData\Local\Programs\Python\Python39\lib\site-packages\sklearn\utils\validation.py:2739: UserWarning: X does not have valid feature names, but LGBMClassifier was fitted with feature names
  warnings.warn(


 92%|█████████▏| 23/25 [00:13<00:01,  1.70trial/s, best loss: 0.4132127781492624]C:\Users\Administrator\AppData\Local\Programs\Python\Python39\lib\site-packages\sklearn\utils\validation.py:2739: UserWarning: X does not have valid feature names, but LGBMClassifier was fitted with feature names
  warnings.warn(


 96%|█████████▌| 24/25 [00:13<00:00,  1.71trial/s, best loss: 0.4132127781492624]C:\Users\Administrator\AppData\Local\Programs\Python\Python39\lib\site-packages\sklearn\utils\validation.py:2739: UserWarning: X does not have valid feature names, but LGBMClassifier was fitted with feature names
  warnings.warn(


100%|██████████| 25/25 [00:14<00:00,  1.69trial/s, best loss: 0.4132127781492624]
100%|██████████| 25/25 [00:14<00:00,  1.72trial/s, best loss: 0.4132127781492624]
C:\Users\Administrator\AppData\Local\Programs\Python\Python39\lib\site-packages\sklearn\utils\validation.py:2739: UserWarning: X does not have valid feature names, but LGBMClassifier was fitted with feature names
  warnings.warn(
C:\Users\Administrator\AppData\Local\Programs\Python\Python39\lib\site-packages\sklearn\utils\validation.py:2739: UserWarning: X does not have valid feature names, but LGBMClassifier was fitted with feature names
  warnings.warn(
C:\Users\Administrator\AppData\Local\Programs\Python\Python39\lib\site-packages\sklearn\utils\validation.py:2739: UserWarning: X does not have valid feature names, but LGBMClassifier was fitted with feature names
  warnings.warn(
C:\Users\Administrator\AppData\Local\Programs\Python\Python39\lib\site-packages\sklearn\utils\validation.py:2739: UserWarning: X does not have valid feature names, but LGBMClassifier was fitted with feature names
  warnings.warn(
C:\Users\Administrator\AppData\Local\Programs\Python\Python39\lib\site-packages\sklearn\utils\validation.py:2739: UserWarning: X does not have valid feature names, but LGBMClassifier was fitted with feature names
  warnings.warn(
C:\Users\Administrator\AppData\Local\Programs\Python\Python39\lib\site-packages\sklearn\utils\validation.py:2739: UserWarning: X does not have valid feature names, but LGBMClassifier was fitted with feature names
  warnings.warn(
C:\Users\Administrator\AppData\Local\Programs\Python\Python39\lib\site-packages\sklearn\utils\validation.py:2739: UserWarning: X does not have valid feature names, but LGBMClassifier was fitted with feature names
  warnings.warn(
C:\Users\Administrator\AppData\Local\Programs\Python\Python39\lib\site-packages\sklearn\utils\validation.py:2739: UserWarning: X does not have valid feature names, but LGBMClassifier was fitted with feature names
  warnings.warn(
C:\Users\Administrator\AppData\Local\Programs\Python\Python39\lib\site-packages\sklearn\utils\validation.py:2739: UserWarning: X does not have valid feature names, but LGBMClassifier was fitted with feature names
  warnings.warn(
C:\Users\Administrator\AppData\Local\Programs\Python\Python39\lib\site-packages\sklearn\utils\validation.py:2739: UserWarning: X does not have valid feature names, but LGBMClassifier was fitted with feature names
  warnings.warn(
C:\Users\Administrator\AppData\Local\Programs\Python\Python39\lib\site-packages\sklearn\utils\validation.py:2739: UserWarning: X does not have valid feature names, but LGBMClassifier was fitted with feature names
  warnings.warn(
C:\Users\Administrator\AppData\Local\Programs\Python\Python39\lib\site-packages\sklearn\utils\validation.py:2739: UserWarning: X does not have valid feature names, but LGBMClassifier was fitted with feature names
  warnings.warn(
C:\Users\Administrator\AppData\Local\Programs\Python\Python39\lib\site-packages\sklearn\utils\validation.py:2739: UserWarning: X does not have valid feature names, but LGBMClassifier was fitted with feature names
  warnings.warn(
C:\Users\Administrator\AppData\Local\Programs\Python\Python39\lib\site-packages\sklearn\utils\validation.py:2739: UserWarning: X does not have valid feature names, but LGBMClassifier was fitted with feature names
  warnings.warn(
C:\Users\Administrator\AppData\Local\Programs\Python\Python39\lib\site-packages\sklearn\utils\validation.py:2739: UserWarning: X does not have valid feature names, but LGBMClassifier was fitted with feature names
  warnings.warn(
C:\Users\Administrator\AppData\Local\Programs\Python\Python39\lib\site-packages\sklearn\utils\validation.py:2739: UserWarning: X does not have valid feature names, but LGBMClassifier was fitted with feature names
  warnings.warn(
C:\Users\Administrator\AppData\Local\Programs\Python\Python39\lib\site-packages\sklearn\utils\validation.py:2739: UserWarning: X does not have valid feature names, but LGBMClassifier was fitted with feature names
  warnings.warn(
C:\Users\Administrator\AppData\Local\Programs\Python\Python39\lib\site-packages\sklearn\utils\validation.py:2739: UserWarning: X does not have valid feature names, but LGBMClassifier was fitted with feature names
  warnings.warn(
C:\Users\Administrator\AppData\Local\Programs\Python\Python39\lib\site-packages\sklearn\utils\validation.py:2739: UserWarning: X does not have valid feature names, but LGBMClassifier was fitted with feature names
  warnings.warn(
C:\Users\Administrator\AppData\Local\Programs\Python\Python39\lib\site-packages\sklearn\utils\validation.py:2739: UserWarning: X does not have valid feature names, but LGBMClassifier was fitted with feature names
  warnings.warn(
C:\Users\Administrator\AppData\Local\Programs\Python\Python39\lib\site-packages\sklearn\utils\validation.py:2739: UserWarning: X does not have valid feature names, but LGBMClassifier was fitted with feature names
  warnings.warn(
C:\Users\Administrator\AppData\Local\Programs\Python\Python39\lib\site-packages\sklearn\utils\validation.py:2739: UserWarning: X does not have valid feature names, but LGBMClassifier was fitted with feature names
  warnings.warn(
C:\Users\Administrator\AppData\Local\Programs\Python\Python39\lib\site-packages\sklearn\utils\validation.py:2739: UserWarning: X does not have valid feature names, but LGBMClassifier was fitted with feature names
  warnings.warn(
C:\Users\Administrator\AppData\Local\Programs\Python\Python39\lib\site-packages\sklearn\utils\validation.py:2739: UserWarning: X does not have valid feature names, but LGBMClassifier was fitted with feature names
  warnings.warn(
C:\Users\Administrator\AppData\Local\Programs\Python\Python39\lib\site-packages\sklearn\utils\validation.py:2739: UserWarning: X does not have valid feature names, but LGBMClassifier was fitted with feature names
  warnings.warn(
D:\quant_system_pro (3)\quant_system_pro\backtest\backtest_pro.py:330: UserWarning: Glyph 39057 (\N{CJK UNIFIED IDEOGRAPH-9891}) missing from font(s) DejaVu Sans.
  buf=io.BytesIO(); plt.tight_layout(); plt.savefig(buf, format="png"); data=base64.b64encode(buf.getvalue()).decode()
D:\quant_system_pro (3)\quant_system_pro\backtest\backtest_pro.py:330: UserWarning: Glyph 25968 (\N{CJK UNIFIED IDEOGRAPH-6570}) missing from font(s) DejaVu Sans.
  buf=io.BytesIO(); plt.tight_layout(); plt.savefig(buf, format="png"); data=base64.b64encode(buf.getvalue()).decode()
D:\quant_system_pro (3)\quant_system_pro\backtest\backtest_pro.py:330: UserWarning: Glyph 20998 (\N{CJK UNIFIED IDEOGRAPH-5206}) missing from font(s) DejaVu Sans.
  buf=io.BytesIO(); plt.tight_layout(); plt.savefig(buf, format="png"); data=base64.b64encode(buf.getvalue()).decode()
D:\quant_system_pro (3)\quant_system_pro\backtest\backtest_pro.py:330: UserWarning: Glyph 24067 (\N{CJK UNIFIED IDEOGRAPH-5E03}) missing from font(s) DejaVu Sans.
  buf=io.BytesIO(); plt.tight_layout(); plt.savefig(buf, format="png"); data=base64.b64encode(buf.getvalue()).decode()
D:\quant_system_pro (3)\quant_system_pro\backtest\backtest_pro.py:330: UserWarning: Glyph 65288 (\N{FULLWIDTH LEFT PARENTHESIS}) missing from font(s) DejaVu Sans.
  buf=io.BytesIO(); plt.tight_layout(); plt.savefig(buf, format="png"); data=base64.b64encode(buf.getvalue()).decode()
D:\quant_system_pro (3)\quant_system_pro\backtest\backtest_pro.py:330: UserWarning: Glyph 36234 (\N{CJK UNIFIED IDEOGRAPH-8D8A}) missing from font(s) DejaVu Sans.
  buf=io.BytesIO(); plt.tight_layout(); plt.savefig(buf, format="png"); data=base64.b64encode(buf.getvalue()).decode()
D:\quant_system_pro (3)\quant_system_pro\backtest\backtest_pro.py:330: UserWarning: Glyph 20302 (\N{CJK UNIFIED IDEOGRAPH-4F4E}) missing from font(s) DejaVu Sans.
  buf=io.BytesIO(); plt.tight_layout(); plt.savefig(buf, format="png"); data=base64.b64encode(buf.getvalue()).decode()
D:\quant_system_pro (3)\quant_system_pro\backtest\backtest_pro.py:330: UserWarning: Glyph 22909 (\N{CJK UNIFIED IDEOGRAPH-597D}) missing from font(s) DejaVu Sans.
  buf=io.BytesIO(); plt.tight_layout(); plt.savefig(buf, format="png"); data=base64.b64encode(buf.getvalue()).decode()
D:\quant_system_pro (3)\quant_system_pro\backtest\backtest_pro.py:330: UserWarning: Glyph 65289 (\N{FULLWIDTH RIGHT PARENTHESIS}) missing from font(s) DejaVu Sans.
  buf=io.BytesIO(); plt.tight_layout(); plt.savefig(buf, format="png"); data=base64.b64encode(buf.getvalue()).decode()
[完成] 最优表: D:\quant_system_pro (3)\quant_system_pro\results\live_30d_BTCUSDT\最优组合总表_S档_20250817-042346.csv
[完成] best_combo: data/best_combo.csv
