[A6-SHIM] pandas.DataFrame.to_csv 已安装修订钩子（仅拦截 a6_strategy_scores*）
C:\Users\Administrator\AppData\Local\Programs\Python\Python39\lib\site-packages\hyperopt\atpe.py:19: UserWarning: pkg_resources is deprecated as an API. See https://setuptools.pypa.io/en/latest/pkg_resources.html. The pkg_resources package is slated for removal as early as 2025-11-30. Refrain from using this package or pin to Setuptools<81.
  import pkg_resources
[GPU] Torch 2.6.0+cu124 | CUDA 12.4 | Device NVIDIA GeForce RTX 3060 | available=True
[GPU] XGBoost 1.7.6 (gpu_hist supported)
[GPU] LightGBM available (GPU depends on build)
[回测] 符号数=1 窗口=30天 S档=ON

  0%|          | 0/25 [00:00<?, ?trial/s, best loss=?]
  4%|▍         | 1/25 [00:01<00:28,  1.17s/trial, best loss: 0.0979740761316415]
  8%|▊         | 2/25 [00:02<00:26,  1.14s/trial, best loss: 0.0979740761316415]
 12%|█▏        | 3/25 [00:03<00:24,  1.13s/trial, best loss: 0.028191377127269362]
 16%|█▌        | 4/25 [00:04<00:23,  1.12s/trial, best loss: 0.028191377127269362]
 20%|██        | 5/25 [00:05<00:22,  1.11s/trial, best loss: 0.028191377127269362]
 24%|██▍       | 6/25 [00:06<00:21,  1.12s/trial, best loss: 0.01476550596013032] 
 28%|██▊       | 7/25 [00:07<00:20,  1.11s/trial, best loss: 0.01476550596013032]
 32%|███▏      | 8/25 [00:08<00:18,  1.12s/trial, best loss: 0.01476550596013032]
 36%|███▌      | 9/25 [00:10<00:17,  1.10s/trial, best loss: 0.01476550596013032]
 40%|████      | 10/25 [00:11<00:16,  1.10s/trial, best loss: 0.01476550596013032]
 44%|████▍     | 11/25 [00:12<00:15,  1.09s/trial, best loss: 0.01476550596013032]
 48%|████▊     | 12/25 [00:13<00:14,  1.10s/trial, best loss: 0.01476550596013032]
 52%|█████▏    | 13/25 [00:14<00:12,  1.08s/trial, best loss: 0.01476550596013032]
 56%|█████▌    | 14/25 [00:15<00:11,  1.09s/trial, best loss: 0.01476550596013032]
 60%|██████    | 15/25 [00:16<00:10,  1.10s/trial, best loss: 0.01476550596013032]
 64%|██████▍   | 16/25 [00:17<00:09,  1.10s/trial, best loss: 0.01476550596013032]
 68%|██████▊   | 17/25 [00:18<00:08,  1.09s/trial, best loss: 0.01476550596013032]
 72%|███████▏  | 18/25 [00:19<00:07,  1.10s/trial, best loss: 0.01476550596013032]
 76%|███████▌  | 19/25 [00:20<00:06,  1.10s/trial, best loss: 0.01476550596013032]
 80%|████████  | 20/25 [00:22<00:05,  1.11s/trial, best loss: 0.01476550596013032]
 84%|████████▍ | 21/25 [00:23<00:04,  1.11s/trial, best loss: 0.01476550596013032]
 88%|████████▊ | 22/25 [00:24<00:03,  1.12s/trial, best loss: 0.01476550596013032]
 92%|█████████▏| 23/25 [00:25<00:02,  1.10s/trial, best loss: 0.01476550596013032]
 96%|█████████▌| 24/25 [00:26<00:01,  1.10s/trial, best loss: 0.01476550596013032]
100%|██████████| 25/25 [00:27<00:00,  1.09s/trial, best loss: 0.01476550596013032]
100%|██████████| 25/25 [00:27<00:00,  1.10s/trial, best loss: 0.01476550596013032]

  0%|          | 0/25 [00:00<?, ?trial/s, best loss=?]
  4%|▍         | 1/25 [00:01<00:26,  1.11s/trial, best loss: 0.040815903119997936]
  8%|▊         | 2/25 [00:02<00:25,  1.09s/trial, best loss: 0.034997643196286655]
 12%|█▏        | 3/25 [00:03<00:23,  1.08s/trial, best loss: 0.034997643196286655]
 16%|█▌        | 4/25 [00:04<00:22,  1.09s/trial, best loss: 0.034997643196286655]
 20%|██        | 5/25 [00:05<00:21,  1.10s/trial, best loss: 0.034997643196286655]
 24%|██▍       | 6/25 [00:06<00:20,  1.10s/trial, best loss: 0.034997643196286655]
 28%|██▊       | 7/25 [00:07<00:19,  1.10s/trial, best loss: 0.034997643196286655]
 32%|███▏      | 8/25 [00:08<00:18,  1.09s/trial, best loss: 0.034997643196286655]
 36%|███▌      | 9/25 [00:09<00:17,  1.08s/trial, best loss: 0.03367202230309077] 
 40%|████      | 10/25 [00:10<00:16,  1.09s/trial, best loss: 0.03367202230309077]
 44%|████▍     | 11/25 [00:11<00:15,  1.09s/trial, best loss: 0.03367202230309077]
 48%|████▊     | 12/25 [00:13<00:14,  1.08s/trial, best loss: 0.03367202230309077]
 52%|█████▏    | 13/25 [00:14<00:13,  1.09s/trial, best loss: 0.03367202230309077]
 56%|█████▌    | 14/25 [00:15<00:11,  1.08s/trial, best loss: 0.03367202230309077]
 60%|██████    | 15/25 [00:16<00:10,  1.08s/trial, best loss: 0.03367202230309077]
 64%|██████▍   | 16/25 [00:17<00:09,  1.08s/trial, best loss: 0.03367202230309077]
 68%|██████▊   | 17/25 [00:18<00:08,  1.09s/trial, best loss: 0.03367202230309077]
 72%|███████▏  | 18/25 [00:19<00:07,  1.08s/trial, best loss: 0.03367202230309077]
 76%|███████▌  | 19/25 [00:20<00:06,  1.10s/trial, best loss: 0.03367202230309077]
 80%|████████  | 20/25 [00:21<00:05,  1.09s/trial, best loss: 0.03367202230309077]
 84%|████████▍ | 21/25 [00:22<00:04,  1.09s/trial, best loss: 0.02224429487940754]
 88%|████████▊ | 22/25 [00:23<00:03,  1.10s/trial, best loss: 0.02224429487940754]
 92%|█████████▏| 23/25 [00:25<00:02,  1.10s/trial, best loss: 0.02224429487940754]
 96%|█████████▌| 24/25 [00:26<00:01,  1.10s/trial, best loss: 0.02224429487940754]
100%|██████████| 25/25 [00:27<00:00,  1.09s/trial, best loss: 0.02224429487940754]
100%|██████████| 25/25 [00:27<00:00,  1.09s/trial, best loss: 0.02224429487940754]

  0%|          | 0/25 [00:00<?, ?trial/s, best loss=?]
  4%|▍         | 1/25 [00:01<00:26,  1.12s/trial, best loss: 0.0401715599058398]
  8%|▊         | 2/25 [00:02<00:25,  1.09s/trial, best loss: 0.0401715599058398]
 12%|█▏        | 3/25 [00:03<00:23,  1.09s/trial, best loss: 0.01993383380605083]
 16%|█▌        | 4/25 [00:04<00:23,  1.10s/trial, best loss: 0.01993383380605083]
 20%|██        | 5/25 [00:05<00:21,  1.09s/trial, best loss: -0.07232332611020066]
 24%|██▍       | 6/25 [00:06<00:20,  1.09s/trial, best loss: -0.07232332611020066]
 28%|██▊       | 7/25 [00:07<00:19,  1.09s/trial, best loss: -0.07232332611020066]
 32%|███▏      | 8/25 [00:08<00:18,  1.09s/trial, best loss: -0.07232332611020066]
 36%|███▌      | 9/25 [00:09<00:17,  1.10s/trial, best loss: -0.07232332611020066]
 40%|████      | 10/25 [00:10<00:16,  1.09s/trial, best loss: -0.07232332611020066]
 44%|████▍     | 11/25 [00:11<00:15,  1.08s/trial, best loss: -0.07232332611020066]
 48%|████▊     | 12/25 [00:13<00:14,  1.08s/trial, best loss: -0.07232332611020066]
 52%|█████▏    | 13/25 [00:14<00:13,  1.09s/trial, best loss: -0.07232332611020066]
 56%|█████▌    | 14/25 [00:15<00:12,  1.10s/trial, best loss: -0.07232332611020066]
 60%|██████    | 15/25 [00:16<00:10,  1.09s/trial, best loss: -0.07232332611020066]
 64%|██████▍   | 16/25 [00:17<00:09,  1.09s/trial, best loss: -0.07232332611020066]
 68%|██████▊   | 17/25 [00:18<00:08,  1.08s/trial, best loss: -0.07232332611020066]
 72%|███████▏  | 18/25 [00:19<00:07,  1.11s/trial, best loss: -0.07232332611020066]
 76%|███████▌  | 19/25 [00:20<00:05,  1.08trial/s, best loss: -0.07232332611020066]
 80%|████████  | 20/25 [00:20<00:03,  1.27trial/s, best loss: -0.07232332611020066]
 84%|████████▍ | 21/25 [00:21<00:02,  1.46trial/s, best loss: -0.07232332611020066]
 88%|████████▊ | 22/25 [00:21<00:01,  1.61trial/s, best loss: -0.07232332611020066]
 92%|█████████▏| 23/25 [00:22<00:01,  1.72trial/s, best loss: -0.07232332611020066]
 96%|█████████▌| 24/25 [00:22<00:00,  1.81trial/s, best loss: -0.07232332611020066]
100%|██████████| 25/25 [00:23<00:00,  1.90trial/s, best loss: -0.07232332611020066]
100%|██████████| 25/25 [00:23<00:00,  1.09trial/s, best loss: -0.07232332611020066]

  0%|          | 0/25 [00:00<?, ?trial/s, best loss=?]
  4%|▍         | 1/25 [00:00<00:11,  2.11trial/s, best loss: 0.1146009597097902]
  8%|▊         | 2/25 [00:00<00:10,  2.14trial/s, best loss: 0.07093491727429588]
 12%|█▏        | 3/25 [00:01<00:10,  2.12trial/s, best loss: 0.07093491727429588]
 16%|█▌        | 4/25 [00:01<00:09,  2.12trial/s, best loss: 0.07093491727429588]
 20%|██        | 5/25 [00:02<00:09,  2.10trial/s, best loss: 0.07093491727429588]
 24%|██▍       | 6/25 [00:02<00:09,  2.09trial/s, best loss: 0.07093491727429588]
 28%|██▊       | 7/25 [00:03<00:08,  2.10trial/s, best loss: 0.07093491727429588]
 32%|███▏      | 8/25 [00:03<00:07,  2.13trial/s, best loss: 0.07093491727429588]
 36%|███▌      | 9/25 [00:04<00:07,  2.15trial/s, best loss: 0.058198740663174535]
 40%|████      | 10/25 [00:04<00:07,  2.14trial/s, best loss: 0.058198740663174535]
 44%|████▍     | 11/25 [00:05<00:06,  2.16trial/s, best loss: 0.000744473326782521]
 48%|████▊     | 12/25 [00:05<00:06,  2.15trial/s, best loss: 0.000744473326782521]
 52%|█████▏    | 13/25 [00:06<00:05,  2.17trial/s, best loss: 0.000744473326782521]
 56%|█████▌    | 14/25 [00:06<00:05,  2.13trial/s, best loss: 0.000744473326782521]
 60%|██████    | 15/25 [00:07<00:04,  2.13trial/s, best loss: 0.000744473326782521]
 64%|██████▍   | 16/25 [00:07<00:04,  2.12trial/s, best loss: -0.0019582342238840793]
 68%|██████▊   | 17/25 [00:07<00:03,  2.11trial/s, best loss: -0.0019582342238840793]
 72%|███████▏  | 18/25 [00:08<00:03,  2.11trial/s, best loss: -0.0019582342238840793]
 76%|███████▌  | 19/25 [00:08<00:02,  2.11trial/s, best loss: -0.0019582342238840793]
 80%|████████  | 20/25 [00:09<00:02,  2.13trial/s, best loss: -0.0019582342238840793]
 84%|████████▍ | 21/25 [00:09<00:01,  2.11trial/s, best loss: -0.0019582342238840793]
 88%|████████▊ | 22/25 [00:10<00:01,  2.13trial/s, best loss: -0.0019582342238840793]
 92%|█████████▏| 23/25 [00:10<00:00,  2.13trial/s, best loss: -0.0019582342238840793]
 96%|█████████▌| 24/25 [00:11<00:00,  2.11trial/s, best loss: -0.0019582342238840793]
100%|██████████| 25/25 [00:11<00:00,  2.11trial/s, best loss: -0.0019582342238840793]
100%|██████████| 25/25 [00:11<00:00,  2.12trial/s, best loss: -0.0019582342238840793]

  0%|          | 0/25 [00:00<?, ?trial/s, best loss=?]
  4%|▍         | 1/25 [00:00<00:11,  2.13trial/s, best loss: -0.0]
  8%|▊         | 2/25 [00:00<00:10,  2.20trial/s, best loss: -0.0]
 12%|█▏        | 3/25 [00:01<00:10,  2.16trial/s, best loss: -0.0]
 16%|█▌        | 4/25 [00:01<00:09,  2.13trial/s, best loss: -0.0]
 20%|██        | 5/25 [00:02<00:09,  2.13trial/s, best loss: -0.0]
 24%|██▍       | 6/25 [00:02<00:08,  2.16trial/s, best loss: -0.0]
 28%|██▊       | 7/25 [00:03<00:08,  2.15trial/s, best loss: -0.0]
 32%|███▏      | 8/25 [00:03<00:07,  2.15trial/s, best loss: -0.0]
 36%|███▌      | 9/25 [00:04<00:07,  2.14trial/s, best loss: -0.0]
 40%|████      | 10/25 [00:04<00:06,  2.18trial/s, best loss: -0.0]
 44%|████▍     | 11/25 [00:05<00:06,  2.14trial/s, best loss: -0.0]
 48%|████▊     | 12/25 [00:05<00:06,  2.13trial/s, best loss: -0.0]
 52%|█████▏    | 13/25 [00:06<00:05,  2.10trial/s, best loss: -0.0]
 56%|█████▌    | 14/25 [00:06<00:05,  2.08trial/s, best loss: -0.0]
 60%|██████    | 15/25 [00:07<00:04,  2.10trial/s, best loss: -0.0]
 64%|██████▍   | 16/25 [00:07<00:04,  2.16trial/s, best loss: -0.0]
 68%|██████▊   | 17/25 [00:07<00:03,  2.15trial/s, best loss: -0.0]
 72%|███████▏  | 18/25 [00:08<00:03,  2.18trial/s, best loss: -0.0]
 76%|███████▌  | 19/25 [00:08<00:02,  2.20trial/s, best loss: -0.0]
 80%|████████  | 20/25 [00:09<00:02,  2.17trial/s, best loss: -0.0]
 84%|████████▍ | 21/25 [00:09<00:01,  2.11trial/s, best loss: -0.0]
 88%|████████▊ | 22/25 [00:10<00:01,  2.11trial/s, best loss: -0.0]
 92%|█████████▏| 23/25 [00:10<00:00,  2.09trial/s, best loss: -0.0]
 96%|█████████▌| 24/25 [00:11<00:00,  2.10trial/s, best loss: -0.0]
100%|██████████| 25/25 [00:11<00:00,  2.11trial/s, best loss: -0.0]
100%|██████████| 25/25 [00:11<00:00,  2.13trial/s, best loss: -0.0]
D:\quant_system_pro (3)\quant_system_pro\backtest\backtest_pro.py:330: UserWarning: Glyph 39057 (\N{CJK UNIFIED IDEOGRAPH-9891}) missing from font(s) DejaVu Sans.
  buf=io.BytesIO(); plt.tight_layout(); plt.savefig(buf, format="png"); data=base64.b64encode(buf.getvalue()).decode()
D:\quant_system_pro (3)\quant_system_pro\backtest\backtest_pro.py:330: UserWarning: Glyph 25968 (\N{CJK UNIFIED IDEOGRAPH-6570}) missing from font(s) DejaVu Sans.
  buf=io.BytesIO(); plt.tight_layout(); plt.savefig(buf, format="png"); data=base64.b64encode(buf.getvalue()).decode()
D:\quant_system_pro (3)\quant_system_pro\backtest\backtest_pro.py:330: UserWarning: Glyph 20998 (\N{CJK UNIFIED IDEOGRAPH-5206}) missing from font(s) DejaVu Sans.
  buf=io.BytesIO(); plt.tight_layout(); plt.savefig(buf, format="png"); data=base64.b64encode(buf.getvalue()).decode()
D:\quant_system_pro (3)\quant_system_pro\backtest\backtest_pro.py:330: UserWarning: Glyph 24067 (\N{CJK UNIFIED IDEOGRAPH-5E03}) missing from font(s) DejaVu Sans.
  buf=io.BytesIO(); plt.tight_layout(); plt.savefig(buf, format="png"); data=base64.b64encode(buf.getvalue()).decode()
D:\quant_system_pro (3)\quant_system_pro\backtest\backtest_pro.py:330: UserWarning: Glyph 65288 (\N{FULLWIDTH LEFT PARENTHESIS}) missing from font(s) DejaVu Sans.
  buf=io.BytesIO(); plt.tight_layout(); plt.savefig(buf, format="png"); data=base64.b64encode(buf.getvalue()).decode()
D:\quant_system_pro (3)\quant_system_pro\backtest\backtest_pro.py:330: UserWarning: Glyph 36234 (\N{CJK UNIFIED IDEOGRAPH-8D8A}) missing from font(s) DejaVu Sans.
  buf=io.BytesIO(); plt.tight_layout(); plt.savefig(buf, format="png"); data=base64.b64encode(buf.getvalue()).decode()
D:\quant_system_pro (3)\quant_system_pro\backtest\backtest_pro.py:330: UserWarning: Glyph 20302 (\N{CJK UNIFIED IDEOGRAPH-4F4E}) missing from font(s) DejaVu Sans.
  buf=io.BytesIO(); plt.tight_layout(); plt.savefig(buf, format="png"); data=base64.b64encode(buf.getvalue()).decode()
D:\quant_system_pro (3)\quant_system_pro\backtest\backtest_pro.py:330: UserWarning: Glyph 22909 (\N{CJK UNIFIED IDEOGRAPH-597D}) missing from font(s) DejaVu Sans.
  buf=io.BytesIO(); plt.tight_layout(); plt.savefig(buf, format="png"); data=base64.b64encode(buf.getvalue()).decode()
D:\quant_system_pro (3)\quant_system_pro\backtest\backtest_pro.py:330: UserWarning: Glyph 65289 (\N{FULLWIDTH RIGHT PARENTHESIS}) missing from font(s) DejaVu Sans.
  buf=io.BytesIO(); plt.tight_layout(); plt.savefig(buf, format="png"); data=base64.b64encode(buf.getvalue()).decode()
[完成] 最优表: D:\quant_system_pro (3)\quant_system_pro\results\live_30d_BTCUSDT\最优组合总表_S档_20250817-042140.csv
[完成] best_combo: data/best_combo.csv
