[A6-SHIM] pandas.DataFrame.to_csv 已安装修订钩子（仅拦截 a6_strategy_scores*）
C:\Users\Administrator\AppData\Local\Programs\Python\Python39\lib\site-packages\hyperopt\atpe.py:19: UserWarning: pkg_resources is deprecated as an API. See https://setuptools.pypa.io/en/latest/pkg_resources.html. The pkg_resources package is slated for removal as early as 2025-11-30. Refrain from using this package or pin to Setuptools<81.
  import pkg_resources
[GPU] Torch 2.6.0+cu124 | CUDA 12.4 | Device NVIDIA GeForce RTX 3060 | available=True
[GPU] XGBoost 1.7.6 (gpu_hist supported)
[GPU] LightGBM available (GPU depends on build)
[回测] 符号数=1 窗口=30天 S档=ON

  0%|          | 0/25 [00:00<?, ?trial/s, best loss=?]
  4%|▍         | 1/25 [00:05<02:07,  5.30s/trial, best loss: 0.6342242760481263]
  8%|▊         | 2/25 [00:09<01:44,  4.56s/trial, best loss: 0.6342242760481263]
 12%|█▏        | 3/25 [00:13<01:34,  4.31s/trial, best loss: 0.6280279914909388]
 16%|█▌        | 4/25 [00:17<01:28,  4.23s/trial, best loss: 0.6280279914909388]
 20%|██        | 5/25 [00:21<01:24,  4.24s/trial, best loss: 0.6280279914909388]
 24%|██▍       | 6/25 [00:25<01:20,  4.23s/trial, best loss: 0.6280279914909388]
 28%|██▊       | 7/25 [00:30<01:16,  4.22s/trial, best loss: 0.6280279914909388]
 32%|███▏      | 8/25 [00:34<01:10,  4.14s/trial, best loss: 0.6280279914909388]
 36%|███▌      | 9/25 [00:38<01:06,  4.16s/trial, best loss: 0.6280279914909388]
 40%|████      | 10/25 [00:42<01:01,  4.08s/trial, best loss: 0.6280279914909388]
 44%|████▍     | 11/25 [00:46<00:56,  4.00s/trial, best loss: 0.6280279914909388]
 48%|████▊     | 12/25 [00:50<00:52,  4.04s/trial, best loss: 0.6280279914909388]
 52%|█████▏    | 13/25 [00:54<00:48,  4.03s/trial, best loss: 0.6280279914909388]
 56%|█████▌    | 14/25 [00:57<00:43,  3.96s/trial, best loss: 0.6280279914909388]
 60%|██████    | 15/25 [01:01<00:39,  3.99s/trial, best loss: 0.6280279914909388]
 64%|██████▍   | 16/25 [01:06<00:37,  4.12s/trial, best loss: 0.6280279914909388]
 68%|██████▊   | 17/25 [01:10<00:33,  4.22s/trial, best loss: 0.6280279914909388]
 72%|███████▏  | 18/25 [01:14<00:29,  4.16s/trial, best loss: 0.6280279914909388]
 76%|███████▌  | 19/25 [01:18<00:24,  4.11s/trial, best loss: 0.6280279914909388]
 80%|████████  | 20/25 [01:23<00:20,  4.13s/trial, best loss: 0.6280279914909388]
 84%|████████▍ | 21/25 [01:27<00:16,  4.21s/trial, best loss: 0.5887343505537928]
 88%|████████▊ | 22/25 [01:31<00:12,  4.25s/trial, best loss: 0.5887343505537928]
 92%|█████████▏| 23/25 [01:36<00:08,  4.30s/trial, best loss: 0.5887343505537928]
 96%|█████████▌| 24/25 [01:40<00:04,  4.32s/trial, best loss: 0.554552762362165] 
100%|██████████| 25/25 [01:45<00:00,  4.35s/trial, best loss: 0.554552762362165]
100%|██████████| 25/25 [01:45<00:00,  4.20s/trial, best loss: 0.554552762362165]

  0%|          | 0/25 [00:00<?, ?trial/s, best loss=?]
  4%|▍         | 1/25 [00:02<00:51,  2.17s/trial, best loss: -0.037384502096664586]
  8%|▊         | 2/25 [00:04<00:45,  1.98s/trial, best loss: -0.05672013528093951] 
 12%|█▏        | 3/25 [00:05<00:42,  1.95s/trial, best loss: -0.05672013528093951]
 16%|█▌        | 4/25 [00:07<00:41,  2.00s/trial, best loss: -0.05672013528093951]
 20%|██        | 5/25 [00:10<00:40,  2.02s/trial, best loss: -0.05672013528093951]
 24%|██▍       | 6/25 [00:12<00:39,  2.09s/trial, best loss: -0.05672013528093951]
 28%|██▊       | 7/25 [00:14<00:38,  2.12s/trial, best loss: -0.09581804027572909]
 32%|███▏      | 8/25 [00:16<00:34,  2.01s/trial, best loss: -0.09581804027572909]
 36%|███▌      | 9/25 [00:18<00:32,  2.06s/trial, best loss: -0.09581804027572909]
 40%|████      | 10/25 [00:20<00:30,  2.03s/trial, best loss: -0.09581804027572909]
 44%|████▍     | 11/25 [00:22<00:27,  1.95s/trial, best loss: -0.09581804027572909]
 48%|████▊     | 12/25 [00:24<00:25,  2.00s/trial, best loss: -0.09581804027572909]
 52%|█████▏    | 13/25 [00:26<00:23,  1.96s/trial, best loss: -0.09581804027572909]
 56%|█████▌    | 14/25 [00:27<00:20,  1.90s/trial, best loss: -0.09581804027572909]
 60%|██████    | 15/25 [00:29<00:19,  1.90s/trial, best loss: -0.09581804027572909]
 64%|██████▍   | 16/25 [00:32<00:18,  2.04s/trial, best loss: -0.1640755096097765] 
 68%|██████▊   | 17/25 [00:34<00:16,  2.11s/trial, best loss: -0.1640755096097765]
 72%|███████▏  | 18/25 [00:36<00:14,  2.07s/trial, best loss: -0.1640755096097765]
 76%|███████▌  | 19/25 [00:38<00:12,  2.02s/trial, best loss: -0.1640755096097765]
 80%|████████  | 20/25 [00:40<00:10,  2.03s/trial, best loss: -0.1640755096097765]
 84%|████████▍ | 21/25 [00:42<00:08,  2.14s/trial, best loss: -0.1640755096097765]
 88%|████████▊ | 22/25 [00:45<00:06,  2.19s/trial, best loss: -0.1640755096097765]
 92%|█████████▏| 23/25 [00:47<00:04,  2.23s/trial, best loss: -0.1640755096097765]
 96%|█████████▌| 24/25 [00:49<00:02,  2.24s/trial, best loss: -0.1640755096097765]
100%|██████████| 25/25 [00:51<00:00,  2.26s/trial, best loss: -0.1640755096097765]
100%|██████████| 25/25 [00:51<00:00,  2.08s/trial, best loss: -0.1640755096097765]

  0%|          | 0/25 [00:00<?, ?trial/s, best loss=?]
  4%|▍         | 1/25 [00:01<00:42,  1.78s/trial, best loss: -0.4780317171099508]
  8%|▊         | 2/25 [00:03<00:37,  1.64s/trial, best loss: -0.4780317171099508]
 12%|█▏        | 3/25 [00:04<00:34,  1.57s/trial, best loss: -0.4780317171099508]
 16%|█▌        | 4/25 [00:06<00:33,  1.60s/trial, best loss: -0.4780317171099508]
 20%|██        | 5/25 [00:08<00:32,  1.61s/trial, best loss: -0.4780317171099508]
 24%|██▍       | 6/25 [00:09<00:31,  1.65s/trial, best loss: -0.4780317171099508]
 28%|██▊       | 7/25 [00:11<00:30,  1.71s/trial, best loss: -0.6151166430245609]
 32%|███▏      | 8/25 [00:13<00:27,  1.62s/trial, best loss: -0.6151166430245609]
 36%|███▌      | 9/25 [00:14<00:26,  1.66s/trial, best loss: -0.6151166430245609]
 40%|████      | 10/25 [00:16<00:24,  1.62s/trial, best loss: -0.6151166430245609]
 44%|████▍     | 11/25 [00:17<00:21,  1.55s/trial, best loss: -0.6151166430245609]
 48%|████▊     | 12/25 [00:19<00:21,  1.63s/trial, best loss: -0.6151166430245609]
 52%|█████▏    | 13/25 [00:21<00:19,  1.59s/trial, best loss: -0.6151166430245609]
 56%|█████▌    | 14/25 [00:22<00:16,  1.53s/trial, best loss: -0.6151166430245609]
 60%|██████    | 15/25 [00:23<00:15,  1.50s/trial, best loss: -0.6151166430245609]
 64%|██████▍   | 16/25 [00:25<00:14,  1.59s/trial, best loss: -0.6151166430245609]
 68%|██████▊   | 17/25 [00:27<00:13,  1.67s/trial, best loss: -0.6151166430245609]
 72%|███████▏  | 18/25 [00:29<00:11,  1.61s/trial, best loss: -0.6151166430245609]
 76%|███████▌  | 19/25 [00:30<00:09,  1.57s/trial, best loss: -0.6151166430245609]
 80%|████████  | 20/25 [00:32<00:07,  1.58s/trial, best loss: -0.6151166430245609]
 84%|████████▍ | 21/25 [00:33<00:06,  1.59s/trial, best loss: -0.6662879003785092]
 88%|████████▊ | 22/25 [00:35<00:04,  1.65s/trial, best loss: -0.6770836775046807]
 92%|█████████▏| 23/25 [00:37<00:03,  1.70s/trial, best loss: -0.6770836775046807]
 96%|█████████▌| 24/25 [00:39<00:01,  1.77s/trial, best loss: -0.6770836775046807]
100%|██████████| 25/25 [00:41<00:00,  1.78s/trial, best loss: -0.6770836775046807]
100%|██████████| 25/25 [00:41<00:00,  1.64s/trial, best loss: -0.6770836775046807]

  0%|          | 0/25 [00:00<?, ?trial/s, best loss=?]
  4%|▍         | 1/25 [00:01<00:35,  1.47s/trial, best loss: -0.8359558931216541]
  8%|▊         | 2/25 [00:02<00:31,  1.39s/trial, best loss: -0.8359558931216541]
 12%|█▏        | 3/25 [00:04<00:30,  1.37s/trial, best loss: -0.8359558931216541]
 16%|█▌        | 4/25 [00:05<00:29,  1.39s/trial, best loss: -0.8359558931216541]
 20%|██        | 5/25 [00:06<00:27,  1.39s/trial, best loss: -0.8359558931216541]
 24%|██▍       | 6/25 [00:08<00:26,  1.42s/trial, best loss: -0.8359558931216541]
 28%|██▊       | 7/25 [00:09<00:26,  1.45s/trial, best loss: -0.8737638494223301]
 32%|███▏      | 8/25 [00:11<00:23,  1.37s/trial, best loss: -0.8737638494223301]
 36%|███▌      | 9/25 [00:12<00:22,  1.41s/trial, best loss: -0.8737638494223301]
 40%|████      | 10/25 [00:13<00:20,  1.35s/trial, best loss: -0.9052548848735896]
 44%|████▍     | 11/25 [00:15<00:18,  1.29s/trial, best loss: -0.9052548848735896]
 48%|████▊     | 12/25 [00:16<00:17,  1.36s/trial, best loss: -0.9052548848735896]
 52%|█████▏    | 13/25 [00:17<00:15,  1.33s/trial, best loss: -0.9052548848735896]
 56%|█████▌    | 14/25 [00:18<00:14,  1.28s/trial, best loss: -0.9052548848735896]
 60%|██████    | 15/25 [00:20<00:13,  1.31s/trial, best loss: -0.9052548848735896]
 64%|██████▍   | 16/25 [00:21<00:12,  1.40s/trial, best loss: -0.9052548848735896]
 68%|██████▊   | 17/25 [00:23<00:11,  1.46s/trial, best loss: -0.9455721154755811]
 72%|███████▏  | 18/25 [00:24<00:09,  1.41s/trial, best loss: -0.9455721154755811]
 76%|███████▌  | 19/25 [00:26<00:08,  1.37s/trial, best loss: -0.9455721154755811]
 80%|████████  | 20/25 [00:27<00:06,  1.37s/trial, best loss: -0.9455721154755811]
 84%|████████▍ | 21/25 [00:29<00:05,  1.43s/trial, best loss: -0.9455721154755811]
 88%|████████▊ | 22/25 [00:30<00:04,  1.48s/trial, best loss: -0.9699572628673231]
 92%|█████████▏| 23/25 [00:32<00:03,  1.52s/trial, best loss: -0.9699572628673231]
 96%|█████████▌| 24/25 [00:33<00:01,  1.56s/trial, best loss: -0.9699572628673231]
100%|██████████| 25/25 [00:36<00:00,  1.89s/trial, best loss: -0.9699572628673231]
100%|██████████| 25/25 [00:36<00:00,  1.46s/trial, best loss: -0.9699572628673231]

  0%|          | 0/25 [00:00<?, ?trial/s, best loss=?]
  4%|▍         | 1/25 [00:01<00:32,  1.37s/trial, best loss: 3.072137854106464]
  8%|▊         | 2/25 [00:02<00:28,  1.24s/trial, best loss: 3.072137854106464]
 12%|█▏        | 3/25 [00:03<00:26,  1.19s/trial, best loss: 2.7607160170084954]
 16%|█▌        | 4/25 [00:05<00:26,  1.25s/trial, best loss: 2.7607160170084954]
 20%|██        | 5/25 [00:06<00:25,  1.25s/trial, best loss: 2.7607160170084954]
 24%|██▍       | 6/25 [00:07<00:24,  1.29s/trial, best loss: 2.7607160170084954]
 28%|██▊       | 7/25 [00:09<00:23,  1.32s/trial, best loss: 2.7607160170084954]
 32%|███▏      | 8/25 [00:10<00:20,  1.22s/trial, best loss: 2.7607160170084954]
 36%|███▌      | 9/25 [00:11<00:20,  1.27s/trial, best loss: 2.7607160170084954]
 40%|████      | 10/25 [00:12<00:18,  1.24s/trial, best loss: 2.7607160170084954]
 44%|████▍     | 11/25 [00:13<00:16,  1.19s/trial, best loss: 2.7607160170084954]
 48%|████▊     | 12/25 [00:14<00:16,  1.24s/trial, best loss: 2.7607160170084954]
 52%|█████▏    | 13/25 [00:16<00:14,  1.22s/trial, best loss: 2.7607160170084954]
 56%|█████▌    | 14/25 [00:17<00:12,  1.16s/trial, best loss: 2.7607160170084954]
 60%|██████    | 15/25 [00:18<00:11,  1.16s/trial, best loss: 2.7607160170084954]
 64%|██████▍   | 16/25 [00:19<00:11,  1.26s/trial, best loss: 2.7607160170084954]
 68%|██████▊   | 17/25 [00:21<00:10,  1.33s/trial, best loss: 2.7607160170084954]
 72%|███████▏  | 18/25 [00:22<00:08,  1.28s/trial, best loss: 2.7607160170084954]
 76%|███████▌  | 19/25 [00:23<00:07,  1.23s/trial, best loss: 2.7607160170084954]
 80%|████████  | 20/25 [00:24<00:06,  1.24s/trial, best loss: 2.7607160170084954]
 84%|████████▍ | 21/25 [00:25<00:04,  1.18s/trial, best loss: 2.7607160170084954]
 88%|████████▊ | 22/25 [00:27<00:03,  1.17s/trial, best loss: 2.7607160170084954]
 92%|█████████▏| 23/25 [00:28<00:02,  1.14s/trial, best loss: 2.7607160170084954]
 96%|█████████▌| 24/25 [00:29<00:01,  1.18s/trial, best loss: 2.7607160170084954]
100%|██████████| 25/25 [00:30<00:00,  1.19s/trial, best loss: 2.7607160170084954]
100%|██████████| 25/25 [00:30<00:00,  1.22s/trial, best loss: 2.7607160170084954]
D:\quant_system_pro (3)\quant_system_pro\backtest\backtest_pro.py:330: UserWarning: Glyph 39057 (\N{CJK UNIFIED IDEOGRAPH-9891}) missing from font(s) DejaVu Sans.
  buf=io.BytesIO(); plt.tight_layout(); plt.savefig(buf, format="png"); data=base64.b64encode(buf.getvalue()).decode()
D:\quant_system_pro (3)\quant_system_pro\backtest\backtest_pro.py:330: UserWarning: Glyph 25968 (\N{CJK UNIFIED IDEOGRAPH-6570}) missing from font(s) DejaVu Sans.
  buf=io.BytesIO(); plt.tight_layout(); plt.savefig(buf, format="png"); data=base64.b64encode(buf.getvalue()).decode()
D:\quant_system_pro (3)\quant_system_pro\backtest\backtest_pro.py:330: UserWarning: Glyph 20998 (\N{CJK UNIFIED IDEOGRAPH-5206}) missing from font(s) DejaVu Sans.
  buf=io.BytesIO(); plt.tight_layout(); plt.savefig(buf, format="png"); data=base64.b64encode(buf.getvalue()).decode()
D:\quant_system_pro (3)\quant_system_pro\backtest\backtest_pro.py:330: UserWarning: Glyph 24067 (\N{CJK UNIFIED IDEOGRAPH-5E03}) missing from font(s) DejaVu Sans.
  buf=io.BytesIO(); plt.tight_layout(); plt.savefig(buf, format="png"); data=base64.b64encode(buf.getvalue()).decode()
D:\quant_system_pro (3)\quant_system_pro\backtest\backtest_pro.py:330: UserWarning: Glyph 65288 (\N{FULLWIDTH LEFT PARENTHESIS}) missing from font(s) DejaVu Sans.
  buf=io.BytesIO(); plt.tight_layout(); plt.savefig(buf, format="png"); data=base64.b64encode(buf.getvalue()).decode()
D:\quant_system_pro (3)\quant_system_pro\backtest\backtest_pro.py:330: UserWarning: Glyph 36234 (\N{CJK UNIFIED IDEOGRAPH-8D8A}) missing from font(s) DejaVu Sans.
  buf=io.BytesIO(); plt.tight_layout(); plt.savefig(buf, format="png"); data=base64.b64encode(buf.getvalue()).decode()
D:\quant_system_pro (3)\quant_system_pro\backtest\backtest_pro.py:330: UserWarning: Glyph 20302 (\N{CJK UNIFIED IDEOGRAPH-4F4E}) missing from font(s) DejaVu Sans.
  buf=io.BytesIO(); plt.tight_layout(); plt.savefig(buf, format="png"); data=base64.b64encode(buf.getvalue()).decode()
D:\quant_system_pro (3)\quant_system_pro\backtest\backtest_pro.py:330: UserWarning: Glyph 22909 (\N{CJK UNIFIED IDEOGRAPH-597D}) missing from font(s) DejaVu Sans.
  buf=io.BytesIO(); plt.tight_layout(); plt.savefig(buf, format="png"); data=base64.b64encode(buf.getvalue()).decode()
D:\quant_system_pro (3)\quant_system_pro\backtest\backtest_pro.py:330: UserWarning: Glyph 65289 (\N{FULLWIDTH RIGHT PARENTHESIS}) missing from font(s) DejaVu Sans.
  buf=io.BytesIO(); plt.tight_layout(); plt.savefig(buf, format="png"); data=base64.b64encode(buf.getvalue()).decode()
[完成] 最优表: D:\quant_system_pro (3)\quant_system_pro\results\live_30d_BTCUSDT\最优组合总表_S档_20250817-042649.csv
[完成] best_combo: data/best_combo.csv
