[A6-SHIM] pandas.DataFrame.to_csv 已安装修订钩子（仅拦截 a6_strategy_scores*）
C:\Users\Administrator\AppData\Local\Programs\Python\Python39\lib\site-packages\hyperopt\atpe.py:19: UserWarning: pkg_resources is deprecated as an API. See https://setuptools.pypa.io/en/latest/pkg_resources.html. The pkg_resources package is slated for removal as early as 2025-11-30. Refrain from using this package or pin to Setuptools<81.
  import pkg_resources
[GPU] Torch 2.6.0+cu124 | CUDA 12.4 | Device NVIDIA GeForce RTX 3060 | available=True
[GPU] XGBoost 1.7.6 (gpu_hist supported)
[GPU] LightGBM available (GPU depends on build)
[回测] 符号数=1 窗口=90天 S档=ON

  0%|          | 0/25 [00:00<?, ?trial/s, best loss=?]
  4%|▍         | 1/25 [00:08<03:21,  8.39s/trial, best loss: 1.0785157629547117]
  8%|▊         | 2/25 [00:16<03:05,  8.08s/trial, best loss: 1.0785157629547117]
 12%|█▏        | 3/25 [00:23<02:52,  7.85s/trial, best loss: 1.0785157629547117]
 16%|█▌        | 4/25 [00:31<02:46,  7.93s/trial, best loss: 1.0785157629547117]
 20%|██        | 5/25 [00:39<02:36,  7.82s/trial, best loss: 1.0785157629547117]
 24%|██▍       | 6/25 [00:47<02:29,  7.89s/trial, best loss: 1.0785157629547117]
 28%|██▊       | 7/25 [00:55<02:24,  8.00s/trial, best loss: 1.0785157629547117]
 32%|███▏      | 8/25 [01:03<02:14,  7.93s/trial, best loss: 1.0740723630344844]
 36%|███▌      | 9/25 [01:11<02:08,  8.04s/trial, best loss: 1.0740723630344844]
 40%|████      | 10/25 [01:19<01:59,  7.95s/trial, best loss: 1.0740723630344844]
 44%|████▍     | 11/25 [01:27<01:49,  7.81s/trial, best loss: 1.0740723630344844]
 48%|████▊     | 12/25 [01:34<01:41,  7.83s/trial, best loss: 1.0740723630344844]
 52%|█████▏    | 13/25 [01:42<01:34,  7.88s/trial, best loss: 1.0740723630344844]
 56%|█████▌    | 14/25 [01:50<01:25,  7.73s/trial, best loss: 1.0740723630344844]
 60%|██████    | 15/25 [01:58<01:17,  7.75s/trial, best loss: 1.0740723630344844]
 64%|██████▍   | 16/25 [02:06<01:12,  8.08s/trial, best loss: 1.0740723630344844]
 68%|██████▊   | 17/25 [02:15<01:06,  8.29s/trial, best loss: 1.0451263847269943]
 72%|███████▏  | 18/25 [02:23<00:56,  8.04s/trial, best loss: 1.0451263847269943]
 76%|███████▌  | 19/25 [02:30<00:47,  7.92s/trial, best loss: 1.0451263847269943]
 80%|████████  | 20/25 [02:39<00:40,  8.09s/trial, best loss: 1.0451263847269943]
 84%|████████▍ | 21/25 [02:48<00:33,  8.31s/trial, best loss: 1.0228334642983419]
 88%|████████▊ | 22/25 [02:57<00:25,  8.57s/trial, best loss: 0.9862233500065813]
 92%|█████████▏| 23/25 [03:06<00:17,  8.76s/trial, best loss: 0.9862233500065813]
 96%|█████████▌| 24/25 [03:15<00:08,  8.94s/trial, best loss: 0.9862233500065813]
100%|██████████| 25/25 [03:24<00:00,  8.94s/trial, best loss: 0.9862233500065813]
100%|██████████| 25/25 [03:24<00:00,  8.19s/trial, best loss: 0.9862233500065813]

  0%|          | 0/25 [00:00<?, ?trial/s, best loss=?]
  4%|▍         | 1/25 [00:03<01:23,  3.49s/trial, best loss: 0.20619719631473102]
  8%|▊         | 2/25 [00:06<01:17,  3.37s/trial, best loss: 0.20619719631473102]
 12%|█▏        | 3/25 [00:09<01:11,  3.26s/trial, best loss: 0.20619719631473102]
 16%|█▌        | 4/25 [00:13<01:09,  3.33s/trial, best loss: 0.20619719631473102]
 20%|██        | 5/25 [00:16<01:06,  3.35s/trial, best loss: 0.20619719631473102]
 24%|██▍       | 6/25 [00:20<01:04,  3.37s/trial, best loss: 0.20619719631473102]
 28%|██▊       | 7/25 [00:23<01:01,  3.43s/trial, best loss: 0.17260468593156483]
 32%|███▏      | 8/25 [00:26<00:56,  3.33s/trial, best loss: 0.12483327734027642]
 36%|███▌      | 9/25 [00:30<00:54,  3.41s/trial, best loss: 0.12483327734027642]
 40%|████      | 10/25 [00:33<00:49,  3.32s/trial, best loss: 0.12483327734027642]
 44%|████▍     | 11/25 [00:36<00:45,  3.23s/trial, best loss: 0.12483327734027642]
 48%|████▊     | 12/25 [00:40<00:43,  3.34s/trial, best loss: 0.12483327734027642]
 52%|█████▏    | 13/25 [00:43<00:39,  3.33s/trial, best loss: 0.12483327734027642]
 56%|█████▌    | 14/25 [00:46<00:35,  3.27s/trial, best loss: 0.12483327734027642]
 60%|██████    | 15/25 [00:49<00:32,  3.24s/trial, best loss: 0.12483327734027642]
 64%|██████▍   | 16/25 [00:53<00:30,  3.41s/trial, best loss: 0.0255703070675104] 
 68%|██████▊   | 17/25 [00:57<00:28,  3.51s/trial, best loss: 0.0255703070675104]
 72%|███████▏  | 18/25 [01:00<00:24,  3.43s/trial, best loss: 0.0255703070675104]
 76%|███████▌  | 19/25 [01:03<00:20,  3.35s/trial, best loss: 0.0255703070675104]
 80%|████████  | 20/25 [01:07<00:17,  3.41s/trial, best loss: 0.02357395731155766]
 84%|████████▍ | 21/25 [01:11<00:14,  3.53s/trial, best loss: 0.008510924176835882]
 88%|████████▊ | 22/25 [01:14<00:10,  3.64s/trial, best loss: -0.24903465803858407]
 92%|█████████▏| 23/25 [01:18<00:07,  3.67s/trial, best loss: -0.24903465803858407]
 96%|█████████▌| 24/25 [01:22<00:03,  3.72s/trial, best loss: -0.24903465803858407]
100%|██████████| 25/25 [01:26<00:00,  3.72s/trial, best loss: -0.24903465803858407]
100%|██████████| 25/25 [01:26<00:00,  3.45s/trial, best loss: -0.24903465803858407]

  0%|          | 0/25 [00:00<?, ?trial/s, best loss=?]
  4%|▍         | 1/25 [00:02<01:00,  2.50s/trial, best loss: -0.49702340369477443]
  8%|▊         | 2/25 [00:04<00:52,  2.30s/trial, best loss: -0.521111851316918]  
 12%|█▏        | 3/25 [00:06<00:49,  2.26s/trial, best loss: -0.521111851316918]
 16%|█▌        | 4/25 [00:09<00:47,  2.26s/trial, best loss: -0.521111851316918]
 20%|██        | 5/25 [00:11<00:46,  2.31s/trial, best loss: -0.521111851316918]
 24%|██▍       | 6/25 [00:14<00:45,  2.39s/trial, best loss: -0.521111851316918]
 28%|██▊       | 7/25 [00:16<00:43,  2.44s/trial, best loss: -0.918327131520088]
 32%|███▏      | 8/25 [00:18<00:40,  2.36s/trial, best loss: -0.918327131520088]
 36%|███▌      | 9/25 [00:21<00:38,  2.39s/trial, best loss: -0.918327131520088]
 40%|████      | 10/25 [00:23<00:34,  2.33s/trial, best loss: -0.918327131520088]
 44%|████▍     | 11/25 [00:25<00:31,  2.28s/trial, best loss: -0.918327131520088]
 48%|████▊     | 12/25 [00:28<00:30,  2.31s/trial, best loss: -0.918327131520088]
 52%|█████▏    | 13/25 [00:30<00:27,  2.27s/trial, best loss: -0.918327131520088]
 56%|█████▌    | 14/25 [00:32<00:24,  2.24s/trial, best loss: -0.918327131520088]
 60%|██████    | 15/25 [00:34<00:22,  2.25s/trial, best loss: -0.918327131520088]
 64%|██████▍   | 16/25 [00:37<00:20,  2.33s/trial, best loss: -0.9376891094650809]
 68%|██████▊   | 17/25 [00:39<00:18,  2.37s/trial, best loss: -0.9376891094650809]
 72%|███████▏  | 18/25 [00:41<00:16,  2.30s/trial, best loss: -0.9376891094650809]
 76%|███████▌  | 19/25 [00:43<00:13,  2.27s/trial, best loss: -0.9376891094650809]
 80%|████████  | 20/25 [00:46<00:11,  2.26s/trial, best loss: -0.9376891094650809]
 84%|████████▍ | 21/25 [00:48<00:09,  2.38s/trial, best loss: -0.9376891094650809]
 88%|████████▊ | 22/25 [00:51<00:07,  2.41s/trial, best loss: -0.9376891094650809]
 92%|█████████▏| 23/25 [00:53<00:04,  2.46s/trial, best loss: -0.9376891094650809]
 96%|█████████▌| 24/25 [00:56<00:02,  2.54s/trial, best loss: -0.9376891094650809]
100%|██████████| 25/25 [00:59<00:00,  2.55s/trial, best loss: -0.9376891094650809]
100%|██████████| 25/25 [00:59<00:00,  2.37s/trial, best loss: -0.9376891094650809]

  0%|          | 0/25 [00:00<?, ?trial/s, best loss=?]
  4%|▍         | 1/25 [00:01<00:44,  1.85s/trial, best loss: -1.135693525793759]
  8%|▊         | 2/25 [00:03<00:40,  1.75s/trial, best loss: -1.135693525793759]
 12%|█▏        | 3/25 [00:05<00:38,  1.74s/trial, best loss: -1.135693525793759]
 16%|█▌        | 4/25 [00:07<00:37,  1.78s/trial, best loss: -1.135693525793759]
 20%|██        | 5/25 [00:08<00:36,  1.81s/trial, best loss: -1.135693525793759]
 24%|██▍       | 6/25 [00:10<00:35,  1.85s/trial, best loss: -1.135693525793759]
 28%|██▊       | 7/25 [00:12<00:33,  1.88s/trial, best loss: -1.4008427506558323]
 32%|███▏      | 8/25 [00:14<00:30,  1.78s/trial, best loss: -1.4008427506558323]
 36%|███▌      | 9/25 [00:16<00:29,  1.83s/trial, best loss: -1.4008427506558323]
 40%|████      | 10/25 [00:18<00:26,  1.80s/trial, best loss: -1.4008427506558323]
 44%|████▍     | 11/25 [00:19<00:24,  1.73s/trial, best loss: -1.4008427506558323]
 48%|████▊     | 12/25 [00:21<00:22,  1.76s/trial, best loss: -1.4008427506558323]
 52%|█████▏    | 13/25 [00:23<00:20,  1.72s/trial, best loss: -1.4008427506558323]
 56%|█████▌    | 14/25 [00:24<00:18,  1.71s/trial, best loss: -1.4008427506558323]
 60%|██████    | 15/25 [00:26<00:17,  1.71s/trial, best loss: -1.4008427506558323]
 64%|██████▍   | 16/25 [00:28<00:16,  1.81s/trial, best loss: -1.487185343917405] 
 68%|██████▊   | 17/25 [00:30<00:14,  1.87s/trial, best loss: -1.5088353502702194]
 72%|███████▏  | 18/25 [00:32<00:12,  1.83s/trial, best loss: -1.5088353502702194]
 76%|███████▌  | 19/25 [00:33<00:10,  1.78s/trial, best loss: -1.5088353502702194]
 80%|████████  | 20/25 [00:35<00:09,  1.81s/trial, best loss: -1.5088353502702194]
 84%|████████▍ | 21/25 [00:37<00:07,  1.87s/trial, best loss: -1.6210257096632295]
 88%|████████▊ | 22/25 [00:39<00:05,  1.90s/trial, best loss: -1.6210257096632295]
 92%|█████████▏| 23/25 [00:41<00:03,  1.93s/trial, best loss: -1.6210257096632295]
 96%|█████████▌| 24/25 [00:43<00:01,  1.93s/trial, best loss: -1.6210257096632295]
100%|██████████| 25/25 [00:45<00:00,  1.94s/trial, best loss: -1.6210257096632295]
100%|██████████| 25/25 [00:45<00:00,  1.83s/trial, best loss: -1.6210257096632295]

  0%|          | 0/25 [00:00<?, ?trial/s, best loss=?]
  4%|▍         | 1/25 [00:01<00:37,  1.55s/trial, best loss: -1.2022811685182102]
  8%|▊         | 2/25 [00:02<00:32,  1.43s/trial, best loss: -1.2157069066844426]
 12%|█▏        | 3/25 [00:04<00:30,  1.40s/trial, best loss: -1.2157069066844426]
 16%|█▌        | 4/25 [00:05<00:29,  1.43s/trial, best loss: -1.2157069066844426]
 20%|██        | 5/25 [00:07<00:29,  1.46s/trial, best loss: -1.2157069066844426]
 24%|██▍       | 6/25 [00:08<00:28,  1.53s/trial, best loss: -1.2157069066844426]
 28%|██▊       | 7/25 [00:10<00:28,  1.58s/trial, best loss: -1.542975699861618] 
 32%|███▏      | 8/25 [00:11<00:25,  1.49s/trial, best loss: -1.542975699861618]
 36%|███▌      | 9/25 [00:13<00:24,  1.54s/trial, best loss: -1.542975699861618]
 40%|████      | 10/25 [00:14<00:22,  1.51s/trial, best loss: -1.542975699861618]
 44%|████▍     | 11/25 [00:16<00:20,  1.44s/trial, best loss: -1.542975699861618]
 48%|████▊     | 12/25 [00:17<00:19,  1.51s/trial, best loss: -1.542975699861618]
 52%|█████▏    | 13/25 [00:19<00:17,  1.46s/trial, best loss: -1.542975699861618]
 56%|█████▌    | 14/25 [00:20<00:15,  1.41s/trial, best loss: -1.542975699861618]
 60%|██████    | 15/25 [00:21<00:13,  1.40s/trial, best loss: -1.542975699861618]
 64%|██████▍   | 16/25 [00:23<00:13,  1.49s/trial, best loss: -1.542975699861618]
 68%|██████▊   | 17/25 [00:25<00:12,  1.58s/trial, best loss: -1.542975699861618]
 72%|███████▏  | 18/25 [00:26<00:10,  1.51s/trial, best loss: -1.542975699861618]
 76%|███████▌  | 19/25 [00:28<00:08,  1.49s/trial, best loss: -1.542975699861618]
 80%|████████  | 20/25 [00:29<00:07,  1.51s/trial, best loss: -1.542975699861618]
 84%|████████▍ | 21/25 [00:31<00:06,  1.57s/trial, best loss: -1.5637197211381393]
 88%|████████▊ | 22/25 [00:33<00:04,  1.60s/trial, best loss: -1.5637197211381393]
 92%|█████████▏| 23/25 [00:34<00:03,  1.65s/trial, best loss: -1.5637197211381393]
 96%|█████████▌| 24/25 [00:36<00:01,  1.72s/trial, best loss: -1.5637197211381393]
100%|██████████| 25/25 [00:38<00:00,  1.71s/trial, best loss: -1.5637197211381393]
100%|██████████| 25/25 [00:38<00:00,  1.54s/trial, best loss: -1.5637197211381393]

  0%|          | 0/25 [00:00<?, ?trial/s, best loss=?]
  4%|▍         | 1/25 [00:01<00:36,  1.52s/trial, best loss: -1.4389198181705345]
  8%|▊         | 2/25 [00:02<00:30,  1.32s/trial, best loss: -1.4389198181705345]
 12%|█▏        | 3/25 [00:03<00:28,  1.30s/trial, best loss: -1.4389198181705345]
 16%|█▌        | 4/25 [00:05<00:27,  1.29s/trial, best loss: -1.4389198181705345]
 20%|██        | 5/25 [00:06<00:26,  1.35s/trial, best loss: -1.4389198181705345]
 24%|██▍       | 6/25 [00:08<00:26,  1.37s/trial, best loss: -1.4389198181705345]
 28%|██▊       | 7/25 [00:09<00:25,  1.43s/trial, best loss: -1.5613120937553913]
 32%|███▏      | 8/25 [00:10<00:23,  1.36s/trial, best loss: -1.5613120937553913]
 36%|███▌      | 9/25 [00:12<00:22,  1.38s/trial, best loss: -1.5613120937553913]
 40%|████      | 10/25 [00:13<00:20,  1.36s/trial, best loss: -1.5613120937553913]
 44%|████▍     | 11/25 [00:14<00:18,  1.31s/trial, best loss: -1.5613120937553913]
 48%|████▊     | 12/25 [00:16<00:17,  1.36s/trial, best loss: -1.5613120937553913]
 52%|█████▏    | 13/25 [00:17<00:15,  1.32s/trial, best loss: -1.5613120937553913]
 56%|█████▌    | 14/25 [00:18<00:14,  1.29s/trial, best loss: -1.5613120937553913]
 60%|██████    | 15/25 [00:20<00:12,  1.29s/trial, best loss: -1.5613120937553913]
 64%|██████▍   | 16/25 [00:21<00:12,  1.40s/trial, best loss: -1.5613120937553913]
 68%|██████▊   | 17/25 [00:23<00:11,  1.47s/trial, best loss: -1.5613120937553913]
 72%|███████▏  | 18/25 [00:24<00:09,  1.41s/trial, best loss: -1.5613120937553913]
 76%|███████▌  | 19/25 [00:25<00:08,  1.34s/trial, best loss: -1.5613120937553913]
 80%|████████  | 20/25 [00:27<00:06,  1.33s/trial, best loss: -1.5613120937553913]
 84%|████████▍ | 21/25 [00:28<00:05,  1.39s/trial, best loss: -1.576503922475935] 
 88%|████████▊ | 22/25 [00:30<00:04,  1.47s/trial, best loss: -1.576503922475935]
 92%|█████████▏| 23/25 [00:31<00:03,  1.52s/trial, best loss: -1.576503922475935]
 96%|█████████▌| 24/25 [00:33<00:01,  1.58s/trial, best loss: -1.576503922475935]
100%|██████████| 25/25 [00:35<00:00,  1.61s/trial, best loss: -1.576503922475935]
100%|██████████| 25/25 [00:35<00:00,  1.41s/trial, best loss: -1.576503922475935]
D:\quant_system_pro (3)\quant_system_pro\backtest\backtest_pro.py:330: UserWarning: Glyph 39057 (\N{CJK UNIFIED IDEOGRAPH-9891}) missing from font(s) DejaVu Sans.
  buf=io.BytesIO(); plt.tight_layout(); plt.savefig(buf, format="png"); data=base64.b64encode(buf.getvalue()).decode()
D:\quant_system_pro (3)\quant_system_pro\backtest\backtest_pro.py:330: UserWarning: Glyph 25968 (\N{CJK UNIFIED IDEOGRAPH-6570}) missing from font(s) DejaVu Sans.
  buf=io.BytesIO(); plt.tight_layout(); plt.savefig(buf, format="png"); data=base64.b64encode(buf.getvalue()).decode()
D:\quant_system_pro (3)\quant_system_pro\backtest\backtest_pro.py:330: UserWarning: Glyph 20998 (\N{CJK UNIFIED IDEOGRAPH-5206}) missing from font(s) DejaVu Sans.
  buf=io.BytesIO(); plt.tight_layout(); plt.savefig(buf, format="png"); data=base64.b64encode(buf.getvalue()).decode()
D:\quant_system_pro (3)\quant_system_pro\backtest\backtest_pro.py:330: UserWarning: Glyph 24067 (\N{CJK UNIFIED IDEOGRAPH-5E03}) missing from font(s) DejaVu Sans.
  buf=io.BytesIO(); plt.tight_layout(); plt.savefig(buf, format="png"); data=base64.b64encode(buf.getvalue()).decode()
D:\quant_system_pro (3)\quant_system_pro\backtest\backtest_pro.py:330: UserWarning: Glyph 65288 (\N{FULLWIDTH LEFT PARENTHESIS}) missing from font(s) DejaVu Sans.
  buf=io.BytesIO(); plt.tight_layout(); plt.savefig(buf, format="png"); data=base64.b64encode(buf.getvalue()).decode()
D:\quant_system_pro (3)\quant_system_pro\backtest\backtest_pro.py:330: UserWarning: Glyph 36234 (\N{CJK UNIFIED IDEOGRAPH-8D8A}) missing from font(s) DejaVu Sans.
  buf=io.BytesIO(); plt.tight_layout(); plt.savefig(buf, format="png"); data=base64.b64encode(buf.getvalue()).decode()
D:\quant_system_pro (3)\quant_system_pro\backtest\backtest_pro.py:330: UserWarning: Glyph 20302 (\N{CJK UNIFIED IDEOGRAPH-4F4E}) missing from font(s) DejaVu Sans.
  buf=io.BytesIO(); plt.tight_layout(); plt.savefig(buf, format="png"); data=base64.b64encode(buf.getvalue()).decode()
D:\quant_system_pro (3)\quant_system_pro\backtest\backtest_pro.py:330: UserWarning: Glyph 22909 (\N{CJK UNIFIED IDEOGRAPH-597D}) missing from font(s) DejaVu Sans.
  buf=io.BytesIO(); plt.tight_layout(); plt.savefig(buf, format="png"); data=base64.b64encode(buf.getvalue()).decode()
D:\quant_system_pro (3)\quant_system_pro\backtest\backtest_pro.py:330: UserWarning: Glyph 65289 (\N{FULLWIDTH RIGHT PARENTHESIS}) missing from font(s) DejaVu Sans.
  buf=io.BytesIO(); plt.tight_layout(); plt.savefig(buf, format="png"); data=base64.b64encode(buf.getvalue()).decode()
[完成] 最优表: D:\quant_system_pro (3)\quant_system_pro\results\live_90d_BTCUSDT\最优组合总表_S档_20250817-050936.csv
[完成] best_combo: data/best_combo.csv
