[A6-SHIM] pandas.DataFrame.to_csv 已安装修订钩子（仅拦截 a6_strategy_scores*）
C:\Users\Administrator\AppData\Local\Programs\Python\Python39\lib\site-packages\hyperopt\atpe.py:19: UserWarning: pkg_resources is deprecated as an API. See https://setuptools.pypa.io/en/latest/pkg_resources.html. The pkg_resources package is slated for removal as early as 2025-11-30. Refrain from using this package or pin to Setuptools<81.
  import pkg_resources
[GPU] Torch 2.6.0+cu124 | CUDA 12.4 | Device NVIDIA GeForce RTX 3060 | available=True
[GPU] XGBoost 1.7.6 (gpu_hist supported)
[GPU] LightGBM available (GPU depends on build)
[回测] 符号数=1 窗口=90天 S档=ON

  0%|          | 0/25 [00:00<?, ?trial/s, best loss=?]
  4%|▍         | 1/25 [00:00<00:11,  2.17trial/s, best loss: 0.6759272643739549]
  8%|▊         | 2/25 [00:00<00:10,  2.18trial/s, best loss: 0.6759272643739549]
 12%|█▏        | 3/25 [00:01<00:10,  2.17trial/s, best loss: 0.6759272643739549]
 16%|█▌        | 4/25 [00:01<00:09,  2.13trial/s, best loss: 0.6759272643739549]
 20%|██        | 5/25 [00:02<00:09,  2.20trial/s, best loss: 0.6759272643739549]
 24%|██▍       | 6/25 [00:02<00:08,  2.19trial/s, best loss: 0.6759272643739549]
 28%|██▊       | 7/25 [00:03<00:08,  2.21trial/s, best loss: 0.3059832363769378]
 32%|███▏      | 8/25 [00:03<00:07,  2.19trial/s, best loss: 0.3059832363769378]
 36%|███▌      | 9/25 [00:04<00:07,  2.19trial/s, best loss: 0.3059832363769378]
 40%|████      | 10/25 [00:04<00:06,  2.16trial/s, best loss: 0.3059832363769378]
 44%|████▍     | 11/25 [00:05<00:06,  2.14trial/s, best loss: 0.3059832363769378]
 48%|████▊     | 12/25 [00:05<00:06,  2.15trial/s, best loss: 0.3059832363769378]
 52%|█████▏    | 13/25 [00:06<00:05,  2.13trial/s, best loss: 0.3059832363769378]
 56%|█████▌    | 14/25 [00:06<00:05,  2.17trial/s, best loss: 0.3059832363769378]
 60%|██████    | 15/25 [00:06<00:04,  2.18trial/s, best loss: 0.3059832363769378]
 64%|██████▍   | 16/25 [00:07<00:04,  2.19trial/s, best loss: 0.3011895071015632]
 68%|██████▊   | 17/25 [00:07<00:03,  2.16trial/s, best loss: 0.3011895071015632]
 72%|███████▏  | 18/25 [00:08<00:03,  2.15trial/s, best loss: 0.3011895071015632]
 76%|███████▌  | 19/25 [00:08<00:02,  2.14trial/s, best loss: 0.3011895071015632]
 80%|████████  | 20/25 [00:09<00:02,  2.16trial/s, best loss: 0.3011895071015632]
 84%|████████▍ | 21/25 [00:09<00:01,  2.17trial/s, best loss: 0.3011895071015632]
 88%|████████▊ | 22/25 [00:10<00:01,  2.17trial/s, best loss: 0.3011895071015632]
 92%|█████████▏| 23/25 [00:10<00:00,  2.16trial/s, best loss: 0.3011895071015632]
 96%|█████████▌| 24/25 [00:11<00:00,  2.15trial/s, best loss: 0.3011895071015632]
100%|██████████| 25/25 [00:11<00:00,  2.13trial/s, best loss: 0.30056333035182814]
100%|██████████| 25/25 [00:11<00:00,  2.16trial/s, best loss: 0.30056333035182814]

  0%|          | 0/25 [00:00<?, ?trial/s, best loss=?]
  4%|▍         | 1/25 [00:00<00:10,  2.20trial/s, best loss: 0.3395091712672581]
  8%|▊         | 2/25 [00:00<00:10,  2.19trial/s, best loss: 0.3395091712672581]
 12%|█▏        | 3/25 [00:01<00:10,  2.17trial/s, best loss: 0.3395091712672581]
 16%|█▌        | 4/25 [00:01<00:09,  2.18trial/s, best loss: 0.3395091712672581]
 20%|██        | 5/25 [00:02<00:09,  2.22trial/s, best loss: 0.3395091712672581]
 24%|██▍       | 6/25 [00:02<00:08,  2.22trial/s, best loss: 0.3395091712672581]
 28%|██▊       | 7/25 [00:03<00:08,  2.20trial/s, best loss: 0.17256364743339542]
 32%|███▏      | 8/25 [00:03<00:07,  2.21trial/s, best loss: 0.17256364743339542]
 36%|███▌      | 9/25 [00:04<00:07,  2.18trial/s, best loss: 0.17256364743339542]
 40%|████      | 10/25 [00:04<00:06,  2.21trial/s, best loss: 0.17256364743339542]
 44%|████▍     | 11/25 [00:05<00:06,  2.19trial/s, best loss: 0.17256364743339542]
 48%|████▊     | 12/25 [00:05<00:06,  2.16trial/s, best loss: 0.17256364743339542]
 52%|█████▏    | 13/25 [00:05<00:05,  2.17trial/s, best loss: 0.17256364743339542]
 56%|█████▌    | 14/25 [00:06<00:05,  2.15trial/s, best loss: 0.17256364743339542]
 60%|██████    | 15/25 [00:06<00:04,  2.19trial/s, best loss: 0.17256364743339542]
 64%|██████▍   | 16/25 [00:07<00:04,  2.16trial/s, best loss: 0.17256364743339542]
 68%|██████▊   | 17/25 [00:07<00:03,  2.16trial/s, best loss: 0.17256364743339542]
 72%|███████▏  | 18/25 [00:08<00:03,  2.16trial/s, best loss: 0.17256364743339542]
 76%|███████▌  | 19/25 [00:08<00:02,  2.16trial/s, best loss: 0.17256364743339542]
 80%|████████  | 20/25 [00:09<00:02,  2.17trial/s, best loss: 0.17256364743339542]
 84%|████████▍ | 21/25 [00:09<00:01,  2.19trial/s, best loss: 0.17256364743339542]
 88%|████████▊ | 22/25 [00:10<00:01,  2.17trial/s, best loss: 0.17256364743339542]
 92%|█████████▏| 23/25 [00:10<00:00,  2.19trial/s, best loss: 0.16991108602970667]
 96%|█████████▌| 24/25 [00:10<00:00,  2.19trial/s, best loss: 0.16991108602970667]
100%|██████████| 25/25 [00:11<00:00,  2.18trial/s, best loss: 0.16991108602970667]
100%|██████████| 25/25 [00:11<00:00,  2.18trial/s, best loss: 0.16991108602970667]

  0%|          | 0/25 [00:00<?, ?trial/s, best loss=?]
  4%|▍         | 1/25 [00:00<00:11,  2.17trial/s, best loss: 0.17316322208098955]
  8%|▊         | 2/25 [00:00<00:10,  2.12trial/s, best loss: 0.17316322208098955]
 12%|█▏        | 3/25 [00:01<00:10,  2.13trial/s, best loss: 0.17316322208098955]
 16%|█▌        | 4/25 [00:01<00:09,  2.18trial/s, best loss: 0.17316322208098955]
 20%|██        | 5/25 [00:02<00:09,  2.21trial/s, best loss: 0.17316322208098955]
 24%|██▍       | 6/25 [00:02<00:08,  2.20trial/s, best loss: 0.17316322208098955]
 28%|██▊       | 7/25 [00:03<00:08,  2.18trial/s, best loss: 0.16992832553910645]
 32%|███▏      | 8/25 [00:03<00:08,  2.05trial/s, best loss: 0.16992832553910645]
 36%|███▌      | 9/25 [00:04<00:07,  2.07trial/s, best loss: 0.16992832553910645]
 40%|████      | 10/25 [00:04<00:07,  2.12trial/s, best loss: 0.16992832553910645]
 44%|████▍     | 11/25 [00:05<00:06,  2.16trial/s, best loss: 0.16992832553910645]
 48%|████▊     | 12/25 [00:05<00:05,  2.18trial/s, best loss: 0.15978314504725402]
 52%|█████▏    | 13/25 [00:06<00:05,  2.18trial/s, best loss: 0.15978314504725402]
 56%|█████▌    | 14/25 [00:06<00:05,  2.12trial/s, best loss: 0.15978314504725402]
 60%|██████    | 15/25 [00:06<00:04,  2.14trial/s, best loss: 0.15978314504725402]
 64%|██████▍   | 16/25 [00:07<00:04,  2.20trial/s, best loss: 0.15978314504725402]
 68%|██████▊   | 17/25 [00:07<00:03,  2.22trial/s, best loss: 0.15978314504725402]
 72%|███████▏  | 18/25 [00:08<00:03,  2.22trial/s, best loss: 0.15978314504725402]
 76%|███████▌  | 19/25 [00:08<00:02,  2.25trial/s, best loss: 0.15978314504725402]
 80%|████████  | 20/25 [00:09<00:02,  2.23trial/s, best loss: 0.15978314504725402]
 84%|████████▍ | 21/25 [00:09<00:01,  2.19trial/s, best loss: 0.15978314504725402]
 88%|████████▊ | 22/25 [00:10<00:01,  2.21trial/s, best loss: 0.15978314504725402]
 92%|█████████▏| 23/25 [00:10<00:00,  2.15trial/s, best loss: 0.15978314504725402]
 96%|█████████▌| 24/25 [00:11<00:00,  2.13trial/s, best loss: 0.15978314504725402]
100%|██████████| 25/25 [00:11<00:00,  2.13trial/s, best loss: 0.15121834135333598]
100%|██████████| 25/25 [00:11<00:00,  2.16trial/s, best loss: 0.15121834135333598]

  0%|          | 0/25 [00:00<?, ?trial/s, best loss=?]
  4%|▍         | 1/25 [00:00<00:11,  2.16trial/s, best loss: 0.10209472735709618]
  8%|▊         | 2/25 [00:00<00:10,  2.16trial/s, best loss: 0.10209472735709618]
 12%|█▏        | 3/25 [00:01<00:10,  2.11trial/s, best loss: 0.10209472735709618]
 16%|█▌        | 4/25 [00:01<00:09,  2.12trial/s, best loss: 0.10209472735709618]
 20%|██        | 5/25 [00:02<00:09,  2.17trial/s, best loss: 0.10209472735709618]
 24%|██▍       | 6/25 [00:02<00:08,  2.22trial/s, best loss: 0.10096951039262039]
 28%|██▊       | 7/25 [00:03<00:08,  2.21trial/s, best loss: 0.061211012453718634]
 32%|███▏      | 8/25 [00:03<00:07,  2.22trial/s, best loss: 0.061211012453718634]
 36%|███▌      | 9/25 [00:04<00:07,  2.18trial/s, best loss: 0.061211012453718634]
 40%|████      | 10/25 [00:04<00:06,  2.18trial/s, best loss: 0.061211012453718634]
 44%|████▍     | 11/25 [00:05<00:06,  2.18trial/s, best loss: 0.061211012453718634]
 48%|████▊     | 12/25 [00:05<00:05,  2.21trial/s, best loss: 0.061211012453718634]
 52%|█████▏    | 13/25 [00:05<00:05,  2.26trial/s, best loss: 0.061211012453718634]
 56%|█████▌    | 14/25 [00:06<00:04,  2.22trial/s, best loss: 0.061211012453718634]
 60%|██████    | 15/25 [00:06<00:04,  2.20trial/s, best loss: 0.061211012453718634]
 64%|██████▍   | 16/25 [00:07<00:04,  2.20trial/s, best loss: 0.061211012453718634]
 68%|██████▊   | 17/25 [00:07<00:03,  2.21trial/s, best loss: 0.061211012453718634]
 72%|███████▏  | 18/25 [00:08<00:03,  2.24trial/s, best loss: 0.061211012453718634]
 76%|███████▌  | 19/25 [00:08<00:02,  2.22trial/s, best loss: 0.061211012453718634]
 80%|████████  | 20/25 [00:09<00:02,  2.21trial/s, best loss: 0.061211012453718634]
 84%|████████▍ | 21/25 [00:09<00:01,  2.20trial/s, best loss: 0.061211012453718634]
 88%|████████▊ | 22/25 [00:10<00:01,  2.17trial/s, best loss: 0.05532414492628094] 
 92%|█████████▏| 23/25 [00:10<00:00,  2.16trial/s, best loss: 0.05532414492628094]
 96%|█████████▌| 24/25 [00:10<00:00,  2.20trial/s, best loss: 0.05532414492628094]
100%|██████████| 25/25 [00:11<00:00,  2.18trial/s, best loss: 0.05532414492628094]
100%|██████████| 25/25 [00:11<00:00,  2.19trial/s, best loss: 0.05532414492628094]

  0%|          | 0/25 [00:00<?, ?trial/s, best loss=?]
  4%|▍         | 1/25 [00:00<00:10,  2.31trial/s, best loss: 0.0665273228801582]
  8%|▊         | 2/25 [00:00<00:10,  2.20trial/s, best loss: 0.0665273228801582]
 12%|█▏        | 3/25 [00:01<00:09,  2.20trial/s, best loss: 0.02561939922489697]
 16%|█▌        | 4/25 [00:01<00:09,  2.20trial/s, best loss: 0.02561939922489697]
 20%|██        | 5/25 [00:02<00:09,  2.21trial/s, best loss: 0.02561939922489697]
 24%|██▍       | 6/25 [00:02<00:08,  2.18trial/s, best loss: 0.019909739475632942]
 28%|██▊       | 7/25 [00:03<00:08,  2.21trial/s, best loss: 0.019909739475632942]
 32%|███▏      | 8/25 [00:03<00:07,  2.21trial/s, best loss: 0.019909739475632942]
 36%|███▌      | 9/25 [00:04<00:07,  2.24trial/s, best loss: 0.0059436566261263]  
 40%|████      | 10/25 [00:04<00:06,  2.25trial/s, best loss: 0.0059436566261263]
 44%|████▍     | 11/25 [00:04<00:06,  2.25trial/s, best loss: 0.0030384832695199843]
 48%|████▊     | 12/25 [00:05<00:05,  2.23trial/s, best loss: 0.0030384832695199843]
 52%|█████▏    | 13/25 [00:05<00:05,  2.25trial/s, best loss: 0.0030384832695199843]
 56%|█████▌    | 14/25 [00:06<00:04,  2.25trial/s, best loss: 0.0030384832695199843]
 60%|██████    | 15/25 [00:06<00:04,  2.22trial/s, best loss: 0.0030384832695199843]
 64%|██████▍   | 16/25 [00:07<00:04,  2.22trial/s, best loss: 0.0030384832695199843]
 68%|██████▊   | 17/25 [00:07<00:03,  2.22trial/s, best loss: -0.0140529178394803]  
 72%|███████▏  | 18/25 [00:08<00:03,  2.24trial/s, best loss: -0.0140529178394803]
 76%|███████▌  | 19/25 [00:08<00:02,  2.23trial/s, best loss: -0.0140529178394803]
 80%|████████  | 20/25 [00:08<00:02,  2.22trial/s, best loss: -0.048866807658273795]
 84%|████████▍ | 21/25 [00:09<00:01,  2.17trial/s, best loss: -0.048866807658273795]
 88%|████████▊ | 22/25 [00:09<00:01,  2.22trial/s, best loss: -0.048866807658273795]
 92%|█████████▏| 23/25 [00:10<00:00,  2.23trial/s, best loss: -0.048866807658273795]
 96%|█████████▌| 24/25 [00:10<00:00,  2.21trial/s, best loss: -0.054106846396665124]
100%|██████████| 25/25 [00:11<00:00,  2.21trial/s, best loss: -0.054106846396665124]
100%|██████████| 25/25 [00:11<00:00,  2.22trial/s, best loss: -0.054106846396665124]

  0%|          | 0/25 [00:00<?, ?trial/s, best loss=?]
  4%|▍         | 1/25 [00:00<00:10,  2.25trial/s, best loss: -0.1318978547094759]
  8%|▊         | 2/25 [00:00<00:10,  2.18trial/s, best loss: -0.1318978547094759]
 12%|█▏        | 3/25 [00:01<00:09,  2.25trial/s, best loss: -0.1318978547094759]
 16%|█▌        | 4/25 [00:01<00:09,  2.25trial/s, best loss: -0.1318978547094759]
 20%|██        | 5/25 [00:02<00:08,  2.26trial/s, best loss: -0.1318978547094759]
 24%|██▍       | 6/25 [00:02<00:08,  2.25trial/s, best loss: -0.1318978547094759]
 28%|██▊       | 7/25 [00:03<00:08,  2.21trial/s, best loss: -0.1651234164198266]
 32%|███▏      | 8/25 [00:03<00:07,  2.23trial/s, best loss: -0.1651234164198266]
 36%|███▌      | 9/25 [00:04<00:07,  2.19trial/s, best loss: -0.1651234164198266]
 40%|████      | 10/25 [00:04<00:06,  2.22trial/s, best loss: -0.20330250395077945]
 44%|████▍     | 11/25 [00:04<00:06,  2.20trial/s, best loss: -0.20330250395077945]
 48%|████▊     | 12/25 [00:05<00:05,  2.21trial/s, best loss: -0.20330250395077945]
 52%|█████▏    | 13/25 [00:05<00:05,  2.19trial/s, best loss: -0.20330250395077945]
 56%|█████▌    | 14/25 [00:06<00:04,  2.20trial/s, best loss: -0.20330250395077945]
 60%|██████    | 15/25 [00:06<00:04,  2.24trial/s, best loss: -0.20330250395077945]
 64%|██████▍   | 16/25 [00:07<00:04,  2.23trial/s, best loss: -0.20330250395077945]
 68%|██████▊   | 17/25 [00:07<00:03,  2.20trial/s, best loss: -0.20330250395077945]
 72%|███████▏  | 18/25 [00:08<00:03,  2.16trial/s, best loss: -0.20330250395077945]
 76%|███████▌  | 19/25 [00:08<00:02,  2.20trial/s, best loss: -0.20330250395077945]
 80%|████████  | 20/25 [00:09<00:02,  2.22trial/s, best loss: -0.20330250395077945]
 84%|████████▍ | 21/25 [00:09<00:01,  2.21trial/s, best loss: -0.20330250395077945]
 88%|████████▊ | 22/25 [00:09<00:01,  2.21trial/s, best loss: -0.20330250395077945]
 92%|█████████▏| 23/25 [00:10<00:00,  2.21trial/s, best loss: -0.20330250395077945]
 96%|█████████▌| 24/25 [00:10<00:00,  2.20trial/s, best loss: -0.20330250395077945]
100%|██████████| 25/25 [00:11<00:00,  2.18trial/s, best loss: -0.20330250395077945]
100%|██████████| 25/25 [00:11<00:00,  2.21trial/s, best loss: -0.20330250395077945]
D:\quant_system_pro (3)\quant_system_pro\backtest\backtest_pro.py:330: UserWarning: Glyph 39057 (\N{CJK UNIFIED IDEOGRAPH-9891}) missing from font(s) DejaVu Sans.
  buf=io.BytesIO(); plt.tight_layout(); plt.savefig(buf, format="png"); data=base64.b64encode(buf.getvalue()).decode()
D:\quant_system_pro (3)\quant_system_pro\backtest\backtest_pro.py:330: UserWarning: Glyph 25968 (\N{CJK UNIFIED IDEOGRAPH-6570}) missing from font(s) DejaVu Sans.
  buf=io.BytesIO(); plt.tight_layout(); plt.savefig(buf, format="png"); data=base64.b64encode(buf.getvalue()).decode()
D:\quant_system_pro (3)\quant_system_pro\backtest\backtest_pro.py:330: UserWarning: Glyph 20998 (\N{CJK UNIFIED IDEOGRAPH-5206}) missing from font(s) DejaVu Sans.
  buf=io.BytesIO(); plt.tight_layout(); plt.savefig(buf, format="png"); data=base64.b64encode(buf.getvalue()).decode()
D:\quant_system_pro (3)\quant_system_pro\backtest\backtest_pro.py:330: UserWarning: Glyph 24067 (\N{CJK UNIFIED IDEOGRAPH-5E03}) missing from font(s) DejaVu Sans.
  buf=io.BytesIO(); plt.tight_layout(); plt.savefig(buf, format="png"); data=base64.b64encode(buf.getvalue()).decode()
D:\quant_system_pro (3)\quant_system_pro\backtest\backtest_pro.py:330: UserWarning: Glyph 65288 (\N{FULLWIDTH LEFT PARENTHESIS}) missing from font(s) DejaVu Sans.
  buf=io.BytesIO(); plt.tight_layout(); plt.savefig(buf, format="png"); data=base64.b64encode(buf.getvalue()).decode()
D:\quant_system_pro (3)\quant_system_pro\backtest\backtest_pro.py:330: UserWarning: Glyph 36234 (\N{CJK UNIFIED IDEOGRAPH-8D8A}) missing from font(s) DejaVu Sans.
  buf=io.BytesIO(); plt.tight_layout(); plt.savefig(buf, format="png"); data=base64.b64encode(buf.getvalue()).decode()
D:\quant_system_pro (3)\quant_system_pro\backtest\backtest_pro.py:330: UserWarning: Glyph 20302 (\N{CJK UNIFIED IDEOGRAPH-4F4E}) missing from font(s) DejaVu Sans.
  buf=io.BytesIO(); plt.tight_layout(); plt.savefig(buf, format="png"); data=base64.b64encode(buf.getvalue()).decode()
D:\quant_system_pro (3)\quant_system_pro\backtest\backtest_pro.py:330: UserWarning: Glyph 22909 (\N{CJK UNIFIED IDEOGRAPH-597D}) missing from font(s) DejaVu Sans.
  buf=io.BytesIO(); plt.tight_layout(); plt.savefig(buf, format="png"); data=base64.b64encode(buf.getvalue()).decode()
D:\quant_system_pro (3)\quant_system_pro\backtest\backtest_pro.py:330: UserWarning: Glyph 65289 (\N{FULLWIDTH RIGHT PARENTHESIS}) missing from font(s) DejaVu Sans.
  buf=io.BytesIO(); plt.tight_layout(); plt.savefig(buf, format="png"); data=base64.b64encode(buf.getvalue()).decode()
[完成] 最优表: D:\quant_system_pro (3)\quant_system_pro\results\live_90d_BTCUSDT\最优组合总表_S档_20250817-044624.csv
[完成] best_combo: data/best_combo.csv
