[A6-SHIM] pandas.DataFrame.to_csv 已安装修订钩子（仅拦截 a6_strategy_scores*）
C:\Users\Administrator\AppData\Local\Programs\Python\Python39\lib\site-packages\hyperopt\atpe.py:19: UserWarning: pkg_resources is deprecated as an API. See https://setuptools.pypa.io/en/latest/pkg_resources.html. The pkg_resources package is slated for removal as early as 2025-11-30. Refrain from using this package or pin to Setuptools<81.
  import pkg_resources
[GPU] Torch 2.6.0+cu124 | CUDA 12.4 | Device NVIDIA GeForce RTX 3060 | available=True
[GPU] XGBoost 1.7.6 (gpu_hist supported)
[GPU] LightGBM available (GPU depends on build)
[回测] 符号数=1 窗口=90天 S档=ON

  0%|          | 0/25 [00:00<?, ?trial/s, best loss=?]
  4%|▍         | 1/25 [00:09<03:47,  9.47s/trial, best loss: 0.004152037511678253]
  8%|▊         | 2/25 [00:16<03:09,  8.25s/trial, best loss: 0.0010156814126021582]
 12%|█▏        | 3/25 [00:24<02:52,  7.84s/trial, best loss: 0.0010156814126021582]
 16%|█▌        | 4/25 [00:31<02:41,  7.67s/trial, best loss: 0.0004716164428872627]
 20%|██        | 5/25 [00:38<02:29,  7.50s/trial, best loss: -0.0]                 
 24%|██▍       | 6/25 [00:46<02:22,  7.52s/trial, best loss: -0.0]
 28%|██▊       | 7/25 [00:57<02:36,  8.68s/trial, best loss: -0.0]
 32%|███▏      | 8/25 [01:07<02:37,  9.24s/trial, best loss: -0.0]
 36%|███▌      | 9/25 [01:18<02:35,  9.71s/trial, best loss: -0.0]
 40%|████      | 10/25 [01:28<02:25,  9.70s/trial, best loss: -0.0]
 44%|████▍     | 11/25 [01:35<02:06,  9.06s/trial, best loss: -0.00023979184781237894]
 48%|████▊     | 12/25 [01:46<02:04,  9.59s/trial, best loss: -0.00023979184781237894]
 52%|█████▏    | 13/25 [01:58<02:04, 10.35s/trial, best loss: -0.00023979184781237894]
 56%|█████▌    | 14/25 [02:08<01:52, 10.21s/trial, best loss: -0.00023979184781237894]
 60%|██████    | 15/25 [02:21<01:49, 10.94s/trial, best loss: -0.00023979184781237894]
 64%|██████▍   | 16/25 [02:35<01:47, 11.95s/trial, best loss: -0.00023979184781237894]
 68%|██████▊   | 17/25 [02:52<01:46, 13.32s/trial, best loss: -0.00023979184781237894]
 72%|███████▏  | 18/25 [03:00<01:23, 11.89s/trial, best loss: -0.00023979184781237894]
 76%|███████▌  | 19/25 [03:09<01:06, 11.08s/trial, best loss: -0.00023979184781237894]
 80%|████████  | 20/25 [03:24<01:01, 12.22s/trial, best loss: -0.00023979184781237894]
 84%|████████▍ | 21/25 [03:34<00:45, 11.46s/trial, best loss: -0.00023979184781237894]
 88%|████████▊ | 22/25 [03:50<00:38, 12.90s/trial, best loss: -0.00023979184781237894]
 92%|█████████▏| 23/25 [04:00<00:24, 12.06s/trial, best loss: -0.00023979184781237894]
 96%|█████████▌| 24/25 [04:10<00:11, 11.25s/trial, best loss: -0.00023979184781237894]
100%|██████████| 25/25 [04:20<00:00, 11.10s/trial, best loss: -0.00023979184781237894]
100%|██████████| 25/25 [04:20<00:00, 10.44s/trial, best loss: -0.00023979184781237894]

  0%|          | 0/25 [00:00<?, ?trial/s, best loss=?]
  4%|▍         | 1/25 [00:03<01:12,  3.02s/trial, best loss: -0.022172102013760173]
  8%|▊         | 2/25 [00:06<01:16,  3.33s/trial, best loss: -0.022172102013760173]
 12%|█▏        | 3/25 [00:09<01:12,  3.30s/trial, best loss: -0.022172102013760173]
 16%|█▌        | 4/25 [00:12<01:07,  3.22s/trial, best loss: -0.022172102013760173]
 20%|██        | 5/25 [00:16<01:04,  3.23s/trial, best loss: -0.022172102013760173]
 24%|██▍       | 6/25 [00:19<01:03,  3.34s/trial, best loss: -0.022172102013760173]
 28%|██▊       | 7/25 [00:23<01:03,  3.53s/trial, best loss: -0.022172102013760173]
 32%|███▏      | 8/25 [00:27<01:01,  3.61s/trial, best loss: -0.022172102013760173]
 36%|███▌      | 9/25 [00:30<00:55,  3.47s/trial, best loss: -0.022172102013760173]
 40%|████      | 10/25 [00:34<00:53,  3.57s/trial, best loss: -0.022172102013760173]
 44%|████▍     | 11/25 [00:37<00:48,  3.45s/trial, best loss: -0.022172102013760173]
 48%|████▊     | 12/25 [00:41<00:45,  3.47s/trial, best loss: -0.022172102013760173]
 52%|█████▏    | 13/25 [00:45<00:44,  3.67s/trial, best loss: -0.022172102013760173]
 56%|█████▌    | 14/25 [00:48<00:38,  3.52s/trial, best loss: -0.022172102013760173]
 60%|██████    | 15/25 [00:51<00:34,  3.40s/trial, best loss: -0.022172102013760173]
 64%|██████▍   | 16/25 [00:54<00:29,  3.33s/trial, best loss: -0.022172102013760173]
 68%|██████▊   | 17/25 [00:59<00:29,  3.71s/trial, best loss: -0.022172102013760173]
 72%|███████▏  | 18/25 [01:02<00:24,  3.57s/trial, best loss: -0.022172102013760173]
 76%|███████▌  | 19/25 [01:05<00:21,  3.53s/trial, best loss: -0.022172102013760173]
 80%|████████  | 20/25 [01:09<00:18,  3.61s/trial, best loss: -0.022172102013760173]
 84%|████████▍ | 21/25 [01:13<00:14,  3.63s/trial, best loss: -0.022172102013760173]
 88%|████████▊ | 22/25 [01:19<00:13,  4.36s/trial, best loss: -0.022172102013760173]
 92%|█████████▏| 23/25 [01:23<00:08,  4.25s/trial, best loss: -0.022172102013760173]
 96%|█████████▌| 24/25 [01:28<00:04,  4.44s/trial, best loss: -0.022172102013760173]
100%|██████████| 25/25 [01:31<00:00,  4.02s/trial, best loss: -0.022172102013760173]
100%|██████████| 25/25 [01:31<00:00,  3.66s/trial, best loss: -0.022172102013760173]

  0%|          | 0/25 [00:00<?, ?trial/s, best loss=?]
  4%|▍         | 1/25 [00:02<00:51,  2.13s/trial, best loss: -0.019734957324700056]
  8%|▊         | 2/25 [00:04<00:45,  1.98s/trial, best loss: -0.03209398167926017] 
 12%|█▏        | 3/25 [00:05<00:39,  1.79s/trial, best loss: -0.03210464126906043]
 16%|█▌        | 4/25 [00:07<00:37,  1.79s/trial, best loss: -0.03494783665066048]
 20%|██        | 5/25 [00:09<00:35,  1.78s/trial, best loss: -0.03494783665066048]
 24%|██▍       | 6/25 [00:11<00:35,  1.85s/trial, best loss: -0.03494783665066048]
 28%|██▊       | 7/25 [00:13<00:33,  1.87s/trial, best loss: -0.03494783665066048]
 32%|███▏      | 8/25 [00:14<00:32,  1.89s/trial, best loss: -0.03494783665066048]
 36%|███▌      | 9/25 [00:16<00:29,  1.87s/trial, best loss: -0.03494783665066048]
 40%|████      | 10/25 [00:22<00:47,  3.19s/trial, best loss: -0.04015055360400803]
 44%|████▍     | 11/25 [00:24<00:38,  2.77s/trial, best loss: -0.04015055360400803]
 48%|████▊     | 12/25 [00:26<00:32,  2.51s/trial, best loss: -0.04015055360400803]
 52%|█████▏    | 13/25 [00:28<00:28,  2.40s/trial, best loss: -0.04015055360400803]
 56%|█████▌    | 14/25 [00:30<00:24,  2.19s/trial, best loss: -0.04015055360400803]
 60%|██████    | 15/25 [00:32<00:20,  2.07s/trial, best loss: -0.04015055360400803]
 64%|██████▍   | 16/25 [00:34<00:18,  2.07s/trial, best loss: -0.04015055360400803]
 68%|██████▊   | 17/25 [00:37<00:18,  2.31s/trial, best loss: -0.04015055360400803]
 72%|███████▏  | 18/25 [00:38<00:14,  2.11s/trial, best loss: -0.04015055360400803]
 76%|███████▌  | 19/25 [00:40<00:12,  2.03s/trial, best loss: -0.04015055360400803]
 80%|████████  | 20/25 [00:42<00:10,  2.04s/trial, best loss: -0.04015055360400803]
 84%|████████▍ | 21/25 [00:44<00:08,  2.06s/trial, best loss: -0.04015055360400803]
 88%|████████▊ | 22/25 [00:46<00:05,  1.98s/trial, best loss: -0.04015055360400803]
 92%|█████████▏| 23/25 [00:48<00:03,  1.87s/trial, best loss: -0.04015055360400803]
 96%|█████████▌| 24/25 [00:50<00:01,  1.83s/trial, best loss: -0.04015055360400803]
100%|██████████| 25/25 [00:51<00:00,  1.84s/trial, best loss: -0.04015055360400803]
100%|██████████| 25/25 [00:51<00:00,  2.08s/trial, best loss: -0.04015055360400803]

  0%|          | 0/25 [00:00<?, ?trial/s, best loss=?]
  4%|▍         | 1/25 [00:01<00:26,  1.09s/trial, best loss: -0.035852561981038145]
  8%|▊         | 2/25 [00:02<00:29,  1.30s/trial, best loss: -0.035852561981038145]
 12%|█▏        | 3/25 [00:03<00:26,  1.21s/trial, best loss: -0.035852561981038145]
 16%|█▌        | 4/25 [00:04<00:26,  1.24s/trial, best loss: -0.035852561981038145]
 20%|██        | 5/25 [00:06<00:24,  1.20s/trial, best loss: -0.035852561981038145]
 24%|██▍       | 6/25 [00:07<00:22,  1.21s/trial, best loss: -0.035852561981038145]
 28%|██▊       | 7/25 [00:08<00:22,  1.27s/trial, best loss: -0.035852561981038145]
 32%|███▏      | 8/25 [00:09<00:21,  1.27s/trial, best loss: -0.035852561981038145]
 36%|███▌      | 9/25 [00:11<00:19,  1.25s/trial, best loss: -0.035852561981038145]
 40%|████      | 10/25 [00:12<00:18,  1.25s/trial, best loss: -0.035852561981038145]
 44%|████▍     | 11/25 [00:13<00:16,  1.18s/trial, best loss: -0.035852561981038145]
 48%|████▊     | 12/25 [00:14<00:15,  1.18s/trial, best loss: -0.035852561981038145]
 52%|█████▏    | 13/25 [00:15<00:13,  1.16s/trial, best loss: -0.035852561981038145]
 56%|█████▌    | 14/25 [00:17<00:13,  1.21s/trial, best loss: -0.035852561981038145]
 60%|██████    | 15/25 [00:18<00:12,  1.28s/trial, best loss: -0.035852561981038145]
 64%|██████▍   | 16/25 [00:19<00:10,  1.21s/trial, best loss: -0.035852561981038145]
 68%|██████▊   | 17/25 [00:21<00:10,  1.30s/trial, best loss: -0.035852561981038145]
 72%|███████▏  | 18/25 [00:22<00:08,  1.24s/trial, best loss: -0.035852561981038145]
 76%|███████▌  | 19/25 [00:23<00:07,  1.22s/trial, best loss: -0.035852561981038145]
 80%|████████  | 20/25 [00:24<00:06,  1.29s/trial, best loss: -0.035852561981038145]
 84%|████████▍ | 21/25 [00:25<00:04,  1.25s/trial, best loss: -0.04140789892269292] 
 88%|████████▊ | 22/25 [00:27<00:03,  1.19s/trial, best loss: -0.04140789892269292]
 92%|█████████▏| 23/25 [00:28<00:02,  1.16s/trial, best loss: -0.04140789892269292]
 96%|█████████▌| 24/25 [00:29<00:01,  1.17s/trial, best loss: -0.04140789892269292]
100%|██████████| 25/25 [00:30<00:00,  1.17s/trial, best loss: -0.04140789892269292]
100%|██████████| 25/25 [00:30<00:00,  1.22s/trial, best loss: -0.04140789892269292]

  0%|          | 0/25 [00:00<?, ?trial/s, best loss=?]
  4%|▍         | 1/25 [00:00<00:19,  1.21trial/s, best loss: 0.0002096527119549163]
  8%|▊         | 2/25 [00:01<00:21,  1.07trial/s, best loss: -0.0]                 
 12%|█▏        | 3/25 [00:02<00:21,  1.05trial/s, best loss: -0.0]
 16%|█▌        | 4/25 [00:03<00:20,  1.03trial/s, best loss: -0.04437893781869809]
 20%|██        | 5/25 [00:04<00:18,  1.08trial/s, best loss: -0.04437893781869809]
 24%|██▍       | 6/25 [00:05<00:16,  1.14trial/s, best loss: -0.04437893781869809]
 28%|██▊       | 7/25 [00:06<00:16,  1.12trial/s, best loss: -0.04437893781869809]
 32%|███▏      | 8/25 [00:07<00:14,  1.18trial/s, best loss: -0.04437893781869809]
 36%|███▌      | 9/25 [00:08<00:14,  1.14trial/s, best loss: -0.04437893781869809]
 40%|████      | 10/25 [00:08<00:12,  1.17trial/s, best loss: -0.04437893781869809]
 44%|████▍     | 11/25 [00:09<00:11,  1.17trial/s, best loss: -0.04437893781869809]
 48%|████▊     | 12/25 [00:10<00:11,  1.12trial/s, best loss: -0.04437893781869809]
 52%|█████▏    | 13/25 [00:11<00:10,  1.17trial/s, best loss: -0.04437893781869809]
 56%|█████▌    | 14/25 [00:12<00:09,  1.16trial/s, best loss: -0.04437893781869809]
 60%|██████    | 15/25 [00:13<00:08,  1.12trial/s, best loss: -0.04460213156692273]
 64%|██████▍   | 16/25 [00:14<00:08,  1.08trial/s, best loss: -0.04460213156692273]
 68%|██████▊   | 17/25 [00:15<00:07,  1.04trial/s, best loss: -0.04460213156692273]
 72%|███████▏  | 18/25 [00:16<00:06,  1.09trial/s, best loss: -0.04460213156692273]
 76%|███████▌  | 19/25 [00:16<00:05,  1.14trial/s, best loss: -0.04460213156692273]
 80%|████████  | 20/25 [00:17<00:04,  1.13trial/s, best loss: -0.04460213156692273]
 84%|████████▍ | 21/25 [00:18<00:03,  1.08trial/s, best loss: -0.04460213156692273]
 88%|████████▊ | 22/25 [00:19<00:02,  1.09trial/s, best loss: -0.04460213156692273]
 92%|█████████▏| 23/25 [00:20<00:01,  1.09trial/s, best loss: -0.04460213156692273]
 96%|█████████▌| 24/25 [00:21<00:00,  1.11trial/s, best loss: -0.04460213156692273]
100%|██████████| 25/25 [00:22<00:00,  1.13trial/s, best loss: -0.04460213156692273]
100%|██████████| 25/25 [00:22<00:00,  1.12trial/s, best loss: -0.04460213156692273]

  0%|          | 0/25 [00:00<?, ?trial/s, best loss=?]
  4%|▍         | 1/25 [00:00<00:19,  1.22trial/s, best loss: -0.0]
  8%|▊         | 2/25 [00:01<00:17,  1.29trial/s, best loss: -0.0]
 12%|█▏        | 3/25 [00:02<00:16,  1.34trial/s, best loss: -0.047223253207249]
 16%|█▌        | 4/25 [00:03<00:15,  1.35trial/s, best loss: -0.047223253207249]
 20%|██        | 5/25 [00:03<00:13,  1.43trial/s, best loss: -0.047223253207249]
 24%|██▍       | 6/25 [00:04<00:12,  1.49trial/s, best loss: -0.05917582197308782]
 28%|██▊       | 7/25 [00:04<00:11,  1.51trial/s, best loss: -0.05917582197308782]
 32%|███▏      | 8/25 [00:05<00:11,  1.43trial/s, best loss: -0.05917582197308782]
 36%|███▌      | 9/25 [00:06<00:11,  1.36trial/s, best loss: -0.05917582197308782]
 40%|████      | 10/25 [00:07<00:11,  1.27trial/s, best loss: -0.05917582197308782]
 44%|████▍     | 11/25 [00:08<00:11,  1.25trial/s, best loss: -0.05917582197308782]
 48%|████▊     | 12/25 [00:09<00:10,  1.23trial/s, best loss: -0.05917582197308782]
 52%|█████▏    | 13/25 [00:09<00:09,  1.22trial/s, best loss: -0.05917582197308782]
 56%|█████▌    | 14/25 [00:10<00:08,  1.33trial/s, best loss: -0.05917582197308782]
 60%|██████    | 15/25 [00:11<00:07,  1.30trial/s, best loss: -0.05917582197308782]
 64%|██████▍   | 16/25 [00:11<00:06,  1.39trial/s, best loss: -0.06880786500456419]
 68%|██████▊   | 17/25 [00:12<00:06,  1.33trial/s, best loss: -0.06880786500456419]
 72%|███████▏  | 18/25 [00:13<00:04,  1.42trial/s, best loss: -0.06880786500456419]
 76%|███████▌  | 19/25 [00:14<00:04,  1.40trial/s, best loss: -0.06880786500456419]
 80%|████████  | 20/25 [00:14<00:03,  1.41trial/s, best loss: -0.06880786500456419]
 84%|████████▍ | 21/25 [00:15<00:02,  1.37trial/s, best loss: -0.06880786500456419]
 88%|████████▊ | 22/25 [00:16<00:02,  1.31trial/s, best loss: -0.06880786500456419]
 92%|█████████▏| 23/25 [00:17<00:01,  1.28trial/s, best loss: -0.06880786500456419]
 96%|█████████▌| 24/25 [00:18<00:00,  1.20trial/s, best loss: -0.06880786500456419]
100%|██████████| 25/25 [00:18<00:00,  1.29trial/s, best loss: -0.06880786500456419]
100%|██████████| 25/25 [00:18<00:00,  1.33trial/s, best loss: -0.06880786500456419]
D:\quant_system_pro (3)\quant_system_pro\backtest\backtest_pro.py:330: UserWarning: Glyph 39057 (\N{CJK UNIFIED IDEOGRAPH-9891}) missing from font(s) DejaVu Sans.
  buf=io.BytesIO(); plt.tight_layout(); plt.savefig(buf, format="png"); data=base64.b64encode(buf.getvalue()).decode()
D:\quant_system_pro (3)\quant_system_pro\backtest\backtest_pro.py:330: UserWarning: Glyph 25968 (\N{CJK UNIFIED IDEOGRAPH-6570}) missing from font(s) DejaVu Sans.
  buf=io.BytesIO(); plt.tight_layout(); plt.savefig(buf, format="png"); data=base64.b64encode(buf.getvalue()).decode()
D:\quant_system_pro (3)\quant_system_pro\backtest\backtest_pro.py:330: UserWarning: Glyph 20998 (\N{CJK UNIFIED IDEOGRAPH-5206}) missing from font(s) DejaVu Sans.
  buf=io.BytesIO(); plt.tight_layout(); plt.savefig(buf, format="png"); data=base64.b64encode(buf.getvalue()).decode()
D:\quant_system_pro (3)\quant_system_pro\backtest\backtest_pro.py:330: UserWarning: Glyph 24067 (\N{CJK UNIFIED IDEOGRAPH-5E03}) missing from font(s) DejaVu Sans.
  buf=io.BytesIO(); plt.tight_layout(); plt.savefig(buf, format="png"); data=base64.b64encode(buf.getvalue()).decode()
D:\quant_system_pro (3)\quant_system_pro\backtest\backtest_pro.py:330: UserWarning: Glyph 65288 (\N{FULLWIDTH LEFT PARENTHESIS}) missing from font(s) DejaVu Sans.
  buf=io.BytesIO(); plt.tight_layout(); plt.savefig(buf, format="png"); data=base64.b64encode(buf.getvalue()).decode()
D:\quant_system_pro (3)\quant_system_pro\backtest\backtest_pro.py:330: UserWarning: Glyph 36234 (\N{CJK UNIFIED IDEOGRAPH-8D8A}) missing from font(s) DejaVu Sans.
  buf=io.BytesIO(); plt.tight_layout(); plt.savefig(buf, format="png"); data=base64.b64encode(buf.getvalue()).decode()
D:\quant_system_pro (3)\quant_system_pro\backtest\backtest_pro.py:330: UserWarning: Glyph 20302 (\N{CJK UNIFIED IDEOGRAPH-4F4E}) missing from font(s) DejaVu Sans.
  buf=io.BytesIO(); plt.tight_layout(); plt.savefig(buf, format="png"); data=base64.b64encode(buf.getvalue()).decode()
D:\quant_system_pro (3)\quant_system_pro\backtest\backtest_pro.py:330: UserWarning: Glyph 22909 (\N{CJK UNIFIED IDEOGRAPH-597D}) missing from font(s) DejaVu Sans.
  buf=io.BytesIO(); plt.tight_layout(); plt.savefig(buf, format="png"); data=base64.b64encode(buf.getvalue()).decode()
D:\quant_system_pro (3)\quant_system_pro\backtest\backtest_pro.py:330: UserWarning: Glyph 65289 (\N{FULLWIDTH RIGHT PARENTHESIS}) missing from font(s) DejaVu Sans.
  buf=io.BytesIO(); plt.tight_layout(); plt.savefig(buf, format="png"); data=base64.b64encode(buf.getvalue()).decode()
[完成] 最优表: D:\quant_system_pro (3)\quant_system_pro\results\live_90d_BTCUSDT\最优组合总表_S档_20250817-045839.csv
[完成] best_combo: data/best_combo.csv
