[A6-SHIM] pandas.DataFrame.to_csv 已安装修订钩子（仅拦截 a6_strategy_scores*）
C:\Users\Administrator\AppData\Local\Programs\Python\Python39\lib\site-packages\hyperopt\atpe.py:19: UserWarning: pkg_resources is deprecated as an API. See https://setuptools.pypa.io/en/latest/pkg_resources.html. The pkg_resources package is slated for removal as early as 2025-11-30. Refrain from using this package or pin to Setuptools<81.
  import pkg_resources
[GPU] Torch 2.6.0+cu124 | CUDA 12.4 | Device NVIDIA GeForce RTX 3060 | available=True
[GPU] XGBoost 1.7.6 (gpu_hist supported)
[GPU] LightGBM available (GPU depends on build)
[回测] 符号数=1 窗口=90天 S档=ON

  0%|          | 0/25 [00:00<?, ?trial/s, best loss=?]
  4%|▍         | 1/25 [00:00<00:21,  1.14trial/s, best loss: 0.08162940134277313]
  8%|▊         | 2/25 [00:01<00:19,  1.20trial/s, best loss: 0.08162940134277313]
 12%|█▏        | 3/25 [00:02<00:19,  1.13trial/s, best loss: 0.0802282315496724] 
 16%|█▌        | 4/25 [00:03<00:19,  1.10trial/s, best loss: 0.0802282315496724]
 20%|██        | 5/25 [00:04<00:18,  1.07trial/s, best loss: 0.0802282315496724]
 24%|██▍       | 6/25 [00:05<00:17,  1.07trial/s, best loss: 0.0802282315496724]
 28%|██▊       | 7/25 [00:06<00:16,  1.08trial/s, best loss: 0.0802282315496724]
 32%|███▏      | 8/25 [00:07<00:15,  1.08trial/s, best loss: 0.0802282315496724]
 36%|███▌      | 9/25 [00:08<00:14,  1.13trial/s, best loss: 0.0802282315496724]
 40%|████      | 10/25 [00:08<00:12,  1.17trial/s, best loss: 0.0802282315496724]
 44%|████▍     | 11/25 [00:09<00:12,  1.15trial/s, best loss: 0.0802282315496724]
 48%|████▊     | 12/25 [00:10<00:11,  1.17trial/s, best loss: 0.0802282315496724]
 52%|█████▏    | 13/25 [00:11<00:10,  1.14trial/s, best loss: 0.0802282315496724]
 56%|█████▌    | 14/25 [00:12<00:09,  1.17trial/s, best loss: 0.0802282315496724]
 60%|██████    | 15/25 [00:13<00:08,  1.19trial/s, best loss: 0.0802282315496724]
 64%|██████▍   | 16/25 [00:14<00:07,  1.18trial/s, best loss: 0.0802282315496724]
 68%|██████▊   | 17/25 [00:14<00:06,  1.16trial/s, best loss: 0.0802282315496724]
 72%|███████▏  | 18/25 [00:15<00:05,  1.17trial/s, best loss: 0.0802282315496724]
 76%|███████▌  | 19/25 [00:16<00:05,  1.19trial/s, best loss: 0.0802282315496724]
 80%|████████  | 20/25 [00:17<00:04,  1.16trial/s, best loss: 0.0802282315496724]
 84%|████████▍ | 21/25 [00:18<00:03,  1.09trial/s, best loss: 0.05849479258466961]
 88%|████████▊ | 22/25 [00:19<00:02,  1.07trial/s, best loss: 0.05849479258466961]
 92%|█████████▏| 23/25 [00:20<00:01,  1.04trial/s, best loss: 0.027764828862704417]
 96%|█████████▌| 24/25 [00:21<00:00,  1.05trial/s, best loss: 0.027764828862704417]
100%|██████████| 25/25 [00:22<00:00,  1.06trial/s, best loss: 0.027764828862704417]
100%|██████████| 25/25 [00:22<00:00,  1.12trial/s, best loss: 0.027764828862704417]

  0%|          | 0/25 [00:00<?, ?trial/s, best loss=?]
  4%|▍         | 1/25 [00:00<00:13,  1.73trial/s, best loss: 0.08241262885323446]
  8%|▊         | 2/25 [00:01<00:13,  1.69trial/s, best loss: 0.08241262885323446]
 12%|█▏        | 3/25 [00:01<00:14,  1.54trial/s, best loss: 0.08241262885323446]
 16%|█▌        | 4/25 [00:02<00:13,  1.51trial/s, best loss: 0.07547141856781903]
 20%|██        | 5/25 [00:03<00:13,  1.47trial/s, best loss: -0.010390293702097812]
 24%|██▍       | 6/25 [00:03<00:13,  1.45trial/s, best loss: -0.010390293702097812]
 28%|██▊       | 7/25 [00:04<00:11,  1.50trial/s, best loss: -0.010390293702097812]
 32%|███▏      | 8/25 [00:05<00:11,  1.46trial/s, best loss: -0.010390293702097812]
 36%|███▌      | 9/25 [00:06<00:10,  1.45trial/s, best loss: -0.010390293702097812]
 40%|████      | 10/25 [00:06<00:10,  1.50trial/s, best loss: -0.010390293702097812]
 44%|████▍     | 11/25 [00:07<00:09,  1.46trial/s, best loss: -0.010390293702097812]
 48%|████▊     | 12/25 [00:07<00:08,  1.51trial/s, best loss: -0.010390293702097812]
 52%|█████▏    | 13/25 [00:08<00:08,  1.50trial/s, best loss: -0.010390293702097812]
 56%|█████▌    | 14/25 [00:09<00:07,  1.54trial/s, best loss: -0.010390293702097812]
 60%|██████    | 15/25 [00:09<00:06,  1.54trial/s, best loss: -0.010390293702097812]
 64%|██████▍   | 16/25 [00:10<00:05,  1.53trial/s, best loss: -0.010390293702097812]
 68%|██████▊   | 17/25 [00:11<00:05,  1.57trial/s, best loss: -0.010390293702097812]
 72%|███████▏  | 18/25 [00:11<00:04,  1.58trial/s, best loss: -0.010390293702097812]
 76%|███████▌  | 19/25 [00:12<00:03,  1.62trial/s, best loss: -0.010390293702097812]
 80%|████████  | 20/25 [00:13<00:03,  1.57trial/s, best loss: -0.010390293702097812]
 84%|████████▍ | 21/25 [00:13<00:02,  1.56trial/s, best loss: -0.010390293702097812]
 88%|████████▊ | 22/25 [00:14<00:01,  1.53trial/s, best loss: -0.010390293702097812]
 92%|█████████▏| 23/25 [00:14<00:01,  1.58trial/s, best loss: -0.010390293702097812]
 96%|█████████▌| 24/25 [00:15<00:00,  1.51trial/s, best loss: -0.010390293702097812]
100%|██████████| 25/25 [00:16<00:00,  1.42trial/s, best loss: -0.010390293702097812]
100%|██████████| 25/25 [00:16<00:00,  1.51trial/s, best loss: -0.010390293702097812]

  0%|          | 0/25 [00:00<?, ?trial/s, best loss=?]
  4%|▍         | 1/25 [00:00<00:13,  1.84trial/s, best loss: 0.09569663392923644]
  8%|▊         | 2/25 [00:01<00:14,  1.64trial/s, best loss: 0.09569663392923644]
 12%|█▏        | 3/25 [00:01<00:13,  1.61trial/s, best loss: 0.08900026043675727]
 16%|█▌        | 4/25 [00:02<00:13,  1.60trial/s, best loss: 0.06966610695870933]
 20%|██        | 5/25 [00:03<00:12,  1.58trial/s, best loss: 0.06732770440623935]
 24%|██▍       | 6/25 [00:03<00:11,  1.66trial/s, best loss: 0.06732770440623935]
 28%|██▊       | 7/25 [00:04<00:10,  1.66trial/s, best loss: 0.06732770440623935]
 32%|███▏      | 8/25 [00:04<00:10,  1.63trial/s, best loss: 0.06732770440623935]
 36%|███▌      | 9/25 [00:05<00:09,  1.63trial/s, best loss: 0.06732770440623935]
 40%|████      | 10/25 [00:06<00:09,  1.61trial/s, best loss: 0.06732770440623935]
 44%|████▍     | 11/25 [00:06<00:08,  1.69trial/s, best loss: 0.06732770440623935]
 48%|████▊     | 12/25 [00:07<00:07,  1.64trial/s, best loss: 0.06732770440623935]
 52%|█████▏    | 13/25 [00:07<00:07,  1.70trial/s, best loss: 0.06732770440623935]
 56%|█████▌    | 14/25 [00:08<00:06,  1.64trial/s, best loss: 0.06732770440623935]
 60%|██████    | 15/25 [00:09<00:06,  1.61trial/s, best loss: 0.06732770440623935]
 64%|██████▍   | 16/25 [00:09<00:05,  1.59trial/s, best loss: 0.06732770440623935]
 68%|██████▊   | 17/25 [00:10<00:04,  1.65trial/s, best loss: 0.06732770440623935]
 72%|███████▏  | 18/25 [00:11<00:04,  1.61trial/s, best loss: 0.06732770440623935]
 76%|███████▌  | 19/25 [00:11<00:03,  1.61trial/s, best loss: 0.06732770440623935]
 80%|████████  | 20/25 [00:12<00:03,  1.57trial/s, best loss: 0.06732770440623935]
 84%|████████▍ | 21/25 [00:12<00:02,  1.62trial/s, best loss: 0.06732770440623935]
 88%|████████▊ | 22/25 [00:13<00:01,  1.54trial/s, best loss: 0.06732770440623935]
 92%|█████████▏| 23/25 [00:14<00:01,  1.55trial/s, best loss: 0.06732770440623935]
 96%|█████████▌| 24/25 [00:14<00:00,  1.56trial/s, best loss: 0.06732770440623935]
100%|██████████| 25/25 [00:15<00:00,  1.58trial/s, best loss: 0.06732770440623935]
100%|██████████| 25/25 [00:15<00:00,  1.61trial/s, best loss: 0.06732770440623935]

  0%|          | 0/25 [00:00<?, ?trial/s, best loss=?]
  4%|▍         | 1/25 [00:00<00:15,  1.59trial/s, best loss: -0.0511191299428918]
  8%|▊         | 2/25 [00:01<00:14,  1.60trial/s, best loss: -0.0511191299428918]
 12%|█▏        | 3/25 [00:01<00:13,  1.63trial/s, best loss: -0.0511191299428918]
 16%|█▌        | 4/25 [00:02<00:11,  1.75trial/s, best loss: -0.0511191299428918]
 20%|██        | 5/25 [00:02<00:10,  1.83trial/s, best loss: -0.0511191299428918]
 24%|██▍       | 6/25 [00:03<00:10,  1.76trial/s, best loss: -0.06505861193833334]
 28%|██▊       | 7/25 [00:03<00:09,  1.83trial/s, best loss: -0.06505861193833334]
 32%|███▏      | 8/25 [00:04<00:09,  1.85trial/s, best loss: -0.06505861193833334]
 36%|███▌      | 9/25 [00:05<00:08,  1.89trial/s, best loss: -0.06505861193833334]
 40%|████      | 10/25 [00:05<00:08,  1.82trial/s, best loss: -0.06505861193833334]
 44%|████▍     | 11/25 [00:06<00:07,  1.87trial/s, best loss: -0.06505861193833334]
 48%|████▊     | 12/25 [00:06<00:06,  1.92trial/s, best loss: -0.06505861193833334]
 52%|█████▏    | 13/25 [00:07<00:06,  1.94trial/s, best loss: -0.06505861193833334]
 56%|█████▌    | 14/25 [00:07<00:05,  1.85trial/s, best loss: -0.06505861193833334]
 60%|██████    | 15/25 [00:08<00:05,  1.91trial/s, best loss: -0.06505861193833334]
 64%|██████▍   | 16/25 [00:08<00:04,  1.88trial/s, best loss: -0.06505861193833334]
 68%|██████▊   | 17/25 [00:09<00:04,  1.90trial/s, best loss: -0.06505861193833334]
 72%|███████▏  | 18/25 [00:09<00:03,  1.88trial/s, best loss: -0.06505861193833334]
 76%|███████▌  | 19/25 [00:10<00:03,  1.80trial/s, best loss: -0.06505861193833334]
 80%|████████  | 20/25 [00:11<00:02,  1.74trial/s, best loss: -0.06505861193833334]
 84%|████████▍ | 21/25 [00:11<00:02,  1.67trial/s, best loss: -0.06505861193833334]
 88%|████████▊ | 22/25 [00:12<00:01,  1.73trial/s, best loss: -0.06505861193833334]
 92%|█████████▏| 23/25 [00:12<00:01,  1.79trial/s, best loss: -0.06505861193833334]
 96%|█████████▌| 24/25 [00:13<00:00,  1.78trial/s, best loss: -0.06505861193833334]
100%|██████████| 25/25 [00:13<00:00,  1.70trial/s, best loss: -0.06505861193833334]
100%|██████████| 25/25 [00:13<00:00,  1.79trial/s, best loss: -0.06505861193833334]

  0%|          | 0/25 [00:00<?, ?trial/s, best loss=?]
  4%|▍         | 1/25 [00:00<00:12,  1.95trial/s, best loss: -0.11320336501314096]
  8%|▊         | 2/25 [00:01<00:13,  1.76trial/s, best loss: -0.11320336501314096]
 12%|█▏        | 3/25 [00:01<00:11,  1.87trial/s, best loss: -0.11320336501314096]
 16%|█▌        | 4/25 [00:02<00:12,  1.72trial/s, best loss: -0.11320336501314096]
 20%|██        | 5/25 [00:02<00:11,  1.81trial/s, best loss: -0.11320336501314096]
 24%|██▍       | 6/25 [00:03<00:10,  1.78trial/s, best loss: -0.11320336501314096]
 28%|██▊       | 7/25 [00:03<00:10,  1.78trial/s, best loss: -0.11320336501314096]
 32%|███▏      | 8/25 [00:04<00:09,  1.81trial/s, best loss: -0.11320336501314096]
 36%|███▌      | 9/25 [00:05<00:08,  1.80trial/s, best loss: -0.11320336501314096]
 40%|████      | 10/25 [00:05<00:08,  1.74trial/s, best loss: -0.11320336501314096]
 44%|████▍     | 11/25 [00:06<00:07,  1.79trial/s, best loss: -0.11320336501314096]
 48%|████▊     | 12/25 [00:06<00:07,  1.72trial/s, best loss: -0.11320336501314096]
 52%|█████▏    | 13/25 [00:07<00:06,  1.80trial/s, best loss: -0.11320336501314096]
 56%|█████▌    | 14/25 [00:07<00:06,  1.77trial/s, best loss: -0.11320336501314096]
 60%|██████    | 15/25 [00:08<00:05,  1.73trial/s, best loss: -0.11320336501314096]
 64%|██████▍   | 16/25 [00:08<00:05,  1.80trial/s, best loss: -0.11320336501314096]
 68%|██████▊   | 17/25 [00:09<00:04,  1.78trial/s, best loss: -0.11320336501314096]
 72%|███████▏  | 18/25 [00:10<00:03,  1.82trial/s, best loss: -0.11320336501314096]
 76%|███████▌  | 19/25 [00:10<00:03,  1.80trial/s, best loss: -0.11320336501314096]
 80%|████████  | 20/25 [00:11<00:02,  1.73trial/s, best loss: -0.11320336501314096]
 84%|████████▍ | 21/25 [00:11<00:02,  1.72trial/s, best loss: -0.11320336501314096]
 88%|████████▊ | 22/25 [00:12<00:01,  1.66trial/s, best loss: -0.11320336501314096]
 92%|█████████▏| 23/25 [00:12<00:01,  1.76trial/s, best loss: -0.11320336501314096]
 96%|█████████▌| 24/25 [00:13<00:00,  1.77trial/s, best loss: -0.11320336501314096]
100%|██████████| 25/25 [00:14<00:00,  1.76trial/s, best loss: -0.11320336501314096]
100%|██████████| 25/25 [00:14<00:00,  1.77trial/s, best loss: -0.11320336501314096]

  0%|          | 0/25 [00:00<?, ?trial/s, best loss=?]
  4%|▍         | 1/25 [00:00<00:14,  1.71trial/s, best loss: -0.0]
  8%|▊         | 2/25 [00:01<00:13,  1.68trial/s, best loss: -0.0]
 12%|█▏        | 3/25 [00:01<00:13,  1.66trial/s, best loss: -0.0]
 16%|█▌        | 4/25 [00:02<00:12,  1.66trial/s, best loss: -0.0]
 20%|██        | 5/25 [00:02<00:11,  1.77trial/s, best loss: -0.0]
 24%|██▍       | 6/25 [00:03<00:11,  1.71trial/s, best loss: -0.0]
 28%|██▊       | 7/25 [00:04<00:11,  1.63trial/s, best loss: -0.0]
 32%|███▏      | 8/25 [00:04<00:09,  1.74trial/s, best loss: -0.0]
 36%|███▌      | 9/25 [00:05<00:09,  1.67trial/s, best loss: -0.0]
 40%|████      | 10/25 [00:05<00:09,  1.67trial/s, best loss: -0.0]
 44%|████▍     | 11/25 [00:06<00:07,  1.77trial/s, best loss: -0.0]
 48%|████▊     | 12/25 [00:07<00:07,  1.76trial/s, best loss: -0.0]
 52%|█████▏    | 13/25 [00:07<00:06,  1.72trial/s, best loss: -0.0]
 56%|█████▌    | 14/25 [00:08<00:06,  1.66trial/s, best loss: -0.0]
 60%|██████    | 15/25 [00:08<00:06,  1.65trial/s, best loss: -0.0]
 64%|██████▍   | 16/25 [00:09<00:05,  1.75trial/s, best loss: -0.0]
 68%|██████▊   | 17/25 [00:09<00:04,  1.77trial/s, best loss: -0.0]
 72%|███████▏  | 18/25 [00:10<00:04,  1.73trial/s, best loss: -0.0]
 76%|███████▌  | 19/25 [00:11<00:03,  1.73trial/s, best loss: -0.0]
 80%|████████  | 20/25 [00:11<00:02,  1.70trial/s, best loss: -0.0]
 84%|████████▍ | 21/25 [00:12<00:02,  1.81trial/s, best loss: -0.0]
 88%|████████▊ | 22/25 [00:12<00:01,  1.87trial/s, best loss: -0.0]
 92%|█████████▏| 23/25 [00:13<00:01,  1.83trial/s, best loss: -0.0]
 96%|█████████▌| 24/25 [00:13<00:00,  1.87trial/s, best loss: -0.0]
100%|██████████| 25/25 [00:14<00:00,  1.90trial/s, best loss: -0.0]
100%|██████████| 25/25 [00:14<00:00,  1.75trial/s, best loss: -0.0]
D:\quant_system_pro (3)\quant_system_pro\backtest\backtest_pro.py:330: UserWarning: Glyph 39057 (\N{CJK UNIFIED IDEOGRAPH-9891}) missing from font(s) DejaVu Sans.
  buf=io.BytesIO(); plt.tight_layout(); plt.savefig(buf, format="png"); data=base64.b64encode(buf.getvalue()).decode()
D:\quant_system_pro (3)\quant_system_pro\backtest\backtest_pro.py:330: UserWarning: Glyph 25968 (\N{CJK UNIFIED IDEOGRAPH-6570}) missing from font(s) DejaVu Sans.
  buf=io.BytesIO(); plt.tight_layout(); plt.savefig(buf, format="png"); data=base64.b64encode(buf.getvalue()).decode()
D:\quant_system_pro (3)\quant_system_pro\backtest\backtest_pro.py:330: UserWarning: Glyph 20998 (\N{CJK UNIFIED IDEOGRAPH-5206}) missing from font(s) DejaVu Sans.
  buf=io.BytesIO(); plt.tight_layout(); plt.savefig(buf, format="png"); data=base64.b64encode(buf.getvalue()).decode()
D:\quant_system_pro (3)\quant_system_pro\backtest\backtest_pro.py:330: UserWarning: Glyph 24067 (\N{CJK UNIFIED IDEOGRAPH-5E03}) missing from font(s) DejaVu Sans.
  buf=io.BytesIO(); plt.tight_layout(); plt.savefig(buf, format="png"); data=base64.b64encode(buf.getvalue()).decode()
D:\quant_system_pro (3)\quant_system_pro\backtest\backtest_pro.py:330: UserWarning: Glyph 65288 (\N{FULLWIDTH LEFT PARENTHESIS}) missing from font(s) DejaVu Sans.
  buf=io.BytesIO(); plt.tight_layout(); plt.savefig(buf, format="png"); data=base64.b64encode(buf.getvalue()).decode()
D:\quant_system_pro (3)\quant_system_pro\backtest\backtest_pro.py:330: UserWarning: Glyph 36234 (\N{CJK UNIFIED IDEOGRAPH-8D8A}) missing from font(s) DejaVu Sans.
  buf=io.BytesIO(); plt.tight_layout(); plt.savefig(buf, format="png"); data=base64.b64encode(buf.getvalue()).decode()
D:\quant_system_pro (3)\quant_system_pro\backtest\backtest_pro.py:330: UserWarning: Glyph 20302 (\N{CJK UNIFIED IDEOGRAPH-4F4E}) missing from font(s) DejaVu Sans.
  buf=io.BytesIO(); plt.tight_layout(); plt.savefig(buf, format="png"); data=base64.b64encode(buf.getvalue()).decode()
D:\quant_system_pro (3)\quant_system_pro\backtest\backtest_pro.py:330: UserWarning: Glyph 22909 (\N{CJK UNIFIED IDEOGRAPH-597D}) missing from font(s) DejaVu Sans.
  buf=io.BytesIO(); plt.tight_layout(); plt.savefig(buf, format="png"); data=base64.b64encode(buf.getvalue()).decode()
D:\quant_system_pro (3)\quant_system_pro\backtest\backtest_pro.py:330: UserWarning: Glyph 65289 (\N{FULLWIDTH RIGHT PARENTHESIS}) missing from font(s) DejaVu Sans.
  buf=io.BytesIO(); plt.tight_layout(); plt.savefig(buf, format="png"); data=base64.b64encode(buf.getvalue()).decode()
[完成] 最优表: D:\quant_system_pro (3)\quant_system_pro\results\live_90d_BTCUSDT\最优组合总表_S档_20250817-045140.csv
[完成] best_combo: data/best_combo.csv
