[A6-SHIM] pandas.DataFrame.to_csv 已安装修订钩子（仅拦截 a6_strategy_scores*）
C:\Users\Administrator\AppData\Local\Programs\Python\Python39\lib\site-packages\hyperopt\atpe.py:19: UserWarning: pkg_resources is deprecated as an API. See https://setuptools.pypa.io/en/latest/pkg_resources.html. The pkg_resources package is slated for removal as early as 2025-11-30. Refrain from using this package or pin to Setuptools<81.
  import pkg_resources
[GPU] Torch 2.6.0+cu124 | CUDA 12.4 | Device NVIDIA GeForce RTX 3060 | available=True
[GPU] XGBoost 1.7.6 (gpu_hist supported)
[GPU] LightGBM available (GPU depends on build)
[回测] 符号数=1 窗口=90天 S档=ON

  0%|          | 0/25 [00:00<?, ?trial/s, best loss=?]
  4%|▍         | 1/25 [00:00<00:21,  1.14trial/s, best loss: 0.08163745492236028]
  8%|▊         | 2/25 [00:01<00:19,  1.21trial/s, best loss: 0.08163745492236028]
 12%|█▏        | 3/25 [00:02<00:18,  1.19trial/s, best loss: 0.08023668381862978]
 16%|█▌        | 4/25 [00:03<00:18,  1.16trial/s, best loss: 0.08023668381862978]
 20%|██        | 5/25 [00:04<00:17,  1.14trial/s, best loss: 0.08023668381862978]
 24%|██▍       | 6/25 [00:05<00:15,  1.19trial/s, best loss: 0.08023668381862978]
 28%|██▊       | 7/25 [00:05<00:14,  1.21trial/s, best loss: 0.08023668381862978]
 32%|███▏      | 8/25 [00:06<00:14,  1.21trial/s, best loss: 0.08023668381862978]
 36%|███▌      | 9/25 [00:07<00:13,  1.17trial/s, best loss: 0.08023668381862978]
 40%|████      | 10/25 [00:08<00:12,  1.18trial/s, best loss: 0.08023668381862978]
 44%|████▍     | 11/25 [00:09<00:11,  1.18trial/s, best loss: 0.08023668381862978]
 48%|████▊     | 12/25 [00:10<00:10,  1.20trial/s, best loss: 0.08023668381862978]
 52%|█████▏    | 13/25 [00:11<00:10,  1.17trial/s, best loss: 0.08023668381862978]
 56%|█████▌    | 14/25 [00:11<00:09,  1.14trial/s, best loss: 0.08023668381862978]
 60%|██████    | 15/25 [00:12<00:08,  1.17trial/s, best loss: 0.08023668381862978]
 64%|██████▍   | 16/25 [00:13<00:07,  1.19trial/s, best loss: 0.08023668381862978]
 68%|██████▊   | 17/25 [00:14<00:06,  1.19trial/s, best loss: 0.08023668381862978]
 72%|███████▏  | 18/25 [00:15<00:05,  1.22trial/s, best loss: 0.08023668381862978]
 76%|███████▌  | 19/25 [00:16<00:05,  1.20trial/s, best loss: 0.08023668381862978]
 80%|████████  | 20/25 [00:16<00:04,  1.18trial/s, best loss: 0.08023668381862978]
 84%|████████▍ | 21/25 [00:17<00:03,  1.18trial/s, best loss: 0.05850143318900282]
 88%|████████▊ | 22/25 [00:18<00:02,  1.20trial/s, best loss: 0.05850143318900282]
 92%|█████████▏| 23/25 [00:19<00:01,  1.18trial/s, best loss: 0.02776770469720836]
 96%|█████████▌| 24/25 [00:20<00:00,  1.17trial/s, best loss: 0.02776770469720836]
100%|██████████| 25/25 [00:21<00:00,  1.19trial/s, best loss: 0.02776770469720836]
100%|██████████| 25/25 [00:21<00:00,  1.18trial/s, best loss: 0.02776770469720836]

  0%|          | 0/25 [00:00<?, ?trial/s, best loss=?]
  4%|▍         | 1/25 [00:00<00:15,  1.50trial/s, best loss: 0.08241991970436727]
  8%|▊         | 2/25 [00:01<00:14,  1.62trial/s, best loss: 0.08241991970436727]
 12%|█▏        | 3/25 [00:01<00:13,  1.65trial/s, best loss: 0.08241991970436727]
 16%|█▌        | 4/25 [00:02<00:13,  1.59trial/s, best loss: 0.07547825896679887]
 20%|██        | 5/25 [00:03<00:12,  1.64trial/s, best loss: -0.010391663265246405]
 24%|██▍       | 6/25 [00:03<00:11,  1.66trial/s, best loss: -0.010391663265246405]
 28%|██▊       | 7/25 [00:04<00:11,  1.58trial/s, best loss: -0.010391663265246405]
 32%|███▏      | 8/25 [00:04<00:10,  1.61trial/s, best loss: -0.010391663265246405]
 36%|███▌      | 9/25 [00:05<00:09,  1.60trial/s, best loss: -0.010391663265246405]
 40%|████      | 10/25 [00:06<00:09,  1.63trial/s, best loss: -0.010391663265246405]
 44%|████▍     | 11/25 [00:06<00:08,  1.66trial/s, best loss: -0.010391663265246405]
 48%|████▊     | 12/25 [00:07<00:08,  1.58trial/s, best loss: -0.010391663265246405]
 52%|█████▏    | 13/25 [00:08<00:07,  1.61trial/s, best loss: -0.010391663265246405]
 56%|█████▌    | 14/25 [00:08<00:07,  1.54trial/s, best loss: -0.010391663265246405]
 60%|██████    | 15/25 [00:09<00:06,  1.51trial/s, best loss: -0.010391663265246405]
 64%|██████▍   | 16/25 [00:10<00:06,  1.48trial/s, best loss: -0.010391663265246405]
 68%|██████▊   | 17/25 [00:10<00:05,  1.47trial/s, best loss: -0.010391663265246405]
 72%|███████▏  | 18/25 [00:11<00:04,  1.56trial/s, best loss: -0.010391663265246405]
 76%|███████▌  | 19/25 [00:12<00:03,  1.51trial/s, best loss: -0.010391663265246405]
 80%|████████  | 20/25 [00:12<00:03,  1.51trial/s, best loss: -0.010391663265246405]
 84%|████████▍ | 21/25 [00:13<00:02,  1.49trial/s, best loss: -0.010391663265246405]
 88%|████████▊ | 22/25 [00:14<00:01,  1.53trial/s, best loss: -0.010391663265246405]
 92%|█████████▏| 23/25 [00:14<00:01,  1.54trial/s, best loss: -0.010391663265246405]
 96%|█████████▌| 24/25 [00:15<00:00,  1.54trial/s, best loss: -0.010391663265246405]
100%|██████████| 25/25 [00:15<00:00,  1.60trial/s, best loss: -0.010391663265246405]
100%|██████████| 25/25 [00:15<00:00,  1.57trial/s, best loss: -0.010391663265246405]

  0%|          | 0/25 [00:00<?, ?trial/s, best loss=?]
  4%|▍         | 1/25 [00:00<00:15,  1.56trial/s, best loss: 0.09570668714757795]
  8%|▊         | 2/25 [00:01<00:14,  1.64trial/s, best loss: 0.09570668714757795]
 12%|█▏        | 3/25 [00:01<00:13,  1.59trial/s, best loss: 0.08900961370513873]
 16%|█▌        | 4/25 [00:02<00:13,  1.57trial/s, best loss: 0.06967377937848343]
 20%|██        | 5/25 [00:03<00:12,  1.66trial/s, best loss: 0.06733532771273237]
 24%|██▍       | 6/25 [00:03<00:10,  1.76trial/s, best loss: 0.06733532771273237]
 28%|██▊       | 7/25 [00:04<00:10,  1.66trial/s, best loss: 0.06733532771273237]
 32%|███▏      | 8/25 [00:04<00:09,  1.71trial/s, best loss: 0.06733532771273237]
 36%|███▌      | 9/25 [00:05<00:09,  1.67trial/s, best loss: 0.06733532771273237]
 40%|████      | 10/25 [00:06<00:08,  1.68trial/s, best loss: 0.06733532771273237]
 44%|████▍     | 11/25 [00:06<00:08,  1.67trial/s, best loss: 0.06733532771273237]
 48%|████▊     | 12/25 [00:07<00:07,  1.64trial/s, best loss: 0.06733532771273237]
 52%|█████▏    | 13/25 [00:07<00:07,  1.60trial/s, best loss: 0.06733532771273237]
 56%|█████▌    | 14/25 [00:08<00:06,  1.60trial/s, best loss: 0.06733532771273237]
 60%|██████    | 15/25 [00:09<00:05,  1.68trial/s, best loss: 0.06733532771273237]
 64%|██████▍   | 16/25 [00:09<00:05,  1.66trial/s, best loss: 0.06733532771273237]
 68%|██████▊   | 17/25 [00:10<00:04,  1.73trial/s, best loss: 0.06733532771273237]
 72%|███████▏  | 18/25 [00:10<00:04,  1.65trial/s, best loss: 0.06733532771273237]
 76%|███████▌  | 19/25 [00:11<00:03,  1.64trial/s, best loss: 0.06733532771273237]
 80%|████████  | 20/25 [00:12<00:03,  1.62trial/s, best loss: 0.06733532771273237]
 84%|████████▍ | 21/25 [00:12<00:02,  1.65trial/s, best loss: 0.06733532771273237]
 88%|████████▊ | 22/25 [00:13<00:01,  1.61trial/s, best loss: 0.06733532771273237]
 92%|█████████▏| 23/25 [00:13<00:01,  1.67trial/s, best loss: 0.06733532771273237]
 96%|█████████▌| 24/25 [00:14<00:00,  1.57trial/s, best loss: 0.06733532771273237]
100%|██████████| 25/25 [00:15<00:00,  1.63trial/s, best loss: 0.06733532771273237]
100%|██████████| 25/25 [00:15<00:00,  1.64trial/s, best loss: 0.06733532771273237]

  0%|          | 0/25 [00:00<?, ?trial/s, best loss=?]
  4%|▍         | 1/25 [00:00<00:14,  1.70trial/s, best loss: -0.05113066169097815]
  8%|▊         | 2/25 [00:01<00:12,  1.87trial/s, best loss: -0.05113066169097815]
 12%|█▏        | 3/25 [00:01<00:12,  1.75trial/s, best loss: -0.05113066169097815]
 16%|█▌        | 4/25 [00:02<00:11,  1.85trial/s, best loss: -0.05113066169097815]
 20%|██        | 5/25 [00:02<00:10,  1.88trial/s, best loss: -0.05113066169097815]
 24%|██▍       | 6/25 [00:03<00:09,  1.91trial/s, best loss: -0.06507316362301377]
 28%|██▊       | 7/25 [00:03<00:09,  1.93trial/s, best loss: -0.06507316362301377]
 32%|███▏      | 8/25 [00:04<00:09,  1.76trial/s, best loss: -0.06507316362301377]
 36%|███▌      | 9/25 [00:04<00:08,  1.81trial/s, best loss: -0.06507316362301377]
 40%|████      | 10/25 [00:05<00:08,  1.75trial/s, best loss: -0.06507316362301377]
 44%|████▍     | 11/25 [00:06<00:07,  1.80trial/s, best loss: -0.06507316362301377]
 48%|████▊     | 12/25 [00:06<00:07,  1.74trial/s, best loss: -0.06507316362301377]
 52%|█████▏    | 13/25 [00:07<00:07,  1.68trial/s, best loss: -0.06507316362301377]
 56%|█████▌    | 14/25 [00:07<00:06,  1.76trial/s, best loss: -0.06507316362301377]
 60%|██████    | 15/25 [00:08<00:05,  1.73trial/s, best loss: -0.06507316362301377]
 64%|██████▍   | 16/25 [00:08<00:05,  1.78trial/s, best loss: -0.06507316362301377]
 68%|██████▊   | 17/25 [00:09<00:04,  1.82trial/s, best loss: -0.06507316362301377]
 72%|███████▏  | 18/25 [00:14<00:13,  1.90s/trial, best loss: -0.06507316362301377]
 76%|███████▌  | 19/25 [00:15<00:08,  1.49s/trial, best loss: -0.06507316362301377]
 80%|████████  | 20/25 [00:15<00:06,  1.22s/trial, best loss: -0.06507316362301377]
 84%|████████▍ | 21/25 [00:16<00:04,  1.01s/trial, best loss: -0.06507316362301377]
 88%|████████▊ | 22/25 [00:16<00:02,  1.15trial/s, best loss: -0.06507316362301377]
 92%|█████████▏| 23/25 [00:17<00:01,  1.27trial/s, best loss: -0.06507316362301377]
 96%|█████████▌| 24/25 [00:17<00:00,  1.36trial/s, best loss: -0.06507316362301377]
100%|██████████| 25/25 [00:18<00:00,  1.50trial/s, best loss: -0.06507316362301377]
100%|██████████| 25/25 [00:18<00:00,  1.36trial/s, best loss: -0.06507316362301377]

  0%|          | 0/25 [00:00<?, ?trial/s, best loss=?]
  4%|▍         | 1/25 [00:00<00:11,  2.06trial/s, best loss: -0.11320336501314096]
  8%|▊         | 2/25 [00:01<00:12,  1.78trial/s, best loss: -0.11320336501314096]
 12%|█▏        | 3/25 [00:01<00:12,  1.76trial/s, best loss: -0.11320336501314096]
 16%|█▌        | 4/25 [00:02<00:11,  1.75trial/s, best loss: -0.11320336501314096]
 20%|██        | 5/25 [00:02<00:10,  1.87trial/s, best loss: -0.11320336501314096]
 24%|██▍       | 6/25 [00:03<00:10,  1.80trial/s, best loss: -0.11320336501314096]
 28%|██▊       | 7/25 [00:03<00:10,  1.74trial/s, best loss: -0.11320336501314096]
 32%|███▏      | 8/25 [00:04<00:09,  1.71trial/s, best loss: -0.11320336501314096]
 36%|███▌      | 9/25 [00:05<00:09,  1.71trial/s, best loss: -0.11320336501314096]
 40%|████      | 10/25 [00:05<00:08,  1.72trial/s, best loss: -0.11320336501314096]
 44%|████▍     | 11/25 [00:06<00:08,  1.67trial/s, best loss: -0.11320336501314096]
 48%|████▊     | 12/25 [00:06<00:07,  1.74trial/s, best loss: -0.11320336501314096]
 52%|█████▏    | 13/25 [00:07<00:07,  1.70trial/s, best loss: -0.11320336501314096]
 56%|█████▌    | 14/25 [00:07<00:06,  1.76trial/s, best loss: -0.11320336501314096]
 60%|██████    | 15/25 [00:08<00:05,  1.85trial/s, best loss: -0.11320336501314096]
 64%|██████▍   | 16/25 [00:09<00:04,  1.83trial/s, best loss: -0.11320336501314096]
 68%|██████▊   | 17/25 [00:09<00:04,  1.82trial/s, best loss: -0.11320336501314096]
 72%|███████▏  | 18/25 [00:10<00:03,  1.87trial/s, best loss: -0.11320336501314096]
 76%|███████▌  | 19/25 [00:10<00:03,  1.81trial/s, best loss: -0.11320336501314096]
 80%|████████  | 20/25 [00:11<00:02,  1.83trial/s, best loss: -0.11320336501314096]
 84%|████████▍ | 21/25 [00:11<00:02,  1.81trial/s, best loss: -0.11320336501314096]
 88%|████████▊ | 22/25 [00:12<00:01,  1.87trial/s, best loss: -0.11320336501314096]
 92%|█████████▏| 23/25 [00:12<00:01,  1.77trial/s, best loss: -0.11320336501314096]
 96%|█████████▌| 24/25 [00:13<00:00,  1.72trial/s, best loss: -0.11320336501314096]
100%|██████████| 25/25 [00:14<00:00,  1.79trial/s, best loss: -0.11320336501314096]
100%|██████████| 25/25 [00:14<00:00,  1.78trial/s, best loss: -0.11320336501314096]

  0%|          | 0/25 [00:00<?, ?trial/s, best loss=?]
  4%|▍         | 1/25 [00:00<00:13,  1.78trial/s, best loss: -0.0]
  8%|▊         | 2/25 [00:01<00:13,  1.74trial/s, best loss: -0.0]
 12%|█▏        | 3/25 [00:01<00:12,  1.78trial/s, best loss: -0.0]
 16%|█▌        | 4/25 [00:02<00:12,  1.71trial/s, best loss: -0.0]
 20%|██        | 5/25 [00:02<00:11,  1.79trial/s, best loss: -0.0]
 24%|██▍       | 6/25 [00:03<00:10,  1.90trial/s, best loss: -0.0]
 28%|██▊       | 7/25 [00:03<00:09,  1.81trial/s, best loss: -0.0]
 32%|███▏      | 8/25 [00:04<00:09,  1.80trial/s, best loss: -0.0]
 36%|███▌      | 9/25 [00:05<00:09,  1.69trial/s, best loss: -0.0]
 40%|████      | 10/25 [00:05<00:08,  1.68trial/s, best loss: -0.0]
 44%|████▍     | 11/25 [00:06<00:08,  1.64trial/s, best loss: -0.0]
 48%|████▊     | 12/25 [00:06<00:07,  1.74trial/s, best loss: -0.0]
 52%|█████▏    | 13/25 [00:07<00:06,  1.82trial/s, best loss: -0.0]
 56%|█████▌    | 14/25 [00:07<00:06,  1.81trial/s, best loss: -0.0]
 60%|██████    | 15/25 [00:08<00:05,  1.82trial/s, best loss: -0.0]
 64%|██████▍   | 16/25 [00:08<00:04,  1.86trial/s, best loss: -0.0]
 68%|██████▊   | 17/25 [00:09<00:04,  1.82trial/s, best loss: -0.0]
 72%|███████▏  | 18/25 [00:10<00:03,  1.87trial/s, best loss: -0.0]
 76%|███████▌  | 19/25 [00:10<00:03,  1.82trial/s, best loss: -0.0]
 80%|████████  | 20/25 [00:11<00:02,  1.80trial/s, best loss: -0.0]
 84%|████████▍ | 21/25 [00:11<00:02,  1.84trial/s, best loss: -0.0]
 88%|████████▊ | 22/25 [00:12<00:01,  1.80trial/s, best loss: -0.0]
 92%|█████████▏| 23/25 [00:12<00:01,  1.72trial/s, best loss: -0.0]
 96%|█████████▌| 24/25 [00:13<00:00,  1.77trial/s, best loss: -0.0]
100%|██████████| 25/25 [00:14<00:00,  1.77trial/s, best loss: -0.0]
100%|██████████| 25/25 [00:14<00:00,  1.78trial/s, best loss: -0.0]
D:\quant_system_pro (3)\quant_system_pro\backtest\backtest_pro.py:330: UserWarning: Glyph 39057 (\N{CJK UNIFIED IDEOGRAPH-9891}) missing from font(s) DejaVu Sans.
  buf=io.BytesIO(); plt.tight_layout(); plt.savefig(buf, format="png"); data=base64.b64encode(buf.getvalue()).decode()
D:\quant_system_pro (3)\quant_system_pro\backtest\backtest_pro.py:330: UserWarning: Glyph 25968 (\N{CJK UNIFIED IDEOGRAPH-6570}) missing from font(s) DejaVu Sans.
  buf=io.BytesIO(); plt.tight_layout(); plt.savefig(buf, format="png"); data=base64.b64encode(buf.getvalue()).decode()
D:\quant_system_pro (3)\quant_system_pro\backtest\backtest_pro.py:330: UserWarning: Glyph 20998 (\N{CJK UNIFIED IDEOGRAPH-5206}) missing from font(s) DejaVu Sans.
  buf=io.BytesIO(); plt.tight_layout(); plt.savefig(buf, format="png"); data=base64.b64encode(buf.getvalue()).decode()
D:\quant_system_pro (3)\quant_system_pro\backtest\backtest_pro.py:330: UserWarning: Glyph 24067 (\N{CJK UNIFIED IDEOGRAPH-5E03}) missing from font(s) DejaVu Sans.
  buf=io.BytesIO(); plt.tight_layout(); plt.savefig(buf, format="png"); data=base64.b64encode(buf.getvalue()).decode()
D:\quant_system_pro (3)\quant_system_pro\backtest\backtest_pro.py:330: UserWarning: Glyph 65288 (\N{FULLWIDTH LEFT PARENTHESIS}) missing from font(s) DejaVu Sans.
  buf=io.BytesIO(); plt.tight_layout(); plt.savefig(buf, format="png"); data=base64.b64encode(buf.getvalue()).decode()
D:\quant_system_pro (3)\quant_system_pro\backtest\backtest_pro.py:330: UserWarning: Glyph 36234 (\N{CJK UNIFIED IDEOGRAPH-8D8A}) missing from font(s) DejaVu Sans.
  buf=io.BytesIO(); plt.tight_layout(); plt.savefig(buf, format="png"); data=base64.b64encode(buf.getvalue()).decode()
D:\quant_system_pro (3)\quant_system_pro\backtest\backtest_pro.py:330: UserWarning: Glyph 20302 (\N{CJK UNIFIED IDEOGRAPH-4F4E}) missing from font(s) DejaVu Sans.
  buf=io.BytesIO(); plt.tight_layout(); plt.savefig(buf, format="png"); data=base64.b64encode(buf.getvalue()).decode()
D:\quant_system_pro (3)\quant_system_pro\backtest\backtest_pro.py:330: UserWarning: Glyph 22909 (\N{CJK UNIFIED IDEOGRAPH-597D}) missing from font(s) DejaVu Sans.
  buf=io.BytesIO(); plt.tight_layout(); plt.savefig(buf, format="png"); data=base64.b64encode(buf.getvalue()).decode()
D:\quant_system_pro (3)\quant_system_pro\backtest\backtest_pro.py:330: UserWarning: Glyph 65289 (\N{FULLWIDTH RIGHT PARENTHESIS}) missing from font(s) DejaVu Sans.
  buf=io.BytesIO(); plt.tight_layout(); plt.savefig(buf, format="png"); data=base64.b64encode(buf.getvalue()).decode()
[完成] 最优表: D:\quant_system_pro (3)\quant_system_pro\results\live_90d_BTCUSDT\最优组合总表_S档_20250817-052619.csv
[完成] best_combo: data/best_combo.csv
