[A6-SHIM] pandas.DataFrame.to_csv 已安装修订钩子（仅拦截 a6_strategy_scores*）
C:\Users\Administrator\AppData\Local\Programs\Python\Python39\lib\site-packages\hyperopt\atpe.py:19: UserWarning: pkg_resources is deprecated as an API. See https://setuptools.pypa.io/en/latest/pkg_resources.html. The pkg_resources package is slated for removal as early as 2025-11-30. Refrain from using this package or pin to Setuptools<81.
  import pkg_resources
[GPU] Torch 2.6.0+cu124 | CUDA 12.4 | Device NVIDIA GeForce RTX 3060 | available=True
[GPU] XGBoost 1.7.6 (gpu_hist supported)
[GPU] LightGBM available (GPU depends on build)
[回测] 符号数=1 窗口=90天 S档=ON

  0%|          | 0/25 [00:00<?, ?trial/s, best loss=?]
  4%|▍         | 1/25 [00:08<03:32,  8.85s/trial, best loss: 0.007040657490075902]
  8%|▊         | 2/25 [00:15<02:56,  7.69s/trial, best loss: -0.0]                
 12%|█▏        | 3/25 [00:22<02:40,  7.30s/trial, best loss: -0.0]
 16%|█▌        | 4/25 [00:29<02:30,  7.16s/trial, best loss: -0.0]
 20%|██        | 5/25 [00:36<02:21,  7.05s/trial, best loss: -0.0]
 24%|██▍       | 6/25 [00:43<02:14,  7.10s/trial, best loss: -0.0]
 28%|██▊       | 7/25 [00:53<02:25,  8.11s/trial, best loss: -0.0]
 32%|███▏      | 8/25 [01:03<02:26,  8.62s/trial, best loss: -0.0]
 36%|███▌      | 9/25 [01:13<02:24,  9.05s/trial, best loss: -0.0]
 40%|████      | 10/25 [01:22<02:15,  9.03s/trial, best loss: -0.0]
 44%|████▍     | 11/25 [01:29<01:58,  8.49s/trial, best loss: -0.0]
 48%|████▊     | 12/25 [01:38<01:50,  8.47s/trial, best loss: -0.0]
 52%|█████▏    | 13/25 [01:52<02:02, 10.22s/trial, best loss: -0.0]
 56%|█████▌    | 14/25 [02:00<01:45,  9.55s/trial, best loss: -0.0]
 60%|██████    | 15/25 [02:09<01:35,  9.53s/trial, best loss: -0.0]
 64%|██████▍   | 16/25 [02:20<01:28,  9.86s/trial, best loss: -0.0]
 68%|██████▊   | 17/25 [02:33<01:26, 10.83s/trial, best loss: -0.0]
 72%|███████▏  | 18/25 [02:40<01:08,  9.76s/trial, best loss: -0.0]
 76%|███████▌  | 19/25 [02:49<00:56,  9.40s/trial, best loss: -0.0]
 80%|████████  | 20/25 [03:01<00:50, 10.12s/trial, best loss: -0.0]
 84%|████████▍ | 21/25 [03:09<00:38,  9.64s/trial, best loss: -0.0]
 88%|████████▊ | 22/25 [03:18<00:28,  9.41s/trial, best loss: -0.0]
 92%|█████████▏| 23/25 [03:27<00:18,  9.12s/trial, best loss: -0.0]
 96%|█████████▌| 24/25 [03:35<00:09,  9.03s/trial, best loss: -0.0]
100%|██████████| 25/25 [03:44<00:00,  8.92s/trial, best loss: -0.0]
100%|██████████| 25/25 [03:44<00:00,  8.98s/trial, best loss: -0.0]

  0%|          | 0/25 [00:00<?, ?trial/s, best loss=?]
  4%|▍         | 1/25 [00:03<01:14,  3.12s/trial, best loss: -0.02441042816485762]
  8%|▊         | 2/25 [00:06<01:17,  3.36s/trial, best loss: -0.02441042816485762]
 12%|█▏        | 3/25 [00:09<01:09,  3.17s/trial, best loss: -0.02441042816485762]
 16%|█▌        | 4/25 [00:12<01:04,  3.05s/trial, best loss: -0.02441042816485762]
 20%|██        | 5/25 [00:15<00:59,  2.98s/trial, best loss: -0.02441042816485762]
 24%|██▍       | 6/25 [00:18<00:59,  3.15s/trial, best loss: -0.02441042816485762]
 28%|██▊       | 7/25 [00:22<01:01,  3.39s/trial, best loss: -0.02441042816485762]
 32%|███▏      | 8/25 [00:26<00:59,  3.48s/trial, best loss: -0.02441042816485762]
 36%|███▌      | 9/25 [00:29<00:53,  3.34s/trial, best loss: -0.02441042816485762]
 40%|████      | 10/25 [00:33<00:51,  3.43s/trial, best loss: -0.02441042816485762]
 44%|████▍     | 11/25 [00:35<00:46,  3.29s/trial, best loss: -0.02441042816485762]
 48%|████▊     | 12/25 [00:38<00:41,  3.18s/trial, best loss: -0.02441042816485762]
 52%|█████▏    | 13/25 [00:42<00:40,  3.38s/trial, best loss: -0.02441042816485762]
 56%|█████▌    | 14/25 [00:45<00:36,  3.30s/trial, best loss: -0.02441042816485762]
 60%|██████    | 15/25 [00:49<00:33,  3.36s/trial, best loss: -0.02441042816485762]
 64%|██████▍   | 16/25 [00:53<00:32,  3.64s/trial, best loss: -0.02441042816485762]
 68%|██████▊   | 17/25 [00:58<00:30,  3.85s/trial, best loss: -0.02441042816485762]
 72%|███████▏  | 18/25 [01:00<00:24,  3.50s/trial, best loss: -0.02441042816485762]
 76%|███████▌  | 19/25 [01:04<00:20,  3.45s/trial, best loss: -0.02441042816485762]
 80%|████████  | 20/25 [01:07<00:17,  3.44s/trial, best loss: -0.02441042816485762]
 84%|████████▍ | 21/25 [01:11<00:14,  3.51s/trial, best loss: -0.02441042816485762]
 88%|████████▊ | 22/25 [01:16<00:12,  4.07s/trial, best loss: -0.02441042816485762]
 92%|█████████▏| 23/25 [01:20<00:08,  4.10s/trial, best loss: -0.02441042816485762]
 96%|█████████▌| 24/25 [01:25<00:04,  4.29s/trial, best loss: -0.02441042816485762]
100%|██████████| 25/25 [01:29<00:00,  4.15s/trial, best loss: -0.02441042816485762]
100%|██████████| 25/25 [01:29<00:00,  3.57s/trial, best loss: -0.02441042816485762]

  0%|          | 0/25 [00:00<?, ?trial/s, best loss=?]
  4%|▍         | 1/25 [00:01<00:44,  1.86s/trial, best loss: -0.0]
  8%|▊         | 2/25 [00:03<00:40,  1.76s/trial, best loss: -0.032704260618264785]
 12%|█▏        | 3/25 [00:05<00:38,  1.73s/trial, best loss: -0.032704260618264785]
 16%|█▌        | 4/25 [00:06<00:36,  1.73s/trial, best loss: -0.0357171949928552]  
 20%|██        | 5/25 [00:08<00:33,  1.69s/trial, best loss: -0.0357171949928552]
 24%|██▍       | 6/25 [00:10<00:33,  1.77s/trial, best loss: -0.0357171949928552]
 28%|██▊       | 7/25 [00:12<00:32,  1.80s/trial, best loss: -0.0357171949928552]
 32%|███▏      | 8/25 [00:14<00:29,  1.76s/trial, best loss: -0.0357171949928552]
 36%|███▌      | 9/25 [00:15<00:27,  1.70s/trial, best loss: -0.0357171949928552]
 40%|████      | 10/25 [00:17<00:25,  1.67s/trial, best loss: -0.0357171949928552]
 44%|████▍     | 11/25 [00:18<00:22,  1.64s/trial, best loss: -0.0357171949928552]
 48%|████▊     | 12/25 [00:20<00:22,  1.76s/trial, best loss: -0.0357171949928552]
 52%|█████▏    | 13/25 [00:22<00:21,  1.83s/trial, best loss: -0.0357171949928552]
 56%|█████▌    | 14/25 [00:24<00:19,  1.80s/trial, best loss: -0.0357171949928552]
 60%|██████    | 15/25 [00:26<00:17,  1.74s/trial, best loss: -0.0357171949928552]
 64%|██████▍   | 16/25 [00:28<00:16,  1.83s/trial, best loss: -0.0357171949928552]
 68%|██████▊   | 17/25 [00:30<00:15,  1.99s/trial, best loss: -0.0357171949928552]
 72%|███████▏  | 18/25 [00:32<00:12,  1.85s/trial, best loss: -0.0357171949928552]
 76%|███████▌  | 19/25 [00:34<00:11,  1.90s/trial, best loss: -0.0357171949928552]
 80%|████████  | 20/25 [00:35<00:09,  1.84s/trial, best loss: -0.0357171949928552]
 84%|████████▍ | 21/25 [00:37<00:07,  1.80s/trial, best loss: -0.0357171949928552]
 88%|████████▊ | 22/25 [00:39<00:05,  1.82s/trial, best loss: -0.0357171949928552]
 92%|█████████▏| 23/25 [00:41<00:03,  1.85s/trial, best loss: -0.0357171949928552]
 96%|█████████▌| 24/25 [00:43<00:01,  1.85s/trial, best loss: -0.0357171949928552]
100%|██████████| 25/25 [00:44<00:00,  1.81s/trial, best loss: -0.0357171949928552]
100%|██████████| 25/25 [00:44<00:00,  1.79s/trial, best loss: -0.0357171949928552]

  0%|          | 0/25 [00:00<?, ?trial/s, best loss=?]
  4%|▍         | 1/25 [00:01<00:28,  1.21s/trial, best loss: -0.039063566889801574]
  8%|▊         | 2/25 [00:02<00:25,  1.10s/trial, best loss: -0.039063566889801574]
 12%|█▏        | 3/25 [00:03<00:24,  1.10s/trial, best loss: -0.039063566889801574]
 16%|█▌        | 4/25 [00:04<00:23,  1.13s/trial, best loss: -0.039063566889801574]
 20%|██        | 5/25 [00:05<00:22,  1.13s/trial, best loss: -0.039063566889801574]
 24%|██▍       | 6/25 [00:06<00:22,  1.17s/trial, best loss: -0.039063566889801574]
 28%|██▊       | 7/25 [00:08<00:21,  1.22s/trial, best loss: -0.039063566889801574]
 32%|███▏      | 8/25 [00:09<00:19,  1.17s/trial, best loss: -0.039063566889801574]
 36%|███▌      | 9/25 [00:10<00:19,  1.20s/trial, best loss: -0.039063566889801574]
 40%|████      | 10/25 [00:11<00:17,  1.14s/trial, best loss: -0.039063566889801574]
 44%|████▍     | 11/25 [00:12<00:15,  1.11s/trial, best loss: -0.039063566889801574]
 48%|████▊     | 12/25 [00:13<00:14,  1.12s/trial, best loss: -0.039063566889801574]
 52%|█████▏    | 13/25 [00:14<00:13,  1.15s/trial, best loss: -0.039063566889801574]
 56%|█████▌    | 14/25 [00:16<00:12,  1.16s/trial, best loss: -0.039063566889801574]
 60%|██████    | 15/25 [00:17<00:12,  1.22s/trial, best loss: -0.039063566889801574]
 64%|██████▍   | 16/25 [00:18<00:10,  1.17s/trial, best loss: -0.039063566889801574]
 68%|██████▊   | 17/25 [00:20<00:10,  1.27s/trial, best loss: -0.039063566889801574]
 72%|███████▏  | 18/25 [00:21<00:08,  1.21s/trial, best loss: -0.039063566889801574]
 76%|███████▌  | 19/25 [00:22<00:07,  1.19s/trial, best loss: -0.039063566889801574]
 80%|████████  | 20/25 [00:23<00:06,  1.24s/trial, best loss: -0.039063566889801574]
 84%|████████▍ | 21/25 [00:24<00:04,  1.18s/trial, best loss: -0.039063566889801574]
 88%|████████▊ | 22/25 [00:26<00:03,  1.23s/trial, best loss: -0.04088379974351107] 
 92%|█████████▏| 23/25 [00:27<00:02,  1.19s/trial, best loss: -0.04088379974351107]
 96%|█████████▌| 24/25 [00:28<00:01,  1.22s/trial, best loss: -0.04088379974351107]
100%|██████████| 25/25 [00:30<00:00,  1.34s/trial, best loss: -0.04088379974351107]
100%|██████████| 25/25 [00:30<00:00,  1.20s/trial, best loss: -0.04088379974351107]

  0%|          | 0/25 [00:00<?, ?trial/s, best loss=?]
  4%|▍         | 1/25 [00:00<00:19,  1.24trial/s, best loss: 0.0002096527119549163]
  8%|▊         | 2/25 [00:01<00:17,  1.28trial/s, best loss: -0.04460213156692273] 
 12%|█▏        | 3/25 [00:02<00:17,  1.29trial/s, best loss: -0.04460213156692273]
 16%|█▌        | 4/25 [00:03<00:18,  1.16trial/s, best loss: -0.04460213156692273]
 20%|██        | 5/25 [00:04<00:16,  1.22trial/s, best loss: -0.04460213156692273]
 24%|██▍       | 6/25 [00:04<00:15,  1.21trial/s, best loss: -0.04460213156692273]
 28%|██▊       | 7/25 [00:05<00:15,  1.13trial/s, best loss: -0.04460213156692273]
 32%|███▏      | 8/25 [00:06<00:14,  1.15trial/s, best loss: -0.04460213156692273]
 36%|███▌      | 9/25 [00:07<00:13,  1.19trial/s, best loss: -0.04460213156692273]
 40%|████      | 10/25 [00:08<00:12,  1.17trial/s, best loss: -0.04460213156692273]
 44%|████▍     | 11/25 [00:09<00:11,  1.22trial/s, best loss: -0.04460213156692273]
 48%|████▊     | 12/25 [00:09<00:10,  1.24trial/s, best loss: -0.04460213156692273]
 52%|█████▏    | 13/25 [00:10<00:09,  1.24trial/s, best loss: -0.04460213156692273]
 56%|█████▌    | 14/25 [00:11<00:08,  1.22trial/s, best loss: -0.04460213156692273]
 60%|██████    | 15/25 [00:12<00:08,  1.15trial/s, best loss: -0.04460213156692273]
 64%|██████▍   | 16/25 [00:13<00:07,  1.16trial/s, best loss: -0.04460213156692273]
 68%|██████▊   | 17/25 [00:14<00:07,  1.08trial/s, best loss: -0.04460213156692273]
 72%|███████▏  | 18/25 [00:15<00:06,  1.10trial/s, best loss: -0.04460213156692273]
 76%|███████▌  | 19/25 [00:16<00:05,  1.11trial/s, best loss: -0.04460213156692273]
 80%|████████  | 20/25 [00:17<00:04,  1.14trial/s, best loss: -0.04460213156692273]
 84%|████████▍ | 21/25 [00:18<00:03,  1.07trial/s, best loss: -0.04460213156692273]
 88%|████████▊ | 22/25 [00:19<00:02,  1.04trial/s, best loss: -0.04460213156692273]
 92%|█████████▏| 23/25 [00:20<00:01,  1.06trial/s, best loss: -0.04460213156692273]
 96%|█████████▌| 24/25 [00:21<00:00,  1.06trial/s, best loss: -0.04460213156692273]
100%|██████████| 25/25 [00:21<00:00,  1.10trial/s, best loss: -0.04460213156692273]
100%|██████████| 25/25 [00:21<00:00,  1.15trial/s, best loss: -0.04460213156692273]

  0%|          | 0/25 [00:00<?, ?trial/s, best loss=?]
  4%|▍         | 1/25 [00:00<00:18,  1.28trial/s, best loss: -0.06880786500456419]
  8%|▊         | 2/25 [00:01<00:16,  1.43trial/s, best loss: -0.06880786500456419]
 12%|█▏        | 3/25 [00:02<00:14,  1.52trial/s, best loss: -0.06880786500456419]
 16%|█▌        | 4/25 [00:02<00:14,  1.43trial/s, best loss: -0.06880786500456419]
 20%|██        | 5/25 [00:03<00:13,  1.43trial/s, best loss: -0.06880786500456419]
 24%|██▍       | 6/25 [00:04<00:12,  1.48trial/s, best loss: -0.06880786500456419]
 28%|██▊       | 7/25 [00:04<00:12,  1.45trial/s, best loss: -0.06880786500456419]
 32%|███▏      | 8/25 [00:05<00:11,  1.44trial/s, best loss: -0.06880786500456419]
 36%|███▌      | 9/25 [00:06<00:11,  1.38trial/s, best loss: -0.06880786500456419]
 40%|████      | 10/25 [00:06<00:10,  1.45trial/s, best loss: -0.06880786500456419]
 44%|████▍     | 11/25 [00:07<00:09,  1.41trial/s, best loss: -0.06880786500456419]
 48%|████▊     | 12/25 [00:08<00:09,  1.37trial/s, best loss: -0.06880786500456419]
 52%|█████▏    | 13/25 [00:09<00:09,  1.33trial/s, best loss: -0.06880786500456419]
 56%|█████▌    | 14/25 [00:09<00:07,  1.40trial/s, best loss: -0.06880786500456419]
 60%|██████    | 15/25 [00:10<00:07,  1.41trial/s, best loss: -0.06880786500456419]
 64%|██████▍   | 16/25 [00:11<00:06,  1.45trial/s, best loss: -0.06880786500456419]
 68%|██████▊   | 17/25 [00:12<00:05,  1.34trial/s, best loss: -0.06880786500456419]
 72%|███████▏  | 18/25 [00:12<00:05,  1.38trial/s, best loss: -0.06880786500456419]
 76%|███████▌  | 19/25 [00:13<00:04,  1.37trial/s, best loss: -0.06880786500456419]
 80%|████████  | 20/25 [00:14<00:03,  1.33trial/s, best loss: -0.06880786500456419]
 84%|████████▍ | 21/25 [00:14<00:02,  1.39trial/s, best loss: -0.06880786500456419]
 88%|████████▊ | 22/25 [00:15<00:02,  1.39trial/s, best loss: -0.06880786500456419]
 92%|█████████▏| 23/25 [00:16<00:01,  1.44trial/s, best loss: -0.06880786500456419]
 96%|█████████▌| 24/25 [00:16<00:00,  1.48trial/s, best loss: -0.06880786500456419]
100%|██████████| 25/25 [00:17<00:00,  1.44trial/s, best loss: -0.06880786500456419]
100%|██████████| 25/25 [00:17<00:00,  1.41trial/s, best loss: -0.06880786500456419]
D:\quant_system_pro (3)\quant_system_pro\backtest\backtest_pro.py:330: UserWarning: Glyph 39057 (\N{CJK UNIFIED IDEOGRAPH-9891}) missing from font(s) DejaVu Sans.
  buf=io.BytesIO(); plt.tight_layout(); plt.savefig(buf, format="png"); data=base64.b64encode(buf.getvalue()).decode()
D:\quant_system_pro (3)\quant_system_pro\backtest\backtest_pro.py:330: UserWarning: Glyph 25968 (\N{CJK UNIFIED IDEOGRAPH-6570}) missing from font(s) DejaVu Sans.
  buf=io.BytesIO(); plt.tight_layout(); plt.savefig(buf, format="png"); data=base64.b64encode(buf.getvalue()).decode()
D:\quant_system_pro (3)\quant_system_pro\backtest\backtest_pro.py:330: UserWarning: Glyph 20998 (\N{CJK UNIFIED IDEOGRAPH-5206}) missing from font(s) DejaVu Sans.
  buf=io.BytesIO(); plt.tight_layout(); plt.savefig(buf, format="png"); data=base64.b64encode(buf.getvalue()).decode()
D:\quant_system_pro (3)\quant_system_pro\backtest\backtest_pro.py:330: UserWarning: Glyph 24067 (\N{CJK UNIFIED IDEOGRAPH-5E03}) missing from font(s) DejaVu Sans.
  buf=io.BytesIO(); plt.tight_layout(); plt.savefig(buf, format="png"); data=base64.b64encode(buf.getvalue()).decode()
D:\quant_system_pro (3)\quant_system_pro\backtest\backtest_pro.py:330: UserWarning: Glyph 65288 (\N{FULLWIDTH LEFT PARENTHESIS}) missing from font(s) DejaVu Sans.
  buf=io.BytesIO(); plt.tight_layout(); plt.savefig(buf, format="png"); data=base64.b64encode(buf.getvalue()).decode()
D:\quant_system_pro (3)\quant_system_pro\backtest\backtest_pro.py:330: UserWarning: Glyph 36234 (\N{CJK UNIFIED IDEOGRAPH-8D8A}) missing from font(s) DejaVu Sans.
  buf=io.BytesIO(); plt.tight_layout(); plt.savefig(buf, format="png"); data=base64.b64encode(buf.getvalue()).decode()
D:\quant_system_pro (3)\quant_system_pro\backtest\backtest_pro.py:330: UserWarning: Glyph 20302 (\N{CJK UNIFIED IDEOGRAPH-4F4E}) missing from font(s) DejaVu Sans.
  buf=io.BytesIO(); plt.tight_layout(); plt.savefig(buf, format="png"); data=base64.b64encode(buf.getvalue()).decode()
D:\quant_system_pro (3)\quant_system_pro\backtest\backtest_pro.py:330: UserWarning: Glyph 22909 (\N{CJK UNIFIED IDEOGRAPH-597D}) missing from font(s) DejaVu Sans.
  buf=io.BytesIO(); plt.tight_layout(); plt.savefig(buf, format="png"); data=base64.b64encode(buf.getvalue()).decode()
D:\quant_system_pro (3)\quant_system_pro\backtest\backtest_pro.py:330: UserWarning: Glyph 65289 (\N{FULLWIDTH RIGHT PARENTHESIS}) missing from font(s) DejaVu Sans.
  buf=io.BytesIO(); plt.tight_layout(); plt.savefig(buf, format="png"); data=base64.b64encode(buf.getvalue()).decode()
[完成] 最优表: D:\quant_system_pro (3)\quant_system_pro\results\live_90d_BTCUSDT\最优组合总表_S档_20250817-052306.csv
[完成] best_combo: data/best_combo.csv
