[A6-SHIM] pandas.DataFrame.to_csv 已安装修订钩子（仅拦截 a6_strategy_scores*）
C:\Users\Administrator\AppData\Local\Programs\Python\Python39\lib\site-packages\hyperopt\atpe.py:19: UserWarning: pkg_resources is deprecated as an API. See https://setuptools.pypa.io/en/latest/pkg_resources.html. The pkg_resources package is slated for removal as early as 2025-11-30. Refrain from using this package or pin to Setuptools<81.
  import pkg_resources
[GPU] Torch 2.6.0+cu124 | CUDA 12.4 | Device NVIDIA GeForce RTX 3060 | available=True
[GPU] XGBoost 1.7.6 (gpu_hist supported)
[GPU] LightGBM available (GPU depends on build)
[回测] 符号数=1 窗口=90天 S档=ON

  0%|          | 0/25 [00:00<?, ?trial/s, best loss=?]
  4%|▍         | 1/25 [00:08<03:28,  8.67s/trial, best loss: 1.0743402252267877]
  8%|▊         | 2/25 [00:16<03:11,  8.31s/trial, best loss: 1.0743402252267877]
 12%|█▏        | 3/25 [00:24<02:57,  8.06s/trial, best loss: 1.0743402252267877]
 16%|█▌        | 4/25 [00:32<02:50,  8.10s/trial, best loss: 1.0743402252267877]
 20%|██        | 5/25 [00:40<02:40,  8.04s/trial, best loss: 1.0743402252267877]
 24%|██▍       | 6/25 [00:48<02:33,  8.10s/trial, best loss: 1.0743402252267877]
 28%|██▊       | 7/25 [00:57<02:27,  8.21s/trial, best loss: 1.0743402252267877]
 32%|███▏      | 8/25 [01:05<02:18,  8.13s/trial, best loss: 1.0743402252267877]
 36%|███▌      | 9/25 [01:13<02:11,  8.19s/trial, best loss: 1.0743402252267877]
 40%|████      | 10/25 [01:21<02:01,  8.11s/trial, best loss: 1.0743402252267877]
 44%|████▍     | 11/25 [01:29<01:51,  7.94s/trial, best loss: 1.0743402252267877]
 48%|████▊     | 12/25 [01:37<01:44,  8.02s/trial, best loss: 1.0743402252267877]
 52%|█████▏    | 13/25 [01:45<01:36,  8.08s/trial, best loss: 1.0743402252267877]
 56%|█████▌    | 14/25 [01:53<01:27,  7.95s/trial, best loss: 1.0743402252267877]
 60%|██████    | 15/25 [02:01<01:20,  8.00s/trial, best loss: 1.0743402252267877]
 64%|██████▍   | 16/25 [02:10<01:14,  8.27s/trial, best loss: 1.0743402252267877]
 68%|██████▊   | 17/25 [02:19<01:07,  8.49s/trial, best loss: 1.045003053927653] 
 72%|███████▏  | 18/25 [02:26<00:57,  8.22s/trial, best loss: 1.045003053927653]
 76%|███████▌  | 19/25 [02:34<00:48,  8.09s/trial, best loss: 1.045003053927653]
 80%|████████  | 20/25 [02:43<00:41,  8.25s/trial, best loss: 1.045003053927653]
 84%|████████▍ | 21/25 [02:52<00:33,  8.45s/trial, best loss: 1.045003053927653]
 88%|████████▊ | 22/25 [03:01<00:26,  8.71s/trial, best loss: 0.9964861425720186]
 92%|█████████▏| 23/25 [03:10<00:17,  8.77s/trial, best loss: 0.9964861425720186]
 96%|█████████▌| 24/25 [03:19<00:08,  8.94s/trial, best loss: 0.9957663189826402]
100%|██████████| 25/25 [03:28<00:00,  9.06s/trial, best loss: 0.9957663189826402]
100%|██████████| 25/25 [03:28<00:00,  8.36s/trial, best loss: 0.9957663189826402]

  0%|          | 0/25 [00:00<?, ?trial/s, best loss=?]
  4%|▍         | 1/25 [00:04<01:51,  4.65s/trial, best loss: 0.22537534294369277]
  8%|▊         | 2/25 [00:08<01:30,  3.93s/trial, best loss: 0.22537534294369277]
 12%|█▏        | 3/25 [00:11<01:20,  3.67s/trial, best loss: 0.22537534294369277]
 16%|█▌        | 4/25 [00:14<01:15,  3.57s/trial, best loss: 0.22537534294369277]
 20%|██        | 5/25 [00:18<01:10,  3.51s/trial, best loss: 0.22537534294369277]
 24%|██▍       | 6/25 [00:21<01:07,  3.54s/trial, best loss: 0.22537534294369277]
 28%|██▊       | 7/25 [00:25<01:04,  3.56s/trial, best loss: 0.1463541422321523] 
 32%|███▏      | 8/25 [00:28<00:59,  3.51s/trial, best loss: 0.10550311809289484]
 36%|███▌      | 9/25 [00:32<00:56,  3.55s/trial, best loss: 0.10550311809289484]
 40%|████      | 10/25 [00:35<00:52,  3.49s/trial, best loss: 0.10550311809289484]
 44%|████▍     | 11/25 [00:39<00:47,  3.39s/trial, best loss: 0.10550311809289484]
 48%|████▊     | 12/25 [00:42<00:44,  3.43s/trial, best loss: 0.10550311809289484]
 52%|█████▏    | 13/25 [00:45<00:41,  3.43s/trial, best loss: 0.10550311809289484]
 56%|█████▌    | 14/25 [00:49<00:36,  3.35s/trial, best loss: 0.10550311809289484]
 60%|██████    | 15/25 [00:52<00:33,  3.35s/trial, best loss: 0.10550311809289484]
 64%|██████▍   | 16/25 [00:56<00:31,  3.48s/trial, best loss: 0.07373050296565123]
 68%|██████▊   | 17/25 [01:00<00:29,  3.65s/trial, best loss: 0.07373050296565123]
 72%|███████▏  | 18/25 [01:03<00:24,  3.56s/trial, best loss: 0.07373050296565123]
 76%|███████▌  | 19/25 [01:07<00:21,  3.51s/trial, best loss: 0.07373050296565123]
 80%|████████  | 20/25 [01:10<00:17,  3.55s/trial, best loss: -0.01156920305328818]
 84%|████████▍ | 21/25 [01:14<00:14,  3.63s/trial, best loss: -0.01156920305328818]
 88%|████████▊ | 22/25 [01:18<00:11,  3.73s/trial, best loss: -0.22655899999898008]
 92%|█████████▏| 23/25 [01:22<00:07,  3.74s/trial, best loss: -0.22655899999898008]
 96%|█████████▌| 24/25 [01:26<00:03,  3.82s/trial, best loss: -0.22655899999898008]
100%|██████████| 25/25 [01:30<00:00,  3.88s/trial, best loss: -0.22655899999898008]
100%|██████████| 25/25 [01:30<00:00,  3.61s/trial, best loss: -0.22655899999898008]

  0%|          | 0/25 [00:00<?, ?trial/s, best loss=?]
  4%|▍         | 1/25 [00:02<01:01,  2.58s/trial, best loss: -0.49702340369477443]
  8%|▊         | 2/25 [00:04<00:55,  2.39s/trial, best loss: -0.521111851316918]  
 12%|█▏        | 3/25 [00:07<00:51,  2.35s/trial, best loss: -0.521111851316918]
 16%|█▌        | 4/25 [00:09<00:50,  2.40s/trial, best loss: -0.521111851316918]
 20%|██        | 5/25 [00:12<00:48,  2.42s/trial, best loss: -0.521111851316918]
 24%|██▍       | 6/25 [00:14<00:46,  2.47s/trial, best loss: -0.521111851316918]
 28%|██▊       | 7/25 [00:17<00:45,  2.52s/trial, best loss: -0.918327131520088]
 32%|███▏      | 8/25 [00:19<00:40,  2.40s/trial, best loss: -0.918327131520088]
 36%|███▌      | 9/25 [00:21<00:39,  2.45s/trial, best loss: -0.918327131520088]
 40%|████      | 10/25 [00:24<00:36,  2.41s/trial, best loss: -0.918327131520088]
 44%|████▍     | 11/25 [00:26<00:32,  2.33s/trial, best loss: -0.918327131520088]
 48%|████▊     | 12/25 [00:29<00:31,  2.42s/trial, best loss: -0.918327131520088]
 52%|█████▏    | 13/25 [00:31<00:28,  2.38s/trial, best loss: -0.918327131520088]
 56%|█████▌    | 14/25 [00:33<00:25,  2.32s/trial, best loss: -0.918327131520088]
 60%|██████    | 15/25 [00:35<00:23,  2.33s/trial, best loss: -0.918327131520088]
 64%|██████▍   | 16/25 [00:38<00:21,  2.44s/trial, best loss: -0.9376891094650809]
 68%|██████▊   | 17/25 [00:41<00:20,  2.53s/trial, best loss: -0.9376891094650809]
 72%|███████▏  | 18/25 [00:43<00:17,  2.46s/trial, best loss: -0.9376891094650809]
 76%|███████▌  | 19/25 [00:45<00:14,  2.40s/trial, best loss: -0.9376891094650809]
 80%|████████  | 20/25 [00:48<00:11,  2.39s/trial, best loss: -0.9376891094650809]
 84%|████████▍ | 21/25 [00:50<00:09,  2.48s/trial, best loss: -0.9376891094650809]
 88%|████████▊ | 22/25 [00:53<00:07,  2.56s/trial, best loss: -0.9422806774885037]
 92%|█████████▏| 23/25 [00:56<00:05,  2.60s/trial, best loss: -0.9422806774885037]
 96%|█████████▌| 24/25 [00:59<00:02,  2.61s/trial, best loss: -0.9422806774885037]
100%|██████████| 25/25 [01:01<00:00,  2.67s/trial, best loss: -0.9422806774885037]
100%|██████████| 25/25 [01:01<00:00,  2.47s/trial, best loss: -0.9422806774885037]

  0%|          | 0/25 [00:00<?, ?trial/s, best loss=?]
  4%|▍         | 1/25 [00:01<00:47,  1.99s/trial, best loss: -1.1402485340260757]
  8%|▊         | 2/25 [00:03<00:41,  1.79s/trial, best loss: -1.1402485340260757]
 12%|█▏        | 3/25 [00:05<00:37,  1.73s/trial, best loss: -1.1402485340260757]
 16%|█▌        | 4/25 [00:07<00:36,  1.74s/trial, best loss: -1.1402485340260757]
 20%|██        | 5/25 [00:08<00:35,  1.79s/trial, best loss: -1.1402485340260757]
 24%|██▍       | 6/25 [00:10<00:34,  1.82s/trial, best loss: -1.1402485340260757]
 28%|██▊       | 7/25 [00:12<00:33,  1.84s/trial, best loss: -1.406850763099136] 
 32%|███▏      | 8/25 [00:14<00:29,  1.74s/trial, best loss: -1.406850763099136]
 36%|███▌      | 9/25 [00:16<00:29,  1.82s/trial, best loss: -1.406850763099136]
 40%|████      | 10/25 [00:17<00:26,  1.76s/trial, best loss: -1.406850763099136]
 44%|████▍     | 11/25 [00:19<00:23,  1.69s/trial, best loss: -1.406850763099136]
 48%|████▊     | 12/25 [00:21<00:23,  1.77s/trial, best loss: -1.406850763099136]
 52%|█████▏    | 13/25 [00:23<00:20,  1.75s/trial, best loss: -1.406850763099136]
 56%|█████▌    | 14/25 [00:24<00:18,  1.68s/trial, best loss: -1.406850763099136]
 60%|██████    | 15/25 [00:26<00:16,  1.67s/trial, best loss: -1.406850763099136]
 64%|██████▍   | 16/25 [00:28<00:15,  1.77s/trial, best loss: -1.4927395443079177]
 68%|██████▊   | 17/25 [00:30<00:14,  1.85s/trial, best loss: -1.5138792012870328]
 72%|███████▏  | 18/25 [00:31<00:12,  1.79s/trial, best loss: -1.5138792012870328]
 76%|███████▌  | 19/25 [00:33<00:10,  1.74s/trial, best loss: -1.5138792012870328]
 80%|████████  | 20/25 [00:35<00:08,  1.75s/trial, best loss: -1.5138792012870328]
 84%|████████▍ | 21/25 [00:37<00:07,  1.82s/trial, best loss: -1.625819188685009] 
 88%|████████▊ | 22/25 [00:39<00:05,  1.88s/trial, best loss: -1.625819188685009]
 92%|█████████▏| 23/25 [00:41<00:03,  1.91s/trial, best loss: -1.625819188685009]
 96%|█████████▌| 24/25 [00:43<00:01,  1.97s/trial, best loss: -1.625819188685009]
100%|██████████| 25/25 [00:45<00:00,  1.97s/trial, best loss: -1.625819188685009]
100%|██████████| 25/25 [00:45<00:00,  1.81s/trial, best loss: -1.625819188685009]

  0%|          | 0/25 [00:00<?, ?trial/s, best loss=?]
  4%|▍         | 1/25 [00:01<00:38,  1.61s/trial, best loss: -1.208547401551104]
  8%|▊         | 2/25 [00:02<00:33,  1.46s/trial, best loss: -1.2220056834944062]
 12%|█▏        | 3/25 [00:04<00:31,  1.44s/trial, best loss: -1.2220056834944062]
 16%|█▌        | 4/25 [00:05<00:30,  1.44s/trial, best loss: -1.2220056834944062]
 20%|██        | 5/25 [00:07<00:29,  1.49s/trial, best loss: -1.2220056834944062]
 24%|██▍       | 6/25 [00:09<00:29,  1.53s/trial, best loss: -1.2220056834944062]
 28%|██▊       | 7/25 [00:10<00:27,  1.55s/trial, best loss: -1.549162420869641] 
 32%|███▏      | 8/25 [00:11<00:24,  1.46s/trial, best loss: -1.549162420869641]
 36%|███▌      | 9/25 [00:13<00:23,  1.49s/trial, best loss: -1.549162420869641]
 40%|████      | 10/25 [00:14<00:22,  1.47s/trial, best loss: -1.549162420869641]
 44%|████▍     | 11/25 [00:16<00:19,  1.40s/trial, best loss: -1.549162420869641]
 48%|████▊     | 12/25 [00:17<00:19,  1.47s/trial, best loss: -1.549162420869641]
 52%|█████▏    | 13/25 [00:19<00:17,  1.44s/trial, best loss: -1.549162420869641]
 56%|█████▌    | 14/25 [00:20<00:15,  1.39s/trial, best loss: -1.549162420869641]
 60%|██████    | 15/25 [00:21<00:13,  1.39s/trial, best loss: -1.549162420869641]
 64%|██████▍   | 16/25 [00:23<00:13,  1.48s/trial, best loss: -1.549162420869641]
 68%|██████▊   | 17/25 [00:25<00:12,  1.54s/trial, best loss: -1.549162420869641]
 72%|███████▏  | 18/25 [00:26<00:10,  1.48s/trial, best loss: -1.549162420869641]
 76%|███████▌  | 19/25 [00:27<00:08,  1.48s/trial, best loss: -1.549162420869641]
 80%|████████  | 20/25 [00:29<00:07,  1.48s/trial, best loss: -1.549162420869641]
 84%|████████▍ | 21/25 [00:31<00:06,  1.54s/trial, best loss: -1.5701675012039515]
 88%|████████▊ | 22/25 [00:32<00:04,  1.63s/trial, best loss: -1.5701675012039515]
 92%|█████████▏| 23/25 [00:34<00:03,  1.68s/trial, best loss: -1.5701675012039515]
 96%|█████████▌| 24/25 [00:36<00:01,  1.68s/trial, best loss: -1.5701675012039515]
100%|██████████| 25/25 [00:38<00:00,  1.69s/trial, best loss: -1.5701675012039515]
100%|██████████| 25/25 [00:38<00:00,  1.53s/trial, best loss: -1.5701675012039515]

  0%|          | 0/25 [00:00<?, ?trial/s, best loss=?]
  4%|▍         | 1/25 [00:01<00:34,  1.44s/trial, best loss: -1.4389198181705345]
  8%|▊         | 2/25 [00:02<00:31,  1.37s/trial, best loss: -1.4389198181705345]
 12%|█▏        | 3/25 [00:04<00:29,  1.34s/trial, best loss: -1.4389198181705345]
 16%|█▌        | 4/25 [00:05<00:28,  1.35s/trial, best loss: -1.4389198181705345]
 20%|██        | 5/25 [00:06<00:27,  1.36s/trial, best loss: -1.4389198181705345]
 24%|██▍       | 6/25 [00:08<00:27,  1.42s/trial, best loss: -1.4389198181705345]
 28%|██▊       | 7/25 [00:09<00:26,  1.45s/trial, best loss: -1.5613120937553913]
 32%|███▏      | 8/25 [00:11<00:23,  1.36s/trial, best loss: -1.5613120937553913]
 36%|███▌      | 9/25 [00:12<00:22,  1.42s/trial, best loss: -1.5613120937553913]
 40%|████      | 10/25 [00:13<00:20,  1.35s/trial, best loss: -1.5613120937553913]
 44%|████▍     | 11/25 [00:14<00:18,  1.30s/trial, best loss: -1.5613120937553913]
 48%|████▊     | 12/25 [00:16<00:17,  1.36s/trial, best loss: -1.5613120937553913]
 52%|█████▏    | 13/25 [00:17<00:15,  1.31s/trial, best loss: -1.5613120937553913]
 56%|█████▌    | 14/25 [00:19<00:14,  1.35s/trial, best loss: -1.5613120937553913]
 60%|██████    | 15/25 [00:20<00:13,  1.30s/trial, best loss: -1.5613120937553913]
 64%|██████▍   | 16/25 [00:21<00:12,  1.37s/trial, best loss: -1.5613120937553913]
 68%|██████▊   | 17/25 [00:23<00:11,  1.41s/trial, best loss: -1.5613120937553913]
 72%|███████▏  | 18/25 [00:24<00:09,  1.38s/trial, best loss: -1.5613120937553913]
 76%|███████▌  | 19/25 [00:26<00:08,  1.38s/trial, best loss: -1.5613120937553913]
 80%|████████  | 20/25 [00:27<00:06,  1.39s/trial, best loss: -1.5613120937553913]
 84%|████████▍ | 21/25 [00:28<00:05,  1.42s/trial, best loss: -1.576503922475935] 
 88%|████████▊ | 22/25 [00:30<00:04,  1.45s/trial, best loss: -1.576503922475935]
 92%|█████████▏| 23/25 [00:32<00:02,  1.50s/trial, best loss: -1.576503922475935]
 96%|█████████▌| 24/25 [00:33<00:01,  1.52s/trial, best loss: -1.576503922475935]
100%|██████████| 25/25 [00:35<00:00,  1.54s/trial, best loss: -1.576503922475935]
100%|██████████| 25/25 [00:35<00:00,  1.41s/trial, best loss: -1.576503922475935]
D:\quant_system_pro (3)\quant_system_pro\backtest\backtest_pro.py:330: UserWarning: Glyph 39057 (\N{CJK UNIFIED IDEOGRAPH-9891}) missing from font(s) DejaVu Sans.
  buf=io.BytesIO(); plt.tight_layout(); plt.savefig(buf, format="png"); data=base64.b64encode(buf.getvalue()).decode()
D:\quant_system_pro (3)\quant_system_pro\backtest\backtest_pro.py:330: UserWarning: Glyph 25968 (\N{CJK UNIFIED IDEOGRAPH-6570}) missing from font(s) DejaVu Sans.
  buf=io.BytesIO(); plt.tight_layout(); plt.savefig(buf, format="png"); data=base64.b64encode(buf.getvalue()).decode()
D:\quant_system_pro (3)\quant_system_pro\backtest\backtest_pro.py:330: UserWarning: Glyph 20998 (\N{CJK UNIFIED IDEOGRAPH-5206}) missing from font(s) DejaVu Sans.
  buf=io.BytesIO(); plt.tight_layout(); plt.savefig(buf, format="png"); data=base64.b64encode(buf.getvalue()).decode()
D:\quant_system_pro (3)\quant_system_pro\backtest\backtest_pro.py:330: UserWarning: Glyph 24067 (\N{CJK UNIFIED IDEOGRAPH-5E03}) missing from font(s) DejaVu Sans.
  buf=io.BytesIO(); plt.tight_layout(); plt.savefig(buf, format="png"); data=base64.b64encode(buf.getvalue()).decode()
D:\quant_system_pro (3)\quant_system_pro\backtest\backtest_pro.py:330: UserWarning: Glyph 65288 (\N{FULLWIDTH LEFT PARENTHESIS}) missing from font(s) DejaVu Sans.
  buf=io.BytesIO(); plt.tight_layout(); plt.savefig(buf, format="png"); data=base64.b64encode(buf.getvalue()).decode()
D:\quant_system_pro (3)\quant_system_pro\backtest\backtest_pro.py:330: UserWarning: Glyph 36234 (\N{CJK UNIFIED IDEOGRAPH-8D8A}) missing from font(s) DejaVu Sans.
  buf=io.BytesIO(); plt.tight_layout(); plt.savefig(buf, format="png"); data=base64.b64encode(buf.getvalue()).decode()
D:\quant_system_pro (3)\quant_system_pro\backtest\backtest_pro.py:330: UserWarning: Glyph 20302 (\N{CJK UNIFIED IDEOGRAPH-4F4E}) missing from font(s) DejaVu Sans.
  buf=io.BytesIO(); plt.tight_layout(); plt.savefig(buf, format="png"); data=base64.b64encode(buf.getvalue()).decode()
D:\quant_system_pro (3)\quant_system_pro\backtest\backtest_pro.py:330: UserWarning: Glyph 22909 (\N{CJK UNIFIED IDEOGRAPH-597D}) missing from font(s) DejaVu Sans.
  buf=io.BytesIO(); plt.tight_layout(); plt.savefig(buf, format="png"); data=base64.b64encode(buf.getvalue()).decode()
D:\quant_system_pro (3)\quant_system_pro\backtest\backtest_pro.py:330: UserWarning: Glyph 65289 (\N{FULLWIDTH RIGHT PARENTHESIS}) missing from font(s) DejaVu Sans.
  buf=io.BytesIO(); plt.tight_layout(); plt.savefig(buf, format="png"); data=base64.b64encode(buf.getvalue()).decode()
[完成] 最优表: D:\quant_system_pro (3)\quant_system_pro\results\live_90d_BTCUSDT\最优组合总表_S档_20250817-044835.csv
[完成] best_combo: data/best_combo.csv
