[A6-SHIM] pandas.DataFrame.to_csv 已安装修订钩子（仅拦截 a6_strategy_scores*）
C:\Users\Administrator\AppData\Local\Programs\Python\Python39\lib\site-packages\hyperopt\atpe.py:19: UserWarning: pkg_resources is deprecated as an API. See https://setuptools.pypa.io/en/latest/pkg_resources.html. The pkg_resources package is slated for removal as early as 2025-11-30. Refrain from using this package or pin to Setuptools<81.
  import pkg_resources
[GPU] Torch 2.6.0+cu124 | CUDA 12.4 | Device NVIDIA GeForce RTX 3060 | available=True
[GPU] XGBoost 1.7.6 (gpu_hist supported)
[GPU] LightGBM available (GPU depends on build)
[回测] 符号数=1 窗口=90天 S档=ON

  0%|          | 0/25 [00:00<?, ?trial/s, best loss=?]
  4%|▍         | 1/25 [00:00<00:11,  2.01trial/s, best loss: 0.30090626728281367]
  8%|▊         | 2/25 [00:00<00:10,  2.19trial/s, best loss: 0.30090626728281367]
 12%|█▏        | 3/25 [00:01<00:10,  2.19trial/s, best loss: 0.30090626728281367]
 16%|█▌        | 4/25 [00:01<00:09,  2.21trial/s, best loss: 0.30090626728281367]
 20%|██        | 5/25 [00:02<00:08,  2.24trial/s, best loss: 0.30090626728281367]
 24%|██▍       | 6/25 [00:02<00:08,  2.22trial/s, best loss: 0.30090626728281367]
 28%|██▊       | 7/25 [00:03<00:08,  2.23trial/s, best loss: 0.30090626728281367]
 32%|███▏      | 8/25 [00:03<00:07,  2.20trial/s, best loss: 0.30090626728281367]
 36%|███▌      | 9/25 [00:04<00:07,  2.18trial/s, best loss: 0.30090626728281367]
 40%|████      | 10/25 [00:04<00:07,  2.14trial/s, best loss: 0.30090626728281367]
 44%|████▍     | 11/25 [00:05<00:06,  2.15trial/s, best loss: 0.30090626728281367]
 48%|████▊     | 12/25 [00:05<00:06,  2.14trial/s, best loss: 0.30090626728281367]
 52%|█████▏    | 13/25 [00:06<00:05,  2.10trial/s, best loss: 0.30090626728281367]
 56%|█████▌    | 14/25 [00:06<00:05,  2.13trial/s, best loss: 0.30090626728281367]
 60%|██████    | 15/25 [00:06<00:04,  2.15trial/s, best loss: 0.30090626728281367]
 64%|██████▍   | 16/25 [00:07<00:04,  2.12trial/s, best loss: 0.28146496911468355]
 68%|██████▊   | 17/25 [00:07<00:03,  2.17trial/s, best loss: 0.28146496911468355]
 72%|███████▏  | 18/25 [00:08<00:03,  2.18trial/s, best loss: 0.28146496911468355]
 76%|███████▌  | 19/25 [00:08<00:02,  2.17trial/s, best loss: 0.28146496911468355]
 80%|████████  | 20/25 [00:09<00:02,  2.16trial/s, best loss: 0.28146496911468355]
 84%|████████▍ | 21/25 [00:09<00:01,  2.17trial/s, best loss: 0.28146496911468355]
 88%|████████▊ | 22/25 [00:10<00:01,  2.14trial/s, best loss: 0.28146496911468355]
 92%|█████████▏| 23/25 [00:10<00:00,  2.15trial/s, best loss: 0.27560704958231064]
 96%|█████████▌| 24/25 [00:11<00:00,  2.13trial/s, best loss: 0.27560704958231064]
100%|██████████| 25/25 [00:11<00:00,  2.14trial/s, best loss: 0.27560704958231064]
100%|██████████| 25/25 [00:11<00:00,  2.16trial/s, best loss: 0.27560704958231064]

  0%|          | 0/25 [00:00<?, ?trial/s, best loss=?]
  4%|▍         | 1/25 [00:00<00:11,  2.18trial/s, best loss: 0.09191434003113394]
  8%|▊         | 2/25 [00:00<00:10,  2.11trial/s, best loss: 0.09191434003113394]
 12%|█▏        | 3/25 [00:01<00:10,  2.08trial/s, best loss: 0.09191434003113394]
 16%|█▌        | 4/25 [00:01<00:09,  2.12trial/s, best loss: 0.09191434003113394]
 20%|██        | 5/25 [00:02<00:09,  2.19trial/s, best loss: 0.09191434003113394]
 24%|██▍       | 6/25 [00:02<00:08,  2.21trial/s, best loss: 0.09191434003113394]
 28%|██▊       | 7/25 [00:03<00:07,  2.25trial/s, best loss: 0.07665036946754326]
 32%|███▏      | 8/25 [00:03<00:07,  2.25trial/s, best loss: 0.07665036946754326]
 36%|███▌      | 9/25 [00:04<00:07,  2.22trial/s, best loss: 0.05462560244118923]
 40%|████      | 10/25 [00:04<00:06,  2.19trial/s, best loss: 0.05462560244118923]
 44%|████▍     | 11/25 [00:05<00:06,  2.14trial/s, best loss: 0.05462560244118923]
 48%|████▊     | 12/25 [00:05<00:05,  2.19trial/s, best loss: 0.05462560244118923]
 52%|█████▏    | 13/25 [00:05<00:05,  2.18trial/s, best loss: 0.05462560244118923]
 56%|█████▌    | 14/25 [00:06<00:05,  2.19trial/s, best loss: 0.05462560244118923]
 60%|██████    | 15/25 [00:06<00:04,  2.21trial/s, best loss: 0.05462560244118923]
 64%|██████▍   | 16/25 [00:07<00:04,  2.21trial/s, best loss: 0.05462560244118923]
 68%|██████▊   | 17/25 [00:07<00:03,  2.21trial/s, best loss: 0.05462560244118923]
 72%|███████▏  | 18/25 [00:08<00:03,  2.20trial/s, best loss: 0.05462560244118923]
 76%|███████▌  | 19/25 [00:08<00:02,  2.21trial/s, best loss: 0.05462560244118923]
 80%|████████  | 20/25 [00:09<00:02,  2.16trial/s, best loss: 0.05462560244118923]
 84%|████████▍ | 21/25 [00:09<00:01,  2.18trial/s, best loss: 0.05462560244118923]
 88%|████████▊ | 22/25 [00:10<00:01,  2.15trial/s, best loss: 0.053221600764048804]
 92%|█████████▏| 23/25 [00:10<00:00,  2.17trial/s, best loss: 0.053221600764048804]
 96%|█████████▌| 24/25 [00:10<00:00,  2.19trial/s, best loss: 0.053221600764048804]
100%|██████████| 25/25 [00:11<00:00,  2.14trial/s, best loss: 0.053221600764048804]
100%|██████████| 25/25 [00:11<00:00,  2.18trial/s, best loss: 0.053221600764048804]

  0%|          | 0/25 [00:00<?, ?trial/s, best loss=?]
  4%|▍         | 1/25 [00:00<00:10,  2.24trial/s, best loss: 0.03084555459499983]
  8%|▊         | 2/25 [00:00<00:10,  2.21trial/s, best loss: 0.03084555459499983]
 12%|█▏        | 3/25 [00:01<00:09,  2.24trial/s, best loss: 0.022331664254510643]
 16%|█▌        | 4/25 [00:01<00:09,  2.21trial/s, best loss: 0.022331664254510643]
 20%|██        | 5/25 [00:02<00:09,  2.20trial/s, best loss: 0.022331664254510643]
 24%|██▍       | 6/25 [00:02<00:08,  2.14trial/s, best loss: 0.022331664254510643]
 28%|██▊       | 7/25 [00:03<00:08,  2.14trial/s, best loss: 0.022331664254510643]
 32%|███▏      | 8/25 [00:03<00:08,  2.12trial/s, best loss: 0.022331664254510643]
 36%|███▌      | 9/25 [00:04<00:07,  2.16trial/s, best loss: 0.013079255204058997]
 40%|████      | 10/25 [00:04<00:06,  2.18trial/s, best loss: 0.013079255204058997]
 44%|████▍     | 11/25 [00:05<00:06,  2.20trial/s, best loss: 0.013079255204058997]
 48%|████▊     | 12/25 [00:05<00:05,  2.21trial/s, best loss: 0.013079255204058997]
 52%|█████▏    | 13/25 [00:05<00:05,  2.19trial/s, best loss: 0.013079255204058997]
 56%|█████▌    | 14/25 [00:06<00:05,  2.16trial/s, best loss: 0.013079255204058997]
 60%|██████    | 15/25 [00:06<00:04,  2.13trial/s, best loss: 0.013079255204058997]
 64%|██████▍   | 16/25 [00:07<00:04,  2.18trial/s, best loss: 0.013079255204058997]
 68%|██████▊   | 17/25 [00:07<00:03,  2.20trial/s, best loss: 0.013079255204058997]
 72%|███████▏  | 18/25 [00:08<00:03,  2.20trial/s, best loss: 0.013079255204058997]
 76%|███████▌  | 19/25 [00:08<00:02,  2.25trial/s, best loss: 0.013079255204058997]
 80%|████████  | 20/25 [00:09<00:02,  2.19trial/s, best loss: 0.013079255204058997]
 84%|████████▍ | 21/25 [00:09<00:01,  2.17trial/s, best loss: 0.013079255204058997]
 88%|████████▊ | 22/25 [00:10<00:01,  2.18trial/s, best loss: 0.013079255204058997]
 92%|█████████▏| 23/25 [00:10<00:00,  2.16trial/s, best loss: 0.013079255204058997]
 96%|█████████▌| 24/25 [00:11<00:00,  2.17trial/s, best loss: 0.013079255204058997]
100%|██████████| 25/25 [00:11<00:00,  2.16trial/s, best loss: 0.013079255204058997]
100%|██████████| 25/25 [00:11<00:00,  2.18trial/s, best loss: 0.013079255204058997]

  0%|          | 0/25 [00:00<?, ?trial/s, best loss=?]
  4%|▍         | 1/25 [00:00<00:11,  2.17trial/s, best loss: 0.10753506253331]
  8%|▊         | 2/25 [00:00<00:10,  2.18trial/s, best loss: 0.044691213559273336]
 12%|█▏        | 3/25 [00:01<00:10,  2.19trial/s, best loss: 0.044691213559273336]
 16%|█▌        | 4/25 [00:01<00:09,  2.25trial/s, best loss: 0.044691213559273336]
 20%|██        | 5/25 [00:02<00:09,  2.22trial/s, best loss: 0.044691213559273336]
 24%|██▍       | 6/25 [00:02<00:08,  2.20trial/s, best loss: 0.044691213559273336]
 28%|██▊       | 7/25 [00:03<00:08,  2.19trial/s, best loss: 0.044691213559273336]
 32%|███▏      | 8/25 [00:03<00:07,  2.20trial/s, best loss: 0.006146188481796676]
 36%|███▌      | 9/25 [00:04<00:07,  2.18trial/s, best loss: 0.006146188481796676]
 40%|████      | 10/25 [00:04<00:06,  2.20trial/s, best loss: 0.006146188481796676]
 44%|████▍     | 11/25 [00:05<00:06,  2.16trial/s, best loss: 0.006146188481796676]
 48%|████▊     | 12/25 [00:05<00:06,  2.15trial/s, best loss: 0.006146188481796676]
 52%|█████▏    | 13/25 [00:05<00:05,  2.18trial/s, best loss: 0.006146188481796676]
 56%|█████▌    | 14/25 [00:06<00:05,  2.18trial/s, best loss: 0.006146188481796676]
 60%|██████    | 15/25 [00:06<00:04,  2.17trial/s, best loss: 0.006146188481796676]
 64%|██████▍   | 16/25 [00:07<00:04,  2.16trial/s, best loss: 0.006146188481796676]
 68%|██████▊   | 17/25 [00:07<00:03,  2.19trial/s, best loss: 0.006146188481796676]
 72%|███████▏  | 18/25 [00:08<00:03,  2.20trial/s, best loss: 0.006146188481796676]
 76%|███████▌  | 19/25 [00:08<00:02,  2.21trial/s, best loss: 0.006146188481796676]
 80%|████████  | 20/25 [00:09<00:02,  2.21trial/s, best loss: 0.006146188481796676]
 84%|████████▍ | 21/25 [00:09<00:01,  2.21trial/s, best loss: 0.006146188481796676]
 88%|████████▊ | 22/25 [00:10<00:01,  2.22trial/s, best loss: 0.006146188481796676]
 92%|█████████▏| 23/25 [00:10<00:00,  2.19trial/s, best loss: 0.006146188481796676]
 96%|█████████▌| 24/25 [00:10<00:00,  2.19trial/s, best loss: 0.006146188481796676]
100%|██████████| 25/25 [00:11<00:00,  2.18trial/s, best loss: 0.006146188481796676]
100%|██████████| 25/25 [00:11<00:00,  2.19trial/s, best loss: 0.006146188481796676]

  0%|          | 0/25 [00:00<?, ?trial/s, best loss=?]
  4%|▍         | 1/25 [00:00<00:10,  2.24trial/s, best loss: 0.07746131115470861]
  8%|▊         | 2/25 [00:00<00:10,  2.19trial/s, best loss: 0.07746131115470861]
 12%|█▏        | 3/25 [00:01<00:10,  2.16trial/s, best loss: 0.07746131115470861]
 16%|█▌        | 4/25 [00:01<00:09,  2.14trial/s, best loss: 0.07746131115470861]
 20%|██        | 5/25 [00:02<00:09,  2.18trial/s, best loss: 0.07746131115470861]
 24%|██▍       | 6/25 [00:02<00:08,  2.20trial/s, best loss: 0.07746131115470861]
 28%|██▊       | 7/25 [00:03<00:08,  2.18trial/s, best loss: 0.031664983475779916]
 32%|███▏      | 8/25 [00:03<00:07,  2.18trial/s, best loss: 0.031664983475779916]
 36%|███▌      | 9/25 [00:04<00:07,  2.21trial/s, best loss: 0.031664983475779916]
 40%|████      | 10/25 [00:04<00:06,  2.23trial/s, best loss: 0.031664983475779916]
 44%|████▍     | 11/25 [00:05<00:06,  2.20trial/s, best loss: 0.031664983475779916]
 48%|████▊     | 12/25 [00:05<00:06,  2.16trial/s, best loss: 0.031664983475779916]
 52%|█████▏    | 13/25 [00:05<00:05,  2.16trial/s, best loss: 0.031664983475779916]
 56%|█████▌    | 14/25 [00:06<00:05,  2.20trial/s, best loss: 0.031664983475779916]
 60%|██████    | 15/25 [00:06<00:04,  2.19trial/s, best loss: 0.031664983475779916]
 64%|██████▍   | 16/25 [00:07<00:04,  2.20trial/s, best loss: 0.031664983475779916]
 68%|██████▊   | 17/25 [00:07<00:03,  2.18trial/s, best loss: 0.031664983475779916]
 72%|███████▏  | 18/25 [00:08<00:03,  2.19trial/s, best loss: 0.031664983475779916]
 76%|███████▌  | 19/25 [00:08<00:02,  2.21trial/s, best loss: 0.031664983475779916]
 80%|████████  | 20/25 [00:09<00:02,  2.23trial/s, best loss: 0.031664983475779916]
 84%|████████▍ | 21/25 [00:09<00:01,  2.23trial/s, best loss: 0.026976787817179222]
 88%|████████▊ | 22/25 [00:10<00:01,  2.24trial/s, best loss: 0.026976787817179222]
 92%|█████████▏| 23/25 [00:10<00:00,  2.20trial/s, best loss: 0.026976787817179222]
 96%|█████████▌| 24/25 [00:10<00:00,  2.22trial/s, best loss: 0.026976787817179222]
100%|██████████| 25/25 [00:11<00:00,  2.20trial/s, best loss: 0.026976787817179222]
100%|██████████| 25/25 [00:11<00:00,  2.20trial/s, best loss: 0.026976787817179222]

  0%|          | 0/25 [00:00<?, ?trial/s, best loss=?]
  4%|▍         | 1/25 [00:00<00:10,  2.26trial/s, best loss: -0.05986395048117122]
  8%|▊         | 2/25 [00:00<00:10,  2.17trial/s, best loss: -0.05986395048117122]
 12%|█▏        | 3/25 [00:01<00:10,  2.12trial/s, best loss: -0.05986395048117122]
 16%|█▌        | 4/25 [00:01<00:09,  2.13trial/s, best loss: -0.05986395048117122]
 20%|██        | 5/25 [00:02<00:09,  2.15trial/s, best loss: -0.05986395048117122]
 24%|██▍       | 6/25 [00:02<00:08,  2.17trial/s, best loss: -0.05986395048117122]
 28%|██▊       | 7/25 [00:03<00:08,  2.19trial/s, best loss: -0.05986395048117122]
 32%|███▏      | 8/25 [00:03<00:07,  2.20trial/s, best loss: -0.05986395048117122]
 36%|███▌      | 9/25 [00:04<00:07,  2.21trial/s, best loss: -0.05986395048117122]
 40%|████      | 10/25 [00:04<00:06,  2.23trial/s, best loss: -0.05986395048117122]
 44%|████▍     | 11/25 [00:05<00:06,  2.22trial/s, best loss: -0.05986395048117122]
 48%|████▊     | 12/25 [00:05<00:05,  2.22trial/s, best loss: -0.05986395048117122]
 52%|█████▏    | 13/25 [00:05<00:05,  2.23trial/s, best loss: -0.05986395048117122]
 56%|█████▌    | 14/25 [00:06<00:04,  2.22trial/s, best loss: -0.05986395048117122]
 60%|██████    | 15/25 [00:06<00:04,  2.26trial/s, best loss: -0.05986395048117122]
 64%|██████▍   | 16/25 [00:07<00:04,  2.24trial/s, best loss: -0.07594166948115688]
 68%|██████▊   | 17/25 [00:07<00:03,  2.24trial/s, best loss: -0.07594166948115688]
 72%|███████▏  | 18/25 [00:08<00:03,  2.22trial/s, best loss: -0.07594166948115688]
 76%|███████▌  | 19/25 [00:08<00:02,  2.23trial/s, best loss: -0.07594166948115688]
 80%|████████  | 20/25 [00:09<00:02,  2.24trial/s, best loss: -0.07594166948115688]
 84%|████████▍ | 21/25 [00:09<00:01,  2.20trial/s, best loss: -0.07594166948115688]
 88%|████████▊ | 22/25 [00:09<00:01,  2.20trial/s, best loss: -0.07594166948115688]
 92%|█████████▏| 23/25 [00:10<00:00,  2.17trial/s, best loss: -0.07594166948115688]
 96%|█████████▌| 24/25 [00:10<00:00,  2.19trial/s, best loss: -0.07594166948115688]
100%|██████████| 25/25 [00:11<00:00,  2.19trial/s, best loss: -0.07594166948115688]
100%|██████████| 25/25 [00:11<00:00,  2.20trial/s, best loss: -0.07594166948115688]
D:\quant_system_pro (3)\quant_system_pro\backtest\backtest_pro.py:330: UserWarning: Glyph 39057 (\N{CJK UNIFIED IDEOGRAPH-9891}) missing from font(s) DejaVu Sans.
  buf=io.BytesIO(); plt.tight_layout(); plt.savefig(buf, format="png"); data=base64.b64encode(buf.getvalue()).decode()
D:\quant_system_pro (3)\quant_system_pro\backtest\backtest_pro.py:330: UserWarning: Glyph 25968 (\N{CJK UNIFIED IDEOGRAPH-6570}) missing from font(s) DejaVu Sans.
  buf=io.BytesIO(); plt.tight_layout(); plt.savefig(buf, format="png"); data=base64.b64encode(buf.getvalue()).decode()
D:\quant_system_pro (3)\quant_system_pro\backtest\backtest_pro.py:330: UserWarning: Glyph 20998 (\N{CJK UNIFIED IDEOGRAPH-5206}) missing from font(s) DejaVu Sans.
  buf=io.BytesIO(); plt.tight_layout(); plt.savefig(buf, format="png"); data=base64.b64encode(buf.getvalue()).decode()
D:\quant_system_pro (3)\quant_system_pro\backtest\backtest_pro.py:330: UserWarning: Glyph 24067 (\N{CJK UNIFIED IDEOGRAPH-5E03}) missing from font(s) DejaVu Sans.
  buf=io.BytesIO(); plt.tight_layout(); plt.savefig(buf, format="png"); data=base64.b64encode(buf.getvalue()).decode()
D:\quant_system_pro (3)\quant_system_pro\backtest\backtest_pro.py:330: UserWarning: Glyph 65288 (\N{FULLWIDTH LEFT PARENTHESIS}) missing from font(s) DejaVu Sans.
  buf=io.BytesIO(); plt.tight_layout(); plt.savefig(buf, format="png"); data=base64.b64encode(buf.getvalue()).decode()
D:\quant_system_pro (3)\quant_system_pro\backtest\backtest_pro.py:330: UserWarning: Glyph 36234 (\N{CJK UNIFIED IDEOGRAPH-8D8A}) missing from font(s) DejaVu Sans.
  buf=io.BytesIO(); plt.tight_layout(); plt.savefig(buf, format="png"); data=base64.b64encode(buf.getvalue()).decode()
D:\quant_system_pro (3)\quant_system_pro\backtest\backtest_pro.py:330: UserWarning: Glyph 20302 (\N{CJK UNIFIED IDEOGRAPH-4F4E}) missing from font(s) DejaVu Sans.
  buf=io.BytesIO(); plt.tight_layout(); plt.savefig(buf, format="png"); data=base64.b64encode(buf.getvalue()).decode()
D:\quant_system_pro (3)\quant_system_pro\backtest\backtest_pro.py:330: UserWarning: Glyph 22909 (\N{CJK UNIFIED IDEOGRAPH-597D}) missing from font(s) DejaVu Sans.
  buf=io.BytesIO(); plt.tight_layout(); plt.savefig(buf, format="png"); data=base64.b64encode(buf.getvalue()).decode()
D:\quant_system_pro (3)\quant_system_pro\backtest\backtest_pro.py:330: UserWarning: Glyph 65289 (\N{FULLWIDTH RIGHT PARENTHESIS}) missing from font(s) DejaVu Sans.
  buf=io.BytesIO(); plt.tight_layout(); plt.savefig(buf, format="png"); data=base64.b64encode(buf.getvalue()).decode()
[完成] 最优表: D:\quant_system_pro (3)\quant_system_pro\results\live_90d_BTCUSDT\最优组合总表_S档_20250817-044625.csv
[完成] best_combo: data/best_combo.csv
