[A6-SHIM] pandas.DataFrame.to_csv 已安装修订钩子（仅拦截 a6_strategy_scores*）
C:\Users\Administrator\AppData\Local\Programs\Python\Python39\lib\site-packages\hyperopt\atpe.py:19: UserWarning: pkg_resources is deprecated as an API. See https://setuptools.pypa.io/en/latest/pkg_resources.html. The pkg_resources package is slated for removal as early as 2025-11-30. Refrain from using this package or pin to Setuptools<81.
  import pkg_resources
[GPU] Torch 2.6.0+cu124 | CUDA 12.4 | Device NVIDIA GeForce RTX 3060 | available=True
[GPU] XGBoost 1.7.6 (gpu_hist supported)
[GPU] LightGBM available (GPU depends on build)
[回测] 符号数=1 窗口=90天 S档=ON

  0%|          | 0/25 [00:00<?, ?trial/s, best loss=?]
  4%|▍         | 1/25 [00:00<00:12,  1.91trial/s, best loss: 0.15482545966765704]
  8%|▊         | 2/25 [00:01<00:11,  1.99trial/s, best loss: 0.15482545966765704]
 12%|█▏        | 3/25 [00:01<00:10,  2.04trial/s, best loss: 0.07568981061509744]
 16%|█▌        | 4/25 [00:01<00:09,  2.14trial/s, best loss: 0.07568981061509744]
 20%|██        | 5/25 [00:02<00:09,  2.15trial/s, best loss: 0.061620634060028406]
 24%|██▍       | 6/25 [00:02<00:08,  2.14trial/s, best loss: 0.0505843595791751]  
 28%|██▊       | 7/25 [00:03<00:08,  2.13trial/s, best loss: 0.0505843595791751]
 32%|███▏      | 8/25 [00:03<00:07,  2.15trial/s, best loss: 0.0505843595791751]
 36%|███▌      | 9/25 [00:04<00:07,  2.14trial/s, best loss: 0.0505843595791751]
 40%|████      | 10/25 [00:04<00:07,  2.14trial/s, best loss: 0.0505843595791751]
 44%|████▍     | 11/25 [00:05<00:06,  2.15trial/s, best loss: 0.0505843595791751]
 48%|████▊     | 12/25 [00:05<00:06,  2.13trial/s, best loss: 0.0505843595791751]
 52%|█████▏    | 13/25 [00:06<00:05,  2.12trial/s, best loss: 0.0505843595791751]
 56%|█████▌    | 14/25 [00:06<00:05,  2.10trial/s, best loss: 0.0505843595791751]
 60%|██████    | 15/25 [00:07<00:04,  2.05trial/s, best loss: 0.0505843595791751]
 64%|██████▍   | 16/25 [00:07<00:04,  2.01trial/s, best loss: 0.0505843595791751]
 68%|██████▊   | 17/25 [00:08<00:03,  2.05trial/s, best loss: 0.0505843595791751]
 72%|███████▏  | 18/25 [00:08<00:03,  2.06trial/s, best loss: 0.0505843595791751]
 76%|███████▌  | 19/25 [00:09<00:02,  2.10trial/s, best loss: 0.0505843595791751]
 80%|████████  | 20/25 [00:09<00:02,  2.12trial/s, best loss: 0.0505843595791751]
 84%|████████▍ | 21/25 [00:10<00:01,  2.10trial/s, best loss: 0.04267087785596559]
 88%|████████▊ | 22/25 [00:10<00:01,  2.11trial/s, best loss: 0.04267087785596559]
 92%|█████████▏| 23/25 [00:10<00:00,  2.12trial/s, best loss: 0.04267087785596559]
 96%|█████████▌| 24/25 [00:11<00:00,  2.10trial/s, best loss: 0.04267087785596559]
100%|██████████| 25/25 [00:11<00:00,  2.08trial/s, best loss: 0.04267087785596559]
100%|██████████| 25/25 [00:11<00:00,  2.10trial/s, best loss: 0.04267087785596559]

  0%|          | 0/25 [00:00<?, ?trial/s, best loss=?]
  4%|▍         | 1/25 [00:00<00:11,  2.10trial/s, best loss: 0.07046246770852521]
  8%|▊         | 2/25 [00:00<00:10,  2.21trial/s, best loss: 0.07046246770852521]
 12%|█▏        | 3/25 [00:01<00:09,  2.20trial/s, best loss: 0.04121641435194774]
 16%|█▌        | 4/25 [00:01<00:09,  2.15trial/s, best loss: 0.03523625873676403]
 20%|██        | 5/25 [00:02<00:09,  2.17trial/s, best loss: 0.01987963912641821]
 24%|██▍       | 6/25 [00:02<00:08,  2.16trial/s, best loss: 0.01987963912641821]
 28%|██▊       | 7/25 [00:03<00:08,  2.15trial/s, best loss: 0.01987963912641821]
 32%|███▏      | 8/25 [00:03<00:07,  2.17trial/s, best loss: 0.01987963912641821]
 36%|███▌      | 9/25 [00:04<00:07,  2.16trial/s, best loss: 0.01987963912641821]
 40%|████      | 10/25 [00:04<00:06,  2.18trial/s, best loss: 0.01987963912641821]
 44%|████▍     | 11/25 [00:05<00:06,  2.19trial/s, best loss: 0.01987963912641821]
 48%|████▊     | 12/25 [00:05<00:05,  2.20trial/s, best loss: 0.01987963912641821]
 52%|█████▏    | 13/25 [00:05<00:05,  2.17trial/s, best loss: 0.01987963912641821]
 56%|█████▌    | 14/25 [00:06<00:05,  2.16trial/s, best loss: 0.01987963912641821]
 60%|██████    | 15/25 [00:06<00:04,  2.14trial/s, best loss: 0.01987963912641821]
 64%|██████▍   | 16/25 [00:07<00:04,  2.14trial/s, best loss: 0.01987963912641821]
 68%|██████▊   | 17/25 [00:07<00:03,  2.13trial/s, best loss: 0.01987963912641821]
 72%|███████▏  | 18/25 [00:08<00:03,  2.14trial/s, best loss: 0.01987963912641821]
 76%|███████▌  | 19/25 [00:08<00:02,  2.19trial/s, best loss: 0.01987963912641821]
 80%|████████  | 20/25 [00:09<00:02,  2.22trial/s, best loss: 0.01987963912641821]
 84%|████████▍ | 21/25 [00:09<00:01,  2.19trial/s, best loss: 0.004966455901422301]
 88%|████████▊ | 22/25 [00:10<00:01,  2.12trial/s, best loss: 0.004966455901422301]
 92%|█████████▏| 23/25 [00:10<00:00,  2.13trial/s, best loss: 0.004966455901422301]
 96%|█████████▌| 24/25 [00:11<00:00,  2.15trial/s, best loss: -0.007307681575862422]
100%|██████████| 25/25 [00:11<00:00,  2.13trial/s, best loss: -0.007307681575862422]
100%|██████████| 25/25 [00:11<00:00,  2.16trial/s, best loss: -0.007307681575862422]

  0%|          | 0/25 [00:00<?, ?trial/s, best loss=?]
  4%|▍         | 1/25 [00:00<00:10,  2.34trial/s, best loss: 0.012080879190165495]
  8%|▊         | 2/25 [00:00<00:09,  2.33trial/s, best loss: 0.012080879190165495]
 12%|█▏        | 3/25 [00:01<00:09,  2.28trial/s, best loss: 0.012080879190165495]
 16%|█▌        | 4/25 [00:01<00:09,  2.26trial/s, best loss: -0.010910336785932208]
 20%|██        | 5/25 [00:02<00:08,  2.24trial/s, best loss: -0.07817091584122143] 
 24%|██▍       | 6/25 [00:02<00:08,  2.25trial/s, best loss: -0.07817091584122143]
 28%|██▊       | 7/25 [00:03<00:08,  2.19trial/s, best loss: -0.07817091584122143]
 32%|███▏      | 8/25 [00:03<00:07,  2.18trial/s, best loss: -0.07817091584122143]
 36%|███▌      | 9/25 [00:04<00:07,  2.18trial/s, best loss: -0.07817091584122143]
 40%|████      | 10/25 [00:04<00:06,  2.20trial/s, best loss: -0.07817091584122143]
 44%|████▍     | 11/25 [00:04<00:06,  2.19trial/s, best loss: -0.07817091584122143]
 48%|████▊     | 12/25 [00:05<00:05,  2.18trial/s, best loss: -0.07817091584122143]
 52%|█████▏    | 13/25 [00:05<00:05,  2.15trial/s, best loss: -0.07817091584122143]
 56%|█████▌    | 14/25 [00:06<00:05,  2.15trial/s, best loss: -0.07817091584122143]
 60%|██████    | 15/25 [00:06<00:04,  2.14trial/s, best loss: -0.07817091584122143]
 64%|██████▍   | 16/25 [00:07<00:04,  2.17trial/s, best loss: -0.07817091584122143]
 68%|██████▊   | 17/25 [00:07<00:03,  2.20trial/s, best loss: -0.07817091584122143]
 72%|███████▏  | 18/25 [00:08<00:03,  2.23trial/s, best loss: -0.07817091584122143]
 76%|███████▌  | 19/25 [00:08<00:02,  2.18trial/s, best loss: -0.07817091584122143]
 80%|████████  | 20/25 [00:09<00:02,  2.18trial/s, best loss: -0.07817091584122143]
 84%|████████▍ | 21/25 [00:09<00:01,  2.16trial/s, best loss: -0.08245677566641808]
 88%|████████▊ | 22/25 [00:10<00:01,  2.17trial/s, best loss: -0.08245677566641808]
 92%|█████████▏| 23/25 [00:10<00:00,  2.17trial/s, best loss: -0.08957730485007515]
 96%|█████████▌| 24/25 [00:10<00:00,  2.18trial/s, best loss: -0.08957730485007515]
100%|██████████| 25/25 [00:11<00:00,  2.18trial/s, best loss: -0.08957730485007515]
100%|██████████| 25/25 [00:11<00:00,  2.19trial/s, best loss: -0.08957730485007515]

  0%|          | 0/25 [00:00<?, ?trial/s, best loss=?]
  4%|▍         | 1/25 [00:00<00:12,  1.97trial/s, best loss: -0.09946415809809411]
  8%|▊         | 2/25 [00:00<00:11,  2.01trial/s, best loss: -0.09946415809809411]
 12%|█▏        | 3/25 [00:01<00:10,  2.05trial/s, best loss: -0.09946415809809411]
 16%|█▌        | 4/25 [00:01<00:10,  2.04trial/s, best loss: -0.09946415809809411]
 20%|██        | 5/25 [00:02<00:09,  2.08trial/s, best loss: -0.09946415809809411]
 24%|██▍       | 6/25 [00:02<00:09,  2.11trial/s, best loss: -0.09946415809809411]
 28%|██▊       | 7/25 [00:03<00:08,  2.14trial/s, best loss: -0.09946415809809411]
 32%|███▏      | 8/25 [00:03<00:07,  2.15trial/s, best loss: -0.09946415809809411]
 36%|███▌      | 9/25 [00:04<00:07,  2.13trial/s, best loss: -0.09946415809809411]
 40%|████      | 10/25 [00:04<00:07,  2.13trial/s, best loss: -0.09946415809809411]
 44%|████▍     | 11/25 [00:05<00:06,  2.14trial/s, best loss: -0.09946415809809411]
 48%|████▊     | 12/25 [00:05<00:06,  2.16trial/s, best loss: -0.09946415809809411]
 52%|█████▏    | 13/25 [00:06<00:05,  2.20trial/s, best loss: -0.09946415809809411]
 56%|█████▌    | 14/25 [00:06<00:04,  2.21trial/s, best loss: -0.09946415809809411]
 60%|██████    | 15/25 [00:07<00:04,  2.19trial/s, best loss: -0.09946415809809411]
 64%|██████▍   | 16/25 [00:07<00:04,  2.21trial/s, best loss: -0.09946415809809411]
 68%|██████▊   | 17/25 [00:07<00:03,  2.17trial/s, best loss: -0.09946415809809411]
 72%|███████▏  | 18/25 [00:08<00:03,  2.18trial/s, best loss: -0.09946415809809411]
 76%|███████▌  | 19/25 [00:08<00:02,  2.15trial/s, best loss: -0.09946415809809411]
 80%|████████  | 20/25 [00:09<00:02,  2.14trial/s, best loss: -0.09946415809809411]
 84%|████████▍ | 21/25 [00:09<00:01,  2.12trial/s, best loss: -0.09946415809809411]
 88%|████████▊ | 22/25 [00:10<00:01,  2.13trial/s, best loss: -0.09946415809809411]
 92%|█████████▏| 23/25 [00:10<00:00,  2.13trial/s, best loss: -0.09946415809809411]
 96%|█████████▌| 24/25 [00:11<00:00,  2.13trial/s, best loss: -0.09946415809809411]
100%|██████████| 25/25 [00:11<00:00,  1.96trial/s, best loss: -0.09946415809809411]
100%|██████████| 25/25 [00:11<00:00,  2.11trial/s, best loss: -0.09946415809809411]

  0%|          | 0/25 [00:00<?, ?trial/s, best loss=?]
  4%|▍         | 1/25 [00:00<00:11,  2.11trial/s, best loss: -0.05675244050480889]
  8%|▊         | 2/25 [00:00<00:10,  2.14trial/s, best loss: -0.1054846683280484] 
 12%|█▏        | 3/25 [00:01<00:10,  2.15trial/s, best loss: -0.1054846683280484]
 16%|█▌        | 4/25 [00:01<00:09,  2.11trial/s, best loss: -0.1054846683280484]
 20%|██        | 5/25 [00:02<00:09,  2.14trial/s, best loss: -0.1054846683280484]
 24%|██▍       | 6/25 [00:02<00:09,  2.08trial/s, best loss: -0.1054846683280484]
 28%|██▊       | 7/25 [00:03<00:08,  2.09trial/s, best loss: -0.1054846683280484]
 32%|███▏      | 8/25 [00:03<00:08,  2.10trial/s, best loss: -0.1054846683280484]
 36%|███▌      | 9/25 [00:04<00:07,  2.06trial/s, best loss: -0.156415060527111] 
 40%|████      | 10/25 [00:04<00:07,  2.09trial/s, best loss: -0.156415060527111]
 44%|████▍     | 11/25 [00:05<00:06,  2.09trial/s, best loss: -0.156415060527111]
 48%|████▊     | 12/25 [00:05<00:06,  2.08trial/s, best loss: -0.156415060527111]
 52%|█████▏    | 13/25 [00:06<00:05,  2.07trial/s, best loss: -0.156415060527111]
 56%|█████▌    | 14/25 [00:06<00:05,  2.08trial/s, best loss: -0.18563984538149045]
 60%|██████    | 15/25 [00:07<00:04,  2.10trial/s, best loss: -0.18563984538149045]
 64%|██████▍   | 16/25 [00:07<00:04,  2.12trial/s, best loss: -0.18563984538149045]
 68%|██████▊   | 17/25 [00:08<00:03,  2.15trial/s, best loss: -0.18563984538149045]
 72%|███████▏  | 18/25 [00:08<00:03,  2.14trial/s, best loss: -0.18563984538149045]
 76%|███████▌  | 19/25 [00:09<00:02,  2.14trial/s, best loss: -0.18563984538149045]
 80%|████████  | 20/25 [00:09<00:02,  2.10trial/s, best loss: -0.18563984538149045]
 84%|████████▍ | 21/25 [00:09<00:01,  2.09trial/s, best loss: -0.18563984538149045]
 88%|████████▊ | 22/25 [00:10<00:01,  2.10trial/s, best loss: -0.18563984538149045]
 92%|█████████▏| 23/25 [00:10<00:00,  2.09trial/s, best loss: -0.18563984538149045]
 96%|█████████▌| 24/25 [00:11<00:00,  2.08trial/s, best loss: -0.18563984538149045]
100%|██████████| 25/25 [00:11<00:00,  2.06trial/s, best loss: -0.18563984538149045]
100%|██████████| 25/25 [00:11<00:00,  2.10trial/s, best loss: -0.18563984538149045]

  0%|          | 0/25 [00:00<?, ?trial/s, best loss=?]
  4%|▍         | 1/25 [00:00<00:11,  2.08trial/s, best loss: -0.19487461663558847]
  8%|▊         | 2/25 [00:00<00:10,  2.09trial/s, best loss: -0.1959501506013983] 
 12%|█▏        | 3/25 [00:01<00:10,  2.09trial/s, best loss: -0.1959501506013983]
 16%|█▌        | 4/25 [00:01<00:09,  2.14trial/s, best loss: -0.1959501506013983]
 20%|██        | 5/25 [00:02<00:09,  2.10trial/s, best loss: -0.1959501506013983]
 24%|██▍       | 6/25 [00:02<00:09,  2.10trial/s, best loss: -0.1959501506013983]
 28%|██▊       | 7/25 [00:03<00:08,  2.11trial/s, best loss: -0.25224976546792705]
 32%|███▏      | 8/25 [00:03<00:08,  2.09trial/s, best loss: -0.25224976546792705]
 36%|███▌      | 9/25 [00:04<00:07,  2.11trial/s, best loss: -0.26523740563967774]
 40%|████      | 10/25 [00:04<00:07,  2.13trial/s, best loss: -0.26523740563967774]
 44%|████▍     | 11/25 [00:05<00:06,  2.13trial/s, best loss: -0.26523740563967774]
 48%|████▊     | 12/25 [00:05<00:06,  2.12trial/s, best loss: -0.26523740563967774]
 52%|█████▏    | 13/25 [00:06<00:05,  2.07trial/s, best loss: -0.2808371369232056] 
 56%|█████▌    | 14/25 [00:06<00:05,  2.06trial/s, best loss: -0.2808371369232056]
 60%|██████    | 15/25 [00:07<00:04,  2.06trial/s, best loss: -0.2808371369232056]
 64%|██████▍   | 16/25 [00:07<00:04,  2.09trial/s, best loss: -0.2808371369232056]
 68%|██████▊   | 17/25 [00:08<00:03,  2.09trial/s, best loss: -0.2808371369232056]
 72%|███████▏  | 18/25 [00:08<00:03,  2.13trial/s, best loss: -0.2808371369232056]
 76%|███████▌  | 19/25 [00:09<00:02,  2.12trial/s, best loss: -0.2808371369232056]
 80%|████████  | 20/25 [00:09<00:02,  2.11trial/s, best loss: -0.2808371369232056]
 84%|████████▍ | 21/25 [00:09<00:01,  2.12trial/s, best loss: -0.2808371369232056]
 88%|████████▊ | 22/25 [00:10<00:01,  2.11trial/s, best loss: -0.2808371369232056]
 92%|█████████▏| 23/25 [00:10<00:00,  2.11trial/s, best loss: -0.2808371369232056]
 96%|█████████▌| 24/25 [00:11<00:00,  2.08trial/s, best loss: -0.30228492985941624]
100%|██████████| 25/25 [00:11<00:00,  2.10trial/s, best loss: -0.30228492985941624]
100%|██████████| 25/25 [00:11<00:00,  2.10trial/s, best loss: -0.30228492985941624]
D:\quant_system_pro (3)\quant_system_pro\backtest\backtest_pro.py:330: UserWarning: Glyph 39057 (\N{CJK UNIFIED IDEOGRAPH-9891}) missing from font(s) DejaVu Sans.
  buf=io.BytesIO(); plt.tight_layout(); plt.savefig(buf, format="png"); data=base64.b64encode(buf.getvalue()).decode()
D:\quant_system_pro (3)\quant_system_pro\backtest\backtest_pro.py:330: UserWarning: Glyph 25968 (\N{CJK UNIFIED IDEOGRAPH-6570}) missing from font(s) DejaVu Sans.
  buf=io.BytesIO(); plt.tight_layout(); plt.savefig(buf, format="png"); data=base64.b64encode(buf.getvalue()).decode()
D:\quant_system_pro (3)\quant_system_pro\backtest\backtest_pro.py:330: UserWarning: Glyph 20998 (\N{CJK UNIFIED IDEOGRAPH-5206}) missing from font(s) DejaVu Sans.
  buf=io.BytesIO(); plt.tight_layout(); plt.savefig(buf, format="png"); data=base64.b64encode(buf.getvalue()).decode()
D:\quant_system_pro (3)\quant_system_pro\backtest\backtest_pro.py:330: UserWarning: Glyph 24067 (\N{CJK UNIFIED IDEOGRAPH-5E03}) missing from font(s) DejaVu Sans.
  buf=io.BytesIO(); plt.tight_layout(); plt.savefig(buf, format="png"); data=base64.b64encode(buf.getvalue()).decode()
D:\quant_system_pro (3)\quant_system_pro\backtest\backtest_pro.py:330: UserWarning: Glyph 65288 (\N{FULLWIDTH LEFT PARENTHESIS}) missing from font(s) DejaVu Sans.
  buf=io.BytesIO(); plt.tight_layout(); plt.savefig(buf, format="png"); data=base64.b64encode(buf.getvalue()).decode()
D:\quant_system_pro (3)\quant_system_pro\backtest\backtest_pro.py:330: UserWarning: Glyph 36234 (\N{CJK UNIFIED IDEOGRAPH-8D8A}) missing from font(s) DejaVu Sans.
  buf=io.BytesIO(); plt.tight_layout(); plt.savefig(buf, format="png"); data=base64.b64encode(buf.getvalue()).decode()
D:\quant_system_pro (3)\quant_system_pro\backtest\backtest_pro.py:330: UserWarning: Glyph 20302 (\N{CJK UNIFIED IDEOGRAPH-4F4E}) missing from font(s) DejaVu Sans.
  buf=io.BytesIO(); plt.tight_layout(); plt.savefig(buf, format="png"); data=base64.b64encode(buf.getvalue()).decode()
D:\quant_system_pro (3)\quant_system_pro\backtest\backtest_pro.py:330: UserWarning: Glyph 22909 (\N{CJK UNIFIED IDEOGRAPH-597D}) missing from font(s) DejaVu Sans.
  buf=io.BytesIO(); plt.tight_layout(); plt.savefig(buf, format="png"); data=base64.b64encode(buf.getvalue()).decode()
D:\quant_system_pro (3)\quant_system_pro\backtest\backtest_pro.py:330: UserWarning: Glyph 65289 (\N{FULLWIDTH RIGHT PARENTHESIS}) missing from font(s) DejaVu Sans.
  buf=io.BytesIO(); plt.tight_layout(); plt.savefig(buf, format="png"); data=base64.b64encode(buf.getvalue()).decode()
[完成] 最优表: D:\quant_system_pro (3)\quant_system_pro\results\live_90d_BTCUSDT\最优组合总表_S档_20250817-043549.csv
[完成] best_combo: data/best_combo.csv
