[A6-SHIM] pandas.DataFrame.to_csv 已安装修订钩子（仅拦截 a6_strategy_scores*）
C:\Users\Administrator\AppData\Local\Programs\Python\Python39\lib\site-packages\hyperopt\atpe.py:19: UserWarning: pkg_resources is deprecated as an API. See https://setuptools.pypa.io/en/latest/pkg_resources.html. The pkg_resources package is slated for removal as early as 2025-11-30. Refrain from using this package or pin to Setuptools<81.
  import pkg_resources
[GPU] Torch 2.6.0+cu124 | CUDA 12.4 | Device NVIDIA GeForce RTX 3060 | available=True
[GPU] XGBoost 1.7.6 (gpu_hist supported)
[GPU] LightGBM available (GPU depends on build)
[回测] 符号数=1 窗口=90天 S档=ON

  0%|          | 0/25 [00:00<?, ?trial/s, best loss=?]
  4%|▍         | 1/25 [00:02<00:48,  2.02s/trial, best loss: 0.4678837911390802]
  8%|▊         | 2/25 [00:02<00:30,  1.32s/trial, best loss: 0.4678837911390802]
 12%|█▏        | 3/25 [00:03<00:24,  1.10s/trial, best loss: 0.4678837911390802]
 16%|█▌        | 4/25 [00:04<00:21,  1.02s/trial, best loss: 0.4678837911390802]
 20%|██        | 5/25 [00:05<00:19,  1.04trial/s, best loss: 0.4678837911390802]
 24%|██▍       | 6/25 [00:06<00:17,  1.06trial/s, best loss: 0.4678837911390802]
 28%|██▊       | 7/25 [00:07<00:16,  1.09trial/s, best loss: 0.4678837911390802]
 32%|███▏      | 8/25 [00:08<00:15,  1.11trial/s, best loss: 0.4678837911390802]
 36%|███▌      | 9/25 [00:09<00:14,  1.09trial/s, best loss: 0.4678837911390802]
 40%|████      | 10/25 [00:09<00:13,  1.13trial/s, best loss: 0.4678837911390802]
 44%|████▍     | 11/25 [00:10<00:11,  1.17trial/s, best loss: 0.4678837911390802]
 48%|████▊     | 12/25 [00:11<00:11,  1.18trial/s, best loss: 0.4678837911390802]
 52%|█████▏    | 13/25 [00:12<00:10,  1.19trial/s, best loss: 0.4678837911390802]
 56%|█████▌    | 14/25 [00:13<00:09,  1.19trial/s, best loss: 0.4678837911390802]
 60%|██████    | 15/25 [00:13<00:08,  1.20trial/s, best loss: 0.4678837911390802]
 64%|██████▍   | 16/25 [00:14<00:07,  1.17trial/s, best loss: 0.46370571752137313]
 68%|██████▊   | 17/25 [00:15<00:06,  1.20trial/s, best loss: 0.44359773116504553]
 72%|███████▏  | 18/25 [00:16<00:05,  1.21trial/s, best loss: 0.44359773116504553]
 76%|███████▌  | 19/25 [00:17<00:04,  1.23trial/s, best loss: 0.44359773116504553]
 80%|████████  | 20/25 [00:18<00:04,  1.24trial/s, best loss: 0.44359773116504553]
 84%|████████▍ | 21/25 [00:18<00:03,  1.23trial/s, best loss: 0.40361425827539604]
 88%|████████▊ | 22/25 [00:19<00:02,  1.24trial/s, best loss: 0.40361425827539604]
 92%|█████████▏| 23/25 [00:20<00:01,  1.25trial/s, best loss: 0.40361425827539604]
 96%|█████████▌| 24/25 [00:21<00:00,  1.20trial/s, best loss: 0.40361425827539604]
100%|██████████| 25/25 [00:22<00:00,  1.23trial/s, best loss: 0.40361425827539604]
100%|██████████| 25/25 [00:22<00:00,  1.13trial/s, best loss: 0.40361425827539604]

  0%|          | 0/25 [00:00<?, ?trial/s, best loss=?]
  4%|▍         | 1/25 [00:00<00:14,  1.71trial/s, best loss: 0.19848714552634272]
  8%|▊         | 2/25 [00:01<00:13,  1.75trial/s, best loss: 0.19848714552634272]
 12%|█▏        | 3/25 [00:01<00:12,  1.73trial/s, best loss: 0.19848714552634272]
 16%|█▌        | 4/25 [00:02<00:12,  1.72trial/s, best loss: 0.19848714552634272]
 20%|██        | 5/25 [00:02<00:11,  1.75trial/s, best loss: 0.19848714552634272]
 24%|██▍       | 6/25 [00:03<00:11,  1.68trial/s, best loss: 0.1848012969872339] 
 28%|██▊       | 7/25 [00:04<00:10,  1.68trial/s, best loss: 0.1848012969872339]
 32%|███▏      | 8/25 [00:04<00:09,  1.70trial/s, best loss: 0.1848012969872339]
 36%|███▌      | 9/25 [00:05<00:09,  1.71trial/s, best loss: 0.1848012969872339]
 40%|████      | 10/25 [00:05<00:08,  1.71trial/s, best loss: 0.1848012969872339]
 44%|████▍     | 11/25 [00:06<00:08,  1.72trial/s, best loss: 0.1848012969872339]
 48%|████▊     | 12/25 [00:07<00:07,  1.68trial/s, best loss: 0.1848012969872339]
 52%|█████▏    | 13/25 [00:07<00:07,  1.68trial/s, best loss: 0.1848012969872339]
 56%|█████▌    | 14/25 [00:08<00:06,  1.70trial/s, best loss: 0.1848012969872339]
 60%|██████    | 15/25 [00:08<00:05,  1.73trial/s, best loss: 0.1848012969872339]
 64%|██████▍   | 16/25 [00:09<00:05,  1.71trial/s, best loss: 0.17656209403175915]
 68%|██████▊   | 17/25 [00:09<00:04,  1.72trial/s, best loss: 0.17656209403175915]
 72%|███████▏  | 18/25 [00:10<00:04,  1.72trial/s, best loss: 0.17656209403175915]
 76%|███████▌  | 19/25 [00:11<00:03,  1.70trial/s, best loss: 0.17656209403175915]
 80%|████████  | 20/25 [00:11<00:02,  1.72trial/s, best loss: 0.17656209403175915]
 84%|████████▍ | 21/25 [00:12<00:02,  1.75trial/s, best loss: 0.09882938315136129]
 88%|████████▊ | 22/25 [00:12<00:01,  1.73trial/s, best loss: 0.09882938315136129]
 92%|█████████▏| 23/25 [00:13<00:01,  1.71trial/s, best loss: 0.09882938315136129]
 96%|█████████▌| 24/25 [00:14<00:00,  1.72trial/s, best loss: 0.09882938315136129]
100%|██████████| 25/25 [00:14<00:00,  1.69trial/s, best loss: 0.09882938315136129]
100%|██████████| 25/25 [00:14<00:00,  1.71trial/s, best loss: 0.09882938315136129]

  0%|          | 0/25 [00:00<?, ?trial/s, best loss=?]
  4%|▍         | 1/25 [00:00<00:12,  1.96trial/s, best loss: 0.11474236463246955]
  8%|▊         | 2/25 [00:01<00:11,  1.92trial/s, best loss: 0.11474236463246955]
 12%|█▏        | 3/25 [00:01<00:11,  1.88trial/s, best loss: 0.11474236463246955]
 16%|█▌        | 4/25 [00:02<00:10,  1.96trial/s, best loss: 0.11474236463246955]
 20%|██        | 5/25 [00:02<00:10,  1.95trial/s, best loss: 0.11474236463246955]
 24%|██▍       | 6/25 [00:03<00:09,  1.94trial/s, best loss: 0.11474236463246955]
 28%|██▊       | 7/25 [00:03<00:09,  1.95trial/s, best loss: 0.11474236463246955]
 32%|███▏      | 8/25 [00:04<00:08,  1.96trial/s, best loss: 0.11474236463246955]
 36%|███▌      | 9/25 [00:04<00:08,  1.95trial/s, best loss: 0.11474236463246955]
 40%|████      | 10/25 [00:05<00:07,  1.98trial/s, best loss: 0.11474236463246955]
 44%|████▍     | 11/25 [00:05<00:07,  1.93trial/s, best loss: 0.11474236463246955]
 48%|████▊     | 12/25 [00:06<00:06,  1.93trial/s, best loss: 0.11474236463246955]
 52%|█████▏    | 13/25 [00:06<00:06,  1.91trial/s, best loss: 0.11474236463246955]
 56%|█████▌    | 14/25 [00:07<00:05,  1.90trial/s, best loss: 0.11474236463246955]
 60%|██████    | 15/25 [00:07<00:05,  1.94trial/s, best loss: 0.11474236463246955]
 64%|██████▍   | 16/25 [00:08<00:04,  1.95trial/s, best loss: 0.08903477941197482]
 68%|██████▊   | 17/25 [00:08<00:04,  1.96trial/s, best loss: 0.08903477941197482]
 72%|███████▏  | 18/25 [00:09<00:03,  1.96trial/s, best loss: 0.08903477941197482]
 76%|███████▌  | 19/25 [00:09<00:03,  1.95trial/s, best loss: 0.08903477941197482]
 80%|████████  | 20/25 [00:10<00:02,  1.98trial/s, best loss: 0.08903477941197482]
 84%|████████▍ | 21/25 [00:10<00:02,  1.93trial/s, best loss: 0.06750730851257233]
 88%|████████▊ | 22/25 [00:11<00:01,  1.91trial/s, best loss: 0.06750730851257233]
 92%|█████████▏| 23/25 [00:11<00:01,  1.90trial/s, best loss: 0.06750730851257233]
 96%|█████████▌| 24/25 [00:12<00:00,  1.90trial/s, best loss: 0.06750730851257233]
100%|██████████| 25/25 [00:12<00:00,  1.92trial/s, best loss: 0.06750730851257233]
100%|██████████| 25/25 [00:12<00:00,  1.93trial/s, best loss: 0.06750730851257233]

  0%|          | 0/25 [00:00<?, ?trial/s, best loss=?]
  4%|▍         | 1/25 [00:00<00:10,  2.21trial/s, best loss: 0.18035253130579046]
  8%|▊         | 2/25 [00:00<00:10,  2.10trial/s, best loss: 0.18035253130579046]
 12%|█▏        | 3/25 [00:01<00:10,  2.03trial/s, best loss: 0.18035253130579046]
 16%|█▌        | 4/25 [00:01<00:10,  2.07trial/s, best loss: 0.17424117325887373]
 20%|██        | 5/25 [00:02<00:09,  2.07trial/s, best loss: 0.09303493666481466]
 24%|██▍       | 6/25 [00:02<00:09,  2.04trial/s, best loss: 0.09303493666481466]
 28%|██▊       | 7/25 [00:03<00:08,  2.05trial/s, best loss: 0.09303493666481466]
 32%|███▏      | 8/25 [00:03<00:08,  2.02trial/s, best loss: 0.09303493666481466]
 36%|███▌      | 9/25 [00:04<00:07,  2.07trial/s, best loss: 0.09303493666481466]
 40%|████      | 10/25 [00:04<00:07,  2.07trial/s, best loss: 0.09303493666481466]
 44%|████▍     | 11/25 [00:05<00:06,  2.08trial/s, best loss: 0.09303493666481466]
 48%|████▊     | 12/25 [00:05<00:06,  2.06trial/s, best loss: 0.09303493666481466]
 52%|█████▏    | 13/25 [00:06<00:05,  2.08trial/s, best loss: 0.09303493666481466]
 56%|█████▌    | 14/25 [00:06<00:05,  2.09trial/s, best loss: 0.09303493666481466]
 60%|██████    | 15/25 [00:07<00:04,  2.04trial/s, best loss: 0.09303493666481466]
 64%|██████▍   | 16/25 [00:07<00:04,  2.06trial/s, best loss: 0.09303493666481466]
 68%|██████▊   | 17/25 [00:08<00:03,  2.05trial/s, best loss: 0.09303493666481466]
 72%|███████▏  | 18/25 [00:08<00:03,  2.09trial/s, best loss: 0.09303493666481466]
 76%|███████▌  | 19/25 [00:09<00:02,  2.06trial/s, best loss: 0.09303493666481466]
 80%|████████  | 20/25 [00:09<00:02,  2.05trial/s, best loss: 0.09303493666481466]
 84%|████████▍ | 21/25 [00:10<00:01,  2.07trial/s, best loss: 0.09303493666481466]
 88%|████████▊ | 22/25 [00:10<00:01,  2.06trial/s, best loss: 0.09303493666481466]
 92%|█████████▏| 23/25 [00:11<00:00,  2.10trial/s, best loss: 0.09303493666481466]
 96%|█████████▌| 24/25 [00:11<00:00,  2.09trial/s, best loss: 0.09303493666481466]
100%|██████████| 25/25 [00:12<00:00,  2.09trial/s, best loss: 0.09303493666481466]
100%|██████████| 25/25 [00:12<00:00,  2.07trial/s, best loss: 0.09303493666481466]

  0%|          | 0/25 [00:00<?, ?trial/s, best loss=?]
  4%|▍         | 1/25 [00:00<00:11,  2.15trial/s, best loss: 0.08033185544517643]
  8%|▊         | 2/25 [00:00<00:10,  2.17trial/s, best loss: 0.08033185544517643]
 12%|█▏        | 3/25 [00:01<00:10,  2.13trial/s, best loss: 0.08033185544517643]
 16%|█▌        | 4/25 [00:01<00:09,  2.16trial/s, best loss: 0.08033185544517643]
 20%|██        | 5/25 [00:02<00:09,  2.14trial/s, best loss: 0.04285247334255117]
 24%|██▍       | 6/25 [00:02<00:08,  2.13trial/s, best loss: 0.024936092287747035]
 28%|██▊       | 7/25 [00:03<00:08,  2.15trial/s, best loss: 0.024936092287747035]
 32%|███▏      | 8/25 [00:03<00:07,  2.14trial/s, best loss: 0.024936092287747035]
 36%|███▌      | 9/25 [00:04<00:07,  2.09trial/s, best loss: 0.024936092287747035]
 40%|████      | 10/25 [00:04<00:07,  2.10trial/s, best loss: 0.024936092287747035]
 44%|████▍     | 11/25 [00:05<00:06,  2.10trial/s, best loss: 0.024936092287747035]
 48%|████▊     | 12/25 [00:05<00:06,  2.06trial/s, best loss: 0.024936092287747035]
 52%|█████▏    | 13/25 [00:06<00:05,  2.07trial/s, best loss: 0.024936092287747035]
 56%|█████▌    | 14/25 [00:06<00:05,  2.08trial/s, best loss: 0.024936092287747035]
 60%|██████    | 15/25 [00:07<00:04,  2.04trial/s, best loss: 0.024936092287747035]
 64%|██████▍   | 16/25 [00:07<00:04,  2.04trial/s, best loss: 0.024936092287747035]
 68%|██████▊   | 17/25 [00:08<00:03,  2.08trial/s, best loss: 0.024936092287747035]
 72%|███████▏  | 18/25 [00:08<00:03,  2.05trial/s, best loss: 0.024936092287747035]
 76%|███████▌  | 19/25 [00:09<00:02,  2.07trial/s, best loss: 0.024936092287747035]
 80%|████████  | 20/25 [00:09<00:02,  2.09trial/s, best loss: 0.024936092287747035]
 84%|████████▍ | 21/25 [00:10<00:01,  2.13trial/s, best loss: 0.024936092287747035]
 88%|████████▊ | 22/25 [00:10<00:01,  2.11trial/s, best loss: 0.024936092287747035]
 92%|█████████▏| 23/25 [00:10<00:00,  2.11trial/s, best loss: 0.024936092287747035]
 96%|█████████▌| 24/25 [00:11<00:00,  2.10trial/s, best loss: 0.024936092287747035]
100%|██████████| 25/25 [00:11<00:00,  2.09trial/s, best loss: 0.024936092287747035]
100%|██████████| 25/25 [00:11<00:00,  2.10trial/s, best loss: 0.024936092287747035]

  0%|          | 0/25 [00:00<?, ?trial/s, best loss=?]
  4%|▍         | 1/25 [00:00<00:10,  2.24trial/s, best loss: 0.23727006164283942]
  8%|▊         | 2/25 [00:00<00:10,  2.28trial/s, best loss: 0.04005059570273882]
 12%|█▏        | 3/25 [00:01<00:09,  2.21trial/s, best loss: 0.04005059570273882]
 16%|█▌        | 4/25 [00:01<00:09,  2.14trial/s, best loss: 0.04005059570273882]
 20%|██        | 5/25 [00:02<00:09,  2.17trial/s, best loss: 0.01862400133515542]
 24%|██▍       | 6/25 [00:02<00:08,  2.14trial/s, best loss: 0.01862400133515542]
 28%|██▊       | 7/25 [00:03<00:08,  2.15trial/s, best loss: -0.05105991139826928]
 32%|███▏      | 8/25 [00:03<00:07,  2.13trial/s, best loss: -0.05105991139826928]
 36%|███▌      | 9/25 [00:04<00:07,  2.16trial/s, best loss: -0.05105991139826928]
 40%|████      | 10/25 [00:04<00:06,  2.15trial/s, best loss: -0.05105991139826928]
 44%|████▍     | 11/25 [00:06<00:11,  1.27trial/s, best loss: -0.05105991139826928]
 48%|████▊     | 12/25 [00:06<00:09,  1.44trial/s, best loss: -0.05105991139826928]
 52%|█████▏    | 13/25 [00:07<00:07,  1.61trial/s, best loss: -0.05105991139826928]
 56%|█████▌    | 14/25 [00:07<00:06,  1.76trial/s, best loss: -0.05105991139826928]
 60%|██████    | 15/25 [00:08<00:05,  1.85trial/s, best loss: -0.05105991139826928]
 64%|██████▍   | 16/25 [00:08<00:04,  1.93trial/s, best loss: -0.05105991139826928]
 68%|██████▊   | 17/25 [00:08<00:04,  1.98trial/s, best loss: -0.05105991139826928]
 72%|███████▏  | 18/25 [00:09<00:03,  2.02trial/s, best loss: -0.05105991139826928]
 76%|███████▌  | 19/25 [00:09<00:02,  2.06trial/s, best loss: -0.05105991139826928]
 80%|████████  | 20/25 [00:10<00:02,  2.11trial/s, best loss: -0.05105991139826928]
 84%|████████▍ | 21/25 [00:10<00:01,  2.12trial/s, best loss: -0.05105991139826928]
 88%|████████▊ | 22/25 [00:11<00:01,  2.11trial/s, best loss: -0.05105991139826928]
 92%|█████████▏| 23/25 [00:11<00:00,  2.12trial/s, best loss: -0.05105991139826928]
 96%|█████████▌| 24/25 [00:12<00:00,  2.12trial/s, best loss: -0.05105991139826928]
100%|██████████| 25/25 [00:12<00:00,  2.13trial/s, best loss: -0.05105991139826928]
100%|██████████| 25/25 [00:12<00:00,  1.97trial/s, best loss: -0.05105991139826928]
D:\quant_system_pro (3)\quant_system_pro\backtest\backtest_pro.py:330: UserWarning: Glyph 39057 (\N{CJK UNIFIED IDEOGRAPH-9891}) missing from font(s) DejaVu Sans.
  buf=io.BytesIO(); plt.tight_layout(); plt.savefig(buf, format="png"); data=base64.b64encode(buf.getvalue()).decode()
D:\quant_system_pro (3)\quant_system_pro\backtest\backtest_pro.py:330: UserWarning: Glyph 25968 (\N{CJK UNIFIED IDEOGRAPH-6570}) missing from font(s) DejaVu Sans.
  buf=io.BytesIO(); plt.tight_layout(); plt.savefig(buf, format="png"); data=base64.b64encode(buf.getvalue()).decode()
D:\quant_system_pro (3)\quant_system_pro\backtest\backtest_pro.py:330: UserWarning: Glyph 20998 (\N{CJK UNIFIED IDEOGRAPH-5206}) missing from font(s) DejaVu Sans.
  buf=io.BytesIO(); plt.tight_layout(); plt.savefig(buf, format="png"); data=base64.b64encode(buf.getvalue()).decode()
D:\quant_system_pro (3)\quant_system_pro\backtest\backtest_pro.py:330: UserWarning: Glyph 24067 (\N{CJK UNIFIED IDEOGRAPH-5E03}) missing from font(s) DejaVu Sans.
  buf=io.BytesIO(); plt.tight_layout(); plt.savefig(buf, format="png"); data=base64.b64encode(buf.getvalue()).decode()
D:\quant_system_pro (3)\quant_system_pro\backtest\backtest_pro.py:330: UserWarning: Glyph 65288 (\N{FULLWIDTH LEFT PARENTHESIS}) missing from font(s) DejaVu Sans.
  buf=io.BytesIO(); plt.tight_layout(); plt.savefig(buf, format="png"); data=base64.b64encode(buf.getvalue()).decode()
D:\quant_system_pro (3)\quant_system_pro\backtest\backtest_pro.py:330: UserWarning: Glyph 36234 (\N{CJK UNIFIED IDEOGRAPH-8D8A}) missing from font(s) DejaVu Sans.
  buf=io.BytesIO(); plt.tight_layout(); plt.savefig(buf, format="png"); data=base64.b64encode(buf.getvalue()).decode()
D:\quant_system_pro (3)\quant_system_pro\backtest\backtest_pro.py:330: UserWarning: Glyph 20302 (\N{CJK UNIFIED IDEOGRAPH-4F4E}) missing from font(s) DejaVu Sans.
  buf=io.BytesIO(); plt.tight_layout(); plt.savefig(buf, format="png"); data=base64.b64encode(buf.getvalue()).decode()
D:\quant_system_pro (3)\quant_system_pro\backtest\backtest_pro.py:330: UserWarning: Glyph 22909 (\N{CJK UNIFIED IDEOGRAPH-597D}) missing from font(s) DejaVu Sans.
  buf=io.BytesIO(); plt.tight_layout(); plt.savefig(buf, format="png"); data=base64.b64encode(buf.getvalue()).decode()
D:\quant_system_pro (3)\quant_system_pro\backtest\backtest_pro.py:330: UserWarning: Glyph 65289 (\N{FULLWIDTH RIGHT PARENTHESIS}) missing from font(s) DejaVu Sans.
  buf=io.BytesIO(); plt.tight_layout(); plt.savefig(buf, format="png"); data=base64.b64encode(buf.getvalue()).decode()
[完成] 最优表: D:\quant_system_pro (3)\quant_system_pro\results\live_90d_BTCUSDT\最优组合总表_S档_20250817-044653.csv
[完成] best_combo: data/best_combo.csv
