[A6-SHIM] pandas.DataFrame.to_csv 已安装修订钩子（仅拦截 a6_strategy_scores*）
C:\Users\Administrator\AppData\Local\Programs\Python\Python39\lib\site-packages\hyperopt\atpe.py:19: UserWarning: pkg_resources is deprecated as an API. See https://setuptools.pypa.io/en/latest/pkg_resources.html. The pkg_resources package is slated for removal as early as 2025-11-30. Refrain from using this package or pin to Setuptools<81.
  import pkg_resources
[GPU] Torch 2.6.0+cu124 | CUDA 12.4 | Device NVIDIA GeForce RTX 3060 | available=True
[GPU] XGBoost 1.7.6 (gpu_hist supported)
[GPU] LightGBM available (GPU depends on build)
[回测] 符号数=1 窗口=90天 S档=ON

  0%|          | 0/25 [00:00<?, ?trial/s, best loss=?]
  4%|▍         | 1/25 [00:00<00:14,  1.65trial/s, best loss: 0.6759152626917267]
  8%|▊         | 2/25 [00:01<00:11,  1.99trial/s, best loss: 0.6759152626917267]
 12%|█▏        | 3/25 [00:01<00:10,  2.03trial/s, best loss: 0.6759152626917267]
 16%|█▌        | 4/25 [00:01<00:10,  2.07trial/s, best loss: 0.6759152626917267]
 20%|██        | 5/25 [00:02<00:09,  2.12trial/s, best loss: 0.6759152626917267]
 24%|██▍       | 6/25 [00:02<00:09,  2.11trial/s, best loss: 0.6759152626917267]
 28%|██▊       | 7/25 [00:03<00:08,  2.15trial/s, best loss: 0.3059771048959024]
 32%|███▏      | 8/25 [00:03<00:07,  2.16trial/s, best loss: 0.3059771048959024]
 36%|███▌      | 9/25 [00:04<00:07,  2.17trial/s, best loss: 0.3059771048959024]
 40%|████      | 10/25 [00:04<00:06,  2.15trial/s, best loss: 0.3059771048959024]
 44%|████▍     | 11/25 [00:05<00:06,  2.13trial/s, best loss: 0.3059771048959024]
 48%|████▊     | 12/25 [00:05<00:06,  2.15trial/s, best loss: 0.3059771048959024]
 52%|█████▏    | 13/25 [00:06<00:05,  2.16trial/s, best loss: 0.3059771048959024]
 56%|█████▌    | 14/25 [00:06<00:05,  2.11trial/s, best loss: 0.3059771048959024]
 60%|██████    | 15/25 [00:07<00:04,  2.07trial/s, best loss: 0.3059771048959024]
 64%|██████▍   | 16/25 [00:07<00:04,  2.08trial/s, best loss: 0.3011834095010854]
 68%|██████▊   | 17/25 [00:08<00:03,  2.08trial/s, best loss: 0.3011834095010854]
 72%|███████▏  | 18/25 [00:08<00:03,  2.11trial/s, best loss: 0.3011834095010854]
 76%|███████▌  | 19/25 [00:09<00:02,  2.16trial/s, best loss: 0.3011834095010854]
 80%|████████  | 20/25 [00:09<00:02,  2.18trial/s, best loss: 0.3011834095010854]
 84%|████████▍ | 21/25 [00:09<00:01,  2.18trial/s, best loss: 0.3011834095010854]
 88%|████████▊ | 22/25 [00:10<00:01,  2.17trial/s, best loss: 0.3011834095010854]
 92%|█████████▏| 23/25 [00:10<00:00,  2.14trial/s, best loss: 0.3011834095010854]
 96%|█████████▌| 24/25 [00:11<00:00,  2.14trial/s, best loss: 0.3011834095010854]
100%|██████████| 25/25 [00:11<00:00,  2.15trial/s, best loss: 0.3005572319948039]
100%|██████████| 25/25 [00:11<00:00,  2.12trial/s, best loss: 0.3005572319948039]

  0%|          | 0/25 [00:00<?, ?trial/s, best loss=?]
  4%|▍         | 1/25 [00:00<00:11,  2.03trial/s, best loss: 0.3395091712672581]
  8%|▊         | 2/25 [00:00<00:10,  2.13trial/s, best loss: 0.3395091712672581]
 12%|█▏        | 3/25 [00:01<00:09,  2.21trial/s, best loss: 0.3395091712672581]
 16%|█▌        | 4/25 [00:01<00:09,  2.20trial/s, best loss: 0.3395091712672581]
 20%|██        | 5/25 [00:02<00:09,  2.16trial/s, best loss: 0.3395091712672581]
 24%|██▍       | 6/25 [00:02<00:08,  2.12trial/s, best loss: 0.3395091712672581]
 28%|██▊       | 7/25 [00:03<00:08,  2.16trial/s, best loss: 0.17256364743339542]
 32%|███▏      | 8/25 [00:03<00:07,  2.15trial/s, best loss: 0.17256364743339542]
 36%|███▌      | 9/25 [00:04<00:07,  2.20trial/s, best loss: 0.17256364743339542]
 40%|████      | 10/25 [00:04<00:06,  2.20trial/s, best loss: 0.17256364743339542]
 44%|████▍     | 11/25 [00:05<00:06,  2.21trial/s, best loss: 0.17256364743339542]
 48%|████▊     | 12/25 [00:05<00:06,  2.16trial/s, best loss: 0.17256364743339542]
 52%|█████▏    | 13/25 [00:05<00:05,  2.17trial/s, best loss: 0.17256364743339542]
 56%|█████▌    | 14/25 [00:06<00:05,  2.15trial/s, best loss: 0.17256364743339542]
 60%|██████    | 15/25 [00:06<00:04,  2.14trial/s, best loss: 0.17256364743339542]
 64%|██████▍   | 16/25 [00:07<00:04,  2.14trial/s, best loss: 0.17256364743339542]
 68%|██████▊   | 17/25 [00:07<00:03,  2.16trial/s, best loss: 0.17256364743339542]
 72%|███████▏  | 18/25 [00:08<00:03,  2.22trial/s, best loss: 0.17256364743339542]
 76%|███████▌  | 19/25 [00:08<00:02,  2.21trial/s, best loss: 0.17256364743339542]
 80%|████████  | 20/25 [00:09<00:02,  2.18trial/s, best loss: 0.17256364743339542]
 84%|████████▍ | 21/25 [00:09<00:01,  2.16trial/s, best loss: 0.17256364743339542]
 88%|████████▊ | 22/25 [00:10<00:01,  2.12trial/s, best loss: 0.17256364743339542]
 92%|█████████▏| 23/25 [00:10<00:00,  2.07trial/s, best loss: 0.16991108602970667]
 96%|█████████▌| 24/25 [00:11<00:00,  2.11trial/s, best loss: 0.16991108602970667]
100%|██████████| 25/25 [00:11<00:00,  2.14trial/s, best loss: 0.16991108602970667]
100%|██████████| 25/25 [00:11<00:00,  2.16trial/s, best loss: 0.16991108602970667]

  0%|          | 0/25 [00:00<?, ?trial/s, best loss=?]
  4%|▍         | 1/25 [00:00<00:11,  2.16trial/s, best loss: 0.17316322208098955]
  8%|▊         | 2/25 [00:00<00:10,  2.19trial/s, best loss: 0.17316322208098955]
 12%|█▏        | 3/25 [00:01<00:10,  2.18trial/s, best loss: 0.17316322208098955]
 16%|█▌        | 4/25 [00:01<00:09,  2.17trial/s, best loss: 0.17316322208098955]
 20%|██        | 5/25 [00:02<00:09,  2.19trial/s, best loss: 0.17316322208098955]
 24%|██▍       | 6/25 [00:02<00:08,  2.22trial/s, best loss: 0.17316322208098955]
 28%|██▊       | 7/25 [00:03<00:08,  2.21trial/s, best loss: 0.16992832553910645]
 32%|███▏      | 8/25 [00:03<00:07,  2.21trial/s, best loss: 0.16992832553910645]
 36%|███▌      | 9/25 [00:04<00:07,  2.18trial/s, best loss: 0.16992832553910645]
 40%|████      | 10/25 [00:04<00:06,  2.20trial/s, best loss: 0.16992832553910645]
 44%|████▍     | 11/25 [00:05<00:06,  2.14trial/s, best loss: 0.16992832553910645]
 48%|████▊     | 12/25 [00:05<00:06,  2.13trial/s, best loss: 0.15978314504725402]
 52%|█████▏    | 13/25 [00:05<00:05,  2.18trial/s, best loss: 0.15978314504725402]
 56%|█████▌    | 14/25 [00:06<00:05,  2.14trial/s, best loss: 0.15978314504725402]
 60%|██████    | 15/25 [00:06<00:04,  2.13trial/s, best loss: 0.15978314504725402]
 64%|██████▍   | 16/25 [00:07<00:04,  2.17trial/s, best loss: 0.15978314504725402]
 68%|██████▊   | 17/25 [00:07<00:03,  2.16trial/s, best loss: 0.15978314504725402]
 72%|███████▏  | 18/25 [00:08<00:03,  2.21trial/s, best loss: 0.15978314504725402]
 76%|███████▌  | 19/25 [00:08<00:02,  2.19trial/s, best loss: 0.15978314504725402]
 80%|████████  | 20/25 [00:09<00:02,  2.20trial/s, best loss: 0.15978314504725402]
 84%|████████▍ | 21/25 [00:09<00:01,  2.20trial/s, best loss: 0.15978314504725402]
 88%|████████▊ | 22/25 [00:10<00:01,  2.21trial/s, best loss: 0.15978314504725402]
 92%|█████████▏| 23/25 [00:10<00:00,  2.21trial/s, best loss: 0.15978314504725402]
 96%|█████████▌| 24/25 [00:11<00:00,  2.17trial/s, best loss: 0.15978314504725402]
100%|██████████| 25/25 [00:11<00:00,  2.14trial/s, best loss: 0.15121834135333598]
100%|██████████| 25/25 [00:11<00:00,  2.17trial/s, best loss: 0.15121834135333598]

  0%|          | 0/25 [00:00<?, ?trial/s, best loss=?]
  4%|▍         | 1/25 [00:00<00:10,  2.19trial/s, best loss: 0.10209472735709618]
  8%|▊         | 2/25 [00:00<00:10,  2.16trial/s, best loss: 0.10209472735709618]
 12%|█▏        | 3/25 [00:01<00:10,  2.13trial/s, best loss: 0.10209472735709618]
 16%|█▌        | 4/25 [00:01<00:09,  2.11trial/s, best loss: 0.10209472735709618]
 20%|██        | 5/25 [00:02<00:09,  2.14trial/s, best loss: 0.10209472735709618]
 24%|██▍       | 6/25 [00:02<00:08,  2.15trial/s, best loss: 0.10096951039262039]
 28%|██▊       | 7/25 [00:03<00:08,  2.16trial/s, best loss: 0.061211012453718634]
 32%|███▏      | 8/25 [00:03<00:07,  2.21trial/s, best loss: 0.061211012453718634]
 36%|███▌      | 9/25 [00:04<00:07,  2.21trial/s, best loss: 0.061211012453718634]
 40%|████      | 10/25 [00:04<00:06,  2.20trial/s, best loss: 0.061211012453718634]
 44%|████▍     | 11/25 [00:05<00:06,  2.18trial/s, best loss: 0.061211012453718634]
 48%|████▊     | 12/25 [00:05<00:05,  2.19trial/s, best loss: 0.061211012453718634]
 52%|█████▏    | 13/25 [00:05<00:05,  2.20trial/s, best loss: 0.061211012453718634]
 56%|█████▌    | 14/25 [00:06<00:04,  2.23trial/s, best loss: 0.061211012453718634]
 60%|██████    | 15/25 [00:06<00:04,  2.22trial/s, best loss: 0.061211012453718634]
 64%|██████▍   | 16/25 [00:07<00:04,  2.21trial/s, best loss: 0.061211012453718634]
 68%|██████▊   | 17/25 [00:07<00:03,  2.18trial/s, best loss: 0.061211012453718634]
 72%|███████▏  | 18/25 [00:08<00:03,  2.17trial/s, best loss: 0.061211012453718634]
 76%|███████▌  | 19/25 [00:08<00:02,  2.15trial/s, best loss: 0.061211012453718634]
 80%|████████  | 20/25 [00:09<00:02,  2.16trial/s, best loss: 0.061211012453718634]
 84%|████████▍ | 21/25 [00:09<00:01,  2.14trial/s, best loss: 0.061211012453718634]
 88%|████████▊ | 22/25 [00:10<00:01,  2.14trial/s, best loss: 0.05532414492628094] 
 92%|█████████▏| 23/25 [00:10<00:00,  2.16trial/s, best loss: 0.05532414492628094]
 96%|█████████▌| 24/25 [00:11<00:00,  2.18trial/s, best loss: 0.05532414492628094]
100%|██████████| 25/25 [00:11<00:00,  2.17trial/s, best loss: 0.05532414492628094]
100%|██████████| 25/25 [00:11<00:00,  2.17trial/s, best loss: 0.05532414492628094]

  0%|          | 0/25 [00:00<?, ?trial/s, best loss=?]
  4%|▍         | 1/25 [00:00<00:11,  2.03trial/s, best loss: 0.06698019506272788]
  8%|▊         | 2/25 [00:00<00:11,  2.03trial/s, best loss: 0.06698019506272788]
 12%|█▏        | 3/25 [00:01<00:10,  2.06trial/s, best loss: 0.028102891873683575]
 16%|█▌        | 4/25 [00:01<00:09,  2.12trial/s, best loss: 0.028102891873683575]
 20%|██        | 5/25 [00:02<00:09,  2.11trial/s, best loss: 0.028102891873683575]
 24%|██▍       | 6/25 [00:02<00:08,  2.13trial/s, best loss: 0.021544286489426894]
 28%|██▊       | 7/25 [00:03<00:08,  2.07trial/s, best loss: 0.021544286489426894]
 32%|███▏      | 8/25 [00:03<00:08,  2.03trial/s, best loss: 0.021544286489426894]
 36%|███▌      | 9/25 [00:04<00:07,  2.03trial/s, best loss: 0.006692912974304653]
 40%|████      | 10/25 [00:04<00:07,  2.02trial/s, best loss: 0.006692912974304653]
 44%|████▍     | 11/25 [00:05<00:06,  2.09trial/s, best loss: 0.005403028307667555]
 48%|████▊     | 12/25 [00:05<00:06,  2.10trial/s, best loss: 0.005403028307667555]
 52%|█████▏    | 13/25 [00:06<00:05,  2.07trial/s, best loss: 0.005403028307667555]
 56%|█████▌    | 14/25 [00:06<00:05,  2.06trial/s, best loss: 0.005403028307667555]
 60%|██████    | 15/25 [00:07<00:04,  2.05trial/s, best loss: 0.005403028307667555]
 64%|██████▍   | 16/25 [00:07<00:04,  2.07trial/s, best loss: 0.005403028307667555]
 68%|██████▊   | 17/25 [00:08<00:03,  2.06trial/s, best loss: -0.013330023221584344]
 72%|███████▏  | 18/25 [00:08<00:03,  2.07trial/s, best loss: -0.013330023221584344]
 76%|███████▌  | 19/25 [00:09<00:02,  2.07trial/s, best loss: -0.013330023221584344]
 80%|████████  | 20/25 [00:09<00:02,  2.04trial/s, best loss: -0.048276591004462924]
 84%|████████▍ | 21/25 [00:10<00:01,  2.06trial/s, best loss: -0.048276591004462924]
 88%|████████▊ | 22/25 [00:10<00:01,  2.07trial/s, best loss: -0.048276591004462924]
 92%|█████████▏| 23/25 [00:11<00:00,  2.08trial/s, best loss: -0.048276591004462924]
 96%|█████████▌| 24/25 [00:11<00:00,  2.09trial/s, best loss: -0.05360910624270096] 
100%|██████████| 25/25 [00:12<00:00,  2.06trial/s, best loss: -0.05360910624270096]
100%|██████████| 25/25 [00:12<00:00,  2.07trial/s, best loss: -0.05360910624270096]

  0%|          | 0/25 [00:00<?, ?trial/s, best loss=?]
  4%|▍         | 1/25 [00:00<00:11,  2.16trial/s, best loss: -0.13101581433486786]
  8%|▊         | 2/25 [00:00<00:10,  2.15trial/s, best loss: -0.13101581433486786]
 12%|█▏        | 3/25 [00:01<00:10,  2.11trial/s, best loss: -0.13101581433486786]
 16%|█▌        | 4/25 [00:01<00:10,  2.08trial/s, best loss: -0.13101581433486786]
 20%|██        | 5/25 [00:02<00:09,  2.10trial/s, best loss: -0.13101581433486786]
 24%|██▍       | 6/25 [00:02<00:09,  2.08trial/s, best loss: -0.13101581433486786]
 28%|██▊       | 7/25 [00:03<00:08,  2.08trial/s, best loss: -0.1647877723088337] 
 32%|███▏      | 8/25 [00:03<00:08,  2.11trial/s, best loss: -0.1647877723088337]
 36%|███▌      | 9/25 [00:04<00:07,  2.11trial/s, best loss: -0.1647877723088337]
 40%|████      | 10/25 [00:04<00:07,  2.14trial/s, best loss: -0.20295955323490342]
 44%|████▍     | 11/25 [00:05<00:06,  2.13trial/s, best loss: -0.20295955323490342]
 48%|████▊     | 12/25 [00:05<00:06,  2.15trial/s, best loss: -0.20295955323490342]
 52%|█████▏    | 13/25 [00:06<00:05,  2.14trial/s, best loss: -0.20295955323490342]
 56%|█████▌    | 14/25 [00:06<00:05,  2.11trial/s, best loss: -0.20295955323490342]
 60%|██████    | 15/25 [00:07<00:04,  2.12trial/s, best loss: -0.20295955323490342]
 64%|██████▍   | 16/25 [00:07<00:04,  2.14trial/s, best loss: -0.20295955323490342]
 68%|██████▊   | 17/25 [00:08<00:03,  2.14trial/s, best loss: -0.20295955323490342]
 72%|███████▏  | 18/25 [00:08<00:03,  2.13trial/s, best loss: -0.20295955323490342]
 76%|███████▌  | 19/25 [00:08<00:02,  2.12trial/s, best loss: -0.20295955323490342]
 80%|████████  | 20/25 [00:09<00:02,  2.10trial/s, best loss: -0.20295955323490342]
 84%|████████▍ | 21/25 [00:09<00:01,  2.11trial/s, best loss: -0.20295955323490342]
 88%|████████▊ | 22/25 [00:10<00:01,  2.09trial/s, best loss: -0.20295955323490342]
 92%|█████████▏| 23/25 [00:10<00:00,  2.11trial/s, best loss: -0.20295955323490342]
 96%|█████████▌| 24/25 [00:11<00:00,  2.13trial/s, best loss: -0.20295955323490342]
100%|██████████| 25/25 [00:11<00:00,  2.14trial/s, best loss: -0.20295955323490342]
100%|██████████| 25/25 [00:11<00:00,  2.12trial/s, best loss: -0.20295955323490342]
D:\quant_system_pro (3)\quant_system_pro\backtest\backtest_pro.py:330: UserWarning: Glyph 39057 (\N{CJK UNIFIED IDEOGRAPH-9891}) missing from font(s) DejaVu Sans.
  buf=io.BytesIO(); plt.tight_layout(); plt.savefig(buf, format="png"); data=base64.b64encode(buf.getvalue()).decode()
D:\quant_system_pro (3)\quant_system_pro\backtest\backtest_pro.py:330: UserWarning: Glyph 25968 (\N{CJK UNIFIED IDEOGRAPH-6570}) missing from font(s) DejaVu Sans.
  buf=io.BytesIO(); plt.tight_layout(); plt.savefig(buf, format="png"); data=base64.b64encode(buf.getvalue()).decode()
D:\quant_system_pro (3)\quant_system_pro\backtest\backtest_pro.py:330: UserWarning: Glyph 20998 (\N{CJK UNIFIED IDEOGRAPH-5206}) missing from font(s) DejaVu Sans.
  buf=io.BytesIO(); plt.tight_layout(); plt.savefig(buf, format="png"); data=base64.b64encode(buf.getvalue()).decode()
D:\quant_system_pro (3)\quant_system_pro\backtest\backtest_pro.py:330: UserWarning: Glyph 24067 (\N{CJK UNIFIED IDEOGRAPH-5E03}) missing from font(s) DejaVu Sans.
  buf=io.BytesIO(); plt.tight_layout(); plt.savefig(buf, format="png"); data=base64.b64encode(buf.getvalue()).decode()
D:\quant_system_pro (3)\quant_system_pro\backtest\backtest_pro.py:330: UserWarning: Glyph 65288 (\N{FULLWIDTH LEFT PARENTHESIS}) missing from font(s) DejaVu Sans.
  buf=io.BytesIO(); plt.tight_layout(); plt.savefig(buf, format="png"); data=base64.b64encode(buf.getvalue()).decode()
D:\quant_system_pro (3)\quant_system_pro\backtest\backtest_pro.py:330: UserWarning: Glyph 36234 (\N{CJK UNIFIED IDEOGRAPH-8D8A}) missing from font(s) DejaVu Sans.
  buf=io.BytesIO(); plt.tight_layout(); plt.savefig(buf, format="png"); data=base64.b64encode(buf.getvalue()).decode()
D:\quant_system_pro (3)\quant_system_pro\backtest\backtest_pro.py:330: UserWarning: Glyph 20302 (\N{CJK UNIFIED IDEOGRAPH-4F4E}) missing from font(s) DejaVu Sans.
  buf=io.BytesIO(); plt.tight_layout(); plt.savefig(buf, format="png"); data=base64.b64encode(buf.getvalue()).decode()
D:\quant_system_pro (3)\quant_system_pro\backtest\backtest_pro.py:330: UserWarning: Glyph 22909 (\N{CJK UNIFIED IDEOGRAPH-597D}) missing from font(s) DejaVu Sans.
  buf=io.BytesIO(); plt.tight_layout(); plt.savefig(buf, format="png"); data=base64.b64encode(buf.getvalue()).decode()
D:\quant_system_pro (3)\quant_system_pro\backtest\backtest_pro.py:330: UserWarning: Glyph 65289 (\N{FULLWIDTH RIGHT PARENTHESIS}) missing from font(s) DejaVu Sans.
  buf=io.BytesIO(); plt.tight_layout(); plt.savefig(buf, format="png"); data=base64.b64encode(buf.getvalue()).decode()
[完成] 最优表: D:\quant_system_pro (3)\quant_system_pro\results\live_90d_BTCUSDT\最优组合总表_S档_20250817-043548.csv
[完成] best_combo: data/best_combo.csv
