[A6-SHIM] pandas.DataFrame.to_csv 已安装修订钩子（仅拦截 a6_strategy_scores*）
C:\Users\Administrator\AppData\Local\Programs\Python\Python39\lib\site-packages\hyperopt\atpe.py:19: UserWarning: pkg_resources is deprecated as an API. See https://setuptools.pypa.io/en/latest/pkg_resources.html. The pkg_resources package is slated for removal as early as 2025-11-30. Refrain from using this package or pin to Setuptools<81.
  import pkg_resources
[GPU] Torch 2.6.0+cu124 | CUDA 12.4 | Device NVIDIA GeForce RTX 3060 | available=True
[GPU] XGBoost 1.7.6 (gpu_hist supported)
[GPU] LightGBM available (GPU depends on build)
[回测] 符号数=1 窗口=90天 S档=ON

  0%|          | 0/25 [00:00<?, ?trial/s, best loss=?]
  4%|▍         | 1/25 [00:00<00:12,  1.94trial/s, best loss: 0.15906415919902545]
  8%|▊         | 2/25 [00:01<00:11,  1.96trial/s, best loss: 0.15906415919902545]
 12%|█▏        | 3/25 [00:01<00:11,  1.95trial/s, best loss: 0.07493863761076401]
 16%|█▌        | 4/25 [00:02<00:10,  1.92trial/s, best loss: 0.07493863761076401]
 20%|██        | 5/25 [00:02<00:10,  1.93trial/s, best loss: 0.06160141112518915]
 24%|██▍       | 6/25 [00:03<00:09,  1.95trial/s, best loss: 0.05056866698916913]
 28%|██▊       | 7/25 [00:03<00:09,  1.95trial/s, best loss: 0.05056866698916913]
 32%|███▏      | 8/25 [00:04<00:08,  1.95trial/s, best loss: 0.05056866698916913]
 36%|███▌      | 9/25 [00:04<00:08,  1.95trial/s, best loss: 0.05056866698916913]
 40%|████      | 10/25 [00:05<00:07,  1.96trial/s, best loss: 0.05056866698916913]
 44%|████▍     | 11/25 [00:05<00:07,  1.94trial/s, best loss: 0.05056866698916913]
 48%|████▊     | 12/25 [00:06<00:06,  1.95trial/s, best loss: 0.05056866698916913]
 52%|█████▏    | 13/25 [00:07<00:09,  1.20trial/s, best loss: 0.05056866698916913]
 56%|█████▌    | 14/25 [00:08<00:08,  1.36trial/s, best loss: 0.05056866698916913]
 60%|██████    | 15/25 [00:08<00:06,  1.50trial/s, best loss: 0.05056866698916913]
 64%|██████▍   | 16/25 [00:09<00:05,  1.62trial/s, best loss: 0.05056866698916913]
 68%|██████▊   | 17/25 [00:09<00:04,  1.71trial/s, best loss: 0.05056866698916913]
 72%|███████▏  | 18/25 [00:10<00:03,  1.77trial/s, best loss: 0.05056866698916913]
 76%|███████▌  | 19/25 [00:10<00:03,  1.82trial/s, best loss: 0.05056866698916913]
 80%|████████  | 20/25 [00:11<00:02,  1.85trial/s, best loss: 0.05056866698916913]
 84%|████████▍ | 21/25 [00:11<00:02,  1.88trial/s, best loss: 0.04169183498381058]
 88%|████████▊ | 22/25 [00:12<00:01,  1.90trial/s, best loss: 0.04169183498381058]
 92%|█████████▏| 23/25 [00:12<00:01,  1.91trial/s, best loss: 0.04169183498381058]
 96%|█████████▌| 24/25 [00:13<00:00,  1.93trial/s, best loss: 0.04169183498381058]
100%|██████████| 25/25 [00:13<00:00,  1.93trial/s, best loss: 0.04169183498381058]
100%|██████████| 25/25 [00:13<00:00,  1.80trial/s, best loss: 0.04169183498381058]

  0%|          | 0/25 [00:00<?, ?trial/s, best loss=?]
  4%|▍         | 1/25 [00:00<00:12,  1.96trial/s, best loss: 0.07044320433772526]
  8%|▊         | 2/25 [00:01<00:11,  1.95trial/s, best loss: 0.07044320433772526]
 12%|█▏        | 3/25 [00:01<00:11,  1.98trial/s, best loss: 0.04120278043708966]
 16%|█▌        | 4/25 [00:02<00:10,  1.99trial/s, best loss: 0.035225465358876246]
 20%|██        | 5/25 [00:02<00:09,  2.00trial/s, best loss: 0.01987324788857233] 
 24%|██▍       | 6/25 [00:03<00:09,  2.01trial/s, best loss: 0.01987324788857233]
 28%|██▊       | 7/25 [00:03<00:09,  1.98trial/s, best loss: 0.01987324788857233]
 32%|███▏      | 8/25 [00:04<00:08,  1.98trial/s, best loss: 0.01987324788857233]
 36%|███▌      | 9/25 [00:04<00:08,  1.98trial/s, best loss: 0.01987324788857233]
 40%|████      | 10/25 [00:05<00:07,  1.99trial/s, best loss: 0.01987324788857233]
 44%|████▍     | 11/25 [00:05<00:07,  2.00trial/s, best loss: 0.01987324788857233]
 48%|████▊     | 12/25 [00:06<00:06,  1.99trial/s, best loss: 0.01987324788857233]
 52%|█████▏    | 13/25 [00:06<00:06,  1.97trial/s, best loss: 0.01987324788857233]
 56%|█████▌    | 14/25 [00:07<00:05,  1.99trial/s, best loss: 0.01987324788857233]
 60%|██████    | 15/25 [00:07<00:05,  1.99trial/s, best loss: 0.01987324788857233]
 64%|██████▍   | 16/25 [00:08<00:04,  1.97trial/s, best loss: 0.01987324788857233]
 68%|██████▊   | 17/25 [00:08<00:04,  1.99trial/s, best loss: 0.01987324788857233]
 72%|███████▏  | 18/25 [00:09<00:03,  1.98trial/s, best loss: 0.01987324788857233]
 76%|███████▌  | 19/25 [00:09<00:03,  2.00trial/s, best loss: 0.01987324788857233]
 80%|████████  | 20/25 [00:10<00:02,  2.01trial/s, best loss: 0.01987324788857233]
 84%|████████▍ | 21/25 [00:10<00:02,  1.99trial/s, best loss: 0.004966454656537453]
 88%|████████▊ | 22/25 [00:11<00:01,  1.98trial/s, best loss: 0.004966454656537453]
 92%|█████████▏| 23/25 [00:11<00:01,  1.98trial/s, best loss: 0.004966454656537453]
 96%|█████████▌| 24/25 [00:12<00:00,  1.96trial/s, best loss: -0.00730255304835484]
100%|██████████| 25/25 [00:12<00:00,  1.97trial/s, best loss: -0.00730255304835484]
100%|██████████| 25/25 [00:12<00:00,  1.98trial/s, best loss: -0.00730255304835484]

  0%|          | 0/25 [00:00<?, ?trial/s, best loss=?]
  4%|▍         | 1/25 [00:00<00:12,  1.97trial/s, best loss: 0.04358398462196231]
  8%|▊         | 2/25 [00:02<00:25,  1.11s/trial, best loss: 0.04358398462196231]
 12%|█▏        | 3/25 [00:02<00:18,  1.20trial/s, best loss: 0.00954789990762425]
 16%|█▌        | 4/25 [00:03<00:14,  1.42trial/s, best loss: 0.00954789990762425]
 20%|██        | 5/25 [00:04<00:16,  1.23trial/s, best loss: -0.01388902065608237]
 24%|██▍       | 6/25 [00:04<00:16,  1.18trial/s, best loss: -0.01388902065608237]
 28%|██▊       | 7/25 [00:05<00:15,  1.15trial/s, best loss: -0.01388902065608237]
 32%|███▏      | 8/25 [00:06<00:15,  1.13trial/s, best loss: -0.01388902065608237]
 36%|███▌      | 9/25 [00:07<00:14,  1.12trial/s, best loss: -0.01388902065608237]
 40%|████      | 10/25 [00:08<00:13,  1.09trial/s, best loss: -0.01388902065608237]
 44%|████▍     | 11/25 [00:09<00:12,  1.09trial/s, best loss: -0.01388902065608237]
 48%|████▊     | 12/25 [00:10<00:12,  1.07trial/s, best loss: -0.01388902065608237]
 52%|█████▏    | 13/25 [00:11<00:11,  1.08trial/s, best loss: -0.01388902065608237]
 56%|█████▌    | 14/25 [00:12<00:10,  1.08trial/s, best loss: -0.01388902065608237]
 60%|██████    | 15/25 [00:13<00:09,  1.09trial/s, best loss: -0.01388902065608237]
 64%|██████▍   | 16/25 [00:14<00:08,  1.09trial/s, best loss: -0.01388902065608237]
 68%|██████▊   | 17/25 [00:15<00:07,  1.09trial/s, best loss: -0.01388902065608237]
 72%|███████▏  | 18/25 [00:16<00:06,  1.09trial/s, best loss: -0.01388902065608237]
 76%|███████▌  | 19/25 [00:17<00:05,  1.07trial/s, best loss: -0.01388902065608237]
 80%|████████  | 20/25 [00:17<00:04,  1.08trial/s, best loss: -0.01388902065608237]
 84%|████████▍ | 21/25 [00:18<00:03,  1.08trial/s, best loss: -0.01388902065608237]
 88%|████████▊ | 22/25 [00:19<00:02,  1.08trial/s, best loss: -0.01388902065608237]
 92%|█████████▏| 23/25 [00:20<00:01,  1.08trial/s, best loss: -0.01388902065608237]
 96%|█████████▌| 24/25 [00:21<00:00,  1.09trial/s, best loss: -0.01388902065608237]
100%|██████████| 25/25 [00:22<00:00,  1.08trial/s, best loss: -0.06023388165278784]
100%|██████████| 25/25 [00:22<00:00,  1.11trial/s, best loss: -0.06023388165278784]

  0%|          | 0/25 [00:00<?, ?trial/s, best loss=?]
  4%|▍         | 1/25 [00:00<00:21,  1.11trial/s, best loss: -0.09942018792923915]
  8%|▊         | 2/25 [00:01<00:20,  1.10trial/s, best loss: -0.09942018792923915]
 12%|█▏        | 3/25 [00:02<00:20,  1.09trial/s, best loss: -0.09942018792923915]
 16%|█▌        | 4/25 [00:03<00:19,  1.09trial/s, best loss: -0.09942018792923915]
 20%|██        | 5/25 [00:05<00:21,  1.10s/trial, best loss: -0.09942018792923915]
 24%|██▍       | 6/25 [00:05<00:19,  1.03s/trial, best loss: -0.09942018792923915]
 28%|██▊       | 7/25 [00:06<00:17,  1.01trial/s, best loss: -0.09942018792923915]
 32%|███▏      | 8/25 [00:07<00:16,  1.03trial/s, best loss: -0.09942018792923915]
 36%|███▌      | 9/25 [00:08<00:15,  1.05trial/s, best loss: -0.09942018792923915]
 40%|████      | 10/25 [00:09<00:14,  1.04trial/s, best loss: -0.09942018792923915]
 44%|████▍     | 11/25 [00:10<00:13,  1.06trial/s, best loss: -0.09942018792923915]
 48%|████▊     | 12/25 [00:11<00:12,  1.07trial/s, best loss: -0.09942018792923915]
 52%|█████▏    | 13/25 [00:12<00:11,  1.08trial/s, best loss: -0.09942018792923915]
 56%|█████▌    | 14/25 [00:13<00:10,  1.09trial/s, best loss: -0.09942018792923915]
 60%|██████    | 15/25 [00:14<00:09,  1.09trial/s, best loss: -0.09942018792923915]
 64%|██████▍   | 16/25 [00:15<00:08,  1.09trial/s, best loss: -0.09942018792923915]
 68%|██████▊   | 17/25 [00:16<00:07,  1.10trial/s, best loss: -0.09942018792923915]
 72%|███████▏  | 18/25 [00:16<00:06,  1.10trial/s, best loss: -0.09942018792923915]
 76%|███████▌  | 19/25 [00:18<00:05,  1.03trial/s, best loss: -0.09942018792923915]
 80%|████████  | 20/25 [00:19<00:04,  1.04trial/s, best loss: -0.09942018792923915]
 84%|████████▍ | 21/25 [00:20<00:03,  1.03trial/s, best loss: -0.09942018792923915]
 88%|████████▊ | 22/25 [00:22<00:03,  1.28s/trial, best loss: -0.09942018792923915]
 92%|█████████▏| 23/25 [00:22<00:02,  1.17s/trial, best loss: -0.09942018792923915]
 96%|█████████▌| 24/25 [00:23<00:01,  1.12s/trial, best loss: -0.09942018792923915]
100%|██████████| 25/25 [00:24<00:00,  1.06s/trial, best loss: -0.09942018792923915]
100%|██████████| 25/25 [00:24<00:00,  1.01trial/s, best loss: -0.09942018792923915]

  0%|          | 0/25 [00:00<?, ?trial/s, best loss=?]
  4%|▍         | 1/25 [00:00<00:22,  1.07trial/s, best loss: -0.08144089618389189]
  8%|▊         | 2/25 [00:01<00:21,  1.09trial/s, best loss: -0.1805745334943379] 
 12%|█▏        | 3/25 [00:02<00:20,  1.10trial/s, best loss: -0.1805745334943379]
 16%|█▌        | 4/25 [00:03<00:19,  1.09trial/s, best loss: -0.1805745334943379]
 20%|██        | 5/25 [00:04<00:18,  1.09trial/s, best loss: -0.1805745334943379]
 24%|██▍       | 6/25 [00:05<00:17,  1.10trial/s, best loss: -0.1805745334943379]
 28%|██▊       | 7/25 [00:06<00:16,  1.09trial/s, best loss: -0.1805745334943379]
 32%|███▏      | 8/25 [00:07<00:15,  1.09trial/s, best loss: -0.1805745334943379]
 36%|███▌      | 9/25 [00:08<00:14,  1.08trial/s, best loss: -0.18972549875606176]
 40%|████      | 10/25 [00:09<00:13,  1.08trial/s, best loss: -0.18972549875606176]
 44%|████▍     | 11/25 [00:10<00:12,  1.08trial/s, best loss: -0.18972549875606176]
 48%|████▊     | 12/25 [00:11<00:12,  1.08trial/s, best loss: -0.18972549875606176]
 52%|█████▏    | 13/25 [00:11<00:11,  1.08trial/s, best loss: -0.18972549875606176]
 56%|█████▌    | 14/25 [00:12<00:10,  1.09trial/s, best loss: -0.19581220277527756]
 60%|██████    | 15/25 [00:13<00:09,  1.09trial/s, best loss: -0.19581220277527756]
 64%|██████▍   | 16/25 [00:14<00:08,  1.05trial/s, best loss: -0.19581220277527756]
 68%|██████▊   | 17/25 [00:15<00:07,  1.07trial/s, best loss: -0.19581220277527756]
 72%|███████▏  | 18/25 [00:16<00:06,  1.08trial/s, best loss: -0.19581220277527756]
 76%|███████▌  | 19/25 [00:17<00:05,  1.08trial/s, best loss: -0.19581220277527756]
 80%|████████  | 20/25 [00:18<00:04,  1.09trial/s, best loss: -0.19581220277527756]
 84%|████████▍ | 21/25 [00:19<00:03,  1.09trial/s, best loss: -0.19581220277527756]
 88%|████████▊ | 22/25 [00:20<00:02,  1.09trial/s, best loss: -0.19581220277527756]
 92%|█████████▏| 23/25 [00:21<00:01,  1.09trial/s, best loss: -0.19581220277527756]
 96%|█████████▌| 24/25 [00:22<00:00,  1.09trial/s, best loss: -0.19581220277527756]
100%|██████████| 25/25 [00:23<00:00,  1.09trial/s, best loss: -0.19581220277527756]
100%|██████████| 25/25 [00:23<00:00,  1.08trial/s, best loss: -0.19581220277527756]

  0%|          | 0/25 [00:00<?, ?trial/s, best loss=?]
  4%|▍         | 1/25 [00:00<00:12,  1.98trial/s, best loss: -0.13794538125103348]
  8%|▊         | 2/25 [00:01<00:11,  1.98trial/s, best loss: -0.2635104241541974] 
 12%|█▏        | 3/25 [00:01<00:11,  1.98trial/s, best loss: -0.2635104241541974]
 16%|█▌        | 4/25 [00:02<00:10,  2.01trial/s, best loss: -0.2635104241541974]
 20%|██        | 5/25 [00:02<00:09,  2.01trial/s, best loss: -0.2635104241541974]
 24%|██▍       | 6/25 [00:02<00:09,  2.01trial/s, best loss: -0.29444598356398466]
 28%|██▊       | 7/25 [00:04<00:14,  1.21trial/s, best loss: -0.29444598356398466]
 32%|███▏      | 8/25 [00:05<00:12,  1.38trial/s, best loss: -0.34130537471258143]
 36%|███▌      | 9/25 [00:05<00:10,  1.53trial/s, best loss: -0.34130537471258143]
 40%|████      | 10/25 [00:05<00:09,  1.66trial/s, best loss: -0.34130537471258143]
 44%|████▍     | 11/25 [00:06<00:08,  1.74trial/s, best loss: -0.34130537471258143]
 48%|████▊     | 12/25 [00:07<00:07,  1.80trial/s, best loss: -0.34130537471258143]
 52%|█████▏    | 13/25 [00:07<00:06,  1.86trial/s, best loss: -0.38131795480532554]
 56%|█████▌    | 14/25 [00:08<00:05,  1.90trial/s, best loss: -0.38131795480532554]
 60%|██████    | 15/25 [00:08<00:05,  1.92trial/s, best loss: -0.38131795480532554]
 64%|██████▍   | 16/25 [00:09<00:04,  1.94trial/s, best loss: -0.38131795480532554]
 68%|██████▊   | 17/25 [00:09<00:04,  1.96trial/s, best loss: -0.38131795480532554]
 72%|███████▏  | 18/25 [00:10<00:03,  1.95trial/s, best loss: -0.38131795480532554]
 76%|███████▌  | 19/25 [00:10<00:03,  1.97trial/s, best loss: -0.38131795480532554]
 80%|████████  | 20/25 [00:11<00:02,  1.97trial/s, best loss: -0.38131795480532554]
 84%|████████▍ | 21/25 [00:11<00:02,  1.98trial/s, best loss: -0.38131795480532554]
 88%|████████▊ | 22/25 [00:12<00:01,  1.98trial/s, best loss: -0.38131795480532554]
 92%|█████████▏| 23/25 [00:12<00:01,  1.98trial/s, best loss: -0.38131795480532554]
 96%|█████████▌| 24/25 [00:13<00:00,  1.98trial/s, best loss: -0.38131795480532554]
100%|██████████| 25/25 [00:13<00:00,  1.99trial/s, best loss: -0.38131795480532554]
100%|██████████| 25/25 [00:13<00:00,  1.84trial/s, best loss: -0.38131795480532554]
D:\quant_system_pro (3)\quant_system_pro\backtest\backtest_pro.py:330: UserWarning: Glyph 39057 (\N{CJK UNIFIED IDEOGRAPH-9891}) missing from font(s) DejaVu Sans.
  buf=io.BytesIO(); plt.tight_layout(); plt.savefig(buf, format="png"); data=base64.b64encode(buf.getvalue()).decode()
D:\quant_system_pro (3)\quant_system_pro\backtest\backtest_pro.py:330: UserWarning: Glyph 25968 (\N{CJK UNIFIED IDEOGRAPH-6570}) missing from font(s) DejaVu Sans.
  buf=io.BytesIO(); plt.tight_layout(); plt.savefig(buf, format="png"); data=base64.b64encode(buf.getvalue()).decode()
D:\quant_system_pro (3)\quant_system_pro\backtest\backtest_pro.py:330: UserWarning: Glyph 20998 (\N{CJK UNIFIED IDEOGRAPH-5206}) missing from font(s) DejaVu Sans.
  buf=io.BytesIO(); plt.tight_layout(); plt.savefig(buf, format="png"); data=base64.b64encode(buf.getvalue()).decode()
D:\quant_system_pro (3)\quant_system_pro\backtest\backtest_pro.py:330: UserWarning: Glyph 24067 (\N{CJK UNIFIED IDEOGRAPH-5E03}) missing from font(s) DejaVu Sans.
  buf=io.BytesIO(); plt.tight_layout(); plt.savefig(buf, format="png"); data=base64.b64encode(buf.getvalue()).decode()
D:\quant_system_pro (3)\quant_system_pro\backtest\backtest_pro.py:330: UserWarning: Glyph 65288 (\N{FULLWIDTH LEFT PARENTHESIS}) missing from font(s) DejaVu Sans.
  buf=io.BytesIO(); plt.tight_layout(); plt.savefig(buf, format="png"); data=base64.b64encode(buf.getvalue()).decode()
D:\quant_system_pro (3)\quant_system_pro\backtest\backtest_pro.py:330: UserWarning: Glyph 36234 (\N{CJK UNIFIED IDEOGRAPH-8D8A}) missing from font(s) DejaVu Sans.
  buf=io.BytesIO(); plt.tight_layout(); plt.savefig(buf, format="png"); data=base64.b64encode(buf.getvalue()).decode()
D:\quant_system_pro (3)\quant_system_pro\backtest\backtest_pro.py:330: UserWarning: Glyph 20302 (\N{CJK UNIFIED IDEOGRAPH-4F4E}) missing from font(s) DejaVu Sans.
  buf=io.BytesIO(); plt.tight_layout(); plt.savefig(buf, format="png"); data=base64.b64encode(buf.getvalue()).decode()
D:\quant_system_pro (3)\quant_system_pro\backtest\backtest_pro.py:330: UserWarning: Glyph 22909 (\N{CJK UNIFIED IDEOGRAPH-597D}) missing from font(s) DejaVu Sans.
  buf=io.BytesIO(); plt.tight_layout(); plt.savefig(buf, format="png"); data=base64.b64encode(buf.getvalue()).decode()
D:\quant_system_pro (3)\quant_system_pro\backtest\backtest_pro.py:330: UserWarning: Glyph 65289 (\N{FULLWIDTH RIGHT PARENTHESIS}) missing from font(s) DejaVu Sans.
  buf=io.BytesIO(); plt.tight_layout(); plt.savefig(buf, format="png"); data=base64.b64encode(buf.getvalue()).decode()
[完成] 最优表: D:\quant_system_pro (3)\quant_system_pro\results\parallel_run\最优组合总表_S档_20250817-023740.csv
[完成] best_combo: data/best_combo.csv
