[A6-SHIM] pandas.DataFrame.to_csv 已安装修订钩子（仅拦截 a6_strategy_scores*）
C:\Users\Administrator\AppData\Local\Programs\Python\Python39\lib\site-packages\hyperopt\atpe.py:19: UserWarning: pkg_resources is deprecated as an API. See https://setuptools.pypa.io/en/latest/pkg_resources.html. The pkg_resources package is slated for removal as early as 2025-11-30. Refrain from using this package or pin to Setuptools<81.
  import pkg_resources
[GPU] Torch 2.6.0+cu124 | CUDA 12.4 | Device NVIDIA GeForce RTX 3060 | available=True
[GPU] XGBoost 1.7.6 (gpu_hist supported)
[GPU] LightGBM available (GPU depends on build)
[回测] 符号数=1 窗口=90天 S档=ON

  0%|          | 0/25 [00:00<?, ?trial/s, best loss=?]
  4%|▍         | 1/25 [00:00<00:12,  1.88trial/s, best loss: 0.15627237012435213]
  8%|▊         | 2/25 [00:01<00:12,  1.92trial/s, best loss: 0.15627237012435213]
 12%|█▏        | 3/25 [00:01<00:11,  1.95trial/s, best loss: 0.07567112104990091]
 16%|█▌        | 4/25 [00:02<00:10,  1.96trial/s, best loss: 0.07567112104990091]
 20%|██        | 5/25 [00:02<00:10,  1.96trial/s, best loss: 0.06160299862360089]
 24%|██▍       | 6/25 [00:03<00:09,  1.96trial/s, best loss: 0.05056996174229654]
 28%|██▊       | 7/25 [00:03<00:09,  1.95trial/s, best loss: 0.05056996174229654]
 32%|███▏      | 8/25 [00:04<00:08,  1.96trial/s, best loss: 0.05056996174229654]
 36%|███▌      | 9/25 [00:04<00:08,  1.95trial/s, best loss: 0.05056996174229654]
 40%|████      | 10/25 [00:05<00:07,  1.95trial/s, best loss: 0.05056996174229654]
 44%|████▍     | 11/25 [00:05<00:07,  1.92trial/s, best loss: 0.05056996174229654]
 48%|████▊     | 12/25 [00:06<00:06,  1.90trial/s, best loss: 0.05056996174229654]
 52%|█████▏    | 13/25 [00:06<00:06,  1.91trial/s, best loss: 0.05056996174229654]
 56%|█████▌    | 14/25 [00:07<00:05,  1.90trial/s, best loss: 0.05056996174229654]
 60%|██████    | 15/25 [00:07<00:05,  1.92trial/s, best loss: 0.05056996174229654]
 64%|██████▍   | 16/25 [00:08<00:04,  1.92trial/s, best loss: 0.05056996174229654]
 68%|██████▊   | 17/25 [00:08<00:04,  1.92trial/s, best loss: 0.05056996174229654]
 72%|███████▏  | 18/25 [00:09<00:03,  1.95trial/s, best loss: 0.05056996174229654]
 76%|███████▌  | 19/25 [00:09<00:03,  1.95trial/s, best loss: 0.05056996174229654]
 80%|████████  | 20/25 [00:10<00:02,  1.96trial/s, best loss: 0.05056996174229654]
 84%|████████▍ | 21/25 [00:10<00:02,  1.96trial/s, best loss: 0.04265870421341482]
 88%|████████▊ | 22/25 [00:11<00:01,  1.95trial/s, best loss: 0.04265870421341482]
 92%|█████████▏| 23/25 [00:11<00:01,  1.93trial/s, best loss: 0.04265870421341482]
 96%|█████████▌| 24/25 [00:12<00:00,  1.94trial/s, best loss: 0.04265870421341482]
100%|██████████| 25/25 [00:12<00:00,  1.94trial/s, best loss: 0.04265870421341482]
100%|██████████| 25/25 [00:12<00:00,  1.94trial/s, best loss: 0.04265870421341482]

  0%|          | 0/25 [00:00<?, ?trial/s, best loss=?]
  4%|▍         | 1/25 [00:00<00:11,  2.05trial/s, best loss: 0.07044320433772526]
  8%|▊         | 2/25 [00:01<00:11,  1.99trial/s, best loss: 0.07044320433772526]
 12%|█▏        | 3/25 [00:01<00:11,  2.00trial/s, best loss: 0.04120278043708966]
 16%|█▌        | 4/25 [00:02<00:10,  2.00trial/s, best loss: 0.035225465358876246]
 20%|██        | 5/25 [00:02<00:10,  1.99trial/s, best loss: 0.01987324788857233] 
 24%|██▍       | 6/25 [00:03<00:09,  1.98trial/s, best loss: 0.01987324788857233]
 28%|██▊       | 7/25 [00:03<00:09,  1.99trial/s, best loss: 0.01987324788857233]
 32%|███▏      | 8/25 [00:04<00:08,  1.98trial/s, best loss: 0.01987324788857233]
 36%|███▌      | 9/25 [00:04<00:08,  1.98trial/s, best loss: 0.01987324788857233]
 40%|████      | 10/25 [00:05<00:07,  1.99trial/s, best loss: 0.01987324788857233]
 44%|████▍     | 11/25 [00:05<00:07,  1.97trial/s, best loss: 0.01987324788857233]
 48%|████▊     | 12/25 [00:06<00:06,  1.98trial/s, best loss: 0.01987324788857233]
 52%|█████▏    | 13/25 [00:06<00:06,  1.99trial/s, best loss: 0.01987324788857233]
 56%|█████▌    | 14/25 [00:07<00:05,  1.98trial/s, best loss: 0.01987324788857233]
 60%|██████    | 15/25 [00:07<00:05,  1.97trial/s, best loss: 0.01987324788857233]
 64%|██████▍   | 16/25 [00:08<00:04,  1.99trial/s, best loss: 0.01987324788857233]
 68%|██████▊   | 17/25 [00:08<00:04,  1.97trial/s, best loss: 0.01987324788857233]
 72%|███████▏  | 18/25 [00:09<00:03,  1.97trial/s, best loss: 0.01987324788857233]
 76%|███████▌  | 19/25 [00:09<00:03,  1.96trial/s, best loss: 0.01987324788857233]
 80%|████████  | 20/25 [00:10<00:02,  1.95trial/s, best loss: 0.01987324788857233]
 84%|████████▍ | 21/25 [00:10<00:02,  1.96trial/s, best loss: 0.004966454656537453]
 88%|████████▊ | 22/25 [00:11<00:01,  1.97trial/s, best loss: 0.004966454656537453]
 92%|█████████▏| 23/25 [00:11<00:01,  1.98trial/s, best loss: 0.004966454656537453]
 96%|█████████▌| 24/25 [00:12<00:00,  1.97trial/s, best loss: -0.00730255304835484]
100%|██████████| 25/25 [00:12<00:00,  1.98trial/s, best loss: -0.00730255304835484]
100%|██████████| 25/25 [00:12<00:00,  1.98trial/s, best loss: -0.00730255304835484]

  0%|          | 0/25 [00:00<?, ?trial/s, best loss=?]
  4%|▍         | 1/25 [00:00<00:12,  1.93trial/s, best loss: 0.04358398462196231]
  8%|▊         | 2/25 [00:01<00:11,  1.96trial/s, best loss: 0.04358398462196231]
 12%|█▏        | 3/25 [00:01<00:11,  1.95trial/s, best loss: 0.00954789990762425]
 16%|█▌        | 4/25 [00:02<00:10,  1.97trial/s, best loss: 0.00954789990762425]
 20%|██        | 5/25 [00:02<00:10,  1.99trial/s, best loss: -0.01388902065608237]
 24%|██▍       | 6/25 [00:03<00:09,  1.99trial/s, best loss: -0.01388902065608237]
 28%|██▊       | 7/25 [00:03<00:09,  1.99trial/s, best loss: -0.01388902065608237]
 32%|███▏      | 8/25 [00:04<00:08,  2.00trial/s, best loss: -0.01388902065608237]
 36%|███▌      | 9/25 [00:04<00:08,  1.99trial/s, best loss: -0.01388902065608237]
 40%|████      | 10/25 [00:05<00:07,  1.99trial/s, best loss: -0.01388902065608237]
 44%|████▍     | 11/25 [00:05<00:07,  1.99trial/s, best loss: -0.01388902065608237]
 48%|████▊     | 12/25 [00:06<00:06,  1.99trial/s, best loss: -0.01388902065608237]
 52%|█████▏    | 13/25 [00:06<00:06,  1.99trial/s, best loss: -0.01388902065608237]
 56%|█████▌    | 14/25 [00:07<00:05,  1.99trial/s, best loss: -0.01388902065608237]
 60%|██████    | 15/25 [00:07<00:04,  2.00trial/s, best loss: -0.01388902065608237]
 64%|██████▍   | 16/25 [00:08<00:04,  1.99trial/s, best loss: -0.01388902065608237]
 68%|██████▊   | 17/25 [00:08<00:04,  1.99trial/s, best loss: -0.01388902065608237]
 72%|███████▏  | 18/25 [00:09<00:03,  1.98trial/s, best loss: -0.01388902065608237]
 76%|███████▌  | 19/25 [00:09<00:03,  1.98trial/s, best loss: -0.01388902065608237]
 80%|████████  | 20/25 [00:10<00:02,  1.97trial/s, best loss: -0.01388902065608237]
 84%|████████▍ | 21/25 [00:10<00:02,  1.98trial/s, best loss: -0.01388902065608237]
 88%|████████▊ | 22/25 [00:11<00:01,  1.96trial/s, best loss: -0.01388902065608237]
 92%|█████████▏| 23/25 [00:11<00:01,  1.97trial/s, best loss: -0.01388902065608237]
 96%|█████████▌| 24/25 [00:12<00:00,  1.98trial/s, best loss: -0.01388902065608237]
100%|██████████| 25/25 [00:12<00:00,  1.96trial/s, best loss: -0.06023388165278784]
100%|██████████| 25/25 [00:12<00:00,  1.98trial/s, best loss: -0.06023388165278784]

  0%|          | 0/25 [00:00<?, ?trial/s, best loss=?]
  4%|▍         | 1/25 [00:00<00:11,  2.05trial/s, best loss: -0.09942018792923915]
  8%|▊         | 2/25 [00:00<00:11,  2.05trial/s, best loss: -0.09942018792923915]
 12%|█▏        | 3/25 [00:01<00:10,  2.05trial/s, best loss: -0.09942018792923915]
 16%|█▌        | 4/25 [00:01<00:10,  2.02trial/s, best loss: -0.09942018792923915]
 20%|██        | 5/25 [00:02<00:09,  2.02trial/s, best loss: -0.09942018792923915]
 24%|██▍       | 6/25 [00:02<00:09,  2.01trial/s, best loss: -0.09942018792923915]
 28%|██▊       | 7/25 [00:03<00:08,  2.00trial/s, best loss: -0.09942018792923915]
 32%|███▏      | 8/25 [00:03<00:08,  2.00trial/s, best loss: -0.09942018792923915]
 36%|███▌      | 9/25 [00:04<00:07,  2.00trial/s, best loss: -0.09942018792923915]
 40%|████      | 10/25 [00:04<00:07,  2.02trial/s, best loss: -0.09942018792923915]
 44%|████▍     | 11/25 [00:05<00:07,  2.00trial/s, best loss: -0.09942018792923915]
 48%|████▊     | 12/25 [00:05<00:06,  1.98trial/s, best loss: -0.09942018792923915]
 52%|█████▏    | 13/25 [00:06<00:06,  1.99trial/s, best loss: -0.09942018792923915]
 56%|█████▌    | 14/25 [00:06<00:05,  2.00trial/s, best loss: -0.09942018792923915]
 60%|██████    | 15/25 [00:07<00:05,  1.98trial/s, best loss: -0.09942018792923915]
 64%|██████▍   | 16/25 [00:07<00:04,  1.98trial/s, best loss: -0.09942018792923915]
 68%|██████▊   | 17/25 [00:08<00:04,  1.78trial/s, best loss: -0.09942018792923915]
 72%|███████▏  | 18/25 [00:09<00:03,  1.84trial/s, best loss: -0.09942018792923915]
 76%|███████▌  | 19/25 [00:09<00:03,  1.90trial/s, best loss: -0.09942018792923915]
 80%|████████  | 20/25 [00:10<00:02,  1.93trial/s, best loss: -0.09942018792923915]
 84%|████████▍ | 21/25 [00:10<00:02,  1.96trial/s, best loss: -0.09942018792923915]
 88%|████████▊ | 22/25 [00:11<00:01,  1.98trial/s, best loss: -0.09942018792923915]
 92%|█████████▏| 23/25 [00:11<00:01,  1.96trial/s, best loss: -0.09942018792923915]
 96%|█████████▌| 24/25 [00:12<00:00,  1.98trial/s, best loss: -0.09942018792923915]
100%|██████████| 25/25 [00:12<00:00,  1.96trial/s, best loss: -0.09942018792923915]
100%|██████████| 25/25 [00:12<00:00,  1.97trial/s, best loss: -0.09942018792923915]

  0%|          | 0/25 [00:00<?, ?trial/s, best loss=?]
  4%|▍         | 1/25 [00:00<00:11,  2.04trial/s, best loss: -0.08144089618389189]
  8%|▊         | 2/25 [00:01<00:11,  1.98trial/s, best loss: -0.1805745334943379] 
 12%|█▏        | 3/25 [00:01<00:10,  2.01trial/s, best loss: -0.1805745334943379]
 16%|█▌        | 4/25 [00:01<00:10,  2.03trial/s, best loss: -0.1805745334943379]
 20%|██        | 5/25 [00:02<00:09,  2.02trial/s, best loss: -0.1805745334943379]
 24%|██▍       | 6/25 [00:02<00:09,  2.01trial/s, best loss: -0.1805745334943379]
 28%|██▊       | 7/25 [00:03<00:08,  2.00trial/s, best loss: -0.1805745334943379]
 32%|███▏      | 8/25 [00:03<00:08,  2.00trial/s, best loss: -0.1805745334943379]
 36%|███▌      | 9/25 [00:04<00:08,  2.00trial/s, best loss: -0.18972549875606176]
 40%|████      | 10/25 [00:04<00:07,  1.98trial/s, best loss: -0.18972549875606176]
 44%|████▍     | 11/25 [00:05<00:07,  1.98trial/s, best loss: -0.18972549875606176]
 48%|████▊     | 12/25 [00:05<00:06,  2.00trial/s, best loss: -0.18972549875606176]
 52%|█████▏    | 13/25 [00:06<00:06,  2.00trial/s, best loss: -0.18972549875606176]
 56%|█████▌    | 14/25 [00:06<00:05,  2.00trial/s, best loss: -0.19581220277527756]
 60%|██████    | 15/25 [00:07<00:05,  1.99trial/s, best loss: -0.19581220277527756]
 64%|██████▍   | 16/25 [00:08<00:04,  1.99trial/s, best loss: -0.19581220277527756]
 68%|██████▊   | 17/25 [00:08<00:04,  1.99trial/s, best loss: -0.19581220277527756]
 72%|███████▏  | 18/25 [00:09<00:03,  2.01trial/s, best loss: -0.19581220277527756]
 76%|███████▌  | 19/25 [00:09<00:02,  2.02trial/s, best loss: -0.19581220277527756]
 80%|████████  | 20/25 [00:10<00:02,  2.00trial/s, best loss: -0.19581220277527756]
 84%|████████▍ | 21/25 [00:10<00:02,  1.99trial/s, best loss: -0.19581220277527756]
 88%|████████▊ | 22/25 [00:11<00:01,  1.99trial/s, best loss: -0.19581220277527756]
 92%|█████████▏| 23/25 [00:11<00:01,  1.96trial/s, best loss: -0.19581220277527756]
 96%|█████████▌| 24/25 [00:13<00:00,  1.23trial/s, best loss: -0.19581220277527756]
100%|██████████| 25/25 [00:13<00:00,  1.39trial/s, best loss: -0.19581220277527756]
100%|██████████| 25/25 [00:13<00:00,  1.84trial/s, best loss: -0.19581220277527756]
