[A6-SHIM] pandas.DataFrame.to_csv 已安装修订钩子（仅拦截 a6_strategy_scores*）
C:\Users\Administrator\AppData\Local\Programs\Python\Python39\lib\site-packages\hyperopt\atpe.py:19: UserWarning: pkg_resources is deprecated as an API. See https://setuptools.pypa.io/en/latest/pkg_resources.html. The pkg_resources package is slated for removal as early as 2025-11-30. Refrain from using this package or pin to Setuptools<81.
  import pkg_resources
[GPU] Torch 2.6.0+cu124 | CUDA 12.4 | Device NVIDIA GeForce RTX 3060 | available=True
[GPU] XGBoost 1.7.6 (gpu_hist supported)
[GPU] LightGBM available (GPU depends on build)
[回测] 符号数=1 窗口=90天 S档=ON

  0%|          | 0/25 [00:00<?, ?trial/s, best loss=?]
  4%|▍         | 1/25 [00:00<00:12,  1.85trial/s, best loss: 0.3082986648002986]
  8%|▊         | 2/25 [00:01<00:12,  1.90trial/s, best loss: 0.3082986648002986]
 12%|█▏        | 3/25 [00:01<00:11,  1.91trial/s, best loss: 0.3082986648002986]
 16%|█▌        | 4/25 [00:02<00:10,  1.96trial/s, best loss: 0.3082986648002986]
 20%|██        | 5/25 [00:02<00:10,  1.96trial/s, best loss: 0.3082986648002986]
 24%|██▍       | 6/25 [00:03<00:09,  1.99trial/s, best loss: 0.3082986648002986]
 28%|██▊       | 7/25 [00:03<00:09,  1.99trial/s, best loss: 0.3082986648002986]
 32%|███▏      | 8/25 [00:04<00:08,  1.99trial/s, best loss: 0.3082986648002986]
 36%|███▌      | 9/25 [00:04<00:08,  1.95trial/s, best loss: 0.3082986648002986]
 40%|████      | 10/25 [00:05<00:07,  1.96trial/s, best loss: 0.3082986648002986]
 44%|████▍     | 11/25 [00:05<00:07,  1.95trial/s, best loss: 0.3082986648002986]
 48%|████▊     | 12/25 [00:06<00:06,  1.93trial/s, best loss: 0.3082986648002986]
 52%|█████▏    | 13/25 [00:06<00:06,  1.93trial/s, best loss: 0.3082986648002986]
 56%|█████▌    | 14/25 [00:07<00:05,  1.94trial/s, best loss: 0.3082986648002986]
 60%|██████    | 15/25 [00:07<00:05,  1.93trial/s, best loss: 0.3082986648002986]
 64%|██████▍   | 16/25 [00:08<00:04,  1.95trial/s, best loss: 0.2890676357613292]
 68%|██████▊   | 17/25 [00:08<00:04,  1.95trial/s, best loss: 0.2890676357613292]
 72%|███████▏  | 18/25 [00:09<00:03,  1.95trial/s, best loss: 0.2890676357613292]
 76%|███████▌  | 19/25 [00:09<00:03,  1.97trial/s, best loss: 0.2890676357613292]
 80%|████████  | 20/25 [00:10<00:02,  1.97trial/s, best loss: 0.2890676357613292]
 84%|████████▍ | 21/25 [00:10<00:02,  1.97trial/s, best loss: 0.2890676357613292]
 88%|████████▊ | 22/25 [00:11<00:01,  1.97trial/s, best loss: 0.2890676357613292]
 92%|█████████▏| 23/25 [00:11<00:01,  1.96trial/s, best loss: 0.28292773840514673]
 96%|█████████▌| 24/25 [00:12<00:00,  1.97trial/s, best loss: 0.28292773840514673]
100%|██████████| 25/25 [00:12<00:00,  1.96trial/s, best loss: 0.28292773840514673]
100%|██████████| 25/25 [00:12<00:00,  1.96trial/s, best loss: 0.28292773840514673]

  0%|          | 0/25 [00:00<?, ?trial/s, best loss=?]
  4%|▍         | 1/25 [00:00<00:11,  2.06trial/s, best loss: 0.09512380745570206]
  8%|▊         | 2/25 [00:00<00:11,  2.03trial/s, best loss: 0.09512380745570206]
 12%|█▏        | 3/25 [00:01<00:10,  2.03trial/s, best loss: 0.09512380745570206]
 16%|█▌        | 4/25 [00:01<00:10,  2.01trial/s, best loss: 0.09512380745570206]
 20%|██        | 5/25 [00:02<00:09,  2.04trial/s, best loss: 0.09512380745570206]
 24%|██▍       | 6/25 [00:02<00:09,  2.03trial/s, best loss: 0.09512380745570206]
 28%|██▊       | 7/25 [00:03<00:08,  2.02trial/s, best loss: 0.07912044031210023]
 32%|███▏      | 8/25 [00:03<00:08,  2.02trial/s, best loss: 0.07912044031210023]
 36%|███▌      | 9/25 [00:04<00:07,  2.02trial/s, best loss: 0.057103917082150575]
 40%|████      | 10/25 [00:04<00:07,  2.01trial/s, best loss: 0.057103917082150575]
 44%|████▍     | 11/25 [00:05<00:06,  2.01trial/s, best loss: 0.057103917082150575]
 48%|████▊     | 12/25 [00:05<00:06,  2.00trial/s, best loss: 0.057103917082150575]
 52%|█████▏    | 13/25 [00:06<00:05,  2.00trial/s, best loss: 0.057103917082150575]
 56%|█████▌    | 14/25 [00:06<00:05,  1.99trial/s, best loss: 0.057103917082150575]
 60%|██████    | 15/25 [00:07<00:05,  1.98trial/s, best loss: 0.057103917082150575]
 64%|██████▍   | 16/25 [00:07<00:04,  1.97trial/s, best loss: 0.057103917082150575]
 68%|██████▊   | 17/25 [00:08<00:04,  1.98trial/s, best loss: 0.057103917082150575]
 72%|███████▏  | 18/25 [00:08<00:03,  1.98trial/s, best loss: 0.057103917082150575]
 76%|███████▌  | 19/25 [00:09<00:03,  1.99trial/s, best loss: 0.057103917082150575]
 80%|████████  | 20/25 [00:09<00:02,  1.98trial/s, best loss: 0.057103917082150575]
 84%|████████▍ | 21/25 [00:10<00:02,  1.98trial/s, best loss: 0.057103917082150575]
 88%|████████▊ | 22/25 [00:11<00:01,  1.96trial/s, best loss: 0.05593067302931324] 
 92%|█████████▏| 23/25 [00:11<00:01,  1.98trial/s, best loss: 0.05593067302931324]
 96%|█████████▌| 24/25 [00:12<00:00,  1.98trial/s, best loss: 0.05593067302931324]
100%|██████████| 25/25 [00:12<00:00,  1.98trial/s, best loss: 0.05593067302931324]
100%|██████████| 25/25 [00:12<00:00,  2.00trial/s, best loss: 0.05593067302931324]

  0%|          | 0/25 [00:00<?, ?trial/s, best loss=?]
  4%|▍         | 1/25 [00:00<00:12,  1.92trial/s, best loss: 0.03274161760201391]
  8%|▊         | 2/25 [00:01<00:11,  1.94trial/s, best loss: 0.03274161760201391]
 12%|█▏        | 3/25 [00:01<00:11,  1.96trial/s, best loss: 0.02941584212393454]
 16%|█▌        | 4/25 [00:02<00:10,  1.98trial/s, best loss: 0.02941584212393454]
 20%|██        | 5/25 [00:02<00:09,  2.01trial/s, best loss: 0.02941584212393454]
 24%|██▍       | 6/25 [00:03<00:09,  1.99trial/s, best loss: 0.02941584212393454]
 28%|██▊       | 7/25 [00:03<00:09,  1.99trial/s, best loss: 0.02941584212393454]
 32%|███▏      | 8/25 [00:04<00:08,  1.99trial/s, best loss: 0.02941584212393454]
 36%|███▌      | 9/25 [00:04<00:08,  2.00trial/s, best loss: 0.02061128598135716]
 40%|████      | 10/25 [00:05<00:07,  2.01trial/s, best loss: 0.02061128598135716]
 44%|████▍     | 11/25 [00:05<00:06,  2.03trial/s, best loss: 0.02061128598135716]
 48%|████▊     | 12/25 [00:05<00:06,  2.03trial/s, best loss: 0.02061128598135716]
 52%|█████▏    | 13/25 [00:06<00:05,  2.02trial/s, best loss: 0.02061128598135716]
 56%|█████▌    | 14/25 [00:06<00:05,  2.02trial/s, best loss: 0.02061128598135716]
 60%|██████    | 15/25 [00:07<00:04,  2.03trial/s, best loss: 0.02061128598135716]
 64%|██████▍   | 16/25 [00:07<00:04,  2.03trial/s, best loss: 0.02061128598135716]
 68%|██████▊   | 17/25 [00:08<00:03,  2.03trial/s, best loss: 0.02061128598135716]
 72%|███████▏  | 18/25 [00:08<00:03,  2.03trial/s, best loss: 0.02061128598135716]
 76%|███████▌  | 19/25 [00:09<00:02,  2.04trial/s, best loss: 0.02061128598135716]
 80%|████████  | 20/25 [00:09<00:02,  2.03trial/s, best loss: 0.02061128598135716]
 84%|████████▍ | 21/25 [00:10<00:01,  2.03trial/s, best loss: 0.02061128598135716]
 88%|████████▊ | 22/25 [00:10<00:01,  2.03trial/s, best loss: 0.02061128598135716]
 92%|█████████▏| 23/25 [00:11<00:00,  2.01trial/s, best loss: 0.02061128598135716]
 96%|█████████▌| 24/25 [00:11<00:00,  2.00trial/s, best loss: 0.016824064515073525]
100%|██████████| 25/25 [00:12<00:00,  1.99trial/s, best loss: 0.016824064515073525]
100%|██████████| 25/25 [00:12<00:00,  2.01trial/s, best loss: 0.016824064515073525]

  0%|          | 0/25 [00:00<?, ?trial/s, best loss=?]
  4%|▍         | 1/25 [00:00<00:11,  2.07trial/s, best loss: 0.10957820180619846]
  8%|▊         | 2/25 [00:00<00:11,  2.03trial/s, best loss: 0.049649250295809744]
 12%|█▏        | 3/25 [00:01<00:10,  2.02trial/s, best loss: 0.049649250295809744]
 16%|█▌        | 4/25 [00:01<00:10,  2.01trial/s, best loss: 0.049649250295809744]
 20%|██        | 5/25 [00:02<00:10,  2.00trial/s, best loss: 0.049649250295809744]
 24%|██▍       | 6/25 [00:02<00:09,  2.00trial/s, best loss: 0.049649250295809744]
 28%|██▊       | 7/25 [00:03<00:09,  2.00trial/s, best loss: 0.049649250295809744]
 32%|███▏      | 8/25 [00:03<00:08,  2.00trial/s, best loss: 0.011973681686004427]
 36%|███▌      | 9/25 [00:04<00:07,  2.01trial/s, best loss: 0.011973681686004427]
 40%|████      | 10/25 [00:04<00:07,  2.00trial/s, best loss: 0.011973681686004427]
 44%|████▍     | 11/25 [00:05<00:07,  2.00trial/s, best loss: 0.011973681686004427]
 48%|████▊     | 12/25 [00:05<00:06,  1.99trial/s, best loss: 0.011973681686004427]
 52%|█████▏    | 13/25 [00:06<00:05,  2.01trial/s, best loss: 0.011973681686004427]
 56%|█████▌    | 14/25 [00:06<00:05,  2.03trial/s, best loss: 0.011973681686004427]
 60%|██████    | 15/25 [00:07<00:04,  2.02trial/s, best loss: 0.011973681686004427]
 64%|██████▍   | 16/25 [00:07<00:04,  2.03trial/s, best loss: 0.011973681686004427]
 68%|██████▊   | 17/25 [00:08<00:03,  2.01trial/s, best loss: 0.011973681686004427]
 72%|███████▏  | 18/25 [00:08<00:03,  2.03trial/s, best loss: 0.011973681686004427]
 76%|███████▌  | 19/25 [00:09<00:02,  2.00trial/s, best loss: 0.011973681686004427]
 80%|████████  | 20/25 [00:09<00:02,  2.00trial/s, best loss: 0.011973681686004427]
 84%|████████▍ | 21/25 [00:10<00:02,  2.00trial/s, best loss: 0.011973681686004427]
 88%|████████▊ | 22/25 [00:10<00:01,  2.00trial/s, best loss: 0.011973681686004427]
 92%|█████████▏| 23/25 [00:11<00:01,  2.00trial/s, best loss: 0.011973681686004427]
 96%|█████████▌| 24/25 [00:11<00:00,  2.01trial/s, best loss: 0.005167470100598273]
100%|██████████| 25/25 [00:12<00:00,  2.00trial/s, best loss: 0.005167470100598273]
100%|██████████| 25/25 [00:12<00:00,  2.01trial/s, best loss: 0.005167470100598273]

  0%|          | 0/25 [00:00<?, ?trial/s, best loss=?]
  4%|▍         | 1/25 [00:00<00:11,  2.04trial/s, best loss: 0.08320610312746449]
  8%|▊         | 2/25 [00:00<00:11,  2.02trial/s, best loss: 0.08320610312746449]
 12%|█▏        | 3/25 [00:01<00:10,  2.04trial/s, best loss: 0.08320610312746449]
 16%|█▌        | 4/25 [00:01<00:10,  2.05trial/s, best loss: 0.08320610312746449]
 20%|██        | 5/25 [00:02<00:09,  2.05trial/s, best loss: 0.08320610312746449]
 24%|██▍       | 6/25 [00:02<00:09,  2.05trial/s, best loss: 0.08320610312746449]
 28%|██▊       | 7/25 [00:03<00:08,  2.03trial/s, best loss: 0.04066911820297757]
 32%|███▏      | 8/25 [00:03<00:08,  2.02trial/s, best loss: 0.04066911820297757]
 36%|███▌      | 9/25 [00:04<00:07,  2.01trial/s, best loss: 0.04066911820297757]
 40%|████      | 10/25 [00:04<00:07,  2.00trial/s, best loss: 0.04066911820297757]
 44%|████▍     | 11/25 [00:05<00:06,  2.00trial/s, best loss: 0.04066911820297757]
 48%|████▊     | 12/25 [00:05<00:06,  2.01trial/s, best loss: 0.04066911820297757]
 52%|█████▏    | 13/25 [00:06<00:05,  2.01trial/s, best loss: 0.04066911820297757]
 56%|█████▌    | 14/25 [00:06<00:05,  2.00trial/s, best loss: 0.04066911820297757]
 60%|██████    | 15/25 [00:07<00:04,  2.01trial/s, best loss: 0.04066911820297757]
 64%|██████▍   | 16/25 [00:07<00:04,  2.01trial/s, best loss: 0.04066911820297757]
 68%|██████▊   | 17/25 [00:08<00:03,  2.00trial/s, best loss: 0.04066911820297757]
 72%|███████▏  | 18/25 [00:08<00:03,  2.00trial/s, best loss: 0.04066911820297757]
 76%|███████▌  | 19/25 [00:09<00:02,  2.01trial/s, best loss: 0.04066911820297757]
 80%|████████  | 20/25 [00:09<00:02,  2.00trial/s, best loss: 0.04066911820297757]
 84%|████████▍ | 21/25 [00:10<00:02,  1.71trial/s, best loss: 0.04066911820297757]
 88%|████████▊ | 22/25 [00:11<00:01,  1.79trial/s, best loss: 0.026912680732006495]
 92%|█████████▏| 23/25 [00:11<00:01,  1.84trial/s, best loss: 0.026912680732006495]
 96%|█████████▌| 24/25 [00:12<00:00,  1.90trial/s, best loss: 0.026912680732006495]
100%|██████████| 25/25 [00:12<00:00,  1.92trial/s, best loss: 0.026912680732006495]
100%|██████████| 25/25 [00:12<00:00,  1.97trial/s, best loss: 0.026912680732006495]
