[A6-SHIM] pandas.DataFrame.to_csv 已安装修订钩子（仅拦截 a6_strategy_scores*）
C:\Users\Administrator\AppData\Local\Programs\Python\Python39\lib\site-packages\hyperopt\atpe.py:19: UserWarning: pkg_resources is deprecated as an API. See https://setuptools.pypa.io/en/latest/pkg_resources.html. The pkg_resources package is slated for removal as early as 2025-11-30. Refrain from using this package or pin to Setuptools<81.
  import pkg_resources
[GPU] Torch 2.6.0+cu124 | CUDA 12.4 | Device NVIDIA GeForce RTX 3060 | available=True
[GPU] XGBoost 1.7.6 (gpu_hist supported)
[GPU] LightGBM available (GPU depends on build)
[回测] 符号数=1 窗口=90天 S档=ON

  0%|          | 0/25 [00:00<?, ?trial/s, best loss=?]
  4%|▍         | 1/25 [00:00<00:12,  1.86trial/s, best loss: 0.675962717149285]
  8%|▊         | 2/25 [00:01<00:12,  1.91trial/s, best loss: 0.675962717149285]
 12%|█▏        | 3/25 [00:01<00:11,  1.93trial/s, best loss: 0.675962717149285]
 16%|█▌        | 4/25 [00:02<00:10,  1.93trial/s, best loss: 0.675962717149285]
 20%|██        | 5/25 [00:02<00:10,  1.94trial/s, best loss: 0.675962717149285]
 24%|██▍       | 6/25 [00:03<00:09,  1.95trial/s, best loss: 0.675962717149285]
 28%|██▊       | 7/25 [00:03<00:09,  1.95trial/s, best loss: 0.30590960396381583]
 32%|███▏      | 8/25 [00:04<00:08,  1.96trial/s, best loss: 0.30590960396381583]
 36%|███▌      | 9/25 [00:04<00:08,  1.96trial/s, best loss: 0.30590960396381583]
 40%|████      | 10/25 [00:05<00:07,  1.97trial/s, best loss: 0.30590960396381583]
 44%|████▍     | 11/25 [00:05<00:07,  1.93trial/s, best loss: 0.30590960396381583]
 48%|████▊     | 12/25 [00:06<00:06,  1.93trial/s, best loss: 0.30590960396381583]
 52%|█████▏    | 13/25 [00:06<00:06,  1.96trial/s, best loss: 0.30590960396381583]
 56%|█████▌    | 14/25 [00:07<00:05,  1.93trial/s, best loss: 0.30590960396381583]
 60%|██████    | 15/25 [00:07<00:05,  1.93trial/s, best loss: 0.30590960396381583]
 64%|██████▍   | 16/25 [00:08<00:04,  1.94trial/s, best loss: 0.30111627579052286]
 68%|██████▊   | 17/25 [00:08<00:04,  1.95trial/s, best loss: 0.30111627579052286]
 72%|███████▏  | 18/25 [00:09<00:03,  1.97trial/s, best loss: 0.30111627579052286]
 76%|███████▌  | 19/25 [00:09<00:03,  1.96trial/s, best loss: 0.30111627579052286]
 80%|████████  | 20/25 [00:10<00:02,  1.96trial/s, best loss: 0.30111627579052286]
 84%|████████▍ | 21/25 [00:10<00:02,  1.96trial/s, best loss: 0.30111627579052286]
 88%|████████▊ | 22/25 [00:11<00:01,  1.96trial/s, best loss: 0.30111627579052286]
 92%|█████████▏| 23/25 [00:11<00:01,  1.97trial/s, best loss: 0.30111627579052286]
 96%|█████████▌| 24/25 [00:12<00:00,  1.96trial/s, best loss: 0.30111627579052286]
100%|██████████| 25/25 [00:12<00:00,  1.96trial/s, best loss: 0.3004900914367266] 
100%|██████████| 25/25 [00:12<00:00,  1.95trial/s, best loss: 0.3004900914367266]

  0%|          | 0/25 [00:00<?, ?trial/s, best loss=?]
  4%|▍         | 1/25 [00:00<00:12,  2.00trial/s, best loss: 0.33975056438503026]
  8%|▊         | 2/25 [00:01<00:11,  1.98trial/s, best loss: 0.33975056438503026]
 12%|█▏        | 3/25 [00:01<00:11,  1.99trial/s, best loss: 0.33975056438503026]
 16%|█▌        | 4/25 [00:01<00:10,  2.01trial/s, best loss: 0.33975056438503026]
 20%|██        | 5/25 [00:02<00:10,  1.99trial/s, best loss: 0.33975056438503026]
 24%|██▍       | 6/25 [00:03<00:09,  1.99trial/s, best loss: 0.33975056438503026]
 28%|██▊       | 7/25 [00:03<00:09,  1.98trial/s, best loss: 0.17269037671986728]
 32%|███▏      | 8/25 [00:04<00:08,  1.98trial/s, best loss: 0.17269037671986728]
 36%|███▌      | 9/25 [00:04<00:07,  2.00trial/s, best loss: 0.17269037671986728]
 40%|████      | 10/25 [00:05<00:07,  2.00trial/s, best loss: 0.17269037671986728]
 44%|████▍     | 11/25 [00:05<00:07,  1.99trial/s, best loss: 0.17269037671986728]
 48%|████▊     | 12/25 [00:06<00:06,  2.00trial/s, best loss: 0.17269037671986728]
 52%|█████▏    | 13/25 [00:06<00:06,  1.98trial/s, best loss: 0.17269037671986728]
 56%|█████▌    | 14/25 [00:07<00:05,  1.99trial/s, best loss: 0.17269037671986728]
 60%|██████    | 15/25 [00:07<00:04,  2.01trial/s, best loss: 0.17269037671986728]
 64%|██████▍   | 16/25 [00:08<00:04,  1.99trial/s, best loss: 0.17269037671986728]
 68%|██████▊   | 17/25 [00:08<00:03,  2.01trial/s, best loss: 0.17269037671986728]
 72%|███████▏  | 18/25 [00:09<00:03,  1.99trial/s, best loss: 0.17269037671986728]
 76%|███████▌  | 19/25 [00:09<00:03,  1.98trial/s, best loss: 0.17269037671986728]
 80%|████████  | 20/25 [00:10<00:02,  1.96trial/s, best loss: 0.17269037671986728]
 84%|████████▍ | 21/25 [00:10<00:02,  1.97trial/s, best loss: 0.17269037671986728]
 88%|████████▊ | 22/25 [00:11<00:01,  1.98trial/s, best loss: 0.17269037671986728]
 92%|█████████▏| 23/25 [00:11<00:01,  1.99trial/s, best loss: 0.1698599696946515] 
 96%|█████████▌| 24/25 [00:12<00:00,  2.00trial/s, best loss: 0.1698599696946515]
100%|██████████| 25/25 [00:12<00:00,  2.00trial/s, best loss: 0.1698599696946515]
100%|██████████| 25/25 [00:12<00:00,  1.99trial/s, best loss: 0.1698599696946515]

  0%|          | 0/25 [00:00<?, ?trial/s, best loss=?]
  4%|▍         | 1/25 [00:00<00:11,  2.05trial/s, best loss: 0.17385707177905318]
  8%|▊         | 2/25 [00:02<00:25,  1.12s/trial, best loss: 0.17385707177905318]
 12%|█▏        | 3/25 [00:02<00:18,  1.19trial/s, best loss: 0.17385707177905318]
 16%|█▌        | 4/25 [00:03<00:14,  1.43trial/s, best loss: 0.17385707177905318]
 20%|██        | 5/25 [00:03<00:12,  1.58trial/s, best loss: 0.17385707177905318]
 24%|██▍       | 6/25 [00:04<00:11,  1.71trial/s, best loss: 0.17385707177905318]
 28%|██▊       | 7/25 [00:04<00:09,  1.80trial/s, best loss: 0.16998682866520654]
 32%|███▏      | 8/25 [00:05<00:09,  1.87trial/s, best loss: 0.16998682866520654]
 36%|███▌      | 9/25 [00:05<00:08,  1.92trial/s, best loss: 0.16998682866520654]
 40%|████      | 10/25 [00:06<00:07,  1.93trial/s, best loss: 0.16998682866520654]
 44%|████▍     | 11/25 [00:06<00:07,  1.96trial/s, best loss: 0.16998682866520654]
 48%|████▊     | 12/25 [00:07<00:06,  1.97trial/s, best loss: 0.16047325422322106]
 52%|█████▏    | 13/25 [00:07<00:06,  1.99trial/s, best loss: 0.16047325422322106]
 56%|█████▌    | 14/25 [00:08<00:05,  1.99trial/s, best loss: 0.16047325422322106]
 60%|██████    | 15/25 [00:08<00:04,  2.01trial/s, best loss: 0.16047325422322106]
 64%|██████▍   | 16/25 [00:09<00:04,  2.00trial/s, best loss: 0.16047325422322106]
 68%|██████▊   | 17/25 [00:09<00:03,  2.01trial/s, best loss: 0.16047325422322106]
 72%|███████▏  | 18/25 [00:10<00:03,  1.99trial/s, best loss: 0.16047325422322106]
 76%|███████▌  | 19/25 [00:10<00:02,  2.00trial/s, best loss: 0.16047325422322106]
 80%|████████  | 20/25 [00:11<00:02,  2.00trial/s, best loss: 0.16047325422322106]
 84%|████████▍ | 21/25 [00:11<00:02,  1.98trial/s, best loss: 0.16047325422322106]
 88%|████████▊ | 22/25 [00:12<00:01,  1.99trial/s, best loss: 0.16047325422322106]
 92%|█████████▏| 23/25 [00:12<00:01,  1.99trial/s, best loss: 0.16047325422322106]
 96%|█████████▌| 24/25 [00:13<00:00,  1.98trial/s, best loss: 0.16047325422322106]
100%|██████████| 25/25 [00:13<00:00,  1.98trial/s, best loss: 0.15177218454343003]
100%|██████████| 25/25 [00:13<00:00,  1.85trial/s, best loss: 0.15177218454343003]

  0%|          | 0/25 [00:00<?, ?trial/s, best loss=?]
  4%|▍         | 1/25 [00:00<00:11,  2.01trial/s, best loss: 0.10219084668416534]
  8%|▊         | 2/25 [00:00<00:11,  2.04trial/s, best loss: 0.10219084668416534]
 12%|█▏        | 3/25 [00:01<00:10,  2.03trial/s, best loss: 0.10219084668416534]
 16%|█▌        | 4/25 [00:01<00:10,  2.04trial/s, best loss: 0.10219084668416534]
 20%|██        | 5/25 [00:02<00:09,  2.04trial/s, best loss: 0.10219084668416534]
 24%|██▍       | 6/25 [00:02<00:09,  2.02trial/s, best loss: 0.10219084668416534]
 28%|██▊       | 7/25 [00:03<00:08,  2.01trial/s, best loss: 0.06132521509677173]
 32%|███▏      | 8/25 [00:03<00:08,  2.01trial/s, best loss: 0.06132521509677173]
 36%|███▌      | 9/25 [00:04<00:08,  1.99trial/s, best loss: 0.06132521509677173]
 40%|████      | 10/25 [00:05<00:07,  1.95trial/s, best loss: 0.06132521509677173]
 44%|████▍     | 11/25 [00:05<00:07,  1.97trial/s, best loss: 0.06132521509677173]
 48%|████▊     | 12/25 [00:05<00:06,  1.98trial/s, best loss: 0.06132521509677173]
 52%|█████▏    | 13/25 [00:06<00:05,  2.00trial/s, best loss: 0.06132521509677173]
 56%|█████▌    | 14/25 [00:07<00:06,  1.72trial/s, best loss: 0.06132521509677173]
 60%|██████    | 15/25 [00:07<00:05,  1.79trial/s, best loss: 0.06132521509677173]
 64%|██████▍   | 16/25 [00:08<00:04,  1.87trial/s, best loss: 0.06132521509677173]
 68%|██████▊   | 17/25 [00:08<00:04,  1.91trial/s, best loss: 0.06132521509677173]
 72%|███████▏  | 18/25 [00:09<00:03,  1.93trial/s, best loss: 0.06132521509677173]
 76%|███████▌  | 19/25 [00:09<00:03,  1.94trial/s, best loss: 0.06132521509677173]
 80%|████████  | 20/25 [00:10<00:02,  1.96trial/s, best loss: 0.06132521509677173]
 84%|████████▍ | 21/25 [00:10<00:02,  1.98trial/s, best loss: 0.06132521509677173]
 88%|████████▊ | 22/25 [00:11<00:01,  1.99trial/s, best loss: 0.05543769615678025]
 92%|█████████▏| 23/25 [00:11<00:01,  2.00trial/s, best loss: 0.05543769615678025]
 96%|█████████▌| 24/25 [00:12<00:00,  2.00trial/s, best loss: 0.05543769615678025]
100%|██████████| 25/25 [00:12<00:00,  1.99trial/s, best loss: 0.05543769615678025]
100%|██████████| 25/25 [00:12<00:00,  1.96trial/s, best loss: 0.05543769615678025]

  0%|          | 0/25 [00:00<?, ?trial/s, best loss=?]
  4%|▍         | 1/25 [00:00<00:12,  1.99trial/s, best loss: 0.0669587199704821]
  8%|▊         | 2/25 [00:00<00:11,  2.03trial/s, best loss: 0.0669587199704821]
 12%|█▏        | 3/25 [00:01<00:10,  2.04trial/s, best loss: 0.028102219302546146]
 16%|█▌        | 4/25 [00:01<00:10,  2.04trial/s, best loss: 0.028102219302546146]
 20%|██        | 5/25 [00:02<00:09,  2.05trial/s, best loss: 0.028102219302546146]
 24%|██▍       | 6/25 [00:02<00:09,  2.02trial/s, best loss: 0.02154395304878225] 
 28%|██▊       | 7/25 [00:04<00:15,  1.19trial/s, best loss: 0.02154395304878225]
 32%|███▏      | 8/25 [00:04<00:12,  1.38trial/s, best loss: 0.02154395304878225]
 36%|███▌      | 9/25 [00:05<00:10,  1.54trial/s, best loss: 0.006694092933643835]
 40%|████      | 10/25 [00:05<00:08,  1.67trial/s, best loss: 0.006694092933643835]
 44%|████▍     | 11/25 [00:06<00:07,  1.77trial/s, best loss: 0.005410877302597931]
 48%|████▊     | 12/25 [00:06<00:07,  1.83trial/s, best loss: 0.005410877302597931]
 52%|█████▏    | 13/25 [00:07<00:06,  1.88trial/s, best loss: 0.005410877302597931]
 56%|█████▌    | 14/25 [00:07<00:05,  1.93trial/s, best loss: 0.005410877302597931]
 60%|██████    | 15/25 [00:08<00:05,  1.96trial/s, best loss: 0.005410877302597931]
 64%|██████▍   | 16/25 [00:08<00:04,  1.98trial/s, best loss: 0.005410877302597931]
 68%|██████▊   | 17/25 [00:09<00:04,  1.97trial/s, best loss: -0.013320801428871458]
 72%|███████▏  | 18/25 [00:09<00:03,  1.96trial/s, best loss: -0.013320801428871458]
 76%|███████▌  | 19/25 [00:10<00:03,  1.97trial/s, best loss: -0.013320801428871458]
 80%|████████  | 20/25 [00:10<00:02,  1.99trial/s, best loss: -0.048252401278682265]
 84%|████████▍ | 21/25 [00:11<00:01,  2.01trial/s, best loss: -0.048252401278682265]
 88%|████████▊ | 22/25 [00:11<00:01,  2.02trial/s, best loss: -0.048252401278682265]
 92%|█████████▏| 23/25 [00:12<00:00,  2.03trial/s, best loss: -0.048252401278682265]
 96%|█████████▌| 24/25 [00:12<00:00,  2.02trial/s, best loss: -0.053582586948310015]
100%|██████████| 25/25 [00:13<00:00,  2.01trial/s, best loss: -0.053582586948310015]
100%|██████████| 25/25 [00:13<00:00,  1.86trial/s, best loss: -0.053582586948310015]
