[A6-SHIM] pandas.DataFrame.to_csv 已安装修订钩子（仅拦截 a6_strategy_scores*）
C:\Users\Administrator\AppData\Local\Programs\Python\Python39\lib\site-packages\hyperopt\atpe.py:19: UserWarning: pkg_resources is deprecated as an API. See https://setuptools.pypa.io/en/latest/pkg_resources.html. The pkg_resources package is slated for removal as early as 2025-11-30. Refrain from using this package or pin to Setuptools<81.
  import pkg_resources
[GPU] Torch 2.6.0+cu124 | CUDA 12.4 | Device NVIDIA GeForce RTX 3060 | available=True
[GPU] XGBoost 1.7.6 (gpu_hist supported)
[GPU] LightGBM available (GPU depends on build)
[回测] 符号数=1 窗口=90天 S档=ON

  0%|          | 0/25 [00:00<?, ?trial/s, best loss=?]
  4%|▍         | 1/25 [00:00<00:20,  1.16trial/s, best loss: 0.467932365416706]
  8%|▊         | 2/25 [00:01<00:19,  1.18trial/s, best loss: 0.467932365416706]
 12%|█▏        | 3/25 [00:02<00:18,  1.18trial/s, best loss: 0.467932365416706]
 16%|█▌        | 4/25 [00:03<00:17,  1.19trial/s, best loss: 0.467932365416706]
 20%|██        | 5/25 [00:04<00:16,  1.18trial/s, best loss: 0.467932365416706]
 24%|██▍       | 6/25 [00:05<00:16,  1.19trial/s, best loss: 0.467932365416706]
 28%|██▊       | 7/25 [00:05<00:15,  1.18trial/s, best loss: 0.467932365416706]
 32%|███▏      | 8/25 [00:06<00:14,  1.17trial/s, best loss: 0.467932365416706]
 36%|███▌      | 9/25 [00:07<00:13,  1.18trial/s, best loss: 0.467932365416706]
 40%|████      | 10/25 [00:08<00:12,  1.18trial/s, best loss: 0.467932365416706]
 44%|████▍     | 11/25 [00:09<00:11,  1.18trial/s, best loss: 0.467932365416706]
 48%|████▊     | 12/25 [00:10<00:10,  1.19trial/s, best loss: 0.467932365416706]
 52%|█████▏    | 13/25 [00:10<00:10,  1.18trial/s, best loss: 0.467932365416706]
 56%|█████▌    | 14/25 [00:11<00:09,  1.19trial/s, best loss: 0.467932365416706]
 60%|██████    | 15/25 [00:12<00:08,  1.20trial/s, best loss: 0.467932365416706]
 64%|██████▍   | 16/25 [00:13<00:07,  1.19trial/s, best loss: 0.46112762871182317]
 68%|██████▊   | 17/25 [00:14<00:06,  1.19trial/s, best loss: 0.4410601388074301] 
 72%|███████▏  | 18/25 [00:15<00:06,  1.08trial/s, best loss: 0.4410601388074301]
 76%|███████▌  | 19/25 [00:16<00:05,  1.10trial/s, best loss: 0.4410601388074301]
 80%|████████  | 20/25 [00:17<00:04,  1.13trial/s, best loss: 0.4410601388074301]
 84%|████████▍ | 21/25 [00:18<00:03,  1.15trial/s, best loss: 0.4009738610034571]
 88%|████████▊ | 22/25 [00:18<00:02,  1.16trial/s, best loss: 0.4009738610034571]
 92%|█████████▏| 23/25 [00:19<00:01,  1.16trial/s, best loss: 0.4009738610034571]
 96%|█████████▌| 24/25 [00:20<00:00,  1.17trial/s, best loss: 0.4009738610034571]
100%|██████████| 25/25 [00:21<00:00,  1.17trial/s, best loss: 0.4009738610034571]
100%|██████████| 25/25 [00:21<00:00,  1.17trial/s, best loss: 0.4009738610034571]

  0%|          | 0/25 [00:00<?, ?trial/s, best loss=?]
  4%|▍         | 1/25 [00:00<00:14,  1.67trial/s, best loss: 0.19850385580538182]
  8%|▊         | 2/25 [00:01<00:13,  1.67trial/s, best loss: 0.19850385580538182]
 12%|█▏        | 3/25 [00:01<00:13,  1.66trial/s, best loss: 0.19850385580538182]
 16%|█▌        | 4/25 [00:02<00:12,  1.66trial/s, best loss: 0.19850385580538182]
 20%|██        | 5/25 [00:03<00:12,  1.64trial/s, best loss: 0.19850385580538182]
 24%|██▍       | 6/25 [00:03<00:11,  1.65trial/s, best loss: 0.18449782109812887]
 28%|██▊       | 7/25 [00:04<00:10,  1.64trial/s, best loss: 0.18449782109812887]
 32%|███▏      | 8/25 [00:04<00:10,  1.64trial/s, best loss: 0.18449782109812887]
 36%|███▌      | 9/25 [00:05<00:09,  1.63trial/s, best loss: 0.18449782109812887]
 40%|████      | 10/25 [00:06<00:09,  1.65trial/s, best loss: 0.18449782109812887]
 44%|████▍     | 11/25 [00:06<00:08,  1.65trial/s, best loss: 0.18449782109812887]
 48%|████▊     | 12/25 [00:07<00:07,  1.66trial/s, best loss: 0.18449782109812887]
 52%|█████▏    | 13/25 [00:08<00:08,  1.47trial/s, best loss: 0.18449782109812887]
 56%|█████▌    | 14/25 [00:08<00:07,  1.52trial/s, best loss: 0.18449782109812887]
 60%|██████    | 15/25 [00:09<00:06,  1.56trial/s, best loss: 0.18449782109812887]
 64%|██████▍   | 16/25 [00:09<00:05,  1.60trial/s, best loss: 0.1765888733222421] 
 68%|██████▊   | 17/25 [00:10<00:04,  1.63trial/s, best loss: 0.1765888733222421]
 72%|███████▏  | 18/25 [00:11<00:04,  1.62trial/s, best loss: 0.1765888733222421]
 76%|███████▌  | 19/25 [00:11<00:03,  1.65trial/s, best loss: 0.1765888733222421]
 80%|████████  | 20/25 [00:12<00:03,  1.65trial/s, best loss: 0.1765888733222421]
 84%|████████▍ | 21/25 [00:12<00:02,  1.66trial/s, best loss: 0.09856825705285097]
 88%|████████▊ | 22/25 [00:13<00:01,  1.64trial/s, best loss: 0.09856825705285097]
 92%|█████████▏| 23/25 [00:14<00:01,  1.64trial/s, best loss: 0.09856825705285097]
 96%|█████████▌| 24/25 [00:14<00:00,  1.63trial/s, best loss: 0.09856825705285097]
100%|██████████| 25/25 [00:15<00:00,  1.63trial/s, best loss: 0.09856825705285097]
100%|██████████| 25/25 [00:15<00:00,  1.62trial/s, best loss: 0.09856825705285097]

  0%|          | 0/25 [00:00<?, ?trial/s, best loss=?]
  4%|▍         | 1/25 [00:00<00:13,  1.78trial/s, best loss: 0.11479808297161395]
  8%|▊         | 2/25 [00:01<00:12,  1.81trial/s, best loss: 0.11479808297161395]
 12%|█▏        | 3/25 [00:01<00:12,  1.81trial/s, best loss: 0.11479808297161395]
 16%|█▌        | 4/25 [00:02<00:11,  1.78trial/s, best loss: 0.11479808297161395]
 20%|██        | 5/25 [00:02<00:11,  1.80trial/s, best loss: 0.11479808297161395]
 24%|██▍       | 6/25 [00:03<00:10,  1.81trial/s, best loss: 0.11479808297161395]
 28%|██▊       | 7/25 [00:03<00:09,  1.81trial/s, best loss: 0.11479808297161395]
 32%|███▏      | 8/25 [00:04<00:09,  1.82trial/s, best loss: 0.11479808297161395]
 36%|███▌      | 9/25 [00:04<00:08,  1.82trial/s, best loss: 0.11479808297161395]
 40%|████      | 10/25 [00:05<00:08,  1.82trial/s, best loss: 0.11479808297161395]
 44%|████▍     | 11/25 [00:06<00:07,  1.80trial/s, best loss: 0.11479808297161395]
 48%|████▊     | 12/25 [00:06<00:07,  1.81trial/s, best loss: 0.11479808297161395]
 52%|█████▏    | 13/25 [00:07<00:06,  1.80trial/s, best loss: 0.11479808297161395]
 56%|█████▌    | 14/25 [00:07<00:06,  1.81trial/s, best loss: 0.11479808297161395]
 60%|██████    | 15/25 [00:08<00:05,  1.82trial/s, best loss: 0.11479808297161395]
 64%|██████▍   | 16/25 [00:08<00:04,  1.81trial/s, best loss: 0.08910201945171856]
 68%|██████▊   | 17/25 [00:09<00:04,  1.82trial/s, best loss: 0.08910201945171856]
 72%|███████▏  | 18/25 [00:09<00:03,  1.82trial/s, best loss: 0.08910201945171856]
 76%|███████▌  | 19/25 [00:10<00:03,  1.80trial/s, best loss: 0.08910201945171856]
 80%|████████  | 20/25 [00:11<00:02,  1.79trial/s, best loss: 0.08910201945171856]
 84%|████████▍ | 21/25 [00:11<00:02,  1.81trial/s, best loss: 0.06758495514886508]
 88%|████████▊ | 22/25 [00:12<00:01,  1.79trial/s, best loss: 0.06758495514886508]
 92%|█████████▏| 23/25 [00:12<00:01,  1.80trial/s, best loss: 0.06758495514886508]
 96%|█████████▌| 24/25 [00:13<00:00,  1.78trial/s, best loss: 0.06758495514886508]
100%|██████████| 25/25 [00:13<00:00,  1.77trial/s, best loss: 0.06758495514886508]
100%|██████████| 25/25 [00:13<00:00,  1.80trial/s, best loss: 0.06758495514886508]

  0%|          | 0/25 [00:00<?, ?trial/s, best loss=?]
  4%|▍         | 1/25 [00:00<00:12,  1.95trial/s, best loss: 0.18028598161890327]
  8%|▊         | 2/25 [00:01<00:12,  1.91trial/s, best loss: 0.18028598161890327]
 12%|█▏        | 3/25 [00:01<00:11,  1.88trial/s, best loss: 0.18028598161890327]
 16%|█▌        | 4/25 [00:02<00:11,  1.88trial/s, best loss: 0.1741811445843707] 
 20%|██        | 5/25 [00:02<00:10,  1.91trial/s, best loss: 0.09300372884712832]
 24%|██▍       | 6/25 [00:03<00:09,  1.92trial/s, best loss: 0.09300372884712832]
 28%|██▊       | 7/25 [00:03<00:09,  1.93trial/s, best loss: 0.09300372884712832]
 32%|███▏      | 8/25 [00:04<00:08,  1.91trial/s, best loss: 0.09300372884712832]
 36%|███▌      | 9/25 [00:04<00:08,  1.92trial/s, best loss: 0.09300372884712832]
 40%|████      | 10/25 [00:05<00:07,  1.92trial/s, best loss: 0.09300372884712832]
 44%|████▍     | 11/25 [00:05<00:07,  1.91trial/s, best loss: 0.09300372884712832]
 48%|████▊     | 12/25 [00:06<00:06,  1.92trial/s, best loss: 0.09300372884712832]
 52%|█████▏    | 13/25 [00:06<00:06,  1.90trial/s, best loss: 0.09300372884712832]
 56%|█████▌    | 14/25 [00:07<00:05,  1.88trial/s, best loss: 0.09300372884712832]
 60%|██████    | 15/25 [00:07<00:05,  1.89trial/s, best loss: 0.09300372884712832]
 64%|██████▍   | 16/25 [00:08<00:04,  1.90trial/s, best loss: 0.09300372884712832]
 68%|██████▊   | 17/25 [00:08<00:04,  1.90trial/s, best loss: 0.09300372884712832]
 72%|███████▏  | 18/25 [00:09<00:03,  1.89trial/s, best loss: 0.09300372884712832]
 76%|███████▌  | 19/25 [00:09<00:03,  1.90trial/s, best loss: 0.09300372884712832]
 80%|████████  | 20/25 [00:10<00:02,  1.92trial/s, best loss: 0.09300372884712832]
 84%|████████▍ | 21/25 [00:11<00:02,  1.91trial/s, best loss: 0.09300372884712832]
 88%|████████▊ | 22/25 [00:11<00:01,  1.90trial/s, best loss: 0.09300372884712832]
 92%|█████████▏| 23/25 [00:12<00:01,  1.89trial/s, best loss: 0.09300372884712832]
 96%|█████████▌| 24/25 [00:13<00:00,  1.19trial/s, best loss: 0.09300372884712832]
100%|██████████| 25/25 [00:14<00:00,  1.35trial/s, best loss: 0.09300372884712832]
100%|██████████| 25/25 [00:14<00:00,  1.77trial/s, best loss: 0.09300372884712832]

  0%|          | 0/25 [00:00<?, ?trial/s, best loss=?]
  4%|▍         | 1/25 [00:00<00:12,  1.86trial/s, best loss: 0.08035544388186724]
  8%|▊         | 2/25 [00:01<00:12,  1.89trial/s, best loss: 0.08035544388186724]
 12%|█▏        | 3/25 [00:01<00:11,  1.93trial/s, best loss: 0.08035544388186724]
 16%|█▌        | 4/25 [00:02<00:10,  1.94trial/s, best loss: 0.08035544388186724]
 20%|██        | 5/25 [00:02<00:10,  1.95trial/s, best loss: 0.04321004558331578]
 24%|██▍       | 6/25 [00:03<00:09,  1.95trial/s, best loss: 0.02498355617094447]
 28%|██▊       | 7/25 [00:03<00:09,  1.93trial/s, best loss: 0.02498355617094447]
 32%|███▏      | 8/25 [00:04<00:08,  1.94trial/s, best loss: 0.02498355617094447]
 36%|███▌      | 9/25 [00:04<00:08,  1.95trial/s, best loss: 0.02498355617094447]
 40%|████      | 10/25 [00:05<00:07,  1.96trial/s, best loss: 0.02498355617094447]
 44%|████▍     | 11/25 [00:05<00:07,  1.95trial/s, best loss: 0.02498355617094447]
 48%|████▊     | 12/25 [00:06<00:06,  1.93trial/s, best loss: 0.02498355617094447]
 52%|█████▏    | 13/25 [00:06<00:06,  1.94trial/s, best loss: 0.02498355617094447]
 56%|█████▌    | 14/25 [00:07<00:05,  1.91trial/s, best loss: 0.02498355617094447]
 60%|██████    | 15/25 [00:07<00:05,  1.93trial/s, best loss: 0.02498355617094447]
 64%|██████▍   | 16/25 [00:08<00:04,  1.91trial/s, best loss: 0.02498355617094447]
 68%|██████▊   | 17/25 [00:08<00:04,  1.94trial/s, best loss: 0.02498355617094447]
 72%|███████▏  | 18/25 [00:09<00:03,  1.95trial/s, best loss: 0.02498355617094447]
 76%|███████▌  | 19/25 [00:09<00:03,  1.97trial/s, best loss: 0.02498355617094447]
 80%|████████  | 20/25 [00:10<00:02,  1.97trial/s, best loss: 0.02498355617094447]
 84%|████████▍ | 21/25 [00:10<00:02,  1.95trial/s, best loss: 0.02498355617094447]
 88%|████████▊ | 22/25 [00:11<00:01,  1.94trial/s, best loss: 0.02498355617094447]
 92%|█████████▏| 23/25 [00:11<00:01,  1.93trial/s, best loss: 0.02498355617094447]
 96%|█████████▌| 24/25 [00:12<00:00,  1.93trial/s, best loss: 0.02498355617094447]
100%|██████████| 25/25 [00:12<00:00,  1.92trial/s, best loss: 0.02498355617094447]
100%|██████████| 25/25 [00:12<00:00,  1.94trial/s, best loss: 0.02498355617094447]
