[A6-SHIM] pandas.DataFrame.to_csv 已安装修订钩子（仅拦截 a6_strategy_scores*）
C:\Users\Administrator\AppData\Local\Programs\Python\Python39\lib\site-packages\hyperopt\atpe.py:19: UserWarning: pkg_resources is deprecated as an API. See https://setuptools.pypa.io/en/latest/pkg_resources.html. The pkg_resources package is slated for removal as early as 2025-11-30. Refrain from using this package or pin to Setuptools<81.
  import pkg_resources
[GPU] Torch 2.6.0+cu124 | CUDA 12.4 | Device NVIDIA GeForce RTX 3060 | available=True
[GPU] XGBoost 1.7.6 (gpu_hist supported)
[GPU] LightGBM available (GPU depends on build)
[回测] 符号数=1 窗口=45天 S档=ON

  0%|          | 0/25 [00:00<?, ?trial/s, best loss=?]
  4%|▍         | 1/25 [00:01<00:26,  1.10s/trial, best loss: 0.05155238983674197]
  8%|▊         | 2/25 [00:02<00:25,  1.10s/trial, best loss: 0.05155238983674197]
 12%|█▏        | 3/25 [00:03<00:24,  1.10s/trial, best loss: 0.05155238983674197]
 16%|█▌        | 4/25 [00:04<00:23,  1.10s/trial, best loss: 0.05155238983674197]
 20%|██        | 5/25 [00:05<00:21,  1.09s/trial, best loss: 0.05155238983674197]
 24%|██▍       | 6/25 [00:06<00:20,  1.10s/trial, best loss: 0.05155238983674197]
 28%|██▊       | 7/25 [00:07<00:19,  1.09s/trial, best loss: 0.03464148714895276]
 32%|███▏      | 8/25 [00:08<00:18,  1.10s/trial, best loss: 0.03464148714895276]
 36%|███▌      | 9/25 [00:09<00:17,  1.11s/trial, best loss: 0.03464148714895276]
 40%|████      | 10/25 [00:11<00:16,  1.11s/trial, best loss: 0.03464148714895276]
 44%|████▍     | 11/25 [00:12<00:15,  1.12s/trial, best loss: 0.03464148714895276]
 48%|████▊     | 12/25 [00:13<00:14,  1.11s/trial, best loss: 0.03464148714895276]
 52%|█████▏    | 13/25 [00:14<00:13,  1.10s/trial, best loss: 0.03464148714895276]
 56%|█████▌    | 14/25 [00:15<00:12,  1.10s/trial, best loss: 0.03464148714895276]
 60%|██████    | 15/25 [00:16<00:11,  1.11s/trial, best loss: 0.03464148714895276]
 64%|██████▍   | 16/25 [00:17<00:10,  1.11s/trial, best loss: 0.03464148714895276]
 68%|██████▊   | 17/25 [00:18<00:08,  1.10s/trial, best loss: 0.03464148714895276]
 72%|███████▏  | 18/25 [00:19<00:07,  1.10s/trial, best loss: 0.03464148714895276]
 76%|███████▌  | 19/25 [00:20<00:06,  1.10s/trial, best loss: 0.03464148714895276]
 80%|████████  | 20/25 [00:22<00:05,  1.10s/trial, best loss: 0.03464148714895276]
 84%|████████▍ | 21/25 [00:23<00:04,  1.09s/trial, best loss: 0.03464148714895276]
 88%|████████▊ | 22/25 [00:24<00:03,  1.09s/trial, best loss: 0.02390676411971454]
 92%|█████████▏| 23/25 [00:25<00:02,  1.09s/trial, best loss: 0.02390676411971454]
 96%|█████████▌| 24/25 [00:26<00:01,  1.09s/trial, best loss: 0.02390676411971454]
100%|██████████| 25/25 [00:27<00:00,  1.11s/trial, best loss: 0.02390676411971454]
100%|██████████| 25/25 [00:27<00:00,  1.10s/trial, best loss: 0.02390676411971454]

  0%|          | 0/25 [00:00<?, ?trial/s, best loss=?]
  4%|▍         | 1/25 [00:01<00:25,  1.06s/trial, best loss: 0.30650227716739636]
  8%|▊         | 2/25 [00:02<00:24,  1.08s/trial, best loss: -0.1677389409086799]
 12%|█▏        | 3/25 [00:03<00:24,  1.11s/trial, best loss: -0.1902394750885812]
 16%|█▌        | 4/25 [00:04<00:22,  1.09s/trial, best loss: -0.1902394750885812]
 20%|██        | 5/25 [00:05<00:22,  1.10s/trial, best loss: -0.21992293132000665]
 24%|██▍       | 6/25 [00:06<00:21,  1.12s/trial, best loss: -0.21992293132000665]
 28%|██▊       | 7/25 [00:07<00:19,  1.09s/trial, best loss: -0.21992293132000665]
 32%|███▏      | 8/25 [00:08<00:18,  1.09s/trial, best loss: -0.21992293132000665]
 36%|███▌      | 9/25 [00:09<00:17,  1.08s/trial, best loss: -0.21992293132000665]
 40%|████      | 10/25 [00:10<00:16,  1.08s/trial, best loss: -0.21992293132000665]
 44%|████▍     | 11/25 [00:11<00:14,  1.07s/trial, best loss: -0.21992293132000665]
 48%|████▊     | 12/25 [00:13<00:14,  1.09s/trial, best loss: -0.21992293132000665]
 52%|█████▏    | 13/25 [00:14<00:13,  1.09s/trial, best loss: -0.21992293132000665]
 56%|█████▌    | 14/25 [00:15<00:12,  1.11s/trial, best loss: -0.21992293132000665]
 60%|██████    | 15/25 [00:16<00:11,  1.12s/trial, best loss: -0.21992293132000665]
 64%|██████▍   | 16/25 [00:17<00:09,  1.10s/trial, best loss: -0.21992293132000665]
 68%|██████▊   | 17/25 [00:18<00:08,  1.09s/trial, best loss: -0.21992293132000665]
 72%|███████▏  | 18/25 [00:19<00:07,  1.10s/trial, best loss: -0.21992293132000665]
 76%|███████▌  | 19/25 [00:20<00:06,  1.10s/trial, best loss: -0.21992293132000665]
 80%|████████  | 20/25 [00:21<00:05,  1.09s/trial, best loss: -0.21992293132000665]
 84%|████████▍ | 21/25 [00:22<00:04,  1.08s/trial, best loss: -0.21992293132000665]
 88%|████████▊ | 22/25 [00:23<00:03,  1.07s/trial, best loss: -0.21992293132000665]
 92%|█████████▏| 23/25 [00:25<00:02,  1.08s/trial, best loss: -0.21992293132000665]
 96%|█████████▌| 24/25 [00:26<00:01,  1.09s/trial, best loss: -0.21992293132000665]
100%|██████████| 25/25 [00:27<00:00,  1.10s/trial, best loss: -0.21992293132000665]
100%|██████████| 25/25 [00:27<00:00,  1.09s/trial, best loss: -0.21992293132000665]

  0%|          | 0/25 [00:00<?, ?trial/s, best loss=?]
  4%|▍         | 1/25 [00:01<00:25,  1.08s/trial, best loss: 0.3109423606728543]
  8%|▊         | 2/25 [00:02<00:25,  1.10s/trial, best loss: 0.29070234566829056]
 12%|█▏        | 3/25 [00:04<00:35,  1.60s/trial, best loss: 0.29070234566829056]
 16%|█▌        | 4/25 [00:05<00:29,  1.39s/trial, best loss: 0.29070234566829056]
 20%|██        | 5/25 [00:06<00:25,  1.28s/trial, best loss: 0.29070234566829056]
 24%|██▍       | 6/25 [00:07<00:23,  1.22s/trial, best loss: 0.29070234566829056]
 28%|██▊       | 7/25 [00:08<00:21,  1.18s/trial, best loss: 0.2857096986886846] 
 32%|███▏      | 8/25 [00:09<00:19,  1.15s/trial, best loss: 0.2848206193169055]
 36%|███▌      | 9/25 [00:10<00:18,  1.13s/trial, best loss: 0.28359646253267246]
 40%|████      | 10/25 [00:11<00:16,  1.11s/trial, best loss: 0.28359646253267246]
 44%|████▍     | 11/25 [00:13<00:15,  1.09s/trial, best loss: 0.28359646253267246]
 48%|████▊     | 12/25 [00:14<00:14,  1.10s/trial, best loss: 0.28359646253267246]
 52%|█████▏    | 13/25 [00:15<00:13,  1.11s/trial, best loss: 0.28359646253267246]
 56%|█████▌    | 14/25 [00:16<00:12,  1.10s/trial, best loss: 0.28359646253267246]
 60%|██████    | 15/25 [00:17<00:11,  1.10s/trial, best loss: 0.28154389875478714]
 64%|██████▍   | 16/25 [00:18<00:08,  1.07trial/s, best loss: 0.28154389875478714]
 68%|██████▊   | 17/25 [00:18<00:06,  1.25trial/s, best loss: 0.28154389875478714]
 72%|███████▏  | 18/25 [00:18<00:04,  1.42trial/s, best loss: 0.28154389875478714]
 76%|███████▌  | 19/25 [00:19<00:03,  1.59trial/s, best loss: 0.28154389875478714]
 80%|████████  | 20/25 [00:19<00:02,  1.70trial/s, best loss: 0.28154389875478714]
 84%|████████▍ | 21/25 [00:20<00:02,  1.80trial/s, best loss: -0.30628527080152645]
 88%|████████▊ | 22/25 [00:20<00:01,  1.79trial/s, best loss: -0.30628527080152645]
 92%|█████████▏| 23/25 [00:21<00:01,  1.80trial/s, best loss: -0.30628527080152645]
 96%|█████████▌| 24/25 [00:21<00:00,  1.88trial/s, best loss: -0.30628527080152645]
100%|██████████| 25/25 [00:22<00:00,  1.94trial/s, best loss: -0.30628527080152645]
100%|██████████| 25/25 [00:22<00:00,  1.11trial/s, best loss: -0.30628527080152645]

  0%|          | 0/25 [00:00<?, ?trial/s, best loss=?]
  4%|▍         | 1/25 [00:00<00:11,  2.11trial/s, best loss: -0.37738417002419195]
  8%|▊         | 2/25 [00:00<00:10,  2.15trial/s, best loss: -0.3941202278550427] 
 12%|█▏        | 3/25 [00:01<00:10,  2.09trial/s, best loss: -0.3941202278550427]
 16%|█▌        | 4/25 [00:01<00:10,  2.09trial/s, best loss: -0.3941202278550427]
 20%|██        | 5/25 [00:02<00:09,  2.07trial/s, best loss: -0.4340556971509422]
 24%|██▍       | 6/25 [00:02<00:08,  2.12trial/s, best loss: -0.4340556971509422]
 28%|██▊       | 7/25 [00:03<00:08,  2.14trial/s, best loss: -0.4340556971509422]
 32%|███▏      | 8/25 [00:03<00:07,  2.16trial/s, best loss: -0.4340556971509422]
 36%|███▌      | 9/25 [00:04<00:07,  2.11trial/s, best loss: -0.4340556971509422]
 40%|████      | 10/25 [00:04<00:07,  2.12trial/s, best loss: -0.4340556971509422]
 44%|████▍     | 11/25 [00:05<00:06,  2.13trial/s, best loss: -0.4340556971509422]
 48%|████▊     | 12/25 [00:05<00:06,  2.11trial/s, best loss: -0.4340556971509422]
 52%|█████▏    | 13/25 [00:06<00:05,  2.15trial/s, best loss: -0.4340556971509422]
 56%|█████▌    | 14/25 [00:06<00:05,  2.15trial/s, best loss: -0.45901817570473186]
 60%|██████    | 15/25 [00:07<00:04,  2.14trial/s, best loss: -0.45901817570473186]
 64%|██████▍   | 16/25 [00:07<00:04,  2.17trial/s, best loss: -0.45901817570473186]
 68%|██████▊   | 17/25 [00:07<00:03,  2.15trial/s, best loss: -0.45901817570473186]
 72%|███████▏  | 18/25 [00:08<00:03,  2.15trial/s, best loss: -0.45901817570473186]
 76%|███████▌  | 19/25 [00:08<00:02,  2.12trial/s, best loss: -0.45901817570473186]
 80%|████████  | 20/25 [00:09<00:02,  2.02trial/s, best loss: -0.45901817570473186]
 84%|████████▍ | 21/25 [00:10<00:02,  1.94trial/s, best loss: -0.45901817570473186]
 88%|████████▊ | 22/25 [00:10<00:01,  1.89trial/s, best loss: -0.45901817570473186]
 92%|█████████▏| 23/25 [00:11<00:01,  1.95trial/s, best loss: -0.45901817570473186]
 96%|█████████▌| 24/25 [00:11<00:00,  2.00trial/s, best loss: -0.45901817570473186]
100%|██████████| 25/25 [00:12<00:00,  2.05trial/s, best loss: -0.45901817570473186]
100%|██████████| 25/25 [00:12<00:00,  2.08trial/s, best loss: -0.45901817570473186]

  0%|          | 0/25 [00:00<?, ?trial/s, best loss=?]
  4%|▍         | 1/25 [00:00<00:10,  2.21trial/s, best loss: -0.4794320177463787]
  8%|▊         | 2/25 [00:00<00:10,  2.12trial/s, best loss: -0.5319935354793912]
 12%|█▏        | 3/25 [00:01<00:10,  2.12trial/s, best loss: -0.5452169699419355]
 16%|█▌        | 4/25 [00:01<00:09,  2.13trial/s, best loss: -0.5452169699419355]
 20%|██        | 5/25 [00:02<00:09,  2.16trial/s, best loss: -0.5452169699419355]
 24%|██▍       | 6/25 [00:02<00:09,  2.11trial/s, best loss: -0.5452169699419355]
 28%|██▊       | 7/25 [00:03<00:08,  2.11trial/s, best loss: -0.5452169699419355]
 32%|███▏      | 8/25 [00:03<00:08,  2.11trial/s, best loss: -0.6081252954628814]
 36%|███▌      | 9/25 [00:04<00:07,  2.15trial/s, best loss: -0.6081252954628814]
 40%|████      | 10/25 [00:04<00:06,  2.14trial/s, best loss: -0.6081252954628814]
 44%|████▍     | 11/25 [00:05<00:06,  2.06trial/s, best loss: -0.6081252954628814]
 48%|████▊     | 12/25 [00:05<00:06,  2.04trial/s, best loss: -0.6081252954628814]
 52%|█████▏    | 13/25 [00:06<00:05,  2.03trial/s, best loss: -0.6081252954628814]
 56%|█████▌    | 14/25 [00:06<00:05,  2.07trial/s, best loss: -0.6081252954628814]
 60%|██████    | 15/25 [00:07<00:04,  2.10trial/s, best loss: -0.6295744240310421]
 64%|██████▍   | 16/25 [00:07<00:04,  2.12trial/s, best loss: -0.6295744240310421]
 68%|██████▊   | 17/25 [00:08<00:03,  2.11trial/s, best loss: -0.6295744240310421]
 72%|███████▏  | 18/25 [00:08<00:03,  2.12trial/s, best loss: -0.6295744240310421]
 76%|███████▌  | 19/25 [00:09<00:02,  2.13trial/s, best loss: -0.6295744240310421]
 80%|████████  | 20/25 [00:09<00:02,  2.13trial/s, best loss: -0.6295744240310421]
 84%|████████▍ | 21/25 [00:09<00:01,  2.10trial/s, best loss: -0.6295744240310421]
 88%|████████▊ | 22/25 [00:10<00:01,  2.09trial/s, best loss: -0.6295744240310421]
 92%|█████████▏| 23/25 [00:10<00:00,  2.08trial/s, best loss: -0.6295744240310421]
 96%|█████████▌| 24/25 [00:11<00:00,  2.07trial/s, best loss: -0.6295744240310421]
100%|██████████| 25/25 [00:11<00:00,  2.07trial/s, best loss: -0.6295744240310421]
100%|██████████| 25/25 [00:11<00:00,  2.10trial/s, best loss: -0.6295744240310421]

  0%|          | 0/25 [00:00<?, ?trial/s, best loss=?]
  4%|▍         | 1/25 [00:00<00:10,  2.20trial/s, best loss: 0.27319929753379585]
  8%|▊         | 2/25 [00:00<00:10,  2.10trial/s, best loss: 0.20191581377551643]
 12%|█▏        | 3/25 [00:01<00:10,  2.10trial/s, best loss: 0.20191581377551643]
 16%|█▌        | 4/25 [00:01<00:09,  2.11trial/s, best loss: 0.20191581377551643]
 20%|██        | 5/25 [00:02<00:09,  2.10trial/s, best loss: 0.20191581377551643]
 24%|██▍       | 6/25 [00:02<00:08,  2.12trial/s, best loss: 0.20191581377551643]
 28%|██▊       | 7/25 [00:03<00:08,  2.08trial/s, best loss: 0.20191581377551643]
 32%|███▏      | 8/25 [00:03<00:08,  2.10trial/s, best loss: 0.20191581377551643]
 36%|███▌      | 9/25 [00:04<00:07,  2.06trial/s, best loss: 0.20191581377551643]
 40%|████      | 10/25 [00:04<00:07,  2.03trial/s, best loss: 0.20191581377551643]
 44%|████▍     | 11/25 [00:05<00:06,  2.02trial/s, best loss: 0.20191581377551643]
 48%|████▊     | 12/25 [00:05<00:06,  2.03trial/s, best loss: 0.20191581377551643]
 52%|█████▏    | 13/25 [00:06<00:05,  2.06trial/s, best loss: 0.20191581377551643]
 56%|█████▌    | 14/25 [00:06<00:05,  2.06trial/s, best loss: 0.20191581377551643]
 60%|██████    | 15/25 [00:07<00:04,  2.10trial/s, best loss: 0.20191581377551643]
 64%|██████▍   | 16/25 [00:07<00:04,  2.09trial/s, best loss: 0.20191581377551643]
 68%|██████▊   | 17/25 [00:08<00:03,  2.12trial/s, best loss: 0.20191581377551643]
 72%|███████▏  | 18/25 [00:08<00:03,  2.11trial/s, best loss: 0.193334622964197]  
 76%|███████▌  | 19/25 [00:09<00:02,  2.13trial/s, best loss: 0.193334622964197]
 80%|████████  | 20/25 [00:09<00:02,  2.10trial/s, best loss: 0.193334622964197]
 84%|████████▍ | 21/25 [00:10<00:02,  2.00trial/s, best loss: 0.193334622964197]
 88%|████████▊ | 22/25 [00:10<00:01,  1.98trial/s, best loss: 0.193334622964197]
 92%|█████████▏| 23/25 [00:11<00:00,  2.03trial/s, best loss: 0.193334622964197]
 96%|█████████▌| 24/25 [00:11<00:00,  2.02trial/s, best loss: 0.193334622964197]
100%|██████████| 25/25 [00:12<00:00,  2.05trial/s, best loss: 0.193334622964197]
100%|██████████| 25/25 [00:12<00:00,  2.07trial/s, best loss: 0.193334622964197]
D:\quant_system_pro (3)\quant_system_pro\backtest\backtest_pro.py:330: UserWarning: Glyph 39057 (\N{CJK UNIFIED IDEOGRAPH-9891}) missing from font(s) DejaVu Sans.
  buf=io.BytesIO(); plt.tight_layout(); plt.savefig(buf, format="png"); data=base64.b64encode(buf.getvalue()).decode()
D:\quant_system_pro (3)\quant_system_pro\backtest\backtest_pro.py:330: UserWarning: Glyph 25968 (\N{CJK UNIFIED IDEOGRAPH-6570}) missing from font(s) DejaVu Sans.
  buf=io.BytesIO(); plt.tight_layout(); plt.savefig(buf, format="png"); data=base64.b64encode(buf.getvalue()).decode()
D:\quant_system_pro (3)\quant_system_pro\backtest\backtest_pro.py:330: UserWarning: Glyph 20998 (\N{CJK UNIFIED IDEOGRAPH-5206}) missing from font(s) DejaVu Sans.
  buf=io.BytesIO(); plt.tight_layout(); plt.savefig(buf, format="png"); data=base64.b64encode(buf.getvalue()).decode()
D:\quant_system_pro (3)\quant_system_pro\backtest\backtest_pro.py:330: UserWarning: Glyph 24067 (\N{CJK UNIFIED IDEOGRAPH-5E03}) missing from font(s) DejaVu Sans.
  buf=io.BytesIO(); plt.tight_layout(); plt.savefig(buf, format="png"); data=base64.b64encode(buf.getvalue()).decode()
D:\quant_system_pro (3)\quant_system_pro\backtest\backtest_pro.py:330: UserWarning: Glyph 65288 (\N{FULLWIDTH LEFT PARENTHESIS}) missing from font(s) DejaVu Sans.
  buf=io.BytesIO(); plt.tight_layout(); plt.savefig(buf, format="png"); data=base64.b64encode(buf.getvalue()).decode()
D:\quant_system_pro (3)\quant_system_pro\backtest\backtest_pro.py:330: UserWarning: Glyph 36234 (\N{CJK UNIFIED IDEOGRAPH-8D8A}) missing from font(s) DejaVu Sans.
  buf=io.BytesIO(); plt.tight_layout(); plt.savefig(buf, format="png"); data=base64.b64encode(buf.getvalue()).decode()
D:\quant_system_pro (3)\quant_system_pro\backtest\backtest_pro.py:330: UserWarning: Glyph 20302 (\N{CJK UNIFIED IDEOGRAPH-4F4E}) missing from font(s) DejaVu Sans.
  buf=io.BytesIO(); plt.tight_layout(); plt.savefig(buf, format="png"); data=base64.b64encode(buf.getvalue()).decode()
D:\quant_system_pro (3)\quant_system_pro\backtest\backtest_pro.py:330: UserWarning: Glyph 22909 (\N{CJK UNIFIED IDEOGRAPH-597D}) missing from font(s) DejaVu Sans.
  buf=io.BytesIO(); plt.tight_layout(); plt.savefig(buf, format="png"); data=base64.b64encode(buf.getvalue()).decode()
D:\quant_system_pro (3)\quant_system_pro\backtest\backtest_pro.py:330: UserWarning: Glyph 65289 (\N{FULLWIDTH RIGHT PARENTHESIS}) missing from font(s) DejaVu Sans.
  buf=io.BytesIO(); plt.tight_layout(); plt.savefig(buf, format="png"); data=base64.b64encode(buf.getvalue()).decode()
[完成] 最优表: D:\quant_system_pro (3)\quant_system_pro\results\full_throttle_ETH\最优组合总表_S档_20250817-033817.csv
[完成] best_combo: data/best_combo.csv
