[A6-SHIM] pandas.DataFrame.to_csv 已安装修订钩子（仅拦截 a6_strategy_scores*）
C:\Users\Administrator\AppData\Local\Programs\Python\Python39\lib\site-packages\hyperopt\atpe.py:19: UserWarning: pkg_resources is deprecated as an API. See https://setuptools.pypa.io/en/latest/pkg_resources.html. The pkg_resources package is slated for removal as early as 2025-11-30. Refrain from using this package or pin to Setuptools<81.
  import pkg_resources
[GPU] Torch 2.6.0+cu124 | CUDA 12.4 | Device NVIDIA GeForce RTX 3060 | available=True
[GPU] XGBoost 1.7.6 (gpu_hist supported)
[GPU] LightGBM available (GPU depends on build)
[回测] 符号数=1 窗口=45天 S档=ON

  0%|          | 0/25 [00:00<?, ?trial/s, best loss=?]
  4%|▍         | 1/25 [00:01<00:26,  1.09s/trial, best loss: 0.45188889030785895]
  8%|▊         | 2/25 [00:02<00:25,  1.10s/trial, best loss: 0.45188889030785895]
 12%|█▏        | 3/25 [00:03<00:24,  1.11s/trial, best loss: 0.45188889030785895]
 16%|█▌        | 4/25 [00:04<00:23,  1.11s/trial, best loss: 0.45188889030785895]
 20%|██        | 5/25 [00:05<00:21,  1.09s/trial, best loss: 0.45188889030785895]
 24%|██▍       | 6/25 [00:06<00:20,  1.09s/trial, best loss: 0.45188889030785895]
 28%|██▊       | 7/25 [00:07<00:19,  1.09s/trial, best loss: 0.0709970241912288] 
 32%|███▏      | 8/25 [00:08<00:18,  1.09s/trial, best loss: 0.0709970241912288]
 36%|███▌      | 9/25 [00:09<00:17,  1.11s/trial, best loss: 0.0709970241912288]
 40%|████      | 10/25 [00:11<00:16,  1.11s/trial, best loss: 0.0709970241912288]
 44%|████▍     | 11/25 [00:12<00:15,  1.11s/trial, best loss: 0.0709970241912288]
 48%|████▊     | 12/25 [00:13<00:14,  1.10s/trial, best loss: 0.0709970241912288]
 52%|█████▏    | 13/25 [00:14<00:13,  1.09s/trial, best loss: 0.0709970241912288]
 56%|█████▌    | 14/25 [00:15<00:11,  1.09s/trial, best loss: 0.0709970241912288]
 60%|██████    | 15/25 [00:16<00:10,  1.09s/trial, best loss: 0.0709970241912288]
 64%|██████▍   | 16/25 [00:17<00:09,  1.09s/trial, best loss: 0.0709970241912288]
 68%|██████▊   | 17/25 [00:18<00:08,  1.11s/trial, best loss: 0.0709970241912288]
 72%|███████▏  | 18/25 [00:19<00:07,  1.11s/trial, best loss: 0.0709970241912288]
 76%|███████▌  | 19/25 [00:20<00:06,  1.11s/trial, best loss: 0.0709970241912288]
 80%|████████  | 20/25 [00:22<00:05,  1.11s/trial, best loss: 0.0709970241912288]
 84%|████████▍ | 21/25 [00:23<00:04,  1.10s/trial, best loss: 0.0709970241912288]
 88%|████████▊ | 22/25 [00:24<00:03,  1.11s/trial, best loss: 0.0709970241912288]
 92%|█████████▏| 23/25 [00:25<00:02,  1.11s/trial, best loss: 0.0709970241912288]
 96%|█████████▌| 24/25 [00:26<00:01,  1.10s/trial, best loss: 0.0709970241912288]
100%|██████████| 25/25 [00:27<00:00,  1.09s/trial, best loss: 0.0709970241912288]
100%|██████████| 25/25 [00:27<00:00,  1.10s/trial, best loss: 0.0709970241912288]

  0%|          | 0/25 [00:00<?, ?trial/s, best loss=?]
  4%|▍         | 1/25 [00:01<00:25,  1.07s/trial, best loss: 0.2898643689886003]
  8%|▊         | 2/25 [00:02<00:25,  1.10s/trial, best loss: 0.2898643689886003]
 12%|█▏        | 3/25 [00:03<00:24,  1.12s/trial, best loss: 0.2898643689886003]
 16%|█▌        | 4/25 [00:04<00:23,  1.10s/trial, best loss: 0.2898643689886003]
 20%|██        | 5/25 [00:05<00:22,  1.12s/trial, best loss: 0.2898643689886003]
 24%|██▍       | 6/25 [00:06<00:21,  1.12s/trial, best loss: 0.2898643689886003]
 28%|██▊       | 7/25 [00:07<00:20,  1.11s/trial, best loss: 0.2898643689886003]
 32%|███▏      | 8/25 [00:08<00:18,  1.11s/trial, best loss: 0.2898643689886003]
 36%|███▌      | 9/25 [00:09<00:17,  1.11s/trial, best loss: 0.2898643689886003]
 40%|████      | 10/25 [00:11<00:16,  1.11s/trial, best loss: 0.2898643689886003]
 44%|████▍     | 11/25 [00:12<00:15,  1.11s/trial, best loss: 0.2898643689886003]
 48%|████▊     | 12/25 [00:13<00:14,  1.10s/trial, best loss: 0.2898643689886003]
 52%|█████▏    | 13/25 [00:14<00:13,  1.12s/trial, best loss: 0.2898643689886003]
 56%|█████▌    | 14/25 [00:15<00:12,  1.11s/trial, best loss: 0.2898643689886003]
 60%|██████    | 15/25 [00:16<00:11,  1.11s/trial, best loss: 0.2893963384831073]
 64%|██████▍   | 16/25 [00:17<00:10,  1.11s/trial, best loss: 0.2863806569366346]
 68%|██████▊   | 17/25 [00:18<00:08,  1.12s/trial, best loss: 0.2863806569366346]
 72%|███████▏  | 18/25 [00:20<00:07,  1.12s/trial, best loss: 0.2863806569366346]
 76%|███████▌  | 19/25 [00:21<00:06,  1.11s/trial, best loss: 0.2863806569366346]
 80%|████████  | 20/25 [00:22<00:05,  1.10s/trial, best loss: 0.2863806569366346]
 84%|████████▍ | 21/25 [00:23<00:04,  1.09s/trial, best loss: 0.2863806569366346]
 88%|████████▊ | 22/25 [00:24<00:03,  1.09s/trial, best loss: 0.2863806569366346]
 92%|█████████▏| 23/25 [00:25<00:02,  1.11s/trial, best loss: 0.2863806569366346]
 96%|█████████▌| 24/25 [00:26<00:01,  1.11s/trial, best loss: 0.2863806569366346]
100%|██████████| 25/25 [00:27<00:00,  1.10s/trial, best loss: 0.2863806569366346]
100%|██████████| 25/25 [00:27<00:00,  1.11s/trial, best loss: 0.2863806569366346]

  0%|          | 0/25 [00:00<?, ?trial/s, best loss=?]
  4%|▍         | 1/25 [00:01<00:26,  1.12s/trial, best loss: -0.23085373734834885]
  8%|▊         | 2/25 [00:02<00:25,  1.13s/trial, best loss: -0.23085373734834885]
 12%|█▏        | 3/25 [00:03<00:24,  1.10s/trial, best loss: -0.23085373734834885]
 16%|█▌        | 4/25 [00:04<00:23,  1.11s/trial, best loss: -0.23085373734834885]
 20%|██        | 5/25 [00:05<00:21,  1.10s/trial, best loss: -0.23085373734834885]
 24%|██▍       | 6/25 [00:06<00:20,  1.09s/trial, best loss: -0.23085373734834885]
 28%|██▊       | 7/25 [00:07<00:19,  1.11s/trial, best loss: -0.23666895403896143]
 32%|███▏      | 8/25 [00:08<00:18,  1.12s/trial, best loss: -0.23666895403896143]
 36%|███▌      | 9/25 [00:10<00:17,  1.12s/trial, best loss: -0.23666895403896143]
 40%|████      | 10/25 [00:12<00:21,  1.42s/trial, best loss: -0.23666895403896143]
 44%|████▍     | 11/25 [00:13<00:18,  1.31s/trial, best loss: -0.23666895403896143]
 48%|████▊     | 12/25 [00:14<00:16,  1.24s/trial, best loss: -0.23666895403896143]
 52%|█████▏    | 13/25 [00:15<00:14,  1.19s/trial, best loss: -0.23666895403896143]
 56%|█████▌    | 14/25 [00:16<00:12,  1.16s/trial, best loss: -0.23666895403896143]
 60%|██████    | 15/25 [00:17<00:11,  1.14s/trial, best loss: -0.23666895403896143]
 64%|██████▍   | 16/25 [00:17<00:08,  1.06trial/s, best loss: -0.23803443085329717]
 68%|██████▊   | 17/25 [00:18<00:06,  1.25trial/s, best loss: -0.2535247258900865] 
 72%|███████▏  | 18/25 [00:18<00:04,  1.43trial/s, best loss: -0.2535247258900865]
 76%|███████▌  | 19/25 [00:19<00:03,  1.59trial/s, best loss: -0.2535247258900865]
 80%|████████  | 20/25 [00:19<00:02,  1.72trial/s, best loss: -0.2535247258900865]
 84%|████████▍ | 21/25 [00:20<00:02,  1.79trial/s, best loss: -0.2535247258900865]
 88%|████████▊ | 22/25 [00:20<00:01,  1.77trial/s, best loss: -0.27004445000380095]
 92%|█████████▏| 23/25 [00:21<00:01,  1.82trial/s, best loss: -0.27004445000380095]
 96%|█████████▌| 24/25 [00:21<00:00,  1.92trial/s, best loss: -0.27004445000380095]
100%|██████████| 25/25 [00:22<00:00,  1.97trial/s, best loss: -0.27004445000380095]
100%|██████████| 25/25 [00:22<00:00,  1.12trial/s, best loss: -0.27004445000380095]

  0%|          | 0/25 [00:00<?, ?trial/s, best loss=?]
  4%|▍         | 1/25 [00:00<00:11,  2.15trial/s, best loss: -0.11229216571020645]
  8%|▊         | 2/25 [00:00<00:10,  2.21trial/s, best loss: -0.1455306987091011] 
 12%|█▏        | 3/25 [00:01<00:10,  2.17trial/s, best loss: -0.1455306987091011]
 16%|█▌        | 4/25 [00:01<00:09,  2.13trial/s, best loss: -0.1455306987091011]
 20%|██        | 5/25 [00:02<00:09,  2.14trial/s, best loss: -0.1455306987091011]
 24%|██▍       | 6/25 [00:02<00:08,  2.12trial/s, best loss: -0.1455306987091011]
 28%|██▊       | 7/25 [00:03<00:08,  2.15trial/s, best loss: -0.17453004344781922]
 32%|███▏      | 8/25 [00:03<00:07,  2.14trial/s, best loss: -0.17453004344781922]
 36%|███▌      | 9/25 [00:04<00:07,  2.17trial/s, best loss: -0.17453004344781922]
 40%|████      | 10/25 [00:04<00:07,  2.14trial/s, best loss: -0.17453004344781922]
 44%|████▍     | 11/25 [00:05<00:06,  2.13trial/s, best loss: -0.17453004344781922]
 48%|████▊     | 12/25 [00:05<00:06,  2.11trial/s, best loss: -0.17453004344781922]
 52%|█████▏    | 13/25 [00:06<00:05,  2.10trial/s, best loss: -0.17453004344781922]
 56%|█████▌    | 14/25 [00:06<00:05,  2.10trial/s, best loss: -0.17453004344781922]
 60%|██████    | 15/25 [00:07<00:04,  2.10trial/s, best loss: -0.17453004344781922]
 64%|██████▍   | 16/25 [00:07<00:04,  2.14trial/s, best loss: -0.17453004344781922]
 68%|██████▊   | 17/25 [00:07<00:03,  2.12trial/s, best loss: -0.17453004344781922]
 72%|███████▏  | 18/25 [00:08<00:03,  2.11trial/s, best loss: -0.17453004344781922]
 76%|███████▌  | 19/25 [00:08<00:02,  2.05trial/s, best loss: -0.17453004344781922]
 80%|████████  | 20/25 [00:09<00:02,  1.98trial/s, best loss: -0.17453004344781922]
 84%|████████▍ | 21/25 [00:10<00:02,  1.85trial/s, best loss: -0.17453004344781922]
 88%|████████▊ | 22/25 [00:10<00:01,  1.88trial/s, best loss: -0.17453004344781922]
 92%|█████████▏| 23/25 [00:11<00:01,  1.94trial/s, best loss: -0.17453004344781922]
 96%|█████████▌| 24/25 [00:11<00:00,  2.00trial/s, best loss: -0.17453004344781922]
100%|██████████| 25/25 [00:12<00:00,  2.05trial/s, best loss: -0.19306886285294247]
100%|██████████| 25/25 [00:12<00:00,  2.07trial/s, best loss: -0.19306886285294247]

  0%|          | 0/25 [00:00<?, ?trial/s, best loss=?]
  4%|▍         | 1/25 [00:00<00:11,  2.07trial/s, best loss: 0.012431724271914354]
  8%|▊         | 2/25 [00:00<00:10,  2.17trial/s, best loss: -0.15889205614868263]
 12%|█▏        | 3/25 [00:01<00:10,  2.19trial/s, best loss: -0.15889205614868263]
 16%|█▌        | 4/25 [00:01<00:09,  2.14trial/s, best loss: -0.15889205614868263]
 20%|██        | 5/25 [00:02<00:09,  2.14trial/s, best loss: -0.15889205614868263]
 24%|██▍       | 6/25 [00:02<00:09,  2.10trial/s, best loss: -0.15889205614868263]
 28%|██▊       | 7/25 [00:03<00:08,  2.15trial/s, best loss: -0.15889205614868263]
 32%|███▏      | 8/25 [00:03<00:07,  2.18trial/s, best loss: -0.15889205614868263]
 36%|███▌      | 9/25 [00:04<00:07,  2.13trial/s, best loss: -0.15889205614868263]
 40%|████      | 10/25 [00:04<00:07,  2.07trial/s, best loss: -0.2565700597032068]
 44%|████▍     | 11/25 [00:05<00:06,  2.04trial/s, best loss: -0.2565700597032068]
 48%|████▊     | 12/25 [00:05<00:06,  2.04trial/s, best loss: -0.2565700597032068]
 52%|█████▏    | 13/25 [00:06<00:05,  2.07trial/s, best loss: -0.2565700597032068]
 56%|█████▌    | 14/25 [00:06<00:05,  2.10trial/s, best loss: -0.2565700597032068]
 60%|██████    | 15/25 [00:07<00:04,  2.14trial/s, best loss: -0.2565700597032068]
 64%|██████▍   | 16/25 [00:07<00:04,  2.19trial/s, best loss: -0.2565700597032068]
 68%|██████▊   | 17/25 [00:07<00:03,  2.16trial/s, best loss: -0.2565700597032068]
 72%|███████▏  | 18/25 [00:08<00:03,  2.13trial/s, best loss: -0.2565700597032068]
 76%|███████▌  | 19/25 [00:08<00:02,  2.15trial/s, best loss: -0.2565700597032068]
 80%|████████  | 20/25 [00:09<00:02,  2.15trial/s, best loss: -0.2565700597032068]
 84%|████████▍ | 21/25 [00:09<00:01,  2.11trial/s, best loss: -0.2565700597032068]
 88%|████████▊ | 22/25 [00:10<00:01,  2.07trial/s, best loss: -0.2565700597032068]
 92%|█████████▏| 23/25 [00:10<00:00,  2.04trial/s, best loss: -0.2565700597032068]
 96%|█████████▌| 24/25 [00:11<00:00,  2.04trial/s, best loss: -0.2565700597032068]
100%|██████████| 25/25 [00:11<00:00,  2.05trial/s, best loss: -0.2565700597032068]
100%|██████████| 25/25 [00:11<00:00,  2.10trial/s, best loss: -0.2565700597032068]

  0%|          | 0/25 [00:00<?, ?trial/s, best loss=?]
  4%|▍         | 1/25 [00:00<00:11,  2.15trial/s, best loss: 0.9437589446812135]
  8%|▊         | 2/25 [00:00<00:10,  2.11trial/s, best loss: 0.9437589446812135]
 12%|█▏        | 3/25 [00:01<00:10,  2.14trial/s, best loss: 0.9437589446812135]
 16%|█▌        | 4/25 [00:01<00:09,  2.13trial/s, best loss: 0.9437589446812135]
 20%|██        | 5/25 [00:02<00:09,  2.15trial/s, best loss: 0.9437589446812135]
 24%|██▍       | 6/25 [00:02<00:08,  2.18trial/s, best loss: 0.8001738081105089]
 28%|██▊       | 7/25 [00:03<00:08,  2.14trial/s, best loss: 0.47689357623611195]
 32%|███▏      | 8/25 [00:03<00:07,  2.17trial/s, best loss: 0.47645636918392975]
 36%|███▌      | 9/25 [00:04<00:07,  2.10trial/s, best loss: 0.47645636918392975]
 40%|████      | 10/25 [00:04<00:07,  2.08trial/s, best loss: 0.47645636918392975]
 44%|████▍     | 11/25 [00:05<00:06,  2.03trial/s, best loss: 0.47645636918392975]
 48%|████▊     | 12/25 [00:05<00:06,  2.04trial/s, best loss: 0.47645636918392975]
 52%|█████▏    | 13/25 [00:06<00:05,  2.04trial/s, best loss: 0.47645636918392975]
 56%|█████▌    | 14/25 [00:06<00:05,  2.04trial/s, best loss: 0.47645636918392975]
 60%|██████    | 15/25 [00:07<00:04,  2.06trial/s, best loss: 0.47645636918392975]
 64%|██████▍   | 16/25 [00:07<00:04,  2.04trial/s, best loss: 0.47645636918392975]
 68%|██████▊   | 17/25 [00:08<00:03,  2.09trial/s, best loss: 0.47645636918392975]
 72%|███████▏  | 18/25 [00:08<00:03,  2.14trial/s, best loss: 0.47645636918392975]
 76%|███████▌  | 19/25 [00:09<00:02,  2.12trial/s, best loss: 0.47645636918392975]
 80%|████████  | 20/25 [00:09<00:02,  2.08trial/s, best loss: 0.47645636918392975]
 84%|████████▍ | 21/25 [00:10<00:02,  1.98trial/s, best loss: -0.0]               
 88%|████████▊ | 22/25 [00:10<00:01,  1.98trial/s, best loss: -0.0]
 92%|█████████▏| 23/25 [00:11<00:00,  2.01trial/s, best loss: -0.0]
 96%|█████████▌| 24/25 [00:11<00:00,  2.04trial/s, best loss: -0.0]
100%|██████████| 25/25 [00:12<00:00,  2.04trial/s, best loss: -0.0]
100%|██████████| 25/25 [00:12<00:00,  2.07trial/s, best loss: -0.0]
D:\quant_system_pro (3)\quant_system_pro\backtest\backtest_pro.py:330: UserWarning: Glyph 39057 (\N{CJK UNIFIED IDEOGRAPH-9891}) missing from font(s) DejaVu Sans.
  buf=io.BytesIO(); plt.tight_layout(); plt.savefig(buf, format="png"); data=base64.b64encode(buf.getvalue()).decode()
D:\quant_system_pro (3)\quant_system_pro\backtest\backtest_pro.py:330: UserWarning: Glyph 25968 (\N{CJK UNIFIED IDEOGRAPH-6570}) missing from font(s) DejaVu Sans.
  buf=io.BytesIO(); plt.tight_layout(); plt.savefig(buf, format="png"); data=base64.b64encode(buf.getvalue()).decode()
D:\quant_system_pro (3)\quant_system_pro\backtest\backtest_pro.py:330: UserWarning: Glyph 20998 (\N{CJK UNIFIED IDEOGRAPH-5206}) missing from font(s) DejaVu Sans.
  buf=io.BytesIO(); plt.tight_layout(); plt.savefig(buf, format="png"); data=base64.b64encode(buf.getvalue()).decode()
D:\quant_system_pro (3)\quant_system_pro\backtest\backtest_pro.py:330: UserWarning: Glyph 24067 (\N{CJK UNIFIED IDEOGRAPH-5E03}) missing from font(s) DejaVu Sans.
  buf=io.BytesIO(); plt.tight_layout(); plt.savefig(buf, format="png"); data=base64.b64encode(buf.getvalue()).decode()
D:\quant_system_pro (3)\quant_system_pro\backtest\backtest_pro.py:330: UserWarning: Glyph 65288 (\N{FULLWIDTH LEFT PARENTHESIS}) missing from font(s) DejaVu Sans.
  buf=io.BytesIO(); plt.tight_layout(); plt.savefig(buf, format="png"); data=base64.b64encode(buf.getvalue()).decode()
D:\quant_system_pro (3)\quant_system_pro\backtest\backtest_pro.py:330: UserWarning: Glyph 36234 (\N{CJK UNIFIED IDEOGRAPH-8D8A}) missing from font(s) DejaVu Sans.
  buf=io.BytesIO(); plt.tight_layout(); plt.savefig(buf, format="png"); data=base64.b64encode(buf.getvalue()).decode()
D:\quant_system_pro (3)\quant_system_pro\backtest\backtest_pro.py:330: UserWarning: Glyph 20302 (\N{CJK UNIFIED IDEOGRAPH-4F4E}) missing from font(s) DejaVu Sans.
  buf=io.BytesIO(); plt.tight_layout(); plt.savefig(buf, format="png"); data=base64.b64encode(buf.getvalue()).decode()
D:\quant_system_pro (3)\quant_system_pro\backtest\backtest_pro.py:330: UserWarning: Glyph 22909 (\N{CJK UNIFIED IDEOGRAPH-597D}) missing from font(s) DejaVu Sans.
  buf=io.BytesIO(); plt.tight_layout(); plt.savefig(buf, format="png"); data=base64.b64encode(buf.getvalue()).decode()
D:\quant_system_pro (3)\quant_system_pro\backtest\backtest_pro.py:330: UserWarning: Glyph 65289 (\N{FULLWIDTH RIGHT PARENTHESIS}) missing from font(s) DejaVu Sans.
  buf=io.BytesIO(); plt.tight_layout(); plt.savefig(buf, format="png"); data=base64.b64encode(buf.getvalue()).decode()
[完成] 最优表: D:\quant_system_pro (3)\quant_system_pro\results\full_throttle_ETH\最优组合总表_S档_20250817-033816.csv
[完成] best_combo: data/best_combo.csv
