[A6-SHIM] pandas.DataFrame.to_csv 已安装修订钩子（仅拦截 a6_strategy_scores*）
C:\Users\Administrator\AppData\Local\Programs\Python\Python39\lib\site-packages\hyperopt\atpe.py:19: UserWarning: pkg_resources is deprecated as an API. See https://setuptools.pypa.io/en/latest/pkg_resources.html. The pkg_resources package is slated for removal as early as 2025-11-30. Refrain from using this package or pin to Setuptools<81.
  import pkg_resources
[GPU] Torch 2.6.0+cu124 | CUDA 12.4 | Device NVIDIA GeForce RTX 3060 | available=True
[GPU] XGBoost 1.7.6 (gpu_hist supported)
[GPU] LightGBM available (GPU depends on build)
[回测] 符号数=1 窗口=45天 S档=ON

  0%|          | 0/25 [00:00<?, ?trial/s, best loss=?]
  4%|▍         | 1/25 [00:01<00:31,  1.33s/trial, best loss: 0.21063254166170578]
  8%|▊         | 2/25 [00:02<00:29,  1.30s/trial, best loss: 0.21063254166170578]
 12%|█▏        | 3/25 [00:03<00:28,  1.31s/trial, best loss: 0.21063254166170578]
 16%|█▌        | 4/25 [00:05<00:27,  1.31s/trial, best loss: 0.21063254166170578]
 20%|██        | 5/25 [00:06<00:26,  1.30s/trial, best loss: 0.21063254166170578]
 24%|██▍       | 6/25 [00:07<00:24,  1.28s/trial, best loss: 0.2083907089344868] 
 28%|██▊       | 7/25 [00:09<00:22,  1.27s/trial, best loss: 0.2083907089344868]
 32%|███▏      | 8/25 [00:10<00:21,  1.29s/trial, best loss: 0.2083907089344868]
 36%|███▌      | 9/25 [00:11<00:20,  1.28s/trial, best loss: 0.2083907089344868]
 40%|████      | 10/25 [00:12<00:18,  1.26s/trial, best loss: 0.2083907089344868]
 44%|████▍     | 11/25 [00:14<00:17,  1.27s/trial, best loss: 0.2083907089344868]
 48%|████▊     | 12/25 [00:15<00:16,  1.30s/trial, best loss: 0.2083907089344868]
 52%|█████▏    | 13/25 [00:16<00:15,  1.29s/trial, best loss: 0.2083907089344868]
 56%|█████▌    | 14/25 [00:17<00:13,  1.27s/trial, best loss: 0.2083907089344868]
 60%|██████    | 15/25 [00:19<00:12,  1.26s/trial, best loss: 0.2083907089344868]
 64%|██████▍   | 16/25 [00:20<00:11,  1.27s/trial, best loss: 0.17914414568824338]
 68%|██████▊   | 17/25 [00:21<00:10,  1.30s/trial, best loss: 0.1745032189632552] 
 72%|███████▏  | 18/25 [00:23<00:09,  1.30s/trial, best loss: 0.1745032189632552]
 76%|███████▌  | 19/25 [00:24<00:07,  1.32s/trial, best loss: 0.1745032189632552]
 80%|████████  | 20/25 [00:25<00:06,  1.31s/trial, best loss: 0.1745032189632552]
 84%|████████▍ | 21/25 [00:27<00:05,  1.31s/trial, best loss: 0.14743917242722668]
 88%|████████▊ | 22/25 [00:28<00:03,  1.30s/trial, best loss: 0.14545354982057782]
 92%|█████████▏| 23/25 [00:29<00:02,  1.29s/trial, best loss: 0.14545354982057782]
 96%|█████████▌| 24/25 [00:31<00:01,  1.36s/trial, best loss: 0.14545354982057782]
100%|██████████| 25/25 [00:32<00:00,  1.32s/trial, best loss: 0.14545354982057782]
100%|██████████| 25/25 [00:32<00:00,  1.30s/trial, best loss: 0.14545354982057782]

  0%|          | 0/25 [00:00<?, ?trial/s, best loss=?]
  4%|▍         | 1/25 [00:01<00:26,  1.11s/trial, best loss: 0.10579308885744036]
  8%|▊         | 2/25 [00:02<00:27,  1.18s/trial, best loss: 0.1035877757527803] 
 12%|█▏        | 3/25 [00:03<00:26,  1.20s/trial, best loss: 0.1035877757527803]
 16%|█▌        | 4/25 [00:04<00:24,  1.17s/trial, best loss: 0.060663445045331894]
 20%|██        | 5/25 [00:05<00:23,  1.18s/trial, best loss: 0.060663445045331894]
 24%|██▍       | 6/25 [00:07<00:22,  1.18s/trial, best loss: 0.060663445045331894]
 28%|██▊       | 7/25 [00:08<00:20,  1.16s/trial, best loss: 0.060663445045331894]
 32%|███▏      | 8/25 [00:09<00:19,  1.17s/trial, best loss: 0.060663445045331894]
 36%|███▌      | 9/25 [00:10<00:18,  1.18s/trial, best loss: 0.060663445045331894]
 40%|████      | 10/25 [00:11<00:17,  1.18s/trial, best loss: 0.060663445045331894]
 44%|████▍     | 11/25 [00:12<00:16,  1.18s/trial, best loss: 0.060663445045331894]
 48%|████▊     | 12/25 [00:14<00:15,  1.19s/trial, best loss: 0.060663445045331894]
 52%|█████▏    | 13/25 [00:15<00:14,  1.20s/trial, best loss: 0.060663445045331894]
 56%|█████▌    | 14/25 [00:16<00:12,  1.18s/trial, best loss: 0.060663445045331894]
 60%|██████    | 15/25 [00:17<00:11,  1.18s/trial, best loss: 0.060663445045331894]
 64%|██████▍   | 16/25 [00:18<00:10,  1.19s/trial, best loss: 0.060663445045331894]
 68%|██████▊   | 17/25 [00:20<00:09,  1.18s/trial, best loss: 0.060663445045331894]
 72%|███████▏  | 18/25 [00:21<00:08,  1.19s/trial, best loss: 0.060663445045331894]
 76%|███████▌  | 19/25 [00:22<00:07,  1.18s/trial, best loss: 0.060663445045331894]
 80%|████████  | 20/25 [00:23<00:05,  1.17s/trial, best loss: 0.060663445045331894]
 84%|████████▍ | 21/25 [00:24<00:04,  1.17s/trial, best loss: 0.05836001581491061] 
 88%|████████▊ | 22/25 [00:25<00:03,  1.19s/trial, best loss: 0.05836001581491061]
 92%|█████████▏| 23/25 [00:27<00:02,  1.18s/trial, best loss: 0.05828784236866759]
 96%|█████████▌| 24/25 [00:28<00:01,  1.18s/trial, best loss: 0.05828784236866759]
100%|██████████| 25/25 [00:29<00:00,  1.18s/trial, best loss: 0.05828784236866759]
100%|██████████| 25/25 [00:29<00:00,  1.18s/trial, best loss: 0.05828784236866759]

  0%|          | 0/25 [00:00<?, ?trial/s, best loss=?]
  4%|▍         | 1/25 [00:01<00:26,  1.10s/trial, best loss: 0.019675827285688372]
  8%|▊         | 2/25 [00:02<00:25,  1.12s/trial, best loss: 0.019675827285688372]
 12%|█▏        | 3/25 [00:03<00:25,  1.15s/trial, best loss: 0.019675827285688372]
 16%|█▌        | 4/25 [00:04<00:24,  1.16s/trial, best loss: 0.019675827285688372]
 20%|██        | 5/25 [00:05<00:22,  1.14s/trial, best loss: 0.019675827285688372]
 24%|██▍       | 6/25 [00:06<00:17,  1.09trial/s, best loss: 0.019675827285688372]
 28%|██▊       | 7/25 [00:06<00:13,  1.29trial/s, best loss: 0.013446623540219964]
 32%|███▏      | 8/25 [00:07<00:11,  1.46trial/s, best loss: 0.013446623540219964]
 36%|███▌      | 9/25 [00:07<00:09,  1.60trial/s, best loss: 0.013446623540219964]
 40%|████      | 10/25 [00:08<00:08,  1.70trial/s, best loss: 0.013446623540219964]
 44%|████▍     | 11/25 [00:08<00:08,  1.73trial/s, best loss: 0.013446623540219964]
 48%|████▊     | 12/25 [00:09<00:07,  1.64trial/s, best loss: -0.004765545675904894]
 52%|█████▏    | 13/25 [00:09<00:07,  1.65trial/s, best loss: -0.004765545675904894]
 56%|█████▌    | 14/25 [00:10<00:06,  1.76trial/s, best loss: -0.004765545675904894]
 60%|██████    | 15/25 [00:10<00:05,  1.82trial/s, best loss: -0.004765545675904894]
 64%|██████▍   | 16/25 [00:11<00:04,  1.85trial/s, best loss: -0.01845890211767262] 
 68%|██████▊   | 17/25 [00:12<00:04,  1.89trial/s, best loss: -0.01845890211767262]
 72%|███████▏  | 18/25 [00:12<00:03,  1.93trial/s, best loss: -0.01845890211767262]
 76%|███████▌  | 19/25 [00:12<00:03,  1.95trial/s, best loss: -0.01845890211767262]
 80%|████████  | 20/25 [00:13<00:02,  1.95trial/s, best loss: -0.01845890211767262]
 84%|████████▍ | 21/25 [00:14<00:02,  1.93trial/s, best loss: -0.01845890211767262]
 88%|████████▊ | 22/25 [00:14<00:01,  1.93trial/s, best loss: -0.01845890211767262]
 92%|█████████▏| 23/25 [00:15<00:01,  1.92trial/s, best loss: -0.01845890211767262]
 96%|█████████▌| 24/25 [00:15<00:00,  1.96trial/s, best loss: -0.01845890211767262]
100%|██████████| 25/25 [00:16<00:00,  1.96trial/s, best loss: -0.01845890211767262]
100%|██████████| 25/25 [00:16<00:00,  1.55trial/s, best loss: -0.01845890211767262]

  0%|          | 0/25 [00:00<?, ?trial/s, best loss=?]
  4%|▍         | 1/25 [00:00<00:11,  2.12trial/s, best loss: 0.09498643314301133]
  8%|▊         | 2/25 [00:00<00:10,  2.13trial/s, best loss: 0.09498643314301133]
 12%|█▏        | 3/25 [00:01<00:10,  2.06trial/s, best loss: 0.09498643314301133]
 16%|█▌        | 4/25 [00:01<00:10,  2.08trial/s, best loss: 0.09498643314301133]
 20%|██        | 5/25 [00:02<00:09,  2.10trial/s, best loss: 0.09498643314301133]
 24%|██▍       | 6/25 [00:02<00:09,  2.09trial/s, best loss: 0.09478692249264785]
 28%|██▊       | 7/25 [00:03<00:09,  1.96trial/s, best loss: 0.09478692249264785]
 32%|███▏      | 8/25 [00:04<00:09,  1.83trial/s, best loss: 0.09478692249264785]
 36%|███▌      | 9/25 [00:04<00:08,  1.82trial/s, best loss: 0.09478692249264785]
 40%|████      | 10/25 [00:05<00:07,  1.89trial/s, best loss: 0.09478692249264785]
 44%|████▍     | 11/25 [00:05<00:07,  1.94trial/s, best loss: 0.09478692249264785]
 48%|████▊     | 12/25 [00:06<00:06,  1.96trial/s, best loss: 0.09478692249264785]
 52%|█████▏    | 13/25 [00:06<00:05,  2.01trial/s, best loss: 0.09478692249264785]
 56%|█████▌    | 14/25 [00:07<00:05,  2.02trial/s, best loss: 0.09478692249264785]
 60%|██████    | 15/25 [00:07<00:04,  2.03trial/s, best loss: 0.09478692249264785]
 64%|██████▍   | 16/25 [00:08<00:04,  2.06trial/s, best loss: 0.09478692249264785]
 68%|██████▊   | 17/25 [00:08<00:03,  2.02trial/s, best loss: 0.09478692249264785]
 72%|███████▏  | 18/25 [00:09<00:03,  1.96trial/s, best loss: 0.09478692249264785]
 76%|███████▌  | 19/25 [00:09<00:03,  1.97trial/s, best loss: 0.09478692249264785]
 80%|████████  | 20/25 [00:10<00:02,  1.97trial/s, best loss: 0.09478692249264785]
 84%|████████▍ | 21/25 [00:10<00:02,  1.97trial/s, best loss: 0.056122049638605065]
 88%|████████▊ | 22/25 [00:11<00:01,  2.00trial/s, best loss: 0.056122049638605065]
 92%|█████████▏| 23/25 [00:11<00:00,  2.02trial/s, best loss: 0.04770206122227763] 
 96%|█████████▌| 24/25 [00:12<00:00,  2.01trial/s, best loss: 0.04770206122227763]
100%|██████████| 25/25 [00:12<00:00,  1.98trial/s, best loss: 0.04770206122227763]
100%|██████████| 25/25 [00:12<00:00,  1.99trial/s, best loss: 0.04770206122227763]

  0%|          | 0/25 [00:00<?, ?trial/s, best loss=?]
  4%|▍         | 1/25 [00:00<00:11,  2.07trial/s, best loss: 0.22760538575053596]
  8%|▊         | 2/25 [00:00<00:10,  2.13trial/s, best loss: 0.22760538575053596]
 12%|█▏        | 3/25 [00:01<00:10,  2.08trial/s, best loss: 0.14597835752044558]
 16%|█▌        | 4/25 [00:01<00:10,  2.04trial/s, best loss: 0.14597835752044558]
 20%|██        | 5/25 [00:02<00:09,  2.08trial/s, best loss: 0.14597835752044558]
 24%|██▍       | 6/25 [00:02<00:09,  2.06trial/s, best loss: 0.14597835752044558]
 28%|██▊       | 7/25 [00:03<00:09,  2.00trial/s, best loss: 0.14597835752044558]
 32%|███▏      | 8/25 [00:03<00:08,  2.02trial/s, best loss: 0.07894618544704754]
 36%|███▌      | 9/25 [00:04<00:07,  2.03trial/s, best loss: 0.07894618544704754]
 40%|████      | 10/25 [00:04<00:07,  2.07trial/s, best loss: 0.07894618544704754]
 44%|████▍     | 11/25 [00:05<00:06,  2.08trial/s, best loss: 0.07894618544704754]
 48%|████▊     | 12/25 [00:05<00:06,  2.05trial/s, best loss: 0.07894618544704754]
 52%|█████▏    | 13/25 [00:06<00:05,  2.09trial/s, best loss: 0.07894618544704754]
 56%|█████▌    | 14/25 [00:06<00:05,  2.11trial/s, best loss: 0.0649415455004863] 
 60%|██████    | 15/25 [00:07<00:04,  2.09trial/s, best loss: 0.0649415455004863]
 64%|██████▍   | 16/25 [00:07<00:04,  2.06trial/s, best loss: 0.0649415455004863]
 68%|██████▊   | 17/25 [00:08<00:03,  2.03trial/s, best loss: 0.0649415455004863]
 72%|███████▏  | 18/25 [00:08<00:03,  1.95trial/s, best loss: 0.0649415455004863]
 76%|███████▌  | 19/25 [00:09<00:03,  1.97trial/s, best loss: 0.0649415455004863]
 80%|████████  | 20/25 [00:09<00:02,  2.01trial/s, best loss: 0.0649415455004863]
 84%|████████▍ | 21/25 [00:10<00:01,  2.03trial/s, best loss: 0.04052602348773332]
 88%|████████▊ | 22/25 [00:10<00:01,  2.04trial/s, best loss: 0.04052602348773332]
 92%|█████████▏| 23/25 [00:11<00:00,  2.05trial/s, best loss: 0.04052602348773332]
 96%|█████████▌| 24/25 [00:11<00:00,  2.02trial/s, best loss: 0.04052602348773332]
100%|██████████| 25/25 [00:12<00:00,  2.03trial/s, best loss: 0.04052602348773332]
100%|██████████| 25/25 [00:12<00:00,  2.04trial/s, best loss: 0.04052602348773332]

  0%|          | 0/25 [00:00<?, ?trial/s, best loss=?]
  4%|▍         | 1/25 [00:00<00:11,  2.10trial/s, best loss: 0.7246196651351622]
  8%|▊         | 2/25 [00:00<00:10,  2.14trial/s, best loss: 0.7246196651351622]
 12%|█▏        | 3/25 [00:01<00:10,  2.16trial/s, best loss: 0.7246196651351622]
 16%|█▌        | 4/25 [00:01<00:09,  2.12trial/s, best loss: 0.7246196651351622]
 20%|██        | 5/25 [00:02<00:09,  2.05trial/s, best loss: 0.7246196651351622]
 24%|██▍       | 6/25 [00:02<00:09,  1.99trial/s, best loss: 0.7246196651351622]
 28%|██▊       | 7/25 [00:03<00:08,  2.06trial/s, best loss: 0.7246196651351622]
 32%|███▏      | 8/25 [00:03<00:08,  2.09trial/s, best loss: 0.7246196651351622]
 36%|███▌      | 9/25 [00:04<00:07,  2.06trial/s, best loss: 0.7246196651351622]
 40%|████      | 10/25 [00:04<00:07,  2.09trial/s, best loss: 0.7246196651351622]
 44%|████▍     | 11/25 [00:05<00:06,  2.07trial/s, best loss: 0.7246196651351622]
 48%|████▊     | 12/25 [00:05<00:06,  2.06trial/s, best loss: 0.7246196651351622]
 52%|█████▏    | 13/25 [00:06<00:05,  2.05trial/s, best loss: 0.7246196651351622]
 56%|█████▌    | 14/25 [00:06<00:05,  2.10trial/s, best loss: 0.7246196651351622]
 60%|██████    | 15/25 [00:07<00:04,  2.04trial/s, best loss: 0.7246196651351622]
 64%|██████▍   | 16/25 [00:07<00:04,  2.04trial/s, best loss: 0.7246196651351622]
 68%|██████▊   | 17/25 [00:08<00:03,  2.04trial/s, best loss: 0.7246196651351622]
 72%|███████▏  | 18/25 [00:08<00:03,  2.04trial/s, best loss: 0.7246196651351622]
 76%|███████▌  | 19/25 [00:09<00:02,  2.07trial/s, best loss: 0.7246196651351622]
 80%|████████  | 20/25 [00:09<00:02,  2.12trial/s, best loss: 0.7246196651351622]
 84%|████████▍ | 21/25 [00:10<00:01,  2.11trial/s, best loss: 0.7246196651351622]
 88%|████████▊ | 22/25 [00:10<00:01,  2.09trial/s, best loss: 0.7246196651351622]
 92%|█████████▏| 23/25 [00:11<00:00,  2.08trial/s, best loss: 0.7246196651351622]
 96%|█████████▌| 24/25 [00:11<00:00,  2.06trial/s, best loss: 0.7246196651351622]
100%|██████████| 25/25 [00:12<00:00,  1.99trial/s, best loss: 0.7246196651351622]
100%|██████████| 25/25 [00:12<00:00,  2.06trial/s, best loss: 0.7246196651351622]
D:\quant_system_pro (3)\quant_system_pro\backtest\backtest_pro.py:330: UserWarning: Glyph 39057 (\N{CJK UNIFIED IDEOGRAPH-9891}) missing from font(s) DejaVu Sans.
  buf=io.BytesIO(); plt.tight_layout(); plt.savefig(buf, format="png"); data=base64.b64encode(buf.getvalue()).decode()
D:\quant_system_pro (3)\quant_system_pro\backtest\backtest_pro.py:330: UserWarning: Glyph 25968 (\N{CJK UNIFIED IDEOGRAPH-6570}) missing from font(s) DejaVu Sans.
  buf=io.BytesIO(); plt.tight_layout(); plt.savefig(buf, format="png"); data=base64.b64encode(buf.getvalue()).decode()
D:\quant_system_pro (3)\quant_system_pro\backtest\backtest_pro.py:330: UserWarning: Glyph 20998 (\N{CJK UNIFIED IDEOGRAPH-5206}) missing from font(s) DejaVu Sans.
  buf=io.BytesIO(); plt.tight_layout(); plt.savefig(buf, format="png"); data=base64.b64encode(buf.getvalue()).decode()
D:\quant_system_pro (3)\quant_system_pro\backtest\backtest_pro.py:330: UserWarning: Glyph 24067 (\N{CJK UNIFIED IDEOGRAPH-5E03}) missing from font(s) DejaVu Sans.
  buf=io.BytesIO(); plt.tight_layout(); plt.savefig(buf, format="png"); data=base64.b64encode(buf.getvalue()).decode()
D:\quant_system_pro (3)\quant_system_pro\backtest\backtest_pro.py:330: UserWarning: Glyph 65288 (\N{FULLWIDTH LEFT PARENTHESIS}) missing from font(s) DejaVu Sans.
  buf=io.BytesIO(); plt.tight_layout(); plt.savefig(buf, format="png"); data=base64.b64encode(buf.getvalue()).decode()
D:\quant_system_pro (3)\quant_system_pro\backtest\backtest_pro.py:330: UserWarning: Glyph 36234 (\N{CJK UNIFIED IDEOGRAPH-8D8A}) missing from font(s) DejaVu Sans.
  buf=io.BytesIO(); plt.tight_layout(); plt.savefig(buf, format="png"); data=base64.b64encode(buf.getvalue()).decode()
D:\quant_system_pro (3)\quant_system_pro\backtest\backtest_pro.py:330: UserWarning: Glyph 20302 (\N{CJK UNIFIED IDEOGRAPH-4F4E}) missing from font(s) DejaVu Sans.
  buf=io.BytesIO(); plt.tight_layout(); plt.savefig(buf, format="png"); data=base64.b64encode(buf.getvalue()).decode()
D:\quant_system_pro (3)\quant_system_pro\backtest\backtest_pro.py:330: UserWarning: Glyph 22909 (\N{CJK UNIFIED IDEOGRAPH-597D}) missing from font(s) DejaVu Sans.
  buf=io.BytesIO(); plt.tight_layout(); plt.savefig(buf, format="png"); data=base64.b64encode(buf.getvalue()).decode()
D:\quant_system_pro (3)\quant_system_pro\backtest\backtest_pro.py:330: UserWarning: Glyph 65289 (\N{FULLWIDTH RIGHT PARENTHESIS}) missing from font(s) DejaVu Sans.
  buf=io.BytesIO(); plt.tight_layout(); plt.savefig(buf, format="png"); data=base64.b64encode(buf.getvalue()).decode()
[完成] 最优表: D:\quant_system_pro (3)\quant_system_pro\results\full_throttle_ETH\最优组合总表_S档_20250817-033826.csv
[完成] best_combo: data/best_combo.csv
