[A6-SHIM] pandas.DataFrame.to_csv 已安装修订钩子（仅拦截 a6_strategy_scores*）
C:\Users\Administrator\AppData\Local\Programs\Python\Python39\lib\site-packages\hyperopt\atpe.py:19: UserWarning: pkg_resources is deprecated as an API. See https://setuptools.pypa.io/en/latest/pkg_resources.html. The pkg_resources package is slated for removal as early as 2025-11-30. Refrain from using this package or pin to Setuptools<81.
  import pkg_resources
[GPU] Torch 2.6.0+cu124 | CUDA 12.4 | Device NVIDIA GeForce RTX 3060 | available=True
[GPU] XGBoost 1.7.6 (gpu_hist supported)
[GPU] LightGBM available (GPU depends on build)
[回测] 符号数=1 窗口=45天 S档=ON

  0%|          | 0/25 [00:00<?, ?trial/s, best loss=?]
  4%|▍         | 1/25 [00:01<00:26,  1.10s/trial, best loss: 0.26541371673581526]
  8%|▊         | 2/25 [00:02<00:24,  1.08s/trial, best loss: 0.26541371673581526]
 12%|█▏        | 3/25 [00:03<00:23,  1.08s/trial, best loss: 0.26541371673581526]
 16%|█▌        | 4/25 [00:04<00:22,  1.09s/trial, best loss: 0.26460752053686626]
 20%|██        | 5/25 [00:05<00:21,  1.08s/trial, best loss: -0.19107991769319851]
 24%|██▍       | 6/25 [00:06<00:20,  1.09s/trial, best loss: -0.19107991769319851]
 28%|██▊       | 7/25 [00:07<00:19,  1.09s/trial, best loss: -0.19107991769319851]
 32%|███▏      | 8/25 [00:08<00:18,  1.08s/trial, best loss: -0.19107991769319851]
 36%|███▌      | 9/25 [00:09<00:17,  1.08s/trial, best loss: -0.19107991769319851]
 40%|████      | 10/25 [00:10<00:16,  1.10s/trial, best loss: -0.19107991769319851]
 44%|████▍     | 11/25 [00:12<00:15,  1.11s/trial, best loss: -0.19107991769319851]
 48%|████▊     | 12/25 [00:13<00:14,  1.10s/trial, best loss: -0.19107991769319851]
 52%|█████▏    | 13/25 [00:14<00:13,  1.10s/trial, best loss: -0.19107991769319851]
 56%|█████▌    | 14/25 [00:15<00:12,  1.11s/trial, best loss: -0.19107991769319851]
 60%|██████    | 15/25 [00:16<00:11,  1.12s/trial, best loss: -0.19107991769319851]
 64%|██████▍   | 16/25 [00:17<00:10,  1.11s/trial, best loss: -0.19107991769319851]
 68%|██████▊   | 17/25 [00:18<00:08,  1.12s/trial, best loss: -0.19107991769319851]
 72%|███████▏  | 18/25 [00:19<00:07,  1.11s/trial, best loss: -0.1914486659458015] 
 76%|███████▌  | 19/25 [00:20<00:06,  1.11s/trial, best loss: -0.1914486659458015]
 80%|████████  | 20/25 [00:22<00:05,  1.11s/trial, best loss: -0.1914486659458015]
 84%|████████▍ | 21/25 [00:23<00:04,  1.13s/trial, best loss: -0.19313015568360528]
 88%|████████▊ | 22/25 [00:24<00:03,  1.11s/trial, best loss: -0.19313015568360528]
 92%|█████████▏| 23/25 [00:25<00:02,  1.11s/trial, best loss: -0.19766690785025237]
 96%|█████████▌| 24/25 [00:26<00:01,  1.10s/trial, best loss: -0.19766690785025237]
100%|██████████| 25/25 [00:27<00:00,  1.10s/trial, best loss: -0.19766690785025237]
100%|██████████| 25/25 [00:27<00:00,  1.10s/trial, best loss: -0.19766690785025237]

  0%|          | 0/25 [00:00<?, ?trial/s, best loss=?]
  4%|▍         | 1/25 [00:01<00:26,  1.12s/trial, best loss: -0.19494911363151074]
  8%|▊         | 2/25 [00:02<00:25,  1.11s/trial, best loss: -0.19494911363151074]
 12%|█▏        | 3/25 [00:03<00:24,  1.09s/trial, best loss: -0.19695206813051858]
 16%|█▌        | 4/25 [00:04<00:22,  1.09s/trial, best loss: -0.19695206813051858]
 20%|██        | 5/25 [00:05<00:21,  1.09s/trial, best loss: -0.19695206813051858]
 24%|██▍       | 6/25 [00:06<00:20,  1.10s/trial, best loss: -0.19695206813051858]
 28%|██▊       | 7/25 [00:07<00:19,  1.11s/trial, best loss: -0.19695206813051858]
 32%|███▏      | 8/25 [00:08<00:18,  1.11s/trial, best loss: -0.19695206813051858]
 36%|███▌      | 9/25 [00:09<00:17,  1.11s/trial, best loss: -0.19695206813051858]
 40%|████      | 10/25 [00:11<00:16,  1.10s/trial, best loss: -0.19695206813051858]
 44%|████▍     | 11/25 [00:12<00:15,  1.09s/trial, best loss: -0.19695206813051858]
 48%|████▊     | 12/25 [00:13<00:14,  1.09s/trial, best loss: -0.19695206813051858]
 52%|█████▏    | 13/25 [00:14<00:13,  1.08s/trial, best loss: -0.19695206813051858]
 56%|█████▌    | 14/25 [00:15<00:12,  1.10s/trial, best loss: -0.19695206813051858]
 60%|██████    | 15/25 [00:16<00:10,  1.10s/trial, best loss: -0.19695206813051858]
 64%|██████▍   | 16/25 [00:17<00:09,  1.10s/trial, best loss: -0.19695206813051858]
 68%|██████▊   | 17/25 [00:18<00:08,  1.12s/trial, best loss: -0.19695206813051858]
 72%|███████▏  | 18/25 [00:19<00:07,  1.11s/trial, best loss: -0.19695206813051858]
 76%|███████▌  | 19/25 [00:20<00:06,  1.11s/trial, best loss: -0.19695206813051858]
 80%|████████  | 20/25 [00:22<00:05,  1.11s/trial, best loss: -0.19695206813051858]
 84%|████████▍ | 21/25 [00:23<00:04,  1.12s/trial, best loss: -0.19695206813051858]
 88%|████████▊ | 22/25 [00:24<00:03,  1.12s/trial, best loss: -0.19695206813051858]
 92%|█████████▏| 23/25 [00:25<00:02,  1.12s/trial, best loss: -0.19695206813051858]
 96%|█████████▌| 24/25 [00:26<00:01,  1.13s/trial, best loss: -0.19695206813051858]
100%|██████████| 25/25 [00:27<00:00,  1.14s/trial, best loss: -0.19695206813051858]
100%|██████████| 25/25 [00:27<00:00,  1.11s/trial, best loss: -0.19695206813051858]

  0%|          | 0/25 [00:00<?, ?trial/s, best loss=?]
  4%|▍         | 1/25 [00:01<00:25,  1.08s/trial, best loss: -0.21676671640826922]
  8%|▊         | 2/25 [00:02<00:25,  1.09s/trial, best loss: -0.21905667097377254]
 12%|█▏        | 3/25 [00:03<00:24,  1.11s/trial, best loss: -0.21905667097377254]
 16%|█▌        | 4/25 [00:04<00:23,  1.11s/trial, best loss: -0.21905667097377254]
 20%|██        | 5/25 [00:05<00:22,  1.10s/trial, best loss: -0.21905667097377254]
 24%|██▍       | 6/25 [00:06<00:20,  1.10s/trial, best loss: -0.21905667097377254]
 28%|██▊       | 7/25 [00:07<00:19,  1.11s/trial, best loss: -0.2348483008099787] 
 32%|███▏      | 8/25 [00:08<00:18,  1.11s/trial, best loss: -0.2348483008099787]
 36%|███▌      | 9/25 [00:09<00:17,  1.11s/trial, best loss: -0.2348483008099787]
 40%|████      | 10/25 [00:11<00:16,  1.12s/trial, best loss: -0.2348483008099787]
 44%|████▍     | 11/25 [00:12<00:15,  1.12s/trial, best loss: -0.2348483008099787]
 48%|████▊     | 12/25 [00:13<00:14,  1.12s/trial, best loss: -0.2348483008099787]
 52%|█████▏    | 13/25 [00:14<00:13,  1.13s/trial, best loss: -0.2348483008099787]
 56%|█████▌    | 14/25 [00:15<00:12,  1.13s/trial, best loss: -0.23689867459845587]
 60%|██████    | 15/25 [00:16<00:11,  1.11s/trial, best loss: -0.23689867459845587]
 64%|██████▍   | 16/25 [00:17<00:10,  1.13s/trial, best loss: -0.23689867459845587]
 68%|██████▊   | 17/25 [00:18<00:07,  1.07trial/s, best loss: -0.23689867459845587]
 72%|███████▏  | 18/25 [00:18<00:05,  1.27trial/s, best loss: -0.23689867459845587]
 76%|███████▌  | 19/25 [00:19<00:04,  1.45trial/s, best loss: -0.237177314582444]  
 80%|████████  | 20/25 [00:19<00:03,  1.60trial/s, best loss: -0.237177314582444]
 84%|████████▍ | 21/25 [00:20<00:02,  1.69trial/s, best loss: -0.237177314582444]
 88%|████████▊ | 22/25 [00:20<00:01,  1.74trial/s, best loss: -0.237177314582444]
 92%|█████████▏| 23/25 [00:21<00:01,  1.80trial/s, best loss: -0.237177314582444]
 96%|█████████▌| 24/25 [00:21<00:00,  1.87trial/s, best loss: -0.237177314582444]
100%|██████████| 25/25 [00:22<00:00,  1.95trial/s, best loss: -0.237177314582444]
100%|██████████| 25/25 [00:22<00:00,  1.12trial/s, best loss: -0.237177314582444]

  0%|          | 0/25 [00:00<?, ?trial/s, best loss=?]
  4%|▍         | 1/25 [00:00<00:11,  2.16trial/s, best loss: -0.12853502482070583]
  8%|▊         | 2/25 [00:00<00:11,  2.09trial/s, best loss: -0.19523691406923863]
 12%|█▏        | 3/25 [00:01<00:10,  2.12trial/s, best loss: -0.19523691406923863]
 16%|█▌        | 4/25 [00:01<00:09,  2.11trial/s, best loss: -0.19523691406923863]
 20%|██        | 5/25 [00:02<00:09,  2.13trial/s, best loss: -0.19523691406923863]
 24%|██▍       | 6/25 [00:02<00:09,  2.09trial/s, best loss: -0.19523691406923863]
 28%|██▊       | 7/25 [00:03<00:08,  2.10trial/s, best loss: -0.19523691406923863]
 32%|███▏      | 8/25 [00:03<00:08,  2.09trial/s, best loss: -0.19523691406923863]
 36%|███▌      | 9/25 [00:04<00:07,  2.06trial/s, best loss: -0.19523691406923863]
 40%|████      | 10/25 [00:04<00:07,  2.09trial/s, best loss: -0.19523691406923863]
 44%|████▍     | 11/25 [00:05<00:06,  2.10trial/s, best loss: -0.19523691406923863]
 48%|████▊     | 12/25 [00:05<00:06,  2.07trial/s, best loss: -0.19523691406923863]
 52%|█████▏    | 13/25 [00:06<00:05,  2.08trial/s, best loss: -0.19523691406923863]
 56%|█████▌    | 14/25 [00:06<00:05,  2.09trial/s, best loss: -0.19523691406923863]
 60%|██████    | 15/25 [00:07<00:04,  2.09trial/s, best loss: -0.19523691406923863]
 64%|██████▍   | 16/25 [00:07<00:04,  2.11trial/s, best loss: -0.19523691406923863]
 68%|██████▊   | 17/25 [00:08<00:03,  2.14trial/s, best loss: -0.19523691406923863]
 72%|███████▏  | 18/25 [00:08<00:03,  2.11trial/s, best loss: -0.19523691406923863]
 76%|███████▌  | 19/25 [00:09<00:03,  2.00trial/s, best loss: -0.19523691406923863]
 80%|████████  | 20/25 [00:09<00:02,  1.99trial/s, best loss: -0.19523691406923863]
 84%|████████▍ | 21/25 [00:10<00:02,  1.91trial/s, best loss: -0.19523691406923863]
 88%|████████▊ | 22/25 [00:10<00:01,  1.95trial/s, best loss: -0.19523691406923863]
 92%|█████████▏| 23/25 [00:11<00:01,  1.99trial/s, best loss: -0.19523691406923863]
 96%|█████████▌| 24/25 [00:11<00:00,  2.00trial/s, best loss: -0.19523691406923863]
100%|██████████| 25/25 [00:12<00:00,  2.02trial/s, best loss: -0.19523691406923863]
100%|██████████| 25/25 [00:12<00:00,  2.06trial/s, best loss: -0.19523691406923863]

  0%|          | 0/25 [00:00<?, ?trial/s, best loss=?]
  4%|▍         | 1/25 [00:00<00:11,  2.05trial/s, best loss: 0.06018649984967951]
  8%|▊         | 2/25 [00:00<00:11,  2.08trial/s, best loss: 0.06018649984967951]
 12%|█▏        | 3/25 [00:01<00:10,  2.06trial/s, best loss: -0.17880581198976953]
 16%|█▌        | 4/25 [00:01<00:10,  2.09trial/s, best loss: -0.17880581198976953]
 20%|██        | 5/25 [00:02<00:09,  2.09trial/s, best loss: -0.17880581198976953]
 24%|██▍       | 6/25 [00:02<00:09,  2.11trial/s, best loss: -0.17880581198976953]
 28%|██▊       | 7/25 [00:03<00:08,  2.10trial/s, best loss: -0.17880581198976953]
 32%|███▏      | 8/25 [00:03<00:08,  2.09trial/s, best loss: -0.17880581198976953]
 36%|███▌      | 9/25 [00:04<00:07,  2.03trial/s, best loss: -0.17880581198976953]
 40%|████      | 10/25 [00:04<00:07,  1.98trial/s, best loss: -0.17880581198976953]
 44%|████▍     | 11/25 [00:05<00:06,  2.00trial/s, best loss: -0.19397194089231462]
 48%|████▊     | 12/25 [00:05<00:06,  2.05trial/s, best loss: -0.19397194089231462]
 52%|█████▏    | 13/25 [00:06<00:05,  2.06trial/s, best loss: -0.19397194089231462]
 56%|█████▌    | 14/25 [00:06<00:05,  2.10trial/s, best loss: -0.19397194089231462]
 60%|██████    | 15/25 [00:07<00:04,  2.10trial/s, best loss: -0.19397194089231462]
 64%|██████▍   | 16/25 [00:07<00:04,  2.11trial/s, best loss: -0.19397194089231462]
 68%|██████▊   | 17/25 [00:08<00:03,  2.14trial/s, best loss: -0.19397194089231462]
 72%|███████▏  | 18/25 [00:08<00:03,  2.16trial/s, best loss: -0.19397194089231462]
 76%|███████▌  | 19/25 [00:09<00:02,  2.12trial/s, best loss: -0.19397194089231462]
 80%|████████  | 20/25 [00:09<00:02,  2.07trial/s, best loss: -0.19397194089231462]
 84%|████████▍ | 21/25 [00:10<00:01,  2.07trial/s, best loss: -0.19397194089231462]
 88%|████████▊ | 22/25 [00:10<00:01,  2.07trial/s, best loss: -0.19397194089231462]
 92%|█████████▏| 23/25 [00:11<00:00,  2.09trial/s, best loss: -0.19397194089231462]
 96%|█████████▌| 24/25 [00:11<00:00,  2.10trial/s, best loss: -0.19397194089231462]
100%|██████████| 25/25 [00:12<00:00,  2.09trial/s, best loss: -0.19397194089231462]
100%|██████████| 25/25 [00:12<00:00,  2.08trial/s, best loss: -0.19397194089231462]

  0%|          | 0/25 [00:00<?, ?trial/s, best loss=?]
  4%|▍         | 1/25 [00:00<00:12,  1.99trial/s, best loss: 0.7440084141004176]
  8%|▊         | 2/25 [00:00<00:11,  2.06trial/s, best loss: 0.7440084141004176]
 12%|█▏        | 3/25 [00:01<00:10,  2.10trial/s, best loss: 0.7440084141004176]
 16%|█▌        | 4/25 [00:01<00:10,  2.09trial/s, best loss: 0.7440084141004176]
 20%|██        | 5/25 [00:02<00:09,  2.08trial/s, best loss: 0.7440084141004176]
 24%|██▍       | 6/25 [00:02<00:09,  2.07trial/s, best loss: 0.7440084141004176]
 28%|██▊       | 7/25 [00:03<00:08,  2.01trial/s, best loss: 0.7440084141004176]
 32%|███▏      | 8/25 [00:03<00:08,  2.03trial/s, best loss: 0.7440084141004176]
 36%|███▌      | 9/25 [00:04<00:08,  2.00trial/s, best loss: 0.7256565537952616]
 40%|████      | 10/25 [00:04<00:07,  2.04trial/s, best loss: 0.7256565537952616]
 44%|████▍     | 11/25 [00:05<00:06,  2.06trial/s, best loss: 0.7256565537952616]
 48%|████▊     | 12/25 [00:05<00:06,  2.10trial/s, best loss: 0.7256565537952616]
 52%|█████▏    | 13/25 [00:06<00:05,  2.11trial/s, best loss: 0.7256565537952616]
 56%|█████▌    | 14/25 [00:06<00:05,  2.10trial/s, best loss: 0.7256565537952616]
 60%|██████    | 15/25 [00:07<00:04,  2.12trial/s, best loss: 0.7256565537952616]
 64%|██████▍   | 16/25 [00:07<00:04,  2.13trial/s, best loss: 0.7256565537952616]
 68%|██████▊   | 17/25 [00:08<00:03,  2.14trial/s, best loss: 0.7256565537952616]
 72%|███████▏  | 18/25 [00:08<00:03,  2.10trial/s, best loss: 0.7256565537952616]
 76%|███████▌  | 19/25 [00:09<00:02,  2.03trial/s, best loss: 0.7256565537952616]
 80%|████████  | 20/25 [00:09<00:02,  2.01trial/s, best loss: 0.7256565537952616]
 84%|████████▍ | 21/25 [00:10<00:01,  2.04trial/s, best loss: 0.494439106222314] 
 88%|████████▊ | 22/25 [00:10<00:01,  2.08trial/s, best loss: 0.494439106222314]
 92%|█████████▏| 23/25 [00:11<00:00,  2.11trial/s, best loss: 0.494439106222314]
 96%|█████████▌| 24/25 [00:11<00:00,  2.10trial/s, best loss: 0.494439106222314]
100%|██████████| 25/25 [00:12<00:00,  2.08trial/s, best loss: 0.494439106222314]
100%|██████████| 25/25 [00:12<00:00,  2.07trial/s, best loss: 0.494439106222314]
D:\quant_system_pro (3)\quant_system_pro\backtest\backtest_pro.py:330: UserWarning: Glyph 39057 (\N{CJK UNIFIED IDEOGRAPH-9891}) missing from font(s) DejaVu Sans.
  buf=io.BytesIO(); plt.tight_layout(); plt.savefig(buf, format="png"); data=base64.b64encode(buf.getvalue()).decode()
D:\quant_system_pro (3)\quant_system_pro\backtest\backtest_pro.py:330: UserWarning: Glyph 25968 (\N{CJK UNIFIED IDEOGRAPH-6570}) missing from font(s) DejaVu Sans.
  buf=io.BytesIO(); plt.tight_layout(); plt.savefig(buf, format="png"); data=base64.b64encode(buf.getvalue()).decode()
D:\quant_system_pro (3)\quant_system_pro\backtest\backtest_pro.py:330: UserWarning: Glyph 20998 (\N{CJK UNIFIED IDEOGRAPH-5206}) missing from font(s) DejaVu Sans.
  buf=io.BytesIO(); plt.tight_layout(); plt.savefig(buf, format="png"); data=base64.b64encode(buf.getvalue()).decode()
D:\quant_system_pro (3)\quant_system_pro\backtest\backtest_pro.py:330: UserWarning: Glyph 24067 (\N{CJK UNIFIED IDEOGRAPH-5E03}) missing from font(s) DejaVu Sans.
  buf=io.BytesIO(); plt.tight_layout(); plt.savefig(buf, format="png"); data=base64.b64encode(buf.getvalue()).decode()
D:\quant_system_pro (3)\quant_system_pro\backtest\backtest_pro.py:330: UserWarning: Glyph 65288 (\N{FULLWIDTH LEFT PARENTHESIS}) missing from font(s) DejaVu Sans.
  buf=io.BytesIO(); plt.tight_layout(); plt.savefig(buf, format="png"); data=base64.b64encode(buf.getvalue()).decode()
D:\quant_system_pro (3)\quant_system_pro\backtest\backtest_pro.py:330: UserWarning: Glyph 36234 (\N{CJK UNIFIED IDEOGRAPH-8D8A}) missing from font(s) DejaVu Sans.
  buf=io.BytesIO(); plt.tight_layout(); plt.savefig(buf, format="png"); data=base64.b64encode(buf.getvalue()).decode()
D:\quant_system_pro (3)\quant_system_pro\backtest\backtest_pro.py:330: UserWarning: Glyph 20302 (\N{CJK UNIFIED IDEOGRAPH-4F4E}) missing from font(s) DejaVu Sans.
  buf=io.BytesIO(); plt.tight_layout(); plt.savefig(buf, format="png"); data=base64.b64encode(buf.getvalue()).decode()
D:\quant_system_pro (3)\quant_system_pro\backtest\backtest_pro.py:330: UserWarning: Glyph 22909 (\N{CJK UNIFIED IDEOGRAPH-597D}) missing from font(s) DejaVu Sans.
  buf=io.BytesIO(); plt.tight_layout(); plt.savefig(buf, format="png"); data=base64.b64encode(buf.getvalue()).decode()
D:\quant_system_pro (3)\quant_system_pro\backtest\backtest_pro.py:330: UserWarning: Glyph 65289 (\N{FULLWIDTH RIGHT PARENTHESIS}) missing from font(s) DejaVu Sans.
  buf=io.BytesIO(); plt.tight_layout(); plt.savefig(buf, format="png"); data=base64.b64encode(buf.getvalue()).decode()
[完成] 最优表: D:\quant_system_pro (3)\quant_system_pro\results\full_throttle_ETH\最优组合总表_S档_20250817-033818.csv
[完成] best_combo: data/best_combo.csv
