[A6-SHIM] pandas.DataFrame.to_csv Ѱװ޶ӣ a6_strategy_scores*
[BEST] BTCUSDT 5m A1_ma_cross {'fast': 35, 'slow': 140} ret=5.15% trades=169 score=0.0495 dd=-0.00
[BEST] BTCUSDT 15m A1_ma_cross {'fast': 25, 'slow': 130} ret=25.95% trades=54 score=0.2576 dd=-0.00
[BEST] BTCUSDT 30m A1_ma_cross {'fast': 5, 'slow': 60} ret=18.40% trades=83 score=0.1782 dd=-0.00
[BEST] BTCUSDT 1h A1_ma_cross {'fast': 5, 'slow': 30} ret=16.07% trades=68 score=0.1511 dd=-0.00
[BEST] BTCUSDT 2h A6_macd {'fast': 12, 'slow': 26, 'signal': 9} ret=25.36% trades=53 score=0.2388 dd=-0.00
[BEST] BTCUSDT 4h A1_ma_cross {'fast': 40, 'slow': 60} ret=18.43% trades=6 score=0.1807 dd=-0.00
[SKIP] BTCUSDT_1d ݲ
[BEST] ETHUSDT 5m A1_ma_cross {'fast': 15, 'slow': 190} ret=143.84% trades=160 score=1.4365 dd=-0.00
[BEST] ETHUSDT 15m A1_ma_cross {'fast': 25, 'slow': 50} ret=174.02% trades=112 score=1.7363 dd=-0.00
[BEST] ETHUSDT 30m A1_ma_cross {'fast': 25, 'slow': 90} ret=159.19% trades=35 score=1.5894 dd=-0.00
[BEST] ETHUSDT 1h A1_ma_cross {'fast': 10, 'slow': 40} ret=144.49% trades=45 score=1.4386 dd=-0.00
[BEST] ETHUSDT 2h A6_macd {'fast': 10, 'slow': 17, 'signal': 9} ret=7078.89% trades=72 score=70.7687 dd=-0.00
[BEST] ETHUSDT 4h A6_macd {'fast': 10, 'slow': 26, 'signal': 9} ret=139.69% trades=26 score=1.3825 dd=-0.00
[SKIP] ETHUSDT_1d ݲ
Traceback (most recent call last):
  File "D:\quant_system_pro (3)\quant_system_pro\optimizer\a1a8_optimizer_and_deploy.py", line 225, in <module>
    main()
  File "D:\quant_system_pro (3)\quant_system_pro\optimizer\a1a8_optimizer_and_deploy.py", line 208, in main
    save_best_params_to_db(args.db, best_items)
  File "D:\quant_system_pro (3)\quant_system_pro\utils\param_loader.py", line 37, in save_best_params_to_db
    cur.execute(f"""INSERT INTO {BEST_TABLE}(symbol,timeframe,strategy,params_json,metric_return,metric_trades,updated_at)
sqlite3.OperationalError: ON CONFLICT clause does not match any PRIMARY KEY or UNIQUE constraint
