[A6-SHIM] pandas.DataFrame.to_csv 已安装修订钩子（仅拦截 a6_strategy_scores*）
C:\Users\Administrator\AppData\Local\Programs\Python\Python39\lib\site-packages\hyperopt\atpe.py:19: UserWarning: pkg_resources is deprecated as an API. See https://setuptools.pypa.io/en/latest/pkg_resources.html. The pkg_resources package is slated for removal as early as 2025-11-30. Refrain from using this package or pin to Setuptools<81.
  import pkg_resources
[GPU] Torch 2.6.0+cu124 | CUDA 12.4 | Device NVIDIA GeForce RTX 3060 | available=True
[GPU] XGBoost 1.7.6 (gpu_hist supported)
[GPU] LightGBM available (GPU depends on build)
[回测] 符号数=2 窗口=365天 S档=ON

  0%|          | 0/25 [00:00<?, ?trial/s, best loss=?]
  4%|▍         | 1/25 [00:03<01:17,  3.23s/trial, best loss: 0.8779672919279966]
  8%|▊         | 2/25 [00:05<01:07,  2.94s/trial, best loss: 0.8779672919279966]
 12%|█▏        | 3/25 [00:08<01:03,  2.89s/trial, best loss: 0.8779672919279966]
 16%|█▌        | 4/25 [00:11<00:58,  2.79s/trial, best loss: 0.8779672919279966]
 20%|██        | 5/25 [00:14<00:56,  2.80s/trial, best loss: 0.8779672919279966]
 24%|██▍       | 6/25 [00:17<00:55,  2.91s/trial, best loss: 0.8779672919279966]
 28%|██▊       | 7/25 [00:20<00:50,  2.83s/trial, best loss: 0.5654745018353522]
 32%|███▏      | 8/25 [00:22<00:48,  2.85s/trial, best loss: 0.5654745018353522]
 36%|███▌      | 9/25 [00:26<00:48,  3.04s/trial, best loss: 0.5654745018353522]
 40%|████      | 10/25 [00:29<00:44,  2.98s/trial, best loss: 0.5654745018353522]
 44%|████▍     | 11/25 [00:31<00:40,  2.90s/trial, best loss: 0.5654745018353522]
 48%|████▊     | 12/25 [00:34<00:37,  2.87s/trial, best loss: 0.5654745018353522]
 52%|█████▏    | 13/25 [00:37<00:35,  2.98s/trial, best loss: 0.5654745018353522]
 56%|█████▌    | 14/25 [00:40<00:32,  2.95s/trial, best loss: 0.5654745018353522]
 60%|██████    | 15/25 [00:44<00:30,  3.01s/trial, best loss: 0.5654745018353522]
 64%|██████▍   | 16/25 [00:46<00:26,  2.95s/trial, best loss: 0.5654745018353522]
 68%|██████▊   | 17/25 [00:49<00:23,  2.95s/trial, best loss: 0.5654745018353522]
 72%|███████▏  | 18/25 [00:52<00:20,  2.90s/trial, best loss: 0.5654745018353522]
 76%|███████▌  | 19/25 [00:56<00:18,  3.16s/trial, best loss: 0.5654745018353522]
 80%|████████  | 20/25 [00:59<00:15,  3.06s/trial, best loss: 0.5654745018353522]
 84%|████████▍ | 21/25 [01:01<00:11,  2.99s/trial, best loss: 0.5654745018353522]
 88%|████████▊ | 22/25 [01:05<00:09,  3.03s/trial, best loss: 0.5578159839216159]
 92%|█████████▏| 23/25 [01:07<00:05,  2.97s/trial, best loss: 0.5578159839216159]
 96%|█████████▌| 24/25 [01:10<00:02,  2.91s/trial, best loss: 0.5578159839216159]
100%|██████████| 25/25 [01:13<00:00,  2.85s/trial, best loss: 0.5578159839216159]
100%|██████████| 25/25 [01:13<00:00,  2.94s/trial, best loss: 0.5578159839216159]

  0%|          | 0/25 [00:00<?, ?trial/s, best loss=?]
  4%|▍         | 1/25 [00:02<01:04,  2.71s/trial, best loss: 0.6135353876456247]
  8%|▊         | 2/25 [00:05<01:04,  2.78s/trial, best loss: 0.6135353876456247]
 12%|█▏        | 3/25 [00:08<01:01,  2.79s/trial, best loss: 0.6135353876456247]
 16%|█▌        | 4/25 [00:11<01:00,  2.86s/trial, best loss: 0.6135353876456247]
 20%|██        | 5/25 [00:14<00:56,  2.83s/trial, best loss: 0.6135353876456247]
 24%|██▍       | 6/25 [00:17<00:54,  2.87s/trial, best loss: 0.6135353876456247]
 28%|██▊       | 7/25 [00:20<00:52,  2.92s/trial, best loss: 0.5800936744260308]
 32%|███▏      | 8/25 [00:22<00:49,  2.88s/trial, best loss: 0.5800936744260308]
 36%|███▌      | 9/25 [00:25<00:46,  2.90s/trial, best loss: 0.5800936744260308]
 40%|████      | 10/25 [00:28<00:42,  2.86s/trial, best loss: 0.5800936744260308]
 44%|████▍     | 11/25 [00:31<00:40,  2.91s/trial, best loss: 0.5800936744260308]
 48%|████▊     | 12/25 [00:35<00:42,  3.23s/trial, best loss: 0.5800936744260308]
 52%|█████▏    | 13/25 [00:38<00:38,  3.17s/trial, best loss: 0.5800936744260308]
 56%|█████▌    | 14/25 [00:41<00:35,  3.19s/trial, best loss: 0.5800936744260308]
 60%|██████    | 15/25 [00:44<00:30,  3.04s/trial, best loss: 0.5800936744260308]
 64%|██████▍   | 16/25 [00:47<00:27,  3.04s/trial, best loss: 0.5800936744260308]
 68%|██████▊   | 17/25 [00:50<00:23,  2.95s/trial, best loss: 0.5800936744260308]
 72%|███████▏  | 18/25 [00:52<00:20,  2.87s/trial, best loss: 0.5800936744260308]
 76%|███████▌  | 19/25 [00:55<00:16,  2.82s/trial, best loss: 0.5800936744260308]
 80%|████████  | 20/25 [00:58<00:14,  2.81s/trial, best loss: 0.5800936744260308]
 84%|████████▍ | 21/25 [01:01<00:11,  2.83s/trial, best loss: 0.5800936744260308]
 88%|████████▊ | 22/25 [01:03<00:08,  2.77s/trial, best loss: 0.5800936744260308]
 92%|█████████▏| 23/25 [01:09<00:06,  3.45s/trial, best loss: 0.5800936744260308]
 96%|█████████▌| 24/25 [01:13<00:03,  3.80s/trial, best loss: 0.5800936744260308]
100%|██████████| 25/25 [01:16<00:00,  3.65s/trial, best loss: 0.5800936744260308]
100%|██████████| 25/25 [01:16<00:00,  3.08s/trial, best loss: 0.5800936744260308]

  0%|          | 0/25 [00:00<?, ?trial/s, best loss=?]
  4%|▍         | 1/25 [00:02<01:05,  2.73s/trial, best loss: 0.289297419867456]
  8%|▊         | 2/25 [00:05<01:02,  2.73s/trial, best loss: 0.289297419867456]
 12%|█▏        | 3/25 [00:08<00:59,  2.68s/trial, best loss: 0.11513357038905421]
 16%|█▌        | 4/25 [00:11<00:58,  2.78s/trial, best loss: 0.11349388955557485]
 20%|██        | 5/25 [00:13<00:55,  2.76s/trial, best loss: 0.05058602896982935]
 24%|██▍       | 6/25 [00:15<00:48,  2.53s/trial, best loss: 0.04501984048383465]
 28%|██▊       | 7/25 [00:18<00:44,  2.49s/trial, best loss: 0.04501984048383465]
 32%|███▏      | 8/25 [00:19<00:36,  2.16s/trial, best loss: 0.04501984048383465]
 36%|███▌      | 9/25 [00:21<00:31,  1.96s/trial, best loss: 0.04501984048383465]
 40%|████      | 10/25 [00:22<00:28,  1.90s/trial, best loss: 0.04501984048383465]
 44%|████▍     | 11/25 [00:25<00:29,  2.08s/trial, best loss: 0.04501984048383465]
 48%|████▊     | 12/25 [00:26<00:24,  1.86s/trial, best loss: 0.04501984048383465]
 52%|█████▏    | 13/25 [00:28<00:21,  1.80s/trial, best loss: 0.04501984048383465]
 56%|█████▌    | 14/25 [00:30<00:20,  1.83s/trial, best loss: 0.04501984048383465]
 60%|██████    | 15/25 [00:32<00:18,  1.81s/trial, best loss: 0.04501984048383465]
 64%|██████▍   | 16/25 [00:33<00:15,  1.72s/trial, best loss: 0.04501984048383465]
 68%|██████▊   | 17/25 [00:35<00:12,  1.61s/trial, best loss: 0.04501984048383465]
 72%|███████▏  | 18/25 [00:36<00:10,  1.55s/trial, best loss: 0.04501984048383465]
 76%|███████▌  | 19/25 [00:38<00:09,  1.61s/trial, best loss: 0.04501984048383465]
 80%|████████  | 20/25 [00:41<00:10,  2.00s/trial, best loss: 0.04501984048383465]
 84%|████████▍ | 21/25 [00:42<00:07,  1.81s/trial, best loss: 0.04501984048383465]
 88%|████████▊ | 22/25 [00:43<00:05,  1.70s/trial, best loss: 0.04501984048383465]
 92%|█████████▏| 23/25 [00:45<00:03,  1.63s/trial, best loss: 0.008959836290582522]
 96%|█████████▌| 24/25 [00:46<00:01,  1.55s/trial, best loss: 0.008959836290582522]
100%|██████████| 25/25 [00:48<00:00,  1.51s/trial, best loss: 0.008959836290582522]
100%|██████████| 25/25 [00:48<00:00,  1.93s/trial, best loss: 0.008959836290582522]

  0%|          | 0/25 [00:00<?, ?trial/s, best loss=?]
  4%|▍         | 1/25 [00:03<01:15,  3.16s/trial, best loss: 0.5758006144738871]
  8%|▊         | 2/25 [00:06<01:10,  3.06s/trial, best loss: 0.5758006144738871]
 12%|█▏        | 3/25 [00:09<01:06,  3.02s/trial, best loss: 0.5758006144738871]
 16%|█▌        | 4/25 [00:12<01:04,  3.05s/trial, best loss: 0.5758006144738871]
 20%|██        | 5/25 [00:15<01:00,  3.03s/trial, best loss: 0.5758006144738871]
 24%|██▍       | 6/25 [00:18<00:59,  3.14s/trial, best loss: 0.5758006144738871]
 28%|██▊       | 7/25 [00:21<00:56,  3.13s/trial, best loss: 0.5758006144738871]
 32%|███▏      | 8/25 [00:24<00:52,  3.11s/trial, best loss: 0.5758006144738871]
 36%|███▌      | 9/25 [00:27<00:49,  3.12s/trial, best loss: 0.5758006144738871]
 40%|████      | 10/25 [00:30<00:46,  3.08s/trial, best loss: 0.5758006144738871]
 44%|████▍     | 11/25 [00:33<00:42,  3.05s/trial, best loss: 0.5758006144738871]
 48%|████▊     | 12/25 [00:37<00:42,  3.24s/trial, best loss: 0.5758006144738871]
 52%|█████▏    | 13/25 [00:40<00:38,  3.20s/trial, best loss: 0.5758006144738871]
 56%|█████▌    | 14/25 [00:43<00:34,  3.16s/trial, best loss: 0.5758006144738871]
 60%|██████    | 15/25 [00:46<00:31,  3.15s/trial, best loss: 0.5758006144738871]
 64%|██████▍   | 16/25 [00:49<00:27,  3.09s/trial, best loss: 0.5474027011132571]
 68%|██████▊   | 17/25 [00:52<00:24,  3.09s/trial, best loss: 0.5354785178950767]
 72%|███████▏  | 18/25 [00:55<00:21,  3.03s/trial, best loss: 0.5354785178950767]
 76%|███████▌  | 19/25 [00:59<00:18,  3.13s/trial, best loss: 0.5354785178950767]
 80%|████████  | 20/25 [01:02<00:15,  3.11s/trial, best loss: 0.5354785178950767]
 84%|████████▍ | 21/25 [01:05<00:12,  3.04s/trial, best loss: 0.4738478069580178]
 88%|████████▊ | 22/25 [01:08<00:09,  3.05s/trial, best loss: 0.46834021028340034]
 92%|█████████▏| 23/25 [01:11<00:06,  3.14s/trial, best loss: 0.46834021028340034]
 96%|█████████▌| 24/25 [01:14<00:03,  3.13s/trial, best loss: 0.46834021028340034]
100%|██████████| 25/25 [01:17<00:00,  3.09s/trial, best loss: 0.46834021028340034]
100%|██████████| 25/25 [01:17<00:00,  3.10s/trial, best loss: 0.46834021028340034]

  0%|          | 0/25 [00:00<?, ?trial/s, best loss=?]C:\Users\Administrator\AppData\Local\Programs\Python\Python39\lib\site-packages\sklearn\utils\validation.py:2739: UserWarning: X does not have valid feature names, but LGBMClassifier was fitted with feature names
  warnings.warn(


  4%|▍         | 1/25 [00:34<13:55, 34.83s/trial, best loss: 1.2832906817899477]C:\Users\Administrator\AppData\Local\Programs\Python\Python39\lib\site-packages\sklearn\utils\validation.py:2739: UserWarning: X does not have valid feature names, but LGBMClassifier was fitted with feature names
  warnings.warn(


  8%|▊         | 2/25 [01:07<12:50, 33.48s/trial, best loss: 1.2832906817899477]C:\Users\Administrator\AppData\Local\Programs\Python\Python39\lib\site-packages\sklearn\utils\validation.py:2739: UserWarning: X does not have valid feature names, but LGBMClassifier was fitted with feature names
  warnings.warn(


 12%|█▏        | 3/25 [01:37<11:45, 32.08s/trial, best loss: 1.259054966567001] C:\Users\Administrator\AppData\Local\Programs\Python\Python39\lib\site-packages\sklearn\utils\validation.py:2739: UserWarning: X does not have valid feature names, but LGBMClassifier was fitted with feature names
  warnings.warn(


 16%|█▌        | 4/25 [02:08<11:01, 31.49s/trial, best loss: 1.259054966567001]C:\Users\Administrator\AppData\Local\Programs\Python\Python39\lib\site-packages\sklearn\utils\validation.py:2739: UserWarning: X does not have valid feature names, but LGBMClassifier was fitted with feature names
  warnings.warn(


 20%|██        | 5/25 [02:39<10:26, 31.34s/trial, best loss: 1.259054966567001]C:\Users\Administrator\AppData\Local\Programs\Python\Python39\lib\site-packages\sklearn\utils\validation.py:2739: UserWarning: X does not have valid feature names, but LGBMClassifier was fitted with feature names
  warnings.warn(


 24%|██▍       | 6/25 [03:11<10:01, 31.66s/trial, best loss: 1.227418043008463]C:\Users\Administrator\AppData\Local\Programs\Python\Python39\lib\site-packages\sklearn\utils\validation.py:2739: UserWarning: X does not have valid feature names, but LGBMClassifier was fitted with feature names
  warnings.warn(


 28%|██▊       | 7/25 [03:42<09:27, 31.53s/trial, best loss: 1.2172207991145099]C:\Users\Administrator\AppData\Local\Programs\Python\Python39\lib\site-packages\sklearn\utils\validation.py:2739: UserWarning: X does not have valid feature names, but LGBMClassifier was fitted with feature names
  warnings.warn(


 32%|███▏      | 8/25 [04:14<08:57, 31.61s/trial, best loss: 1.2172207991145099]C:\Users\Administrator\AppData\Local\Programs\Python\Python39\lib\site-packages\sklearn\utils\validation.py:2739: UserWarning: X does not have valid feature names, but LGBMClassifier was fitted with feature names
  warnings.warn(


 36%|███▌      | 9/25 [04:45<08:23, 31.44s/trial, best loss: 1.2172207991145099]C:\Users\Administrator\AppData\Local\Programs\Python\Python39\lib\site-packages\sklearn\utils\validation.py:2739: UserWarning: X does not have valid feature names, but LGBMClassifier was fitted with feature names
  warnings.warn(


 40%|████      | 10/25 [05:16<07:46, 31.13s/trial, best loss: 1.2172207991145099]C:\Users\Administrator\AppData\Local\Programs\Python\Python39\lib\site-packages\sklearn\utils\validation.py:2739: UserWarning: X does not have valid feature names, but LGBMClassifier was fitted with feature names
  warnings.warn(


 44%|████▍     | 11/25 [05:48<07:18, 31.32s/trial, best loss: 1.2172207991145099]C:\Users\Administrator\AppData\Local\Programs\Python\Python39\lib\site-packages\sklearn\utils\validation.py:2739: UserWarning: X does not have valid feature names, but LGBMClassifier was fitted with feature names
  warnings.warn(


 48%|████▊     | 12/25 [06:20<06:50, 31.60s/trial, best loss: 1.2172207991145099]C:\Users\Administrator\AppData\Local\Programs\Python\Python39\lib\site-packages\sklearn\utils\validation.py:2739: UserWarning: X does not have valid feature names, but LGBMClassifier was fitted with feature names
  warnings.warn(


 52%|█████▏    | 13/25 [06:51<06:17, 31.43s/trial, best loss: 1.2172207991145099]C:\Users\Administrator\AppData\Local\Programs\Python\Python39\lib\site-packages\sklearn\utils\validation.py:2739: UserWarning: X does not have valid feature names, but LGBMClassifier was fitted with feature names
  warnings.warn(


 56%|█████▌    | 14/25 [07:21<05:40, 30.97s/trial, best loss: 1.2172207991145099]C:\Users\Administrator\AppData\Local\Programs\Python\Python39\lib\site-packages\sklearn\utils\validation.py:2739: UserWarning: X does not have valid feature names, but LGBMClassifier was fitted with feature names
  warnings.warn(


 60%|██████    | 15/25 [07:50<05:05, 30.54s/trial, best loss: 1.2172207991145099]C:\Users\Administrator\AppData\Local\Programs\Python\Python39\lib\site-packages\sklearn\utils\validation.py:2739: UserWarning: X does not have valid feature names, but LGBMClassifier was fitted with feature names
  warnings.warn(


 64%|██████▍   | 16/25 [08:20<04:32, 30.24s/trial, best loss: 1.2172207991145099]C:\Users\Administrator\AppData\Local\Programs\Python\Python39\lib\site-packages\sklearn\utils\validation.py:2739: UserWarning: X does not have valid feature names, but LGBMClassifier was fitted with feature names
  warnings.warn(


 68%|██████▊   | 17/25 [08:49<03:58, 29.87s/trial, best loss: 1.2172207991145099]C:\Users\Administrator\AppData\Local\Programs\Python\Python39\lib\site-packages\sklearn\utils\validation.py:2739: UserWarning: X does not have valid feature names, but LGBMClassifier was fitted with feature names
  warnings.warn(


 72%|███████▏  | 18/25 [09:18<03:27, 29.65s/trial, best loss: 1.2172207991145099]C:\Users\Administrator\AppData\Local\Programs\Python\Python39\lib\site-packages\sklearn\utils\validation.py:2739: UserWarning: X does not have valid feature names, but LGBMClassifier was fitted with feature names
  warnings.warn(


 76%|███████▌  | 19/25 [09:47<02:57, 29.56s/trial, best loss: 1.2172207991145099]C:\Users\Administrator\AppData\Local\Programs\Python\Python39\lib\site-packages\sklearn\utils\validation.py:2739: UserWarning: X does not have valid feature names, but LGBMClassifier was fitted with feature names
  warnings.warn(


 80%|████████  | 20/25 [10:16<02:27, 29.43s/trial, best loss: 1.2172207991145099]C:\Users\Administrator\AppData\Local\Programs\Python\Python39\lib\site-packages\sklearn\utils\validation.py:2739: UserWarning: X does not have valid feature names, but LGBMClassifier was fitted with feature names
  warnings.warn(


 84%|████████▍ | 21/25 [10:48<02:00, 30.14s/trial, best loss: 1.2172207991145099]C:\Users\Administrator\AppData\Local\Programs\Python\Python39\lib\site-packages\sklearn\utils\validation.py:2739: UserWarning: X does not have valid feature names, but LGBMClassifier was fitted with feature names
  warnings.warn(


 88%|████████▊ | 22/25 [11:21<01:32, 30.97s/trial, best loss: 1.2172207991145099]C:\Users\Administrator\AppData\Local\Programs\Python\Python39\lib\site-packages\sklearn\utils\validation.py:2739: UserWarning: X does not have valid feature names, but LGBMClassifier was fitted with feature names
  warnings.warn(


 92%|█████████▏| 23/25 [11:52<01:01, 30.97s/trial, best loss: 1.2172207991145099]C:\Users\Administrator\AppData\Local\Programs\Python\Python39\lib\site-packages\sklearn\utils\validation.py:2739: UserWarning: X does not have valid feature names, but LGBMClassifier was fitted with feature names
  warnings.warn(


 96%|█████████▌| 24/25 [12:23<00:30, 30.86s/trial, best loss: 1.2172207991145099]C:\Users\Administrator\AppData\Local\Programs\Python\Python39\lib\site-packages\sklearn\utils\validation.py:2739: UserWarning: X does not have valid feature names, but LGBMClassifier was fitted with feature names
  warnings.warn(


100%|██████████| 25/25 [12:53<00:00, 30.56s/trial, best loss: 1.2172207991145099]
100%|██████████| 25/25 [12:53<00:00, 30.92s/trial, best loss: 1.2172207991145099]
C:\Users\Administrator\AppData\Local\Programs\Python\Python39\lib\site-packages\sklearn\utils\validation.py:2739: UserWarning: X does not have valid feature names, but LGBMClassifier was fitted with feature names
  warnings.warn(
C:\Users\Administrator\AppData\Local\Programs\Python\Python39\lib\site-packages\sklearn\utils\validation.py:2739: UserWarning: X does not have valid feature names, but LGBMClassifier was fitted with feature names
  warnings.warn(
C:\Users\Administrator\AppData\Local\Programs\Python\Python39\lib\site-packages\sklearn\utils\validation.py:2739: UserWarning: X does not have valid feature names, but LGBMClassifier was fitted with feature names
  warnings.warn(
C:\Users\Administrator\AppData\Local\Programs\Python\Python39\lib\site-packages\sklearn\utils\validation.py:2739: UserWarning: X does not have valid feature names, but LGBMClassifier was fitted with feature names
  warnings.warn(
C:\Users\Administrator\AppData\Local\Programs\Python\Python39\lib\site-packages\sklearn\utils\validation.py:2739: UserWarning: X does not have valid feature names, but LGBMClassifier was fitted with feature names
  warnings.warn(
C:\Users\Administrator\AppData\Local\Programs\Python\Python39\lib\site-packages\sklearn\utils\validation.py:2739: UserWarning: X does not have valid feature names, but LGBMClassifier was fitted with feature names
  warnings.warn(
C:\Users\Administrator\AppData\Local\Programs\Python\Python39\lib\site-packages\sklearn\utils\validation.py:2739: UserWarning: X does not have valid feature names, but LGBMClassifier was fitted with feature names
  warnings.warn(
C:\Users\Administrator\AppData\Local\Programs\Python\Python39\lib\site-packages\sklearn\utils\validation.py:2739: UserWarning: X does not have valid feature names, but LGBMClassifier was fitted with feature names
  warnings.warn(
C:\Users\Administrator\AppData\Local\Programs\Python\Python39\lib\site-packages\sklearn\utils\validation.py:2739: UserWarning: X does not have valid feature names, but LGBMClassifier was fitted with feature names
  warnings.warn(
C:\Users\Administrator\AppData\Local\Programs\Python\Python39\lib\site-packages\sklearn\utils\validation.py:2739: UserWarning: X does not have valid feature names, but LGBMClassifier was fitted with feature names
  warnings.warn(
C:\Users\Administrator\AppData\Local\Programs\Python\Python39\lib\site-packages\sklearn\utils\validation.py:2739: UserWarning: X does not have valid feature names, but LGBMClassifier was fitted with feature names
  warnings.warn(
C:\Users\Administrator\AppData\Local\Programs\Python\Python39\lib\site-packages\sklearn\utils\validation.py:2739: UserWarning: X does not have valid feature names, but LGBMClassifier was fitted with feature names
  warnings.warn(
C:\Users\Administrator\AppData\Local\Programs\Python\Python39\lib\site-packages\sklearn\utils\validation.py:2739: UserWarning: X does not have valid feature names, but LGBMClassifier was fitted with feature names
  warnings.warn(
C:\Users\Administrator\AppData\Local\Programs\Python\Python39\lib\site-packages\sklearn\utils\validation.py:2739: UserWarning: X does not have valid feature names, but LGBMClassifier was fitted with feature names
  warnings.warn(
C:\Users\Administrator\AppData\Local\Programs\Python\Python39\lib\site-packages\sklearn\utils\validation.py:2739: UserWarning: X does not have valid feature names, but LGBMClassifier was fitted with feature names
  warnings.warn(
C:\Users\Administrator\AppData\Local\Programs\Python\Python39\lib\site-packages\sklearn\utils\validation.py:2739: UserWarning: X does not have valid feature names, but LGBMClassifier was fitted with feature names
  warnings.warn(
C:\Users\Administrator\AppData\Local\Programs\Python\Python39\lib\site-packages\sklearn\utils\validation.py:2739: UserWarning: X does not have valid feature names, but LGBMClassifier was fitted with feature names
  warnings.warn(
C:\Users\Administrator\AppData\Local\Programs\Python\Python39\lib\site-packages\sklearn\utils\validation.py:2739: UserWarning: X does not have valid feature names, but LGBMClassifier was fitted with feature names
  warnings.warn(
C:\Users\Administrator\AppData\Local\Programs\Python\Python39\lib\site-packages\sklearn\utils\validation.py:2739: UserWarning: X does not have valid feature names, but LGBMClassifier was fitted with feature names
  warnings.warn(
C:\Users\Administrator\AppData\Local\Programs\Python\Python39\lib\site-packages\sklearn\utils\validation.py:2739: UserWarning: X does not have valid feature names, but LGBMClassifier was fitted with feature names
  warnings.warn(

  0%|          | 0/25 [00:00<?, ?trial/s, best loss=?]
  4%|▍         | 1/25 [00:37<15:11, 37.99s/trial, best loss: 1.1217900670870475]
  8%|▊         | 2/25 [01:13<13:56, 36.38s/trial, best loss: 1.1217900670870475]
 12%|█▏        | 3/25 [01:47<13:02, 35.55s/trial, best loss: 1.1217900670870475]
 16%|█▌        | 4/25 [02:23<12:28, 35.64s/trial, best loss: 1.1217900670870475]
 20%|██        | 5/25 [03:00<12:05, 36.26s/trial, best loss: 1.1217900670870475]
 24%|██▍       | 6/25 [03:36<11:27, 36.18s/trial, best loss: 1.1217900670870475]
 28%|██▊       | 7/25 [04:15<11:02, 36.80s/trial, best loss: 1.115182070352293] 
 32%|███▏      | 8/25 [04:50<10:20, 36.52s/trial, best loss: 1.1044294810804784]
 36%|███▌      | 9/25 [05:27<09:46, 36.68s/trial, best loss: 1.1044294810804784]
 40%|████      | 10/25 [06:05<09:13, 36.89s/trial, best loss: 1.1044294810804784]
 44%|████▍     | 11/25 [06:38<08:19, 35.67s/trial, best loss: 1.1044294810804784]
 48%|████▊     | 12/25 [07:12<07:37, 35.16s/trial, best loss: 1.1044294810804784]
 52%|█████▏    | 13/25 [07:47<07:00, 35.04s/trial, best loss: 1.1044294810804784]
 56%|█████▌    | 14/25 [08:18<06:15, 34.11s/trial, best loss: 1.1044294810804784]
 60%|██████    | 15/25 [08:52<05:39, 33.99s/trial, best loss: 1.1044294810804784]
 64%|██████▍   | 16/25 [09:30<05:16, 35.19s/trial, best loss: 1.0958145567271589]
 68%|██████▊   | 17/25 [10:08<04:49, 36.13s/trial, best loss: 1.0958145567271589]
 72%|███████▏  | 18/25 [10:41<04:04, 34.93s/trial, best loss: 1.0958145567271589]
 76%|███████▌  | 19/25 [11:13<03:25, 34.23s/trial, best loss: 1.0958145567271589]
 80%|████████  | 20/25 [11:50<02:55, 35.03s/trial, best loss: 1.078712310871923] 
 84%|████████▍ | 21/25 [12:28<02:23, 35.86s/trial, best loss: 1.078712310871923]
 88%|████████▊ | 22/25 [13:09<01:52, 37.42s/trial, best loss: 1.0308327695251494]
 92%|█████████▏| 23/25 [13:46<01:14, 37.33s/trial, best loss: 1.017857336565886] 
 96%|█████████▌| 24/25 [14:27<00:38, 38.35s/trial, best loss: 1.017857336565886]
100%|██████████| 25/25 [15:04<00:00, 37.89s/trial, best loss: 1.017857336565886]
100%|██████████| 25/25 [15:04<00:00, 36.17s/trial, best loss: 1.017857336565886]

  0%|          | 0/25 [00:00<?, ?trial/s, best loss=?]
  4%|▍         | 1/25 [01:02<25:09, 62.89s/trial, best loss: -0.18181975312032236]
  8%|▊         | 2/25 [01:41<18:36, 48.53s/trial, best loss: -0.18181975312032236]
 12%|█▏        | 3/25 [02:15<15:26, 42.10s/trial, best loss: -0.18181975312032236]
 16%|█▌        | 4/25 [02:52<14:01, 40.08s/trial, best loss: -0.18333688395328782]
 20%|██        | 5/25 [04:04<17:11, 51.57s/trial, best loss: -0.18333688395328782]
