Looking in indexes: https://pypi.org/simple, https://pypi.ngc.nvidia.com
Requirement already satisfied: pip in c:\users\administrator\appdata\local\programs\python\python39\lib\site-packages (25.2)
Requirement already satisfied: setuptools in c:\users\administrator\appdata\local\programs\python\python39\lib\site-packages (80.9.0)
Requirement already satisfied: wheel in c:\users\administrator\appdata\local\programs\python\python39\lib\site-packages (0.45.1)
Looking in indexes: https://pypi.org/simple, https://pypi.ngc.nvidia.com
Requirement already satisfied: pandas>=2.1 in c:\users\administrator\appdata\local\programs\python\python39\lib\site-packages (from -r requirements.txt (line 1)) (2.3.1)
Requirement already satisfied: numpy>=1.24 in c:\users\administrator\appdata\local\programs\python\python39\lib\site-packages (from -r requirements.txt (line 2)) (2.0.2)
Requirement already satisfied: scipy>=1.11 in c:\users\administrator\appdata\roaming\python\python39\site-packages (from -r requirements.txt (line 3)) (1.13.1)
Requirement already satisfied: matplotlib>=3.8 in c:\users\administrator\appdata\local\programs\python\python39\lib\site-packages (from -r requirements.txt (line 4)) (3.9.4)
Requirement already satisfied: statsmodels>=0.14 in c:\users\administrator\appdata\local\programs\python\python39\lib\site-packages (from -r requirements.txt (line 5)) (0.14.5)
Requirement already satisfied: lightgbm>=4.2 in c:\users\administrator\appdata\roaming\python\python39\site-packages (from -r requirements.txt (line 6)) (4.6.0)
Requirement already satisfied: scikit-learn>=1.4 in c:\users\administrator\appdata\local\programs\python\python39\lib\site-packages (from -r requirements.txt (line 7)) (1.6.1)
Requirement already satisfied: hyperopt>=0.2 in c:\users\administrator\appdata\local\programs\python\python39\lib\site-packages (from -r requirements.txt (line 8)) (0.2.7)
Requirement already satisfied: deap>=1.3.3 in c:\users\administrator\appdata\local\programs\python\python39\lib\site-packages (from -r requirements.txt (line 9)) (1.4.3)
Requirement already satisfied: prometheus_client>=0.20 in c:\users\administrator\appdata\local\programs\python\python39\lib\site-packages (from -r requirements.txt (line 10)) (0.22.1)
Requirement already satisfied: requests>=2.31 in c:\users\administrator\appdata\local\programs\python\python39\lib\site-packages (from -r requirements.txt (line 11)) (2.32.4)
Requirement already satisfied: rich>=13.7 in c:\users\administrator\appdata\local\programs\python\python39\lib\site-packages (from -r requirements.txt (line 12)) (13.7.1)
Requirement already satisfied: python-dateutil>=2.8.2 in c:\users\administrator\appdata\local\programs\python\python39\lib\site-packages (from pandas>=2.1->-r requirements.txt (line 1)) (2.9.0.post0)
Requirement already satisfied: pytz>=2020.1 in c:\users\administrator\appdata\local\programs\python\python39\lib\site-packages (from pandas>=2.1->-r requirements.txt (line 1)) (2025.2)
Requirement already satisfied: tzdata>=2022.7 in c:\users\administrator\appdata\local\programs\python\python39\lib\site-packages (from pandas>=2.1->-r requirements.txt (line 1)) (2025.2)
Requirement already satisfied: contourpy>=1.0.1 in c:\users\administrator\appdata\local\programs\python\python39\lib\site-packages (from matplotlib>=3.8->-r requirements.txt (line 4)) (1.3.0)
Requirement already satisfied: cycler>=0.10 in c:\users\administrator\appdata\local\programs\python\python39\lib\site-packages (from matplotlib>=3.8->-r requirements.txt (line 4)) (0.12.1)
Requirement already satisfied: fonttools>=4.22.0 in c:\users\administrator\appdata\local\programs\python\python39\lib\site-packages (from matplotlib>=3.8->-r requirements.txt (line 4)) (4.59.0)
Requirement already satisfied: kiwisolver>=1.3.1 in c:\users\administrator\appdata\local\programs\python\python39\lib\site-packages (from matplotlib>=3.8->-r requirements.txt (line 4)) (1.4.7)
Requirement already satisfied: packaging>=20.0 in c:\users\administrator\appdata\local\programs\python\python39\lib\site-packages (from matplotlib>=3.8->-r requirements.txt (line 4)) (25.0)
Requirement already satisfied: pillow>=8 in c:\users\administrator\appdata\local\programs\python\python39\lib\site-packages (from matplotlib>=3.8->-r requirements.txt (line 4)) (11.3.0)
Requirement already satisfied: pyparsing>=2.3.1 in c:\users\administrator\appdata\local\programs\python\python39\lib\site-packages (from matplotlib>=3.8->-r requirements.txt (line 4)) (3.2.3)
Requirement already satisfied: importlib-resources>=3.2.0 in c:\users\administrator\appdata\local\programs\python\python39\lib\site-packages (from matplotlib>=3.8->-r requirements.txt (line 4)) (6.5.2)
Requirement already satisfied: patsy>=0.5.6 in c:\users\administrator\appdata\local\programs\python\python39\lib\site-packages (from statsmodels>=0.14->-r requirements.txt (line 5)) (1.0.1)
Requirement already satisfied: joblib>=1.2.0 in c:\users\administrator\appdata\local\programs\python\python39\lib\site-packages (from scikit-learn>=1.4->-r requirements.txt (line 7)) (1.5.1)
Requirement already satisfied: threadpoolctl>=3.1.0 in c:\users\administrator\appdata\local\programs\python\python39\lib\site-packages (from scikit-learn>=1.4->-r requirements.txt (line 7)) (3.6.0)
Requirement already satisfied: six in c:\users\administrator\appdata\local\programs\python\python39\lib\site-packages (from hyperopt>=0.2->-r requirements.txt (line 8)) (1.17.0)
Requirement already satisfied: networkx>=2.2 in c:\users\administrator\appdata\local\programs\python\python39\lib\site-packages (from hyperopt>=0.2->-r requirements.txt (line 8)) (3.2.1)
Requirement already satisfied: future in c:\users\administrator\appdata\local\programs\python\python39\lib\site-packages (from hyperopt>=0.2->-r requirements.txt (line 8)) (1.0.0)
Requirement already satisfied: tqdm in c:\users\administrator\appdata\local\programs\python\python39\lib\site-packages (from hyperopt>=0.2->-r requirements.txt (line 8)) (4.67.1)
Requirement already satisfied: cloudpickle in c:\users\administrator\appdata\local\programs\python\python39\lib\site-packages (from hyperopt>=0.2->-r requirements.txt (line 8)) (3.1.1)
Requirement already satisfied: py4j in c:\users\administrator\appdata\local\programs\python\python39\lib\site-packages (from hyperopt>=0.2->-r requirements.txt (line 8)) (0.10.9.9)
Requirement already satisfied: charset_normalizer<4,>=2 in c:\users\administrator\appdata\local\programs\python\python39\lib\site-packages (from requests>=2.31->-r requirements.txt (line 11)) (3.4.2)
Requirement already satisfied: idna<4,>=2.5 in c:\users\administrator\appdata\local\programs\python\python39\lib\site-packages (from requests>=2.31->-r requirements.txt (line 11)) (3.10)
Requirement already satisfied: urllib3<3,>=1.21.1 in c:\users\administrator\appdata\local\programs\python\python39\lib\site-packages (from requests>=2.31->-r requirements.txt (line 11)) (2.5.0)
Requirement already satisfied: certifi>=2017.4.17 in c:\users\administrator\appdata\local\programs\python\python39\lib\site-packages (from requests>=2.31->-r requirements.txt (line 11)) (2025.8.3)
Requirement already satisfied: markdown-it-py>=2.2.0 in c:\users\administrator\appdata\local\programs\python\python39\lib\site-packages (from rich>=13.7->-r requirements.txt (line 12)) (3.0.0)
Requirement already satisfied: pygments<3.0.0,>=2.13.0 in c:\users\administrator\appdata\local\programs\python\python39\lib\site-packages (from rich>=13.7->-r requirements.txt (line 12)) (2.19.2)
Requirement already satisfied: zipp>=3.1.0 in c:\users\administrator\appdata\local\programs\python\python39\lib\site-packages (from importlib-resources>=3.2.0->matplotlib>=3.8->-r requirements.txt (line 4)) (3.23.0)
Requirement already satisfied: mdurl~=0.1 in c:\users\administrator\appdata\local\programs\python\python39\lib\site-packages (from markdown-it-py>=2.2.0->rich>=13.7->-r requirements.txt (line 12)) (0.1.2)
Requirement already satisfied: colorama in c:\users\administrator\appdata\local\programs\python\python39\lib\site-packages (from tqdm->hyperopt>=0.2->-r requirements.txt (line 8)) (0.4.6)
